servers : 10.0.0.8:11212
threads count: 13
concurrency: 13
run time: 30s
windows size: 10k
set proportion: set_prop=0.01
get proportion: get_prop=0.99
[1;1H[2J
Get Statistics
Type     Time(s)  Ops          TPS(ops/s)   Net(M/s)   Get_miss   Min(us)  Max(us)    Avg(us)    Std_dev    Geo_dist  
Period   30       452350       15078        2.1        0          126      12573      853        838.95     684.06
Global   30       452350       15078        2.1        0          126      12573      853        838.95     684.06

Set Statistics
Type     Time(s)  Ops          TPS(ops/s)   Net(M/s)   Get_miss   Min(us)  Max(us)    Avg(us)    Std_dev    Geo_dist  
Period   30       4574         152          0.0        0          191      10559      874        890.06     693.11
Global   30       4574         152          0.0        0          191      10559      874        890.06     693.11

Total Statistics
Type     Time(s)  Ops          TPS(ops/s)   Net(M/s)   Get_miss   Min(us)  Max(us)    Avg(us)    Std_dev    Geo_dist  
Period   30       456924       15230        2.1        0          126      12573      854        838.68     684.15
Global   30       456924       15230        2.1        0          126      12573      854        838.68     684.15

Get Statistics (452363 events)
   Min:       126
   Max:     12573
   Avg:       853
   Geo:    684.06
   Std:    838.94
   Log2 Dist:
       4:        0        0        0        2
       8:     8213   140198   211486    69953
      12:    16316     5959      236

Set Statistics (4574 events)
   Min:       191
   Max:     10559
   Avg:       874
   Geo:    693.11
   Std:    890.06
   Log2 Dist:
       8:       81     1377     2165      683
      12:      200       64        4

Total Statistics (456937 events)
   Min:       126
   Max:     12573
   Avg:       854
   Geo:    684.15
   Std:    838.67
   Log2 Dist:
       4:        0        0        0        2
       8:     8294   141575   213651    70636
      12:    16516     6023      240

cmd_get: 452376
cmd_set: 4574
get_misses: 0
written_bytes: 10683826
read_bytes: 74676487
object_bytes: 658656

Run time: 30.1s Ops: 456950 TPS: 15168 Net_rate: 2.7M/s
