servers : 10.0.0.8:11212
threads count: 1
concurrency: 1
run time: 30s
windows size: 10k
set proportion: set_prop=0.01
get proportion: get_prop=0.99
[1;1H[2J
Get Statistics
Type     Time(s)  Ops          TPS(ops/s)   Net(M/s)   Get_miss   Min(us)  Max(us)    Avg(us)    Std_dev    Geo_dist  
Period   30       53291        1776         0.2        0          142      9696       557        443.43     468.39
Global   30       53291        1776         0.2        0          142      9696       557        443.43     468.39

Set Statistics
Type     Time(s)  Ops          TPS(ops/s)   Net(M/s)   Get_miss   Min(us)  Max(us)    Avg(us)    Std_dev    Geo_dist  
Period   30       539          17           0.0        0          174      2871       537        356.32     466.23
Global   30       539          17           0.0        0          174      2871       537        356.32     466.23

Total Statistics
Type     Time(s)  Ops          TPS(ops/s)   Net(M/s)   Get_miss   Min(us)  Max(us)    Avg(us)    Std_dev    Geo_dist  
Period   30       53830        1794         0.2        0          142      9696       557        442.39     468.37
Global   30       53830        1794         0.2        0          142      9696       557        442.39     468.37

Get Statistics (53292 events)
   Min:       142
   Max:      9696
   Avg:       557
   Geo:    468.39
   Std:    443.42
   Log2 Dist:
       8:     5867    27391    15372     3833
      12:      738       85        6

Set Statistics (539 events)
   Min:       174
   Max:      2871
   Avg:       537
   Geo:    466.23
   Std:    356.32
   Log2 Dist:
       8:       44      292      165       32
      12:        6

Total Statistics (53831 events)
   Min:       142
   Max:      9696
   Avg:       557
   Geo:    468.37
   Std:    442.39
   Log2 Dist:
       8:     5911    27683    15537     3865
      12:      744       85        6

cmd_get: 53293
cmd_set: 539
get_misses: 0
written_bytes: 1258664
read_bytes: 8797492
object_bytes: 77616

Run time: 30.1s Ops: 53832 TPS: 1787 Net_rate: 0.3M/s
