servers : 10.0.0.8:11212
threads count: 19
concurrency: 19
run time: 30s
windows size: 10k
set proportion: set_prop=0.01
get proportion: get_prop=0.99
[1;1H[2J
Get Statistics
Type     Time(s)  Ops          TPS(ops/s)   Net(M/s)   Get_miss   Min(us)  Max(us)    Avg(us)    Std_dev    Geo_dist  
Period   30       540468       18015        2.5        0          142      15440      1044       1122.00    797.43
Global   30       540468       18015        2.5        0          142      15440      1044       1122.00    797.42

Set Statistics
Type     Time(s)  Ops          TPS(ops/s)   Net(M/s)   Get_miss   Min(us)  Max(us)    Avg(us)    Std_dev    Geo_dist  
Period   30       5470         182          0.0        0          203      12667      1063       1180.10    804.66
Global   30       5470         182          0.0        0          203      12667      1063       1180.10    804.66

Total Statistics
Type     Time(s)  Ops          TPS(ops/s)   Net(M/s)   Get_miss   Min(us)  Max(us)    Avg(us)    Std_dev    Geo_dist  
Period   30       545941       18198        2.5        0          142      15440      1044       1122.77    797.49
Global   30       545941       18198        2.5        0          142      15440      1044       1122.77    797.49

Get Statistics (540491 events)
   Min:       142
   Max:     15440
   Avg:      1044
   Geo:    797.43
   Std:   1121.98
   Log2 Dist:
       8:     3945   124401   268759    98084
      12:    29308    15354      640

Set Statistics (5470 events)
   Min:       203
   Max:     12667
   Avg:      1063
   Geo:    804.66
   Std:   1180.10
   Log2 Dist:
       8:       36     1207     2759     1006
      12:      285      162       15

Total Statistics (545961 events)
   Min:       142
   Max:     15440
   Avg:      1044
   Geo:    797.50
   Std:   1122.76
   Log2 Dist:
       8:     3981   125608   271518    99090
      12:    29593    15516      655

cmd_get: 540510
cmd_set: 5470
get_misses: 0
written_bytes: 12766002
read_bytes: 89224775
object_bytes: 787680

Run time: 30.1s Ops: 545980 TPS: 18118 Net_rate: 3.2M/s
