servers : 10.0.0.8:11212
threads count: 13
concurrency: 13
run time: 30s
windows size: 10k
set proportion: set_prop=0.01
get proportion: get_prop=0.99
[1;1H[2J
Get Statistics
Type     Time(s)  Ops          TPS(ops/s)   Net(M/s)   Get_miss   Min(us)  Max(us)    Avg(us)    Std_dev    Geo_dist  
Period   30       467135       15571        2.1        0          138      14282      827        632.12     699.49
Global   30       467135       15571        2.1        0          138      14282      827        632.12     699.49

Set Statistics
Type     Time(s)  Ops          TPS(ops/s)   Net(M/s)   Get_miss   Min(us)  Max(us)    Avg(us)    Std_dev    Geo_dist  
Period   30       4725         157          0.0        0          169      7501       827        579.66     707.33
Global   30       4725         157          0.0        0          169      7501       827        579.66     707.33

Total Statistics
Type     Time(s)  Ops          TPS(ops/s)   Net(M/s)   Get_miss   Min(us)  Max(us)    Avg(us)    Std_dev    Geo_dist  
Period   30       471860       15728        2.2        0          138      14282      827        631.62     699.57
Global   30       471860       15728        2.2        0          138      14282      827        631.62     699.57

Get Statistics (467147 events)
   Min:       138
   Max:     14282
   Avg:       827
   Geo:    699.49
   Std:    632.11
   Log2 Dist:
       8:     5126   130130   233140    80087
      12:    16205     2363       96

Set Statistics (4726 events)
   Min:       169
   Max:      7501
   Avg:       827
   Geo:    707.33
   Std:    579.57
   Log2 Dist:
       8:       55     1265     2367      849
      12:      175       15

Total Statistics (471873 events)
   Min:       138
   Max:     14282
   Avg:       827
   Geo:    699.57
   Std:    631.60
   Log2 Dist:
       8:     5181   131395   235507    80936
      12:    16380     2378       96

cmd_get: 467160
cmd_set: 4726
get_misses: 0
written_bytes: 11033394
read_bytes: 77117063
object_bytes: 680544

Run time: 30.1s Ops: 471886 TPS: 15667 Net_rate: 2.8M/s
