servers : 10.0.0.8:11212
threads count: 1
concurrency: 1
run time: 30s
windows size: 10k
set proportion: set_prop=0.01
get proportion: get_prop=0.99
[1;1H[2J
Get Statistics
Type     Time(s)  Ops          TPS(ops/s)   Net(M/s)   Get_miss   Min(us)  Max(us)    Avg(us)    Std_dev    Geo_dist  
Period   30       53202        1773         0.2        0          145      9286       558        449.34     467.28
Global   30       53202        1773         0.2        0          145      9286       558        449.34     467.28

Set Statistics
Type     Time(s)  Ops          TPS(ops/s)   Net(M/s)   Get_miss   Min(us)  Max(us)    Avg(us)    Std_dev    Geo_dist  
Period   30       538          17           0.0        0          182      3609       560        400.39     476.28
Global   30       538          17           0.0        0          182      3609       560        400.39     476.28

Total Statistics
Type     Time(s)  Ops          TPS(ops/s)   Net(M/s)   Get_miss   Min(us)  Max(us)    Avg(us)    Std_dev    Geo_dist  
Period   30       53740        1791         0.2        0          145      9286       558        448.90     467.37
Global   30       53740        1791         0.2        0          145      9286       558        448.90     467.37

Get Statistics (53203 events)
   Min:       145
   Max:      9286
   Avg:       558
   Geo:    467.28
   Std:    449.34
   Log2 Dist:
       8:     6023    27311    15139     3866
      12:      771       89        4

Set Statistics (538 events)
   Min:       182
   Max:      3609
   Avg:       560
   Geo:    476.28
   Std:    400.39
   Log2 Dist:
       8:       50      279      162       37
      12:       10

Total Statistics (53741 events)
   Min:       145
   Max:      9286
   Avg:       558
   Geo:    467.37
   Std:    448.89
   Log2 Dist:
       8:     6073    27590    15301     3903
      12:      781       89        4

cmd_get: 53204
cmd_set: 538
get_misses: 0
written_bytes: 1256546
read_bytes: 8782799
object_bytes: 77472

Run time: 30.1s Ops: 53742 TPS: 1784 Net_rate: 0.3M/s
