servers : 10.0.0.8:11212
threads count: 19
concurrency: 19
run time: 30s
windows size: 10k
set proportion: set_prop=0.01
get proportion: get_prop=0.99
[1;1H[2J
Get Statistics
Type     Time(s)  Ops          TPS(ops/s)   Net(M/s)   Get_miss   Min(us)  Max(us)    Avg(us)    Std_dev    Geo_dist  
Period   30       541665       18055        2.5        0          130      15037      1042       1120.63    795.35
Global   30       541665       18055        2.5        0          130      15037      1042       1120.63    795.35

Set Statistics
Type     Time(s)  Ops          TPS(ops/s)   Net(M/s)   Get_miss   Min(us)  Max(us)    Avg(us)    Std_dev    Geo_dist  
Period   30       5480         182          0.0        0          192      12151      1013       1025.00    791.63
Global   30       5480         182          0.0        0          192      12151      1013       1025.00    791.63

Total Statistics
Type     Time(s)  Ops          TPS(ops/s)   Net(M/s)   Get_miss   Min(us)  Max(us)    Avg(us)    Std_dev    Geo_dist  
Period   30       547145       18238        2.5        0          130      15037      1041       1120.38    795.31
Global   30       547145       18238        2.5        0          130      15037      1041       1120.38    795.31

Get Statistics (541684 events)
   Min:       130
   Max:     15037
   Avg:      1042
   Geo:    795.37
   Std:   1120.69
   Log2 Dist:
       8:     4056   127257   264565   100886
      12:    29072    15078      770

Set Statistics (5480 events)
   Min:       192
   Max:     12151
   Avg:      1013
   Geo:    791.63
   Std:   1025.00
   Log2 Dist:
       8:       27     1274     2741     1003
      12:      305      127        3

Total Statistics (547164 events)
   Min:       130
   Max:     15037
   Avg:      1041
   Geo:    795.33
   Std:   1120.43
   Log2 Dist:
       8:     4083   128531   267306   101889
      12:    29377    15205      773

cmd_get: 541703
cmd_set: 5480
get_misses: 0
written_bytes: 12793848
read_bytes: 89421700
object_bytes: 789120

Run time: 30.1s Ops: 547183 TPS: 18161 Net_rate: 3.2M/s
