servers : 10.0.0.8:11212
threads count: 19
concurrency: 19
run time: 30s
windows size: 10k
set proportion: set_prop=0.01
get proportion: get_prop=0.99
[1;1H[2J
Get Statistics
Type     Time(s)  Ops          TPS(ops/s)   Net(M/s)   Get_miss   Min(us)  Max(us)    Avg(us)    Std_dev    Geo_dist  
Period   30       535478       17849        2.5        0          132      14440      1054       1133.92    802.99
Global   30       535478       17849        2.5        0          132      14440      1054       1133.92    802.99

Set Statistics
Type     Time(s)  Ops          TPS(ops/s)   Net(M/s)   Get_miss   Min(us)  Max(us)    Avg(us)    Std_dev    Geo_dist  
Period   30       5419         180          0.0        0          140      12998      1050       1118.41    805.39
Global   30       5419         180          0.0        0          140      12998      1050       1118.41    805.39

Total Statistics
Type     Time(s)  Ops          TPS(ops/s)   Net(M/s)   Get_miss   Min(us)  Max(us)    Avg(us)    Std_dev    Geo_dist  
Period   30       540897       18029        2.5        0          132      14440      1054       1133.73    803.01
Global   30       540897       18029        2.5        0          132      14440      1054       1133.73    803.01

Get Statistics (535497 events)
   Min:       132
   Max:     14440
   Avg:      1054
   Geo:    803.00
   Std:   1133.92
   Log2 Dist:
       8:     4596   123039   259896   101744
      12:    30132    15312      778

Set Statistics (5419 events)
   Min:       140
   Max:     12998
   Avg:      1050
   Geo:    805.39
   Std:   1118.41
   Log2 Dist:
       8:       42     1186     2707     1018
      12:      310      151        5

Total Statistics (540916 events)
   Min:       132
   Max:     14440
   Avg:      1054
   Geo:    803.03
   Std:   1133.72
   Log2 Dist:
       8:     4638   124225   262603   102762
      12:    30442    15463      783

cmd_get: 535516
cmd_set: 5419
get_misses: 0
written_bytes: 12647974
read_bytes: 88400357
object_bytes: 780336

Run time: 30.1s Ops: 540935 TPS: 17948 Net_rate: 3.2M/s
