servers : 10.0.0.8:11212
threads count: 13
concurrency: 13
run time: 30s
windows size: 10k
set proportion: set_prop=0.01
get proportion: get_prop=0.99
[1;1H[2J
Get Statistics
Type     Time(s)  Ops          TPS(ops/s)   Net(M/s)   Get_miss   Min(us)  Max(us)    Avg(us)    Std_dev    Geo_dist  
Period   30       469914       15663        2.2        0          127      13572      822        686.61     684.73
Global   30       469914       15663        2.2        0          127      13572      822        686.61     684.73

Set Statistics
Type     Time(s)  Ops          TPS(ops/s)   Net(M/s)   Get_miss   Min(us)  Max(us)    Avg(us)    Std_dev    Geo_dist  
Period   30       4752         158          0.0        0          177      8869       830        706.55     691.99
Global   30       4752         158          0.0        0          177      8869       830        706.55     691.99

Total Statistics
Type     Time(s)  Ops          TPS(ops/s)   Net(M/s)   Get_miss   Min(us)  Max(us)    Avg(us)    Std_dev    Geo_dist  
Period   30       474666       15822        2.2        0          127      13572      822        686.91     684.80
Global   30       474666       15822        2.2        0          127      13572      822        686.91     684.80

Get Statistics (469927 events)
   Min:       127
   Max:     13572
   Avg:       822
   Geo:    684.74
   Std:    686.65
   Log2 Dist:
       4:        0        0        0        1
       8:     6267   141534   226692    76003
      12:    16014     3321       95

Set Statistics (4752 events)
   Min:       177
   Max:      8869
   Avg:       830
   Geo:    691.99
   Std:    706.55
   Log2 Dist:
       8:       41     1421     2277      821
      12:      155       36        1

Total Statistics (474679 events)
   Min:       127
   Max:     13572
   Avg:       822
   Geo:    684.82
   Std:    686.95
   Log2 Dist:
       4:        0        0        0        1
       8:     6308   142955   228969    76824
      12:    16169     3357       96

cmd_get: 469939
cmd_set: 4753
get_misses: 0
written_bytes: 11098714
read_bytes: 77575971
object_bytes: 684432

Run time: 30.1s Ops: 474692 TPS: 15757 Net_rate: 2.8M/s
