servers : 10.0.0.8:11212
threads count: 19
concurrency: 19
run time: 30s
windows size: 10k
set proportion: set_prop=0.01
get proportion: get_prop=0.99
[1;1H[2J
Get Statistics
Type     Time(s)  Ops          TPS(ops/s)   Net(M/s)   Get_miss   Min(us)  Max(us)    Avg(us)    Std_dev    Geo_dist  
Period   30       533699       17789        2.4        0          127      14897      1056       1139.34    804.87
Global   30       533699       17789        2.4        0          127      14897      1056       1139.34    804.87

Set Statistics
Type     Time(s)  Ops          TPS(ops/s)   Net(M/s)   Get_miss   Min(us)  Max(us)    Avg(us)    Std_dev    Geo_dist  
Period   30       5400         180          0.0        0          147      10859      1073       1164.87    816.14
Global   30       5400         180          0.0        0          147      10859      1073       1164.87    816.14

Total Statistics
Type     Time(s)  Ops          TPS(ops/s)   Net(M/s)   Get_miss   Min(us)  Max(us)    Avg(us)    Std_dev    Geo_dist  
Period   30       539099       17969        2.5        0          127      14897      1057       1138.83    804.98
Global   30       539099       17969        2.5        0          127      14897      1057       1138.83    804.98

Get Statistics (533718 events)
   Min:       127
   Max:     14897
   Avg:      1056
   Geo:    804.88
   Std:   1139.32
   Log2 Dist:
       4:        0        0        0        1
       8:     3724   122024   261673   100148
      12:    29877    15369      902

Set Statistics (5400 events)
   Min:       147
   Max:     10859
   Avg:      1073
   Geo:    816.14
   Std:   1164.87
   Log2 Dist:
       8:       28     1175     2673     1060
      12:      286      165       13

Total Statistics (539118 events)
   Min:       127
   Max:     14897
   Avg:      1057
   Geo:    804.99
   Std:   1138.81
   Log2 Dist:
       4:        0        0        0        1
       8:     3752   123199   264346   101208
      12:    30163    15534      915

cmd_get: 533737
cmd_set: 5400
get_misses: 0
written_bytes: 12605796
read_bytes: 88106670
object_bytes: 777600

Run time: 30.1s Ops: 539137 TPS: 17900 Net_rate: 3.2M/s
