servers : 10.0.0.8:11212
threads count: 19
concurrency: 19
run time: 30s
windows size: 10k
set proportion: set_prop=0.01
get proportion: get_prop=0.99
[1;1H[2J
Get Statistics
Type     Time(s)  Ops          TPS(ops/s)   Net(M/s)   Get_miss   Min(us)  Max(us)    Avg(us)    Std_dev    Geo_dist  
Period   30       519958       17331        2.4        0          128      19205      1085       1241.41    797.46
Global   30       519958       17331        2.4        0          128      19205      1085       1241.41    797.46

Set Statistics
Type     Time(s)  Ops          TPS(ops/s)   Net(M/s)   Get_miss   Min(us)  Max(us)    Avg(us)    Std_dev    Geo_dist  
Period   30       5260         175          0.0        0          158      10287      1084       1242.83    799.04
Global   30       5260         175          0.0        0          158      10287      1084       1242.83    799.04

Total Statistics
Type     Time(s)  Ops          TPS(ops/s)   Net(M/s)   Get_miss   Min(us)  Max(us)    Avg(us)    Std_dev    Geo_dist  
Period   30       525218       17507        2.4        0          128      19205      1085       1241.42    797.47
Global   30       525218       17507        2.4        0          128      19205      1085       1241.42    797.47

Get Statistics (519977 events)
   Min:       128
   Max:     19205
   Avg:      1085
   Geo:    797.48
   Std:   1241.42
   Log2 Dist:
       4:        0        0        0        1
       8:     6328   128228   242749    93349
      12:    30061    18063     1197        1

Set Statistics (5260 events)
   Min:       158
   Max:     10287
   Avg:      1084
   Geo:    799.04
   Std:   1242.83
   Log2 Dist:
       8:       66     1290     2462      978
      12:      268      182       14

Total Statistics (525237 events)
   Min:       128
   Max:     19205
   Avg:      1085
   Geo:    797.49
   Std:   1241.42
   Log2 Dist:
       4:        0        0        0        1
       8:     6394   129518   245211    94327
      12:    30329    18245     1211        1

cmd_get: 519996
cmd_set: 5260
get_misses: 0
written_bytes: 12281094
read_bytes: 85838285
object_bytes: 757440

Run time: 30.1s Ops: 525256 TPS: 17433 Net_rate: 3.1M/s
