servers : 10.0.0.8:11212
threads count: 17
concurrency: 17
run time: 30s
windows size: 10k
set proportion: set_prop=0.01
get proportion: get_prop=0.99
[1;1H[2J
Get Statistics
Type     Time(s)  Ops          TPS(ops/s)   Net(M/s)   Get_miss   Min(us)  Max(us)    Avg(us)    Std_dev    Geo_dist  
Period   30       556116       18537        2.5        0          132      12479      907        778.44     747.46
Global   30       556116       18537        2.5        0          132      12479      907        778.44     747.46

Set Statistics
Type     Time(s)  Ops          TPS(ops/s)   Net(M/s)   Get_miss   Min(us)  Max(us)    Avg(us)    Std_dev    Geo_dist  
Period   30       5626         187          0.0        0          162      12235      905        795.02     743.08
Global   30       5626         187          0.0        0          162      12235      905        795.02     743.08

Total Statistics
Type     Time(s)  Ops          TPS(ops/s)   Net(M/s)   Get_miss   Min(us)  Max(us)    Avg(us)    Std_dev    Geo_dist  
Period   30       561742       18724        2.6        0          132      12479      907        778.58     747.41
Global   30       561742       18724        2.6        0          132      12479      907        778.58     747.41

Get Statistics (556133 events)
   Min:       132
   Max:     12479
   Avg:       907
   Geo:    747.46
   Std:    778.42
   Log2 Dist:
       8:     5217   136892   276248   107954
      12:    23828     5849      145

Set Statistics (5626 events)
   Min:       162
   Max:     12235
   Avg:       905
   Geo:    743.08
   Std:    795.02
   Log2 Dist:
       8:       55     1394     2773     1114
      12:      224       65        1

Total Statistics (561759 events)
   Min:       132
   Max:     12479
   Avg:       907
   Geo:    747.41
   Std:    778.57
   Log2 Dist:
       8:     5272   138286   279021   109068
      12:    24052     5914      146

cmd_get: 556150
cmd_set: 5626
get_misses: 0
written_bytes: 13135086
read_bytes: 91806953
object_bytes: 810144

Run time: 30.1s Ops: 561776 TPS: 18651 Net_rate: 3.3M/s
