servers : 10.0.0.8:11212
threads count: 1
concurrency: 1
run time: 30s
windows size: 10k
set proportion: set_prop=0.01
get proportion: get_prop=0.99
[1;1H[2J
Get Statistics
Type     Time(s)  Ops          TPS(ops/s)   Net(M/s)   Get_miss   Min(us)  Max(us)    Avg(us)    Std_dev    Geo_dist  
Period   30       53678        1789         0.2        0          135      9279       553        431.20     463.49
Global   30       53678        1789         0.2        0          135      9279       553        431.20     463.49

Set Statistics
Type     Time(s)  Ops          TPS(ops/s)   Net(M/s)   Get_miss   Min(us)  Max(us)    Avg(us)    Std_dev    Geo_dist  
Period   30       543          18           0.0        0          167      5392       583        472.76     487.33
Global   30       543          18           0.0        0          167      5392       583        472.76     487.33

Total Statistics
Type     Time(s)  Ops          TPS(ops/s)   Net(M/s)   Get_miss   Min(us)  Max(us)    Avg(us)    Std_dev    Geo_dist  
Period   30       54221        1807         0.2        0          135      9279       553        432.03     463.72
Global   30       54221        1807         0.2        0          135      9279       553        432.03     463.72

Get Statistics (53679 events)
   Min:       135
   Max:      9279
   Avg:       553
   Geo:    463.50
   Std:    431.23
   Log2 Dist:
       8:     6726    26917    15319     3928
      12:      706       81        2

Set Statistics (543 events)
   Min:       167
   Max:      5392
   Avg:       583
   Geo:    487.33
   Std:    472.76
   Log2 Dist:
       8:       54      254      181       47
      12:        5        2

Total Statistics (54222 events)
   Min:       135
   Max:      9279
   Avg:       553
   Geo:    463.73
   Std:    432.05
   Log2 Dist:
       8:     6780    27171    15500     3975
      12:      711       83        2

cmd_get: 53680
cmd_set: 543
get_misses: 0
written_bytes: 1267818
read_bytes: 8861379
object_bytes: 78192

Run time: 30.1s Ops: 54223 TPS: 1800 Net_rate: 0.3M/s
