servers : 10.0.0.8:11212
threads count: 13
concurrency: 13
run time: 30s
windows size: 10k
set proportion: set_prop=0.01
get proportion: get_prop=0.99
[1;1H[2J
Get Statistics
Type     Time(s)  Ops          TPS(ops/s)   Net(M/s)   Get_miss   Min(us)  Max(us)    Avg(us)    Std_dev    Geo_dist  
Period   30       444200       14806        2.0        0          127      12576      869        818.51     705.67
Global   30       444200       14806        2.0        0          127      12576      869        818.51     705.67

Set Statistics
Type     Time(s)  Ops          TPS(ops/s)   Net(M/s)   Get_miss   Min(us)  Max(us)    Avg(us)    Std_dev    Geo_dist  
Period   30       4494         149          0.0        0          155      7573       888        830.20     718.49
Global   30       4494         149          0.0        0          155      7573       888        830.20     718.49

Total Statistics
Type     Time(s)  Ops          TPS(ops/s)   Net(M/s)   Get_miss   Min(us)  Max(us)    Avg(us)    Std_dev    Geo_dist  
Period   30       448694       14956        2.1        0          127      12576      869        818.83     705.80
Global   30       448694       14956        2.1        0          127      12576      869        818.83     705.80

Get Statistics (444213 events)
   Min:       127
   Max:     12576
   Avg:       869
   Geo:    705.69
   Std:    818.65
   Log2 Dist:
       4:        0        0        0        1
       8:     5033   127678   217955    70950
      12:    16580     5883      133

Set Statistics (4494 events)
   Min:       155
   Max:      7573
   Avg:       888
   Geo:    718.49
   Std:    830.20
   Log2 Dist:
       8:       49     1231     2224      737
      12:      190       63

Total Statistics (448707 events)
   Min:       127
   Max:     12576
   Avg:       869
   Geo:    705.82
   Std:    818.97
   Log2 Dist:
       4:        0        0        0        1
       8:     5082   128909   220179    71687
      12:    16770     5946      133

cmd_get: 444226
cmd_set: 4494
get_misses: 0
written_bytes: 10491726
read_bytes: 73331097
object_bytes: 647136

Run time: 30.1s Ops: 448720 TPS: 14892 Net_rate: 2.7M/s
