servers : 10.0.0.8:11212
threads count: 13
concurrency: 13
run time: 30s
windows size: 10k
set proportion: set_prop=0.01
get proportion: get_prop=0.99
[1;1H[2J
Get Statistics
Type     Time(s)  Ops          TPS(ops/s)   Net(M/s)   Get_miss   Min(us)  Max(us)    Avg(us)    Std_dev    Geo_dist  
Period   30       460006       15333        2.1        0          139      17480      839        685.83     702.07
Global   30       460006       15333        2.1        0          139      17480      839        685.83     702.07

Set Statistics
Type     Time(s)  Ops          TPS(ops/s)   Net(M/s)   Get_miss   Min(us)  Max(us)    Avg(us)    Std_dev    Geo_dist  
Period   30       4655         155          0.0        0          196      15139      876        781.97     721.73
Global   30       4655         155          0.0        0          196      15139      876        781.97     721.73

Total Statistics
Type     Time(s)  Ops          TPS(ops/s)   Net(M/s)   Get_miss   Min(us)  Max(us)    Avg(us)    Std_dev    Geo_dist  
Period   30       464661       15488        2.1        0          139      17480      839        687.32     702.27
Global   30       464661       15488        2.1        0          139      17480      839        687.32     702.27

Get Statistics (460019 events)
   Min:       139
   Max:     17480
   Avg:       839
   Geo:    702.12
   Std:    686.83
   Log2 Dist:
       8:     5349   128452   228772    77613
      12:    16475     3291       66        1

Set Statistics (4655 events)
   Min:       196
   Max:     15139
   Avg:       876
   Geo:    721.73
   Std:    781.97
   Log2 Dist:
       8:       35     1270     2316      807
      12:      181       44        2

Total Statistics (464674 events)
   Min:       139
   Max:     17480
   Avg:       840
   Geo:    702.31
   Std:    687.09
   Log2 Dist:
       8:     5384   129722   231088    78420
      12:    16656     3335       68        1

cmd_get: 460032
cmd_set: 4655
get_misses: 0
written_bytes: 10865218
read_bytes: 75940375
object_bytes: 670320

Run time: 30.1s Ops: 464687 TPS: 15425 Net_rate: 2.7M/s
