servers : 10.0.0.8:11212
threads count: 11
concurrency: 11
run time: 30s
windows size: 10k
set proportion: set_prop=0.01
get proportion: get_prop=0.99
[1;1H[2J
Get Statistics
Type     Time(s)  Ops          TPS(ops/s)   Net(M/s)   Get_miss   Min(us)  Max(us)    Avg(us)    Std_dev    Geo_dist  
Period   30       411248       13708        1.9        0          132      10374      795        558.05     680.43
Global   30       411248       13708        1.9        0          132      10374      795        558.05     680.43

Set Statistics
Type     Time(s)  Ops          TPS(ops/s)   Net(M/s)   Get_miss   Min(us)  Max(us)    Avg(us)    Std_dev    Geo_dist  
Period   30       4160         138          0.0        0          170      9705       817        623.08     691.56
Global   30       4160         138          0.0        0          170      9705       817        623.08     691.56

Total Statistics
Type     Time(s)  Ops          TPS(ops/s)   Net(M/s)   Get_miss   Min(us)  Max(us)    Avg(us)    Std_dev    Geo_dist  
Period   30       415408       13846        1.9        0          132      10374      795        559.05     680.54
Global   30       415408       13846        1.9        0          132      10374      795        559.05     680.54

Get Statistics (411259 events)
   Min:       132
   Max:     10374
   Avg:       795
   Geo:    680.43
   Std:    558.06
   Log2 Dist:
       8:     5673   121388   202230    67913
      12:    12779     1242       34

Set Statistics (4160 events)
   Min:       170
   Max:      9705
   Avg:       817
   Geo:    691.56
   Std:    623.08
   Log2 Dist:
       8:       54     1192     2067      675
      12:      150       20        2

Total Statistics (415419 events)
   Min:       132
   Max:     10374
   Avg:       795
   Geo:    680.54
   Std:    559.06
   Log2 Dist:
       8:     5727   122580   204297    68588
      12:    12929     1262       36

cmd_get: 411270
cmd_set: 4160
get_misses: 0
written_bytes: 9713298
read_bytes: 67891015
object_bytes: 599040

Run time: 30.1s Ops: 415430 TPS: 13793 Net_rate: 2.5M/s
