servers : 10.0.0.8:11212
threads count: 1
concurrency: 1
run time: 30s
windows size: 10k
set proportion: set_prop=0.01
get proportion: get_prop=0.99
[1;1H[2J
Get Statistics
Type     Time(s)  Ops          TPS(ops/s)   Net(M/s)   Get_miss   Min(us)  Max(us)    Avg(us)    Std_dev    Geo_dist  
Period   30       53459        1781         0.2        0          139      11695      555        445.65     464.99
Global   30       53459        1781         0.2        0          139      11695      555        445.65     464.99

Set Statistics
Type     Time(s)  Ops          TPS(ops/s)   Net(M/s)   Get_miss   Min(us)  Max(us)    Avg(us)    Std_dev    Geo_dist  
Period   30       540          18           0.0        0          191      3266       561        372.26     483.50
Global   30       540          18           0.0        0          191      3266       561        372.26     483.50

Total Statistics
Type     Time(s)  Ops          TPS(ops/s)   Net(M/s)   Get_miss   Min(us)  Max(us)    Avg(us)    Std_dev    Geo_dist  
Period   30       53999        1799         0.2        0          139      11695      555        445.05     465.17
Global   30       53999        1799         0.2        0          139      11695      555        445.05     465.17

Get Statistics (53460 events)
   Min:       139
   Max:     11695
   Avg:       555
   Geo:    464.99
   Std:    445.67
   Log2 Dist:
       8:     6258    27264    15270     3791
      12:      791       84        2

Set Statistics (540 events)
   Min:       191
   Max:      3266
   Avg:       561
   Geo:    483.50
   Std:    372.26
   Log2 Dist:
       8:       52      268      171       42
      12:        7

Total Statistics (54000 events)
   Min:       139
   Max:     11695
   Avg:       555
   Geo:    465.18
   Std:    445.07
   Log2 Dist:
       8:     6310    27532    15441     3833
      12:      798       84        2

cmd_get: 53460
cmd_set: 541
get_misses: 0
written_bytes: 1262520
read_bytes: 8825220
object_bytes: 77904

Run time: 30.1s Ops: 54001 TPS: 1793 Net_rate: 0.3M/s
