servers : 10.0.0.8:11212
threads count: 11
concurrency: 11
run time: 30s
windows size: 10k
set proportion: set_prop=0.01
get proportion: get_prop=0.99
[1;1H[2J
Get Statistics
Type     Time(s)  Ops          TPS(ops/s)   Net(M/s)   Get_miss   Min(us)  Max(us)    Avg(us)    Std_dev    Geo_dist  
Period   30       414320       13810        1.9        0          135      10717      789        579.62     671.43
Global   30       414320       13810        1.9        0          135      10717      789        579.62     671.43

Set Statistics
Type     Time(s)  Ops          TPS(ops/s)   Net(M/s)   Get_miss   Min(us)  Max(us)    Avg(us)    Std_dev    Geo_dist  
Period   30       4192         139          0.0        0          182      8252       820        647.61     689.88
Global   30       4192         139          0.0        0          182      8252       820        647.61     689.88

Total Statistics
Type     Time(s)  Ops          TPS(ops/s)   Net(M/s)   Get_miss   Min(us)  Max(us)    Avg(us)    Std_dev    Geo_dist  
Period   30       418512       13950        1.9        0          135      10717      789        580.77     671.61
Global   30       418512       13950        1.9        0          135      10717      789        580.77     671.61

Get Statistics (414330 events)
   Min:       135
   Max:     10717
   Avg:       789
   Geo:    671.42
   Std:    579.61
   Log2 Dist:
       8:     5400   128767   201061    64243
      12:    13251     1526       82

Set Statistics (4193 events)
   Min:       182
   Max:      8252
   Avg:       820
   Geo:    689.82
   Std:    647.45
   Log2 Dist:
       8:       39     1224     2088      665
      12:      153       23        1

Total Statistics (418523 events)
   Min:       135
   Max:     10717
   Avg:       789
   Geo:    671.60
   Std:    580.76
   Log2 Dist:
       8:     5439   129991   203149    64908
      12:    13404     1549       83

cmd_get: 414341
cmd_set: 4193
get_misses: 0
written_bytes: 9786140
read_bytes: 68397994
object_bytes: 603792

Run time: 30.1s Ops: 418534 TPS: 13892 Net_rate: 2.5M/s
