servers : 10.0.0.8:11212
threads count: 11
concurrency: 11
run time: 30s
windows size: 10k
set proportion: set_prop=0.01
get proportion: get_prop=0.99
[1;1H[2J
Get Statistics
Type     Time(s)  Ops          TPS(ops/s)   Net(M/s)   Get_miss   Min(us)  Max(us)    Avg(us)    Std_dev    Geo_dist  
Period   30       410834       13694        1.9        0          132      10481      796        582.95     679.10
Global   30       410834       13694        1.9        0          132      10481      796        582.95     679.10

Set Statistics
Type     Time(s)  Ops          TPS(ops/s)   Net(M/s)   Get_miss   Min(us)  Max(us)    Avg(us)    Std_dev    Geo_dist  
Period   30       4156         138          0.0        0          183      8283       822        640.53     691.01
Global   30       4156         138          0.0        0          183      8283       822        640.53     691.01

Total Statistics
Type     Time(s)  Ops          TPS(ops/s)   Net(M/s)   Get_miss   Min(us)  Max(us)    Avg(us)    Std_dev    Geo_dist  
Period   30       414990       13833        1.9        0          132      10481      796        583.92     679.21
Global   30       414990       13833        1.9        0          132      10481      796        583.92     679.21

Get Statistics (410845 events)
   Min:       132
   Max:     10481
   Avg:       796
   Geo:    679.10
   Std:    582.96
   Log2 Dist:
       8:     4928   122240   204555    64621
      12:    12930     1498       73

Set Statistics (4156 events)
   Min:       183
   Max:      8283
   Avg:       822
   Geo:    691.01
   Std:    640.53
   Log2 Dist:
       8:       35     1225     2045      664
      12:      165       21        1

Total Statistics (415001 events)
   Min:       132
   Max:     10481
   Avg:       796
   Geo:    679.22
   Std:    583.92
   Log2 Dist:
       8:     4963   123465   206600    65285
      12:    13095     1519       74

cmd_get: 410856
cmd_set: 4156
get_misses: 0
written_bytes: 9703550
read_bytes: 67822673
object_bytes: 598464

Run time: 30.1s Ops: 415012 TPS: 13776 Net_rate: 2.5M/s
