servers : 10.0.0.8:11212
threads count: 17
concurrency: 17
run time: 30s
windows size: 10k
set proportion: set_prop=0.01
get proportion: get_prop=0.99
[1;1H[2J
Get Statistics
Type     Time(s)  Ops          TPS(ops/s)   Net(M/s)   Get_miss   Min(us)  Max(us)    Avg(us)    Std_dev    Geo_dist  
Period   30       551076       18369        2.5        0          120      13970      916        792.99     753.47
Global   30       551076       18369        2.5        0          120      13970      916        792.99     753.47

Set Statistics
Type     Time(s)  Ops          TPS(ops/s)   Net(M/s)   Get_miss   Min(us)  Max(us)    Avg(us)    Std_dev    Geo_dist  
Period   30       5575         185          0.0        0          150      9195       923        798.33     759.20
Global   30       5575         185          0.0        0          150      9195       923        798.33     759.20

Total Statistics
Type     Time(s)  Ops          TPS(ops/s)   Net(M/s)   Get_miss   Min(us)  Max(us)    Avg(us)    Std_dev    Geo_dist  
Period   30       556651       18555        2.5        0          120      13970      916        793.12     753.53
Global   30       556651       18555        2.5        0          120      13970      916        793.12     753.53

Get Statistics (551092 events)
   Min:       120
   Max:     13970
   Avg:       916
   Geo:    753.47
   Std:    792.97
   Log2 Dist:
       4:        0        0        0        1
       8:     4705   132843   276301   106080
      12:    24758     6264      140

Set Statistics (5576 events)
   Min:       150
   Max:      9195
   Avg:       922
   Geo:    759.13
   Std:    799.34
   Log2 Dist:
       8:       36     1311     2846     1045
      12:      271       66        1

Total Statistics (556668 events)
   Min:       120
   Max:     13970
   Avg:       916
   Geo:    753.52
   Std:    793.10
   Log2 Dist:
       4:        0        0        0        1
       8:     4741   134154   279147   107125
      12:    25029     6330      141

cmd_get: 551109
cmd_set: 5576
get_misses: 0
written_bytes: 13016184
read_bytes: 90974788
object_bytes: 802944

Run time: 30.1s Ops: 556685 TPS: 18482 Net_rate: 3.3M/s
