servers : 10.0.0.8:11212
threads count: 11
concurrency: 11
run time: 30s
windows size: 10k
set proportion: set_prop=0.01
get proportion: get_prop=0.99
[1;1H[2J
Get Statistics
Type     Time(s)  Ops          TPS(ops/s)   Net(M/s)   Get_miss   Min(us)  Max(us)    Avg(us)    Std_dev    Geo_dist  
Period   30       411232       13707        1.9        0          125      12168      795        573.50     680.15
Global   30       411232       13707        1.9        0          125      12168      795        573.50     680.15

Set Statistics
Type     Time(s)  Ops          TPS(ops/s)   Net(M/s)   Get_miss   Min(us)  Max(us)    Avg(us)    Std_dev    Geo_dist  
Period   30       4160         138          0.0        0          173      7737       800        566.70     686.60
Global   30       4160         138          0.0        0          173      7737       800        566.70     686.60

Total Statistics
Type     Time(s)  Ops          TPS(ops/s)   Net(M/s)   Get_miss   Min(us)  Max(us)    Avg(us)    Std_dev    Geo_dist  
Period   30       415392       13846        1.9        0          125      12168      795        573.50     680.22
Global   30       415392       13846        1.9        0          125      12168      795        573.50     680.22

Get Statistics (411243 events)
   Min:       125
   Max:     12168
   Avg:       795
   Geo:    680.16
   Std:    573.50
   Log2 Dist:
       4:        0        0        0        1
       8:     5074   121203   205164    65420
      12:    12987     1338       56

Set Statistics (4160 events)
   Min:       173
   Max:      7737
   Avg:       800
   Geo:    686.60
   Std:    566.70
   Log2 Dist:
       8:       37     1204     2104      658
      12:      143       14

Total Statistics (415403 events)
   Min:       125
   Max:     12168
   Avg:       795
   Geo:    680.22
   Std:    573.50
   Log2 Dist:
       4:        0        0        0        1
       8:     5111   122407   207268    66078
      12:    13130     1352       56

cmd_get: 411254
cmd_set: 4160
get_misses: 0
written_bytes: 9712946
read_bytes: 67888375
object_bytes: 599040

Run time: 30.1s Ops: 415414 TPS: 13791 Net_rate: 2.5M/s
