servers : 10.0.0.8:11212
threads count: 1
concurrency: 1
run time: 30s
windows size: 10k
set proportion: set_prop=0.01
get proportion: get_prop=0.99
[1;1H[2J
Get Statistics
Type     Time(s)  Ops          TPS(ops/s)   Net(M/s)   Get_miss   Min(us)  Max(us)    Avg(us)    Std_dev    Geo_dist  
Period   30       52632        1754         0.2        0          142      9134       564        436.74     475.14
Global   30       52632        1754         0.2        0          142      9134       564        436.74     475.14

Set Statistics
Type     Time(s)  Ops          TPS(ops/s)   Net(M/s)   Get_miss   Min(us)  Max(us)    Avg(us)    Std_dev    Geo_dist  
Period   30       532          17           0.0        0          178      3306       568        392.45     482.84
Global   30       532          17           0.0        0          178      3306       568        392.45     482.84

Total Statistics
Type     Time(s)  Ops          TPS(ops/s)   Net(M/s)   Get_miss   Min(us)  Max(us)    Avg(us)    Std_dev    Geo_dist  
Period   30       53164        1772         0.2        0          142      9134       564        436.36     475.22
Global   30       53164        1772         0.2        0          142      9134       564        436.36     475.22

Get Statistics (52633 events)
   Min:       142
   Max:      9134
   Avg:       564
   Geo:    475.14
   Std:    436.73
   Log2 Dist:
       8:     5497    26741    15674     3913
      12:      742       62        4

Set Statistics (532 events)
   Min:       178
   Max:      3306
   Avg:       568
   Geo:    482.84
   Std:    392.45
   Log2 Dist:
       8:       53      272      154       47
      12:        6

Total Statistics (53165 events)
   Min:       142
   Max:      9134
   Avg:       564
   Geo:    475.21
   Std:    436.35
   Log2 Dist:
       8:     5550    27013    15828     3960
      12:      748       62        4

cmd_get: 52634
cmd_set: 532
get_misses: 0
written_bytes: 1243046
read_bytes: 8688701
object_bytes: 76608

Run time: 30.1s Ops: 53166 TPS: 1765 Net_rate: 0.3M/s
