servers : 10.0.0.8:11212
threads count: 23
concurrency: 23
run time: 30s
windows size: 10k
set proportion: set_prop=0.01
get proportion: get_prop=0.99
[1;1H[2J
Get Statistics
Type     Time(s)  Ops          TPS(ops/s)   Net(M/s)   Get_miss   Min(us)  Max(us)    Avg(us)    Std_dev    Geo_dist  
Period   30       605722       20190        2.8        0          135      15076      1127       1212.58    849.96
Global   30       605722       20190        2.8        0          135      15076      1127       1212.58    849.96

Set Statistics
Type     Time(s)  Ops          TPS(ops/s)   Net(M/s)   Get_miss   Min(us)  Max(us)    Avg(us)    Std_dev    Geo_dist  
Period   30       6129         204          0.0        0          196      13284      1116       1189.28    848.49
Global   30       6129         204          0.0        0          196      13284      1116       1189.28    848.49

Total Statistics
Type     Time(s)  Ops          TPS(ops/s)   Net(M/s)   Get_miss   Min(us)  Max(us)    Avg(us)    Std_dev    Geo_dist  
Period   30       611851       20395        2.8        0          135      15076      1127       1212.24    849.94
Global   30       611851       20395        2.8        0          135      15076      1127       1212.24    849.94

Get Statistics (605744 events)
   Min:       135
   Max:     15076
   Avg:      1127
   Geo:    849.99
   Std:   1212.68
   Log2 Dist:
       8:     3892   124815   288062   130161
      12:    37202    20801      811

Set Statistics (6130 events)
   Min:       196
   Max:     13284
   Avg:      1116
   Geo:    848.73
   Std:   1190.54
   Log2 Dist:
       8:       24     1285     2922     1324
      12:      371      198        6

Total Statistics (611874 events)
   Min:       135
   Max:     15076
   Avg:      1127
   Geo:    849.98
   Std:   1212.36
   Log2 Dist:
       8:     3916   126100   290984   131485
      12:    37573    20999      817

cmd_get: 605767
cmd_set: 6130
get_misses: 0
written_bytes: 14307168
read_bytes: 99996800
object_bytes: 882720

Run time: 30.1s Ops: 611897 TPS: 20310 Net_rate: 3.6M/s
