servers : 10.0.0.8:11212
threads count: 25
concurrency: 25
run time: 30s
windows size: 10k
set proportion: set_prop=0.01
get proportion: get_prop=0.99
[1;1H[2J
Get Statistics
Type     Time(s)  Ops          TPS(ops/s)   Net(M/s)   Get_miss   Min(us)  Max(us)    Avg(us)    Std_dev    Geo_dist  
Period   30       598513       19950        2.7        0          142      14297      1239       1352.81    916.89
Global   30       598513       19950        2.7        0          142      14297      1239       1352.81    916.88

Set Statistics
Type     Time(s)  Ops          TPS(ops/s)   Net(M/s)   Get_miss   Min(us)  Max(us)    Avg(us)    Std_dev    Geo_dist  
Period   30       6056         201          0.0        0          197      14055      1267       1408.52    926.54
Global   30       6056         201          0.0        0          197      14055      1267       1408.52    926.54

Total Statistics
Type     Time(s)  Ops          TPS(ops/s)   Net(M/s)   Get_miss   Min(us)  Max(us)    Avg(us)    Std_dev    Geo_dist  
Period   30       604572       20152        2.8        0          142      14297      1240       1352.71    916.97
Global   30       604572       20152        2.8        0          142      14297      1240       1352.71    916.97

Get Statistics (598541 events)
   Min:       142
   Max:     14297
   Avg:      1239
   Geo:    916.89
   Std:   1352.78
   Log2 Dist:
       8:     2383   101643   289550   133246
      12:    43864    25819     2036

Set Statistics (6056 events)
   Min:       197
   Max:     14055
   Avg:      1267
   Geo:    926.54
   Std:   1408.52
   Log2 Dist:
       8:       22     1041     2911     1338
      12:      435      286       23

Total Statistics (604597 events)
   Min:       142
   Max:     14297
   Avg:      1240
   Geo:    916.98
   Std:   1352.70
   Log2 Dist:
       8:     2405   102684   292461   134584
      12:    44299    26105     2059

cmd_get: 598566
cmd_set: 6056
get_misses: 0
written_bytes: 14136862
read_bytes: 98807713
object_bytes: 872064

Run time: 30.1s Ops: 604622 TPS: 20073 Net_rate: 3.6M/s
