servers : 10.0.0.8:11212
threads count: 27
concurrency: 27
run time: 30s
windows size: 10k
set proportion: set_prop=0.01
get proportion: get_prop=0.99
[1;1H[2J
Get Statistics
Type     Time(s)  Ops          TPS(ops/s)   Net(M/s)   Get_miss   Min(us)  Max(us)    Avg(us)    Std_dev    Geo_dist  
Period   30       584560       19485        2.7        0          126      15905      1369       1545.47    974.87
Global   30       584560       19485        2.7        0          126      15905      1369       1545.47    974.87

Set Statistics
Type     Time(s)  Ops          TPS(ops/s)   Net(M/s)   Get_miss   Min(us)  Max(us)    Avg(us)    Std_dev    Geo_dist  
Period   30       5919         197          0.0        0          174      11837      1365       1523.06    978.01
Global   30       5919         197          0.0        0          174      11837      1365       1523.06    978.01

Total Statistics
Type     Time(s)  Ops          TPS(ops/s)   Net(M/s)   Get_miss   Min(us)  Max(us)    Avg(us)    Std_dev    Geo_dist  
Period   30       590479       19682        2.7        0          126      15905      1369       1545.21    974.90
Global   30       590479       19682        2.7        0          126      15905      1369       1545.21    974.90

Get Statistics (584586 events)
   Min:       126
   Max:     15905
   Avg:      1370
   Geo:    974.97
   Std:   1545.60
   Log2 Dist:
       4:        0        0        0        1
       8:     2217    92656   272457   131215
      12:    49303    33508     3229

Set Statistics (5920 events)
   Min:       174
   Max:     11837
   Avg:      1365
   Geo:    978.13
   Std:   1523.03
   Log2 Dist:
       8:       22      886     2786     1366
      12:      503      327       30

Total Statistics (590506 events)
   Min:       126
   Max:     15905
   Avg:      1370
   Geo:    975.00
   Std:   1545.33
   Log2 Dist:
       4:        0        0        0        1
       8:     2239    93542   275243   132581
      12:    49806    33835     3259

cmd_get: 584613
cmd_set: 5920
get_misses: 0
written_bytes: 13808092
read_bytes: 96504050
object_bytes: 852480

Run time: 30.1s Ops: 590533 TPS: 19607 Net_rate: 3.5M/s
