servers : 10.0.0.8:11212
threads count: 21
concurrency: 21
run time: 30s
windows size: 10k
set proportion: set_prop=0.01
get proportion: get_prop=0.99
[1;1H[2J
Get Statistics
Type     Time(s)  Ops          TPS(ops/s)   Net(M/s)   Get_miss   Min(us)  Max(us)    Avg(us)    Std_dev    Geo_dist  
Period   30       599414       19980        2.7        0          133      16147      1040       1006.52    824.98
Global   30       599414       19980        2.7        0          133      16147      1040       1006.52    824.98

Set Statistics
Type     Time(s)  Ops          TPS(ops/s)   Net(M/s)   Get_miss   Min(us)  Max(us)    Avg(us)    Std_dev    Geo_dist  
Period   30       6067         202          0.0        0          195      16086      1061       1025.34    840.14
Global   30       6067         202          0.0        0          195      16086      1061       1025.34    840.14

Total Statistics
Type     Time(s)  Ops          TPS(ops/s)   Net(M/s)   Get_miss   Min(us)  Max(us)    Avg(us)    Std_dev    Geo_dist  
Period   30       605481       20182        2.8        0          133      16147      1040       1006.93    825.14
Global   30       605481       20182        2.8        0          133      16147      1040       1006.93    825.14

Get Statistics (599435 events)
   Min:       133
   Max:     16399
   Avg:      1040
   Geo:    825.05
   Std:   1007.91
   Log2 Dist:
       8:     3730   120338   297767   130887
      12:    33437    12800      474        2

Set Statistics (6067 events)
   Min:       195
   Max:     16086
   Avg:      1061
   Geo:    840.14
   Std:   1025.34
   Log2 Dist:
       8:       21     1220     2965     1355
      12:      368      132        6

Total Statistics (605502 events)
   Min:       133
   Max:     16399
   Avg:      1040
   Geo:    825.20
   Std:   1008.30
   Log2 Dist:
       8:     3751   121558   300732   132242
      12:    33805    12932      480        2

cmd_get: 599456
cmd_set: 6067
get_misses: 0
written_bytes: 14158290
read_bytes: 98955311
object_bytes: 873648

Run time: 30.1s Ops: 605523 TPS: 20096 Net_rate: 3.6M/s
