servers : 10.0.0.8:11212
threads count: 21
concurrency: 21
run time: 30s
windows size: 10k
set proportion: set_prop=0.01
get proportion: get_prop=0.99
[1;1H[2J
Get Statistics
Type     Time(s)  Ops          TPS(ops/s)   Net(M/s)   Get_miss   Min(us)  Max(us)    Avg(us)    Std_dev    Geo_dist  
Period   30       583920       19464        2.7        0          130      14768      1067       1122.44    821.23
Global   30       583920       19464        2.7        0          130      14768      1067       1122.44    821.23

Set Statistics
Type     Time(s)  Ops          TPS(ops/s)   Net(M/s)   Get_miss   Min(us)  Max(us)    Avg(us)    Std_dev    Geo_dist  
Period   30       5911         197          0.0        0          148      14767      1058       1065.68    823.85
Global   30       5911         197          0.0        0          148      14767      1058       1065.68    823.85

Total Statistics
Type     Time(s)  Ops          TPS(ops/s)   Net(M/s)   Get_miss   Min(us)  Max(us)    Avg(us)    Std_dev    Geo_dist  
Period   30       589831       19661        2.7        0          130      14768      1067       1121.80    821.26
Global   30       589831       19661        2.7        0          130      14768      1067       1121.80    821.26

Get Statistics (583940 events)
   Min:       130
   Max:     14768
   Avg:      1067
   Geo:    821.23
   Std:   1122.42
   Log2 Dist:
       8:     3968   125629   284539   120835
      12:    31962    16152      855

Set Statistics (5912 events)
   Min:       148
   Max:     14767
   Avg:      1058
   Geo:    823.84
   Std:   1065.54
   Log2 Dist:
       8:       36     1257     2876     1246
      12:      346      147        4

Total Statistics (589852 events)
   Min:       130
   Max:     14768
   Avg:      1067
   Geo:    821.26
   Std:   1121.78
   Log2 Dist:
       8:     4004   126886   287415   122081
      12:    32308    16299      859

cmd_get: 583960
cmd_set: 5913
get_misses: 0
written_bytes: 13792600
read_bytes: 96397396
object_bytes: 851472

Run time: 30.1s Ops: 589873 TPS: 19582 Net_rate: 3.5M/s
