servers : 10.0.0.8:11212
threads count: 25
concurrency: 25
run time: 30s
windows size: 10k
set proportion: set_prop=0.01
get proportion: get_prop=0.99
[1;1H[2J
Get Statistics
Type     Time(s)  Ops          TPS(ops/s)   Net(M/s)   Get_miss   Min(us)  Max(us)    Avg(us)    Std_dev    Geo_dist  
Period   30       614407       20480        2.8        0          133      16281      1207       1316.11    896.68
Global   30       614407       20480        2.8        0          133      16281      1207       1316.11    896.68

Set Statistics
Type     Time(s)  Ops          TPS(ops/s)   Net(M/s)   Get_miss   Min(us)  Max(us)    Avg(us)    Std_dev    Geo_dist  
Period   30       6219         207          0.0        0          173      11196      1225       1326.68    908.80
Global   30       6219         207          0.0        0          173      11196      1225       1326.68    908.80

Total Statistics
Type     Time(s)  Ops          TPS(ops/s)   Net(M/s)   Get_miss   Min(us)  Max(us)    Avg(us)    Std_dev    Geo_dist  
Period   30       620626       20687        2.8        0          133      16281      1207       1316.38    896.80
Global   30       620626       20687        2.8        0          133      16281      1207       1316.38    896.80

Get Statistics (614432 events)
   Min:       133
   Max:     16281
   Avg:      1207
   Geo:    896.73
   Std:   1316.20
   Log2 Dist:
       8:     2916   110691   296087   135580
      12:    42220    25527     1411

Set Statistics (6219 events)
   Min:       173
   Max:     11196
   Avg:      1225
   Geo:    908.80
   Std:   1326.68
   Log2 Dist:
       8:       20     1094     2982     1403
      12:      433      275       12

Total Statistics (620651 events)
   Min:       133
   Max:     16281
   Avg:      1207
   Geo:    896.85
   Std:   1316.47
   Log2 Dist:
       8:     2936   111785   299069   136983
      12:    42653    25802     1423

cmd_get: 614457
cmd_set: 6219
get_misses: 0
written_bytes: 14512544
read_bytes: 101431032
object_bytes: 895536

Run time: 30.1s Ops: 620676 TPS: 20608 Net_rate: 3.7M/s
