servers : 10.0.0.8:11212
threads count: 25
concurrency: 25
run time: 30s
windows size: 10k
set proportion: set_prop=0.01
get proportion: get_prop=0.99
[1;1H[2J
Get Statistics
Type     Time(s)  Ops          TPS(ops/s)   Net(M/s)   Get_miss   Min(us)  Max(us)    Avg(us)    Std_dev    Geo_dist  
Period   30       578422       19280        2.6        0          130      18757      1283       1434.23    925.38
Global   30       578422       19280        2.6        0          130      18757      1283       1434.23    925.38

Set Statistics
Type     Time(s)  Ops          TPS(ops/s)   Net(M/s)   Get_miss   Min(us)  Max(us)    Avg(us)    Std_dev    Geo_dist  
Period   30       5857         195          0.0        0          208      13055      1279       1459.39    917.27
Global   30       5857         195          0.0        0          208      13055      1279       1459.39    917.27

Total Statistics
Type     Time(s)  Ops          TPS(ops/s)   Net(M/s)   Get_miss   Min(us)  Max(us)    Avg(us)    Std_dev    Geo_dist  
Period   30       584279       19475        2.7        0          130      18757      1283       1434.44    925.30
Global   30       584279       19475        2.7        0          130      18757      1283       1434.44    925.30

Get Statistics (578446 events)
   Min:       130
   Max:     18757
   Avg:      1283
   Geo:    925.42
   Std:   1434.27
   Log2 Dist:
       8:     2918   104001   270489   124468
      12:    45102    29247     2220        1

Set Statistics (5858 events)
   Min:       208
   Max:     13055
   Avg:      1279
   Geo:    917.28
   Std:   1459.23
   Log2 Dist:
       8:       21     1070     2768     1227
      12:      444      303       25

Total Statistics (584304 events)
   Min:       130
   Max:     18757
   Avg:      1283
   Geo:    925.33
   Std:   1434.48
   Log2 Dist:
       8:     2939   105071   273257   125695
      12:    45546    29550     2245        1

cmd_get: 578471
cmd_set: 5858
get_misses: 0
written_bytes: 13663092
read_bytes: 95490454
object_bytes: 843552

Run time: 30.1s Ops: 584329 TPS: 19386 Net_rate: 3.5M/s
