servers : 10.0.0.8:11212
threads count: 27
concurrency: 27
run time: 30s
windows size: 10k
set proportion: set_prop=0.01
get proportion: get_prop=0.99
[1;1H[2J
Get Statistics
Type     Time(s)  Ops          TPS(ops/s)   Net(M/s)   Get_miss   Min(us)  Max(us)    Avg(us)    Std_dev    Geo_dist  
Period   30       604133       20137        2.8        0          127      20002      1328       1506.53    944.17
Global   30       604133       20137        2.8        0          127      20002      1328       1506.53    944.16

Set Statistics
Type     Time(s)  Ops          TPS(ops/s)   Net(M/s)   Get_miss   Min(us)  Max(us)    Avg(us)    Std_dev    Geo_dist  
Period   30       6116         203          0.0        0          197      12503      1347       1516.87    958.73
Global   30       6116         203          0.0        0          197      12503      1347       1516.87    958.73

Total Statistics
Type     Time(s)  Ops          TPS(ops/s)   Net(M/s)   Get_miss   Min(us)  Max(us)    Avg(us)    Std_dev    Geo_dist  
Period   30       610251       20341        2.8        0          127      20002      1328       1506.80    944.31
Global   30       610251       20341        2.8        0          127      20002      1328       1506.80    944.31

Get Statistics (604163 events)
   Min:       127
   Max:     20002
   Avg:      1328
   Geo:    944.21
   Std:   1506.90
   Log2 Dist:
       4:        0        0        0        1
       8:     2751   105950   281444   128370
      12:    49614    33002     3022        9

Set Statistics (6116 events)
   Min:       197
   Max:     12503
   Avg:      1347
   Geo:    958.73
   Std:   1516.87
   Log2 Dist:
       8:       26     1014     2842     1359
      12:      495      355       25

Total Statistics (610279 events)
   Min:       127
   Max:     20002
   Avg:      1328
   Geo:    944.35
   Std:   1507.17
   Log2 Dist:
       4:        0        0        0        1
       8:     2777   106964   284286   129729
      12:    50109    33357     3047        9

cmd_get: 604190
cmd_set: 6116
get_misses: 0
written_bytes: 14270146
read_bytes: 99735823
object_bytes: 880704

Run time: 30.2s Ops: 610306 TPS: 20224 Net_rate: 3.6M/s
