servers : 10.0.0.8:11212
threads count: 29
concurrency: 29
run time: 30s
windows size: 10k
set proportion: set_prop=0.01
get proportion: get_prop=0.99
[1;1H[2J
Get Statistics
Type     Time(s)  Ops          TPS(ops/s)   Net(M/s)   Get_miss   Min(us)  Max(us)    Avg(us)    Std_dev    Geo_dist  
Period   30       603868       20128        2.8        0          142      18378      1425       1651.30    988.28
Global   30       603868       20128        2.8        0          142      18378      1425       1651.30    988.28

Set Statistics
Type     Time(s)  Ops          TPS(ops/s)   Net(M/s)   Get_miss   Min(us)  Max(us)    Avg(us)    Std_dev    Geo_dist  
Period   30       6118         203          0.0        0          161      14833      1435       1638.73    1001.78
Global   30       6118         203          0.0        0          161      14833      1435       1638.73    1001.78

Total Statistics
Type     Time(s)  Ops          TPS(ops/s)   Net(M/s)   Get_miss   Min(us)  Max(us)    Avg(us)    Std_dev    Geo_dist  
Period   30       609986       20332        2.8        0          142      18378      1425       1651.26    988.41
Global   30       609986       20332        2.8        0          142      18378      1425       1651.26    988.41

Get Statistics (603897 events)
   Min:       142
   Max:     18378
   Avg:      1425
   Geo:    988.32
   Std:   1651.40
   Log2 Dist:
       8:     2518    98222   276225   132917
      12:    49945    39781     4277       12

Set Statistics (6118 events)
   Min:       161
   Max:     14833
   Avg:      1435
   Geo:   1001.78
   Std:   1638.73
   Log2 Dist:
       8:       20      941     2804     1387
      12:      520      406       40

Total Statistics (610015 events)
   Min:       142
   Max:     18378
   Avg:      1425
   Geo:    988.45
   Std:   1651.36
   Log2 Dist:
       8:     2538    99163   279029   134304
      12:    50465    40187     4317       12

cmd_get: 603926
cmd_set: 6118
get_misses: 0
written_bytes: 14264614
read_bytes: 99691949
object_bytes: 880992

Run time: 30.1s Ops: 610044 TPS: 20243 Net_rate: 3.6M/s
