servers : 10.0.0.8:11212
threads count: 25
concurrency: 25
run time: 30s
windows size: 10k
set proportion: set_prop=0.01
get proportion: get_prop=0.99
[1;1H[2J
Get Statistics
Type     Time(s)  Ops          TPS(ops/s)   Net(M/s)   Get_miss   Min(us)  Max(us)    Avg(us)    Std_dev    Geo_dist  
Period   30       572672       19089        2.6        0          121      21747      1295       1477.84    928.09
Global   30       572672       19089        2.6        0          121      21747      1295       1477.84    928.09

Set Statistics
Type     Time(s)  Ops          TPS(ops/s)   Net(M/s)   Get_miss   Min(us)  Max(us)    Avg(us)    Std_dev    Geo_dist  
Period   30       5798         193          0.0        0          166      13261      1319       1479.05    948.11
Global   30       5798         193          0.0        0          166      13261      1319       1479.05    948.11

Total Statistics
Type     Time(s)  Ops          TPS(ops/s)   Net(M/s)   Get_miss   Min(us)  Max(us)    Avg(us)    Std_dev    Geo_dist  
Period   30       578470       19282        2.6        0          121      21747      1295       1478.06    928.29
Global   30       578470       19282        2.6        0          121      21747      1295       1478.06    928.29

Get Statistics (572697 events)
   Min:       121
   Max:     21747
   Avg:      1295
   Geo:    928.12
   Std:   1477.83
   Log2 Dist:
       4:        0        0        0        1
       8:     3014    97513   277077   120447
      12:    42012    30196     2436        1

Set Statistics (5798 events)
   Min:       166
   Max:     13261
   Avg:      1319
   Geo:    948.11
   Std:   1479.05
   Log2 Dist:
       8:       23      962     2736     1298
      12:      435      322       22

Total Statistics (578495 events)
   Min:       121
   Max:     21747
   Avg:      1295
   Geo:    928.32
   Std:   1478.05
   Log2 Dist:
       4:        0        0        0        1
       8:     3037    98475   279813   121745
      12:    42447    30518     2458        1

cmd_get: 572722
cmd_set: 5798
get_misses: 0
written_bytes: 13527014
read_bytes: 94541389
object_bytes: 834912

Run time: 30.1s Ops: 578520 TPS: 19207 Net_rate: 3.4M/s
