servers : 10.0.0.8:11212
threads count: 23
concurrency: 23
run time: 30s
windows size: 10k
set proportion: set_prop=0.01
get proportion: get_prop=0.99
[1;1H[2J
Get Statistics
Type     Time(s)  Ops          TPS(ops/s)   Net(M/s)   Get_miss   Min(us)  Max(us)    Avg(us)    Std_dev    Geo_dist  
Period   30       562815       18760        2.6        0          132      18227      1212       1383.87    874.80
Global   30       562815       18760        2.6        0          132      18227      1212       1383.87    874.80

Set Statistics
Type     Time(s)  Ops          TPS(ops/s)   Net(M/s)   Get_miss   Min(us)  Max(us)    Avg(us)    Std_dev    Geo_dist  
Period   30       5698         189          0.0        0          177      10926      1242       1406.16    898.07
Global   30       5698         189          0.0        0          177      10926      1242       1406.16    898.07

Total Statistics
Type     Time(s)  Ops          TPS(ops/s)   Net(M/s)   Get_miss   Min(us)  Max(us)    Avg(us)    Std_dev    Geo_dist  
Period   30       568513       18950        2.6        0          132      18227      1213       1383.49    875.03
Global   30       568513       18950        2.6        0          132      18227      1213       1383.49    875.03

Get Statistics (562838 events)
   Min:       132
   Max:     18227
   Avg:      1212
   Geo:    874.85
   Std:   1383.96
   Log2 Dist:
       8:     4527   117758   258399   116323
      12:    38891    24858     2075        7

Set Statistics (5698 events)
   Min:       177
   Max:     10926
   Avg:      1242
   Geo:    898.07
   Std:   1406.16
   Log2 Dist:
       8:       37     1095     2663     1204
      12:      420      251       28

Total Statistics (568536 events)
   Min:       132
   Max:     18227
   Avg:      1213
   Geo:    875.08
   Std:   1383.57
   Log2 Dist:
       8:     4564   118853   261062   117527
      12:    39311    25109     2103        7

cmd_get: 562861
cmd_set: 5698
get_misses: 0
written_bytes: 13294116
read_bytes: 92913854
object_bytes: 820512

Run time: 30.1s Ops: 568559 TPS: 18868 Net_rate: 3.4M/s
