servers : 10.0.0.8:11212
threads count: 27
concurrency: 27
run time: 30s
windows size: 10k
set proportion: set_prop=0.01
get proportion: get_prop=0.99
[1;1H[2J
Get Statistics
Type     Time(s)  Ops          TPS(ops/s)   Net(M/s)   Get_miss   Min(us)  Max(us)    Avg(us)    Std_dev    Geo_dist  
Period   30       609717       20323        2.8        0          145      20497      1313       1476.66    945.23
Global   30       609717       20323        2.8        0          145      20497      1313       1476.66    945.23

Set Statistics
Type     Time(s)  Ops          TPS(ops/s)   Net(M/s)   Get_miss   Min(us)  Max(us)    Avg(us)    Std_dev    Geo_dist  
Period   30       6171         205          0.0        0          178      12048      1330       1477.35    955.98
Global   30       6171         205          0.0        0          178      12048      1330       1477.35    955.98

Total Statistics
Type     Time(s)  Ops          TPS(ops/s)   Net(M/s)   Get_miss   Min(us)  Max(us)    Avg(us)    Std_dev    Geo_dist  
Period   30       615888       20529        2.8        0          145      20497      1314       1475.93    945.34
Global   30       615888       20529        2.8        0          145      20497      1314       1475.93    945.34

Get Statistics (609744 events)
   Min:       145
   Max:     20497
   Avg:      1313
   Geo:    945.23
   Std:   1476.61
   Log2 Dist:
       8:     2539   101802   287695   135434
      12:    47349    32417     2494       14

Set Statistics (6171 events)
   Min:       178
   Max:     12048
   Avg:      1330
   Geo:    955.98
   Std:   1477.35
   Log2 Dist:
       8:       19     1034     2853     1413
      12:      482      349       21

Total Statistics (615915 events)
   Min:       145
   Max:     20497
   Avg:      1314
   Geo:    945.34
   Std:   1475.88
   Log2 Dist:
       8:     2558   102836   290548   136847
      12:    47831    32766     2515       14

cmd_get: 609771
cmd_set: 6171
get_misses: 0
written_bytes: 14401728
read_bytes: 100657128
object_bytes: 888624

Run time: 30.1s Ops: 615942 TPS: 20445 Net_rate: 3.6M/s
