servers : 10.0.0.8:11212
threads count: 27
concurrency: 27
run time: 30s
windows size: 10k
set proportion: set_prop=0.01
get proportion: get_prop=0.99
[1;1H[2J
Get Statistics
Type     Time(s)  Ops          TPS(ops/s)   Net(M/s)   Get_miss   Min(us)  Max(us)    Avg(us)    Std_dev    Geo_dist  
Period   30       626556       20885        2.9        0          124      19047      1278       1411.43    933.26
Global   30       626556       20885        2.9        0          124      19047      1278       1411.43    933.26

Set Statistics
Type     Time(s)  Ops          TPS(ops/s)   Net(M/s)   Get_miss   Min(us)  Max(us)    Avg(us)    Std_dev    Geo_dist  
Period   30       6341         211          0.0        0          153      13594      1314       1453.82    954.26
Global   30       6341         211          0.0        0          153      13594      1314       1453.82    954.26

Total Statistics
Type     Time(s)  Ops          TPS(ops/s)   Net(M/s)   Get_miss   Min(us)  Max(us)    Avg(us)    Std_dev    Geo_dist  
Period   30       632897       21096        2.9        0          124      19047      1278       1412.19    933.47
Global   30       632897       21096        2.9        0          124      19047      1278       1412.19    933.47

Get Statistics (626583 events)
   Min:       124
   Max:     19047
   Avg:      1278
   Geo:    933.27
   Std:   1411.43
   Log2 Dist:
       4:        0        0        0        2
       8:     3016   104860   295839   145002
      12:    44643    31439     1771       11

Set Statistics (6341 events)
   Min:       153
   Max:     13594
   Avg:      1314
   Geo:    954.26
   Std:   1453.82
   Log2 Dist:
       8:       25     1018     2962     1499
      12:      487      331       19

Total Statistics (632924 events)
   Min:       124
   Max:     19047
   Avg:      1278
   Geo:    933.48
   Std:   1412.19
   Log2 Dist:
       4:        0        0        0        2
       8:     3041   105878   298801   146501
      12:    45130    31770     1790       11

cmd_get: 626610
cmd_set: 6341
get_misses: 0
written_bytes: 14799386
read_bytes: 103436923
object_bytes: 913104

Run time: 30.1s Ops: 632951 TPS: 21010 Net_rate: 3.7M/s
