servers : 10.0.0.8:11212
threads count: 25
concurrency: 25
run time: 30s
windows size: 10k
set proportion: set_prop=0.01
get proportion: get_prop=0.99
[1;1H[2J
Get Statistics
Type     Time(s)  Ops          TPS(ops/s)   Net(M/s)   Get_miss   Min(us)  Max(us)    Avg(us)    Std_dev    Geo_dist  
Period   30       599311       19977        2.7        0          136      14462      1238       1385.67    900.89
Global   30       599311       19977        2.7        0          136      14462      1238       1385.67    900.89

Set Statistics
Type     Time(s)  Ops          TPS(ops/s)   Net(M/s)   Get_miss   Min(us)  Max(us)    Avg(us)    Std_dev    Geo_dist  
Period   30       6066         202          0.0        0          184      10168      1251       1383.56    911.24
Global   30       6066         202          0.0        0          184      10168      1251       1383.56    911.24

Total Statistics
Type     Time(s)  Ops          TPS(ops/s)   Net(M/s)   Get_miss   Min(us)  Max(us)    Avg(us)    Std_dev    Geo_dist  
Period   30       605377       20179        2.8        0          136      14462      1238       1385.76    901.00
Global   30       605377       20179        2.8        0          136      14462      1238       1385.76    901.00

Get Statistics (599336 events)
   Min:       136
   Max:     14462
   Avg:      1238
   Geo:    900.93
   Std:   1385.86
   Log2 Dist:
       8:     4022   113932   277296   132351
      12:    42189    27776     1770

Set Statistics (6066 events)
   Min:       184
   Max:     10168
   Avg:      1251
   Geo:    911.24
   Std:   1383.56
   Log2 Dist:
       8:       41     1118     2777     1393
      12:      425      293       19

Total Statistics (605402 events)
   Min:       136
   Max:     14462
   Avg:      1238
   Geo:    901.03
   Std:   1385.96
   Log2 Dist:
       8:     4063   115050   280073   133744
      12:    42614    28069     1789

cmd_get: 599361
cmd_set: 6066
get_misses: 0
written_bytes: 14155952
read_bytes: 98938968
object_bytes: 873504

Run time: 30.1s Ops: 605427 TPS: 20085 Net_rate: 3.6M/s
