servers : 10.0.0.8:11212
threads count: 21
concurrency: 21
run time: 30s
windows size: 10k
set proportion: set_prop=0.01
get proportion: get_prop=0.99
[1;1H[2J
Get Statistics
Type     Time(s)  Ops          TPS(ops/s)   Net(M/s)   Get_miss   Min(us)  Max(us)    Avg(us)    Std_dev    Geo_dist  
Period   30       574215       19140        2.6        0          140      13995      1086       1153.03    831.76
Global   30       574215       19140        2.6        0          140      13995      1086       1153.03    831.76

Set Statistics
Type     Time(s)  Ops          TPS(ops/s)   Net(M/s)   Get_miss   Min(us)  Max(us)    Avg(us)    Std_dev    Geo_dist  
Period   30       5811         193          0.0        0          215      11154      1083       1145.71    832.13
Global   30       5811         193          0.0        0          215      11154      1083       1145.71    832.13

Total Statistics
Type     Time(s)  Ops          TPS(ops/s)   Net(M/s)   Get_miss   Min(us)  Max(us)    Avg(us)    Std_dev    Geo_dist  
Period   30       580026       19334        2.7        0          140      13995      1086       1152.93    831.77
Global   30       580026       19334        2.7        0          140      13995      1086       1152.93    831.77

Get Statistics (574236 events)
   Min:       140
   Max:     13995
   Avg:      1086
   Geo:    831.83
   Std:   1153.71
   Log2 Dist:
       8:     3305   118540   283541   119014
      12:    31773    16969     1094

Set Statistics (5811 events)
   Min:       215
   Max:     11154
   Avg:      1083
   Geo:    832.13
   Std:   1145.71
   Log2 Dist:
       8:       30     1195     2885     1187
      12:      327      177       10

Total Statistics (580047 events)
   Min:       140
   Max:     13995
   Avg:      1086
   Geo:    831.83
   Std:   1153.60
   Log2 Dist:
       8:     3335   119735   286426   120201
      12:    32100    17146     1104

cmd_get: 574257
cmd_set: 5811
get_misses: 0
written_bytes: 13562952
read_bytes: 94795428
object_bytes: 836784

Run time: 30.1s Ops: 580068 TPS: 19258 Net_rate: 3.4M/s
