servers : 10.0.0.8:11212
threads count: 21
concurrency: 21
run time: 30s
windows size: 10k
set proportion: set_prop=0.01
get proportion: get_prop=0.99
[1;1H[2J
Get Statistics
Type     Time(s)  Ops          TPS(ops/s)   Net(M/s)   Get_miss   Min(us)  Max(us)    Avg(us)    Std_dev    Geo_dist  
Period   30       593991       19799        2.7        0          118      13168      1049       1066.08    819.12
Global   30       593991       19799        2.7        0          118      13168      1049       1066.08    819.12

Set Statistics
Type     Time(s)  Ops          TPS(ops/s)   Net(M/s)   Get_miss   Min(us)  Max(us)    Avg(us)    Std_dev    Geo_dist  
Period   30       6012         200          0.0        0          186      11293      1068       1072.87    834.63
Global   30       6012         200          0.0        0          186      11293      1068       1072.87    834.63

Total Statistics
Type     Time(s)  Ops          TPS(ops/s)   Net(M/s)   Get_miss   Min(us)  Max(us)    Avg(us)    Std_dev    Geo_dist  
Period   30       600003       20000        2.7        0          118      13168      1049       1066.34    819.27
Global   30       600003       20000        2.7        0          118      13168      1049       1066.34    819.27

Get Statistics (594012 events)
   Min:       118
   Max:     13168
   Avg:      1049
   Geo:    819.17
   Std:   1066.54
   Log2 Dist:
       4:        0        0        0        1
       8:     3660   122093   298113   121810
      12:    33110    14641      584

Set Statistics (6012 events)
   Min:       186
   Max:     11293
   Avg:      1068
   Geo:    834.63
   Std:   1072.87
   Log2 Dist:
       8:       29     1214     2972     1291
      12:      355      145        6

Total Statistics (600024 events)
   Min:       118
   Max:     13168
   Avg:      1049
   Geo:    819.33
   Std:   1066.79
   Log2 Dist:
       4:        0        0        0        1
       8:     3689   123307   301085   123101
      12:    33465    14786      590

cmd_get: 594033
cmd_set: 6012
get_misses: 0
written_bytes: 14030184
read_bytes: 98060076
object_bytes: 865728

Run time: 30.1s Ops: 600045 TPS: 19923 Net_rate: 3.5M/s
