servers : 10.0.0.8:11212
threads count: 39
concurrency: 39
run time: 30s
windows size: 10k
set proportion: set_prop=0.01
get proportion: get_prop=0.99
[1;1H[2J
Get Statistics
Type     Time(s)  Ops          TPS(ops/s)   Net(M/s)   Get_miss   Min(us)  Max(us)    Avg(us)    Std_dev    Geo_dist  
Period   30       611221       20374        2.8        0          145      38451      1890       2235.73    1205.37
Global   30       611221       20374        2.8        0          145      38451      1890       2235.73    1205.37

Set Statistics
Type     Time(s)  Ops          TPS(ops/s)   Net(M/s)   Get_miss   Min(us)  Max(us)    Avg(us)    Std_dev    Geo_dist  
Period   30       6195         206          0.0        0          193      22017      1963       2308.98    1242.31
Global   30       6195         206          0.0        0          193      22017      1963       2308.98    1242.31

Total Statistics
Type     Time(s)  Ops          TPS(ops/s)   Net(M/s)   Get_miss   Min(us)  Max(us)    Avg(us)    Std_dev    Geo_dist  
Period   30       617416       20580        2.8        0          145      38451      1891       2236.26    1205.73
Global   30       617416       20580        2.8        0          145      38451      1891       2236.26    1205.73

Get Statistics (611260 events)
   Min:       145
   Max:     38451
   Avg:      1890
   Geo:   1205.49
   Std:   2236.80
   Log2 Dist:
       8:     1431    81884   242667   136532
      12:    72591    60494    15389      268
      16:        4

Set Statistics (6195 events)
   Min:       193
   Max:     22017
   Avg:      1963
   Geo:   1242.31
   Std:   2308.98
   Log2 Dist:
       8:        9      765     2455     1387
      12:      749      651      177        2

Total Statistics (617455 events)
   Min:       145
   Max:     38451
   Avg:      1891
   Geo:   1205.86
   Std:   2237.32
   Log2 Dist:
       8:     1440    82649   245122   137919
      12:    73340    61145    15566      270
      16:        4

cmd_get: 611299
cmd_set: 6195
get_misses: 0
written_bytes: 14438920
read_bytes: 100907460
object_bytes: 892080

Run time: 30.1s Ops: 617494 TPS: 20498 Net_rate: 3.7M/s
