servers : 10.0.0.8:11212
threads count: 35
concurrency: 35
run time: 30s
windows size: 10k
set proportion: set_prop=0.01
get proportion: get_prop=0.99
[1;1H[2J
Get Statistics
Type     Time(s)  Ops          TPS(ops/s)   Net(M/s)   Get_miss   Min(us)  Max(us)    Avg(us)    Std_dev    Geo_dist  
Period   30       653754       21791        3.0        0          131      20802      1588       1846.79    1066.98
Global   30       653754       21791        3.0        0          131      20802      1588       1846.79    1066.98

Set Statistics
Type     Time(s)  Ops          TPS(ops/s)   Net(M/s)   Get_miss   Min(us)  Max(us)    Avg(us)    Std_dev    Geo_dist  
Period   30       6619         220          0.0        0          177      12328      1572       1795.02    1068.12
Global   30       6619         220          0.0        0          177      12328      1572       1795.02    1068.12

Total Statistics
Type     Time(s)  Ops          TPS(ops/s)   Net(M/s)   Get_miss   Min(us)  Max(us)    Avg(us)    Std_dev    Geo_dist  
Period   30       660373       22012        3.0        0          131      20802      1588       1846.14    1066.99
Global   30       660373       22012        3.0        0          131      20802      1588       1846.14    1066.99

Get Statistics (653787 events)
   Min:       131
   Max:     20802
   Avg:      1588
   Geo:   1067.08
   Std:   1847.35
   Log2 Dist:
       8:     2691    95108   284737   153173
      12:    56804    55902     5315       57

Set Statistics (6621 events)
   Min:       177
   Max:     12328
   Avg:      1573
   Geo:   1068.71
   Std:   1797.36
   Log2 Dist:
       8:       23      917     2948     1526
      12:      607      559       41

Total Statistics (660408 events)
   Min:       131
   Max:     20802
   Avg:      1588
   Geo:   1067.09
   Std:   1846.73
   Log2 Dist:
       8:     2714    96025   287685   154699
      12:    57411    56461     5356       57

cmd_get: 653822
cmd_set: 6621
get_misses: 0
written_bytes: 15442674
read_bytes: 107927823
object_bytes: 953424

Run time: 30.1s Ops: 660443 TPS: 21925 Net_rate: 3.9M/s
