servers : 10.0.0.8:11212
threads count: 33
concurrency: 33
run time: 30s
windows size: 10k
set proportion: set_prop=0.01
get proportion: get_prop=0.99
[1;1H[2J
Get Statistics
Type     Time(s)  Ops          TPS(ops/s)   Net(M/s)   Get_miss   Min(us)  Max(us)    Avg(us)    Std_dev    Geo_dist  
Period   30       631744       21058        2.9        0          138      18294      1549       1787.96    1053.34
Global   30       631744       21058        2.9        0          138      18294      1549       1787.96    1053.34

Set Statistics
Type     Time(s)  Ops          TPS(ops/s)   Net(M/s)   Get_miss   Min(us)  Max(us)    Avg(us)    Std_dev    Geo_dist  
Period   30       6394         213          0.0        0          174      12082      1530       1746.90    1053.54
Global   30       6394         213          0.0        0          174      12082      1530       1746.90    1053.54

Total Statistics
Type     Time(s)  Ops          TPS(ops/s)   Net(M/s)   Get_miss   Min(us)  Max(us)    Avg(us)    Std_dev    Geo_dist  
Period   30       638138       21271        2.9        0          138      18294      1549       1787.39    1053.34
Global   30       638138       21271        2.9        0          138      18294      1549       1787.39    1053.34

Get Statistics (631777 events)
   Min:       138
   Max:     18294
   Avg:      1549
   Geo:   1053.45
   Std:   1788.60
   Log2 Dist:
       8:     1914    92167   282474   142206
      12:    58626    48970     5414        6

Set Statistics (6394 events)
   Min:       174
   Max:     12082
   Avg:      1530
   Geo:   1053.54
   Std:   1746.90
   Log2 Dist:
       8:       22      907     2865     1510
      12:      563      475       52

Total Statistics (638171 events)
   Min:       138
   Max:     18294
   Avg:      1549
   Geo:   1053.45
   Std:   1788.02
   Log2 Dist:
       8:     1936    93074   285339   143716
      12:    59189    49445     5466        6

cmd_get: 631810
cmd_set: 6394
get_misses: 0
written_bytes: 14922134
read_bytes: 104294357
object_bytes: 920736

Run time: 30.1s Ops: 638204 TPS: 21185 Net_rate: 3.8M/s
