servers : 10.0.0.8:11212
threads count: 35
concurrency: 35
run time: 30s
windows size: 10k
set proportion: set_prop=0.01
get proportion: get_prop=0.99
[1;1H[2J
Get Statistics
Type     Time(s)  Ops          TPS(ops/s)   Net(M/s)   Get_miss   Min(us)  Max(us)    Avg(us)    Std_dev    Geo_dist  
Period   30       651012       21700        3.0        0          142      17679      1596       1784.23    1111.53
Global   30       651012       21700        3.0        0          142      17679      1596       1784.23    1111.53

Set Statistics
Type     Time(s)  Ops          TPS(ops/s)   Net(M/s)   Get_miss   Min(us)  Max(us)    Avg(us)    Std_dev    Geo_dist  
Period   30       6594         219          0.0        0          196      14906      1570       1744.79    1105.15
Global   30       6594         219          0.0        0          196      14906      1570       1744.79    1105.15

Total Statistics
Type     Time(s)  Ops          TPS(ops/s)   Net(M/s)   Get_miss   Min(us)  Max(us)    Avg(us)    Std_dev    Geo_dist  
Period   30       657606       21920        3.0        0          142      17679      1596       1783.61    1111.47
Global   30       657606       21920        3.0        0          142      17679      1596       1783.61    1111.47

Get Statistics (651046 events)
   Min:       142
   Max:     17679
   Avg:      1596
   Geo:   1111.54
   Std:   1784.19
   Log2 Dist:
       8:     1287    72061   292041   165631
      12:    65107    49413     5500        6

Set Statistics (6595 events)
   Min:       196
   Max:     14906
   Avg:      1570
   Geo:   1105.30
   Std:   1744.87
   Log2 Dist:
       8:       13      707     2964     1748
      12:      641      470       52

Total Statistics (657641 events)
   Min:       142
   Max:     17679
   Avg:      1596
   Geo:   1111.47
   Std:   1783.57
   Log2 Dist:
       8:     1300    72768   295005   167379
      12:    65748    49883     5552        6

cmd_get: 651081
cmd_set: 6595
get_misses: 0
written_bytes: 15378212
read_bytes: 107475350
object_bytes: 949680

Run time: 30.1s Ops: 657676 TPS: 21835 Net_rate: 3.9M/s
