servers : 10.0.0.8:11212
threads count: 39
concurrency: 39
run time: 30s
windows size: 10k
set proportion: set_prop=0.01
get proportion: get_prop=0.99
[1;1H[2J
Get Statistics
Type     Time(s)  Ops          TPS(ops/s)   Net(M/s)   Get_miss   Min(us)  Max(us)    Avg(us)    Std_dev    Geo_dist  
Period   30       640114       21337        2.9        0          139      31717      1807       2092.91    1181.16
Global   30       640114       21337        2.9        0          139      31717      1807       2092.91    1181.16

Set Statistics
Type     Time(s)  Ops          TPS(ops/s)   Net(M/s)   Get_miss   Min(us)  Max(us)    Avg(us)    Std_dev    Geo_dist  
Period   30       6484         216          0.0        0          228      16580      1796       2071.93    1182.22
Global   30       6484         216          0.0        0          228      16580      1796       2071.93    1182.22

Total Statistics
Type     Time(s)  Ops          TPS(ops/s)   Net(M/s)   Get_miss   Min(us)  Max(us)    Avg(us)    Std_dev    Geo_dist  
Period   30       646598       21553        3.0        0          139      31717      1807       2092.60    1181.17
Global   30       646598       21553        3.0        0          139      31717      1807       2092.60    1181.17

Get Statistics (640153 events)
   Min:       139
   Max:     31717
   Avg:      1807
   Geo:   1181.22
   Std:   2092.99
   Log2 Dist:
       8:     1362    78006   267836   147673
      12:    70036    63493    11554      193

Set Statistics (6484 events)
   Min:       228
   Max:     16580
   Avg:      1796
   Geo:   1182.22
   Std:   2071.93
   Log2 Dist:
       8:        7      761     2713     1575
      12:      688      618      121        1

Total Statistics (646637 events)
   Min:       139
   Max:     31717
   Avg:      1807
   Geo:   1181.23
   Std:   2092.69
   Log2 Dist:
       8:     1369    78767   270549   149248
      12:    70724    64111    11675      194

cmd_get: 640192
cmd_set: 6484
get_misses: 0
written_bytes: 15120806
read_bytes: 105677117
object_bytes: 933696

Run time: 30.1s Ops: 646676 TPS: 21470 Net_rate: 3.8M/s
