servers : 10.0.0.8:11212
threads count: 37
concurrency: 37
run time: 30s
windows size: 10k
set proportion: set_prop=0.01
get proportion: get_prop=0.99
[1;1H[2J
Get Statistics
Type     Time(s)  Ops          TPS(ops/s)   Net(M/s)   Get_miss   Min(us)  Max(us)    Avg(us)    Std_dev    Geo_dist  
Period   30       648495       21616        3.0        0          132      28707      1691       1957.55    1122.19
Global   30       648495       21616        3.0        0          132      28707      1691       1957.55    1122.19

Set Statistics
Type     Time(s)  Ops          TPS(ops/s)   Net(M/s)   Get_miss   Min(us)  Max(us)    Avg(us)    Std_dev    Geo_dist  
Period   30       6568         218          0.0        0          195      18341      1735       1987.67    1150.91
Global   30       6568         218          0.0        0          195      18341      1735       1987.67    1150.91

Total Statistics
Type     Time(s)  Ops          TPS(ops/s)   Net(M/s)   Get_miss   Min(us)  Max(us)    Avg(us)    Std_dev    Geo_dist  
Period   30       655063       21835        3.0        0          132      28707      1691       1958.24    1122.48
Global   30       655063       21835        3.0        0          132      28707      1691       1958.24    1122.48

Get Statistics (648532 events)
   Min:       132
   Max:     28707
   Avg:      1691
   Geo:   1122.32
   Std:   1958.32
   Log2 Dist:
       8:     1771    86237   277041   152018
      12:    64008    59087     8310       60

Set Statistics (6568 events)
   Min:       195
   Max:     18341
   Avg:      1735
   Geo:   1150.91
   Std:   1987.67
   Log2 Dist:
       8:       21      833     2749     1558
      12:      706      596      104        1

Total Statistics (655100 events)
   Min:       132
   Max:     28707
   Avg:      1691
   Geo:   1122.60
   Std:   1959.00
   Log2 Dist:
       8:     1792    87070   279790   153576
      12:    64714    59683     8414       61

cmd_get: 648569
cmd_set: 6568
get_misses: 0
written_bytes: 15318584
read_bytes: 107060324
object_bytes: 945792

Run time: 30.1s Ops: 655137 TPS: 21749 Net_rate: 3.9M/s
