servers : 10.0.0.8:11212
threads count: 37
concurrency: 37
run time: 30s
windows size: 10k
set proportion: set_prop=0.01
get proportion: get_prop=0.99
[1;1H[2J
Get Statistics
Type     Time(s)  Ops          TPS(ops/s)   Net(M/s)   Get_miss   Min(us)  Max(us)    Avg(us)    Std_dev    Geo_dist  
Period   30       633923       21130        2.9        0          136      27445      1729       2032.77    1134.88
Global   30       633923       21130        2.9        0          136      27445      1729       2032.77    1134.88

Set Statistics
Type     Time(s)  Ops          TPS(ops/s)   Net(M/s)   Get_miss   Min(us)  Max(us)    Avg(us)    Std_dev    Geo_dist  
Period   30       6421         214          0.0        0          196      27080      1729       2067.73    1131.18
Global   30       6421         214          0.0        0          196      27080      1729       2067.73    1131.18

Total Statistics
Type     Time(s)  Ops          TPS(ops/s)   Net(M/s)   Get_miss   Min(us)  Max(us)    Avg(us)    Std_dev    Geo_dist  
Period   30       640344       21344        2.9        0          136      27445      1729       2033.13    1134.84
Global   30       640344       21344        2.9        0          136      27445      1729       2033.13    1134.84

Get Statistics (633960 events)
   Min:       136
   Max:     27445
   Avg:      1730
   Geo:   1134.98
   Std:   2032.28
   Log2 Dist:
       8:     1614    84497   269873   144697
      12:    64982    57938    10258      101

Set Statistics (6421 events)
   Min:       196
   Max:     27080
   Avg:      1729
   Geo:   1131.18
   Std:   2067.73
   Log2 Dist:
       8:       20      847     2764     1476
      12:      628      566      119        1

Total Statistics (640381 events)
   Min:       136
   Max:     27445
   Avg:      1730
   Geo:   1134.95
   Std:   2032.62
   Log2 Dist:
       8:     1634    85344   272637   146173
      12:    65610    58504    10377      102

cmd_get: 633997
cmd_set: 6421
get_misses: 0
written_bytes: 14974480
read_bytes: 104654768
object_bytes: 924624

Run time: 30.1s Ops: 640418 TPS: 21263 Net_rate: 3.8M/s
