servers : 10.0.0.8:11212
threads count: 31
concurrency: 31
run time: 30s
windows size: 10k
set proportion: set_prop=0.01
get proportion: get_prop=0.99
[1;1H[2J
Get Statistics
Type     Time(s)  Ops          TPS(ops/s)   Net(M/s)   Get_miss   Min(us)  Max(us)    Avg(us)    Std_dev    Geo_dist  
Period   30       624021       20800        2.9        0          136      18461      1473       1721.03    1011.81
Global   30       624021       20800        2.9        0          136      18461      1473       1721.03    1011.81

Set Statistics
Type     Time(s)  Ops          TPS(ops/s)   Net(M/s)   Get_miss   Min(us)  Max(us)    Avg(us)    Std_dev    Geo_dist  
Period   30       6318         210          0.0        0          178      16876      1469       1699.39    1024.21
Global   30       6318         210          0.0        0          178      16876      1469       1699.39    1024.21

Total Statistics
Type     Time(s)  Ops          TPS(ops/s)   Net(M/s)   Get_miss   Min(us)  Max(us)    Avg(us)    Std_dev    Geo_dist  
Period   30       630339       21011        2.9        0          136      18461      1473       1720.78    1011.93
Global   30       630339       21011        2.9        0          136      18461      1473       1720.78    1011.93

Get Statistics (624052 events)
   Min:       136
   Max:     18461
   Avg:      1473
   Geo:   1011.81
   Std:   1721.00
   Log2 Dist:
       8:     2829    96930   279453   145226
      12:    51308    43402     4894       10

Set Statistics (6318 events)
   Min:       178
   Max:     16876
   Avg:      1469
   Geo:   1024.21
   Std:   1699.39
   Log2 Dist:
       8:       26      892     2842     1581
      12:      509      425       42        1

Total Statistics (630370 events)
   Min:       136
   Max:     18461
   Avg:      1473
   Geo:   1011.94
   Std:   1720.75
   Log2 Dist:
       8:     2855    97822   282295   146807
      12:    51817    43827     4936       11

cmd_get: 624082
cmd_set: 6319
get_misses: 0
written_bytes: 14740024
read_bytes: 103019124
object_bytes: 909936

Run time: 30.1s Ops: 630401 TPS: 20927 Net_rate: 3.7M/s
