servers : 10.0.0.8:11212
threads count: 35
concurrency: 35
run time: 30s
windows size: 10k
set proportion: set_prop=0.01
get proportion: get_prop=0.99
[1;1H[2J
Get Statistics
Type     Time(s)  Ops          TPS(ops/s)   Net(M/s)   Get_miss   Min(us)  Max(us)    Avg(us)    Std_dev    Geo_dist  
Period   30       610132       20337        2.8        0          145      33748      1699       1975.65    1124.81
Global   30       610132       20337        2.8        0          145      33748      1699       1975.65    1124.81

Set Statistics
Type     Time(s)  Ops          TPS(ops/s)   Net(M/s)   Get_miss   Min(us)  Max(us)    Avg(us)    Std_dev    Geo_dist  
Period   30       6179         205          0.0        0          153      16146      1712       1955.33    1145.17
Global   30       6179         205          0.0        0          153      16146      1712       1955.33    1145.17

Total Statistics
Type     Time(s)  Ops          TPS(ops/s)   Net(M/s)   Get_miss   Min(us)  Max(us)    Avg(us)    Std_dev    Geo_dist  
Period   30       616311       20543        2.8        0          145      33748      1699       1975.56    1125.01
Global   30       616311       20543        2.8        0          145      33748      1699       1975.56    1125.01

Get Statistics (610167 events)
   Min:       145
   Max:     33748
   Avg:      1699
   Geo:   1124.89
   Std:   1975.83
   Log2 Dist:
       8:     1681    86155   254016   138195
      12:    67867    52680     9439      133
      16:        1

Set Statistics (6179 events)
   Min:       153
   Max:     16146
   Avg:      1712
   Geo:   1145.17
   Std:   1955.33
   Log2 Dist:
       8:       14      796     2576     1456
      12:      719      524       94

Total Statistics (616346 events)
   Min:       145
   Max:     33748
   Avg:      1699
   Geo:   1125.09
   Std:   1975.73
   Log2 Dist:
       8:     1695    86951   256592   139651
      12:    68586    53204     9533      133
      16:        1

cmd_get: 610201
cmd_set: 6180
get_misses: 0
written_bytes: 14412314
read_bytes: 100726987
object_bytes: 889920

Run time: 30.1s Ops: 616381 TPS: 20465 Net_rate: 3.6M/s
