servers : 10.0.0.8:11212
threads count: 31
concurrency: 31
run time: 30s
windows size: 10k
set proportion: set_prop=0.01
get proportion: get_prop=0.99
[1;1H[2J
Get Statistics
Type     Time(s)  Ops          TPS(ops/s)   Net(M/s)   Get_miss   Min(us)  Max(us)    Avg(us)    Std_dev    Geo_dist  
Period   30       591053       19701        2.7        0          123      30617      1554       1818.11    1039.54
Global   30       591053       19701        2.7        0          123      30617      1554       1818.11    1039.54

Set Statistics
Type     Time(s)  Ops          TPS(ops/s)   Net(M/s)   Get_miss   Min(us)  Max(us)    Avg(us)    Std_dev    Geo_dist  
Period   30       5984         199          0.0        0          151      15493      1546       1784.57    1043.39
Global   30       5984         199          0.0        0          151      15493      1546       1784.57    1043.39

Total Statistics
Type     Time(s)  Ops          TPS(ops/s)   Net(M/s)   Get_miss   Min(us)  Max(us)    Avg(us)    Std_dev    Geo_dist  
Period   30       597037       19901        2.7        0          123      30617      1554       1817.70    1039.58
Global   30       597037       19901        2.7        0          123      30617      1554       1817.70    1039.58

Get Statistics (591083 events)
   Min:       123
   Max:     30617
   Avg:      1554
   Geo:   1039.57
   Std:   1818.09
   Log2 Dist:
       4:        0        0        0        1
       8:     3714    99425   247699   127307
      12:    61785    44674     6416       62

Set Statistics (5985 events)
   Min:       151
   Max:     15493
   Avg:      1546
   Geo:   1043.50
   Std:   1784.50
   Log2 Dist:
       8:       24      988     2496     1326
      12:      650      435       66

Total Statistics (597068 events)
   Min:       123
   Max:     30617
   Avg:      1554
   Geo:   1039.61
   Std:   1817.68
   Log2 Dist:
       4:        0        0        0        1
       8:     3738   100413   250195   128633
      12:    62435    45109     6482       62

cmd_get: 591114
cmd_set: 5985
get_misses: 0
written_bytes: 13961426
read_bytes: 97576575
object_bytes: 861840

Run time: 30.1s Ops: 597099 TPS: 19826 Net_rate: 3.5M/s
