servers : 10.0.0.8:11212
threads count: 3
concurrency: 3
run time: 30s
windows size: 10k
set proportion: set_prop=0.01
get proportion: get_prop=0.99
[1;1H[2J
Get Statistics
Type     Time(s)  Ops          TPS(ops/s)   Net(M/s)   Get_miss   Min(us)  Max(us)    Avg(us)    Std_dev    Geo_dist  
Period   30       137478       4582         0.6        0          151      9574       649        487.92     551.40
Global   30       137478       4582         0.6        0          151      9574       649        487.92     551.40

Set Statistics
Type     Time(s)  Ops          TPS(ops/s)   Net(M/s)   Get_miss   Min(us)  Max(us)    Avg(us)    Std_dev    Geo_dist  
Period   30       1390         46           0.0        0          181      3767       643        411.30     558.87
Global   30       1390         46           0.0        0          181      3767       643        411.30     558.87

Total Statistics
Type     Time(s)  Ops          TPS(ops/s)   Net(M/s)   Get_miss   Min(us)  Max(us)    Avg(us)    Std_dev    Geo_dist  
Period   30       138868       4628         0.6        0          151      9574       649        487.14     551.47
Global   30       138868       4628         0.6        0          151      9574       649        487.14     551.47

Get Statistics (137481 events)
   Min:       151
   Max:      9574
   Avg:       649
   Geo:    551.42
   Std:    488.15
   Log2 Dist:
       8:     4378    65706    50715    13555
      12:     2819      297       11

Set Statistics (1390 events)
   Min:       181
   Max:      3767
   Avg:       643
   Geo:    558.87
   Std:    411.30
   Log2 Dist:
       8:       39      646      525      157
      12:       23

Total Statistics (138871 events)
   Min:       151
   Max:      9574
   Avg:       649
   Geo:    551.49
   Std:    487.36
   Log2 Dist:
       8:     4417    66352    51240    13712
      12:     2842      297       11

cmd_get: 137484
cmd_set: 1390
get_misses: 0
written_bytes: 3246982
read_bytes: 22695485
object_bytes: 200160

Run time: 30.1s Ops: 138874 TPS: 4607 Net_rate: 0.8M/s
