servers : 10.0.0.8:11212
threads count: 3
concurrency: 3
run time: 30s
windows size: 10k
set proportion: set_prop=0.01
get proportion: get_prop=0.99
[1;1H[2J
Get Statistics
Type     Time(s)  Ops          TPS(ops/s)   Net(M/s)   Get_miss   Min(us)  Max(us)    Avg(us)    Std_dev    Geo_dist  
Period   30       135384       4512         0.6        0          144      10248      659        503.58     555.98
Global   30       135384       4512         0.6        0          144      10248      659        503.58     555.98

Set Statistics
Type     Time(s)  Ops          TPS(ops/s)   Net(M/s)   Get_miss   Min(us)  Max(us)    Avg(us)    Std_dev    Geo_dist  
Period   30       1369         45           0.0        0          182      6085       670        527.48     566.54
Global   30       1369         45           0.0        0          182      6085       670        527.48     566.54

Total Statistics
Type     Time(s)  Ops          TPS(ops/s)   Net(M/s)   Get_miss   Min(us)  Max(us)    Avg(us)    Std_dev    Geo_dist  
Period   30       136753       4558         0.6        0          144      10248      659        503.97     556.08
Global   30       136753       4558         0.6        0          144      10248      659        503.97     556.08

Get Statistics (135387 events)
   Min:       144
   Max:     10248
   Avg:       659
   Geo:    555.98
   Std:    503.58
   Log2 Dist:
       8:     4745    63419    49196    14888
      12:     2812      313       14

Set Statistics (1369 events)
   Min:       182
   Max:      6085
   Avg:       670
   Geo:    566.54
   Std:    527.48
   Log2 Dist:
       8:       36      621      536      141
      12:       30        5

Total Statistics (136756 events)
   Min:       144
   Max:     10248
   Avg:       659
   Geo:    556.09
   Std:    503.97
   Log2 Dist:
       8:     4781    64040    49732    15029
      12:     2842      318       14

cmd_get: 135390
cmd_set: 1369
get_misses: 0
written_bytes: 3197554
read_bytes: 22349807
object_bytes: 197136

Run time: 30.2s Ops: 136759 TPS: 4534 Net_rate: 0.8M/s
