servers : 10.0.0.8:11212
threads count: 33
concurrency: 33
run time: 30s
windows size: 10k
set proportion: set_prop=0.01
get proportion: get_prop=0.99
[1;1H[2J
Get Statistics
Type     Time(s)  Ops          TPS(ops/s)   Net(M/s)   Get_miss   Min(us)  Max(us)    Avg(us)    Std_dev    Geo_dist  
Period   30       609383       20312        2.8        0          157      20494      1604       1870.09    1079.10
Global   30       609383       20312        2.8        0          157      20494      1604       1870.09    1079.10

Set Statistics
Type     Time(s)  Ops          TPS(ops/s)   Net(M/s)   Get_miss   Min(us)  Max(us)    Avg(us)    Std_dev    Geo_dist  
Period   30       6173         205          0.0        0          186      20393      1650       1914.69    1100.49
Global   30       6173         205          0.0        0          186      20393      1650       1914.69    1100.49

Total Statistics
Type     Time(s)  Ops          TPS(ops/s)   Net(M/s)   Get_miss   Min(us)  Max(us)    Avg(us)    Std_dev    Geo_dist  
Period   30       615556       20518        2.8        0          157      20494      1605       1870.09    1079.32
Global   30       615556       20518        2.8        0          157      20494      1605       1870.09    1079.32

Get Statistics (609416 events)
   Min:       157
   Max:     20494
   Avg:      1604
   Geo:   1079.14
   Std:   1870.09
   Log2 Dist:
       8:     1905    86508   266475   139279
      12:    59466    48257     7494       32

Set Statistics (6173 events)
   Min:       186
   Max:     20393
   Avg:      1650
   Geo:   1100.49
   Std:   1914.69
   Log2 Dist:
       8:       19      871     2669     1382
      12:      610      544       77        1

Total Statistics (615589 events)
   Min:       157
   Max:     20494
   Avg:      1605
   Geo:   1079.36
   Std:   1870.08
   Log2 Dist:
       8:     1924    87379   269144   140661
      12:    60076    48801     7571       33

cmd_get: 609449
cmd_set: 6173
get_misses: 0
written_bytes: 14394832
read_bytes: 100603024
object_bytes: 888912

Run time: 30.1s Ops: 615622 TPS: 20437 Net_rate: 3.6M/s
