servers : 10.0.0.8:11212
threads count: 31
concurrency: 31
run time: 30s
windows size: 10k
set proportion: set_prop=0.01
get proportion: get_prop=0.99
[1;1H[2J
Get Statistics
Type     Time(s)  Ops          TPS(ops/s)   Net(M/s)   Get_miss   Min(us)  Max(us)    Avg(us)    Std_dev    Geo_dist  
Period   30       627817       20927        2.9        0          139      17854      1464       1690.73    1014.36
Global   30       627817       20927        2.9        0          139      17854      1464       1690.73    1014.36

Set Statistics
Type     Time(s)  Ops          TPS(ops/s)   Net(M/s)   Get_miss   Min(us)  Max(us)    Avg(us)    Std_dev    Geo_dist  
Period   30       6357         211          0.0        0          151      13067      1495       1726.96    1026.85
Global   30       6357         211          0.0        0          151      13067      1495       1726.96    1026.85

Total Statistics
Type     Time(s)  Ops          TPS(ops/s)   Net(M/s)   Get_miss   Min(us)  Max(us)    Avg(us)    Std_dev    Geo_dist  
Period   30       634176       21139        2.9        0          139      17854      1465       1690.50    1014.48
Global   30       634176       21139        2.9        0          139      17854      1465       1690.50    1014.48

Get Statistics (627850 events)
   Min:       139
   Max:     17854
   Avg:      1464
   Geo:   1014.35
   Std:   1690.67
   Log2 Dist:
       8:     2259    93548   288094   143421
      12:    53109    43068     4330       21

Set Statistics (6357 events)
   Min:       151
   Max:     13067
   Avg:      1495
   Geo:   1026.85
   Std:   1726.96
   Log2 Dist:
       8:       16      947     2899     1424
      12:      547      478       46

Total Statistics (634207 events)
   Min:       139
   Max:     17854
   Avg:      1465
   Geo:   1014.48
   Std:   1690.44
   Log2 Dist:
       8:     2275    94495   290993   144845
      12:    53656    43546     4376       21

cmd_get: 627881
cmd_set: 6357
get_misses: 0
written_bytes: 14829820
read_bytes: 103646106
object_bytes: 915408

Run time: 30.1s Ops: 634238 TPS: 21049 Net_rate: 3.7M/s
