servers : 10.0.0.8:11212
threads count: 39
concurrency: 39
run time: 30s
windows size: 10k
set proportion: set_prop=0.01
get proportion: get_prop=0.99
[1;1H[2J
Get Statistics
Type     Time(s)  Ops          TPS(ops/s)   Net(M/s)   Get_miss   Min(us)  Max(us)    Avg(us)    Std_dev    Geo_dist  
Period   30       656528       21884        3.0        0          143      27463      1768       2068.85    1150.30
Global   30       656528       21884        3.0        0          143      27463      1768       2068.85    1150.30

Set Statistics
Type     Time(s)  Ops          TPS(ops/s)   Net(M/s)   Get_miss   Min(us)  Max(us)    Avg(us)    Std_dev    Geo_dist  
Period   30       6652         221          0.0        0          186      16749      1776       2037.90    1160.55
Global   30       6652         221          0.0        0          186      16749      1776       2037.90    1160.55

Total Statistics
Type     Time(s)  Ops          TPS(ops/s)   Net(M/s)   Get_miss   Min(us)  Max(us)    Avg(us)    Std_dev    Geo_dist  
Period   30       663180       22106        3.0        0          143      27463      1768       2068.61    1150.40
Global   30       663180       22106        3.0        0          143      27463      1768       2068.61    1150.40

Get Statistics (656567 events)
   Min:       143
   Max:     27463
   Avg:      1768
   Geo:   1150.37
   Std:   2068.99
   Log2 Dist:
       8:     1657    88068   276341   147154
      12:    67768    65048    10352      179

Set Statistics (6652 events)
   Min:       186
   Max:     16749
   Avg:      1776
   Geo:   1160.55
   Std:   2037.90
   Log2 Dist:
       8:       17      863     2787     1489
      12:      704      697       94        1

Total Statistics (663219 events)
   Min:       143
   Max:     27463
   Avg:      1768
   Geo:   1150.48
   Std:   2068.74
   Log2 Dist:
       8:     1674    88931   279128   148643
      12:    68472    65745    10446      180

cmd_get: 656604
cmd_set: 6654
get_misses: 0
written_bytes: 15508794
read_bytes: 108386771
object_bytes: 958176

Run time: 30.3s Ops: 663258 TPS: 21926 Net_rate: 3.9M/s
