servers : 10.0.0.8:11212
threads count: 37
concurrency: 37
run time: 30s
windows size: 10k
set proportion: set_prop=0.01
get proportion: get_prop=0.99
[1;1H[2J
Get Statistics
Type     Time(s)  Ops          TPS(ops/s)   Net(M/s)   Get_miss   Min(us)  Max(us)    Avg(us)    Std_dev    Geo_dist  
Period   30       631080       21036        2.9        0          140      22779      1738       2050.07    1130.80
Global   30       631080       21036        2.9        0          140      22779      1738       2050.07    1130.79

Set Statistics
Type     Time(s)  Ops          TPS(ops/s)   Net(M/s)   Get_miss   Min(us)  Max(us)    Avg(us)    Std_dev    Geo_dist  
Period   30       6395         213          0.0        0          193      17193      1757       2026.69    1157.49
Global   30       6395         213          0.0        0          193      17193      1757       2026.69    1157.49

Total Statistics
Type     Time(s)  Ops          TPS(ops/s)   Net(M/s)   Get_miss   Min(us)  Max(us)    Avg(us)    Std_dev    Geo_dist  
Period   30       637477       21249        2.9        0          140      22779      1738       2050.00    1131.05
Global   30       637477       21249        2.9        0          140      22779      1738       2050.00    1131.05

Get Statistics (631120 events)
   Min:       140
   Max:     22779
   Avg:      1738
   Geo:   1130.85
   Std:   2050.48
   Log2 Dist:
       8:     1715    89964   264121   141664
      12:    63630    59297    10618      111

Set Statistics (6395 events)
   Min:       193
   Max:     17193
   Avg:      1757
   Geo:   1157.49
   Std:   2026.69
   Log2 Dist:
       8:       17      827     2655     1506
      12:      675      602      112        1

Total Statistics (637515 events)
   Min:       140
   Max:     22779
   Avg:      1738
   Geo:   1131.11
   Std:   2050.41
   Log2 Dist:
       8:     1732    90791   266776   143170
      12:    64305    59899    10730      112

cmd_get: 631157
cmd_set: 6395
get_misses: 0
written_bytes: 14907840
read_bytes: 104185960
object_bytes: 920880

Run time: 30.1s Ops: 637552 TPS: 21163 Net_rate: 3.8M/s
