servers : 10.0.0.8:11212
threads count: 39
concurrency: 39
run time: 30s
windows size: 10k
set proportion: set_prop=0.01
get proportion: get_prop=0.99
[1;1H[2J
Get Statistics
Type     Time(s)  Ops          TPS(ops/s)   Net(M/s)   Get_miss   Min(us)  Max(us)    Avg(us)    Std_dev    Geo_dist  
Period   30       664515       22150        3.0        0          129      37368      1745       2020.77    1139.94
Global   30       664515       22150        3.0        0          129      37368      1745       2020.77    1139.94

Set Statistics
Type     Time(s)  Ops          TPS(ops/s)   Net(M/s)   Get_miss   Min(us)  Max(us)    Avg(us)    Std_dev    Geo_dist  
Period   30       6730         224          0.0        0          208      17843      1796       2080.68    1164.49
Global   30       6730         224          0.0        0          208      17843      1796       2080.68    1164.49

Total Statistics
Type     Time(s)  Ops          TPS(ops/s)   Net(M/s)   Get_miss   Min(us)  Max(us)    Avg(us)    Std_dev    Geo_dist  
Period   30       671253       22375        3.1        0          129      37368      1745       2021.98    1140.23
Global   30       671253       22375        3.1        0          129      37368      1745       2021.96    1140.21

Get Statistics (664563 events)
   Min:       129
   Max:     37368
   Avg:      1745
   Geo:   1140.06
   Std:   2021.51
   Log2 Dist:
       8:     2595    89922   278440   150001
      12:    68368    65565     9594       77
      16:        1

Set Statistics (6730 events)
   Min:       208
   Max:     17843
   Avg:      1796
   Geo:   1164.49
   Std:   2080.68
   Log2 Dist:
       8:       16      849     2820     1538
      12:      693      723       88        3

Total Statistics (671293 events)
   Min:       129
   Max:     37368
   Avg:      1746
   Geo:   1140.31
   Std:   2021.70
   Log2 Dist:
       8:     2611    90771   281260   151539
      12:    69061    66288     9682       80
      16:        1

cmd_get: 664601
cmd_set: 6731
get_misses: 0
written_bytes: 15697186
read_bytes: 109706735
object_bytes: 969264

Run time: 30.2s Ops: 671332 TPS: 22205 Net_rate: 4.0M/s
