servers : 10.0.0.8:11212
threads count: 47
concurrency: 47
run time: 30s
windows size: 10k
set proportion: set_prop=0.01
get proportion: get_prop=0.99
[1;1H[2J
Get Statistics
Type     Time(s)  Ops          TPS(ops/s)   Net(M/s)   Get_miss   Min(us)  Max(us)    Avg(us)    Std_dev    Geo_dist  
Period   30       683539       22784        3.1        0          136      36829      2040       2314.03    1296.89
Global   30       683539       22784        3.1        0          136      36829      2040       2314.03    1296.86

Set Statistics
Type     Time(s)  Ops          TPS(ops/s)   Net(M/s)   Get_miss   Min(us)  Max(us)    Avg(us)    Std_dev    Geo_dist  
Period   30       6926         230          0.0        0          207      15776      2101       2347.33    1331.46
Global   30       6926         230          0.0        0          207      15776      2101       2347.33    1331.46

Total Statistics
Type     Time(s)  Ops          TPS(ops/s)   Net(M/s)   Get_miss   Min(us)  Max(us)    Avg(us)    Std_dev    Geo_dist  
Period   30       690467       23015        3.2        0          136      36829      2040       2314.91    1297.20
Global   30       690467       23015        3.2        0          136      36829      2040       2314.91    1297.20

Get Statistics (683588 events)
   Min:       136
   Max:     36829
   Avg:      2040
   Geo:   1296.89
   Std:   2313.95
   Log2 Dist:
       8:     1118    73572   269567   159797
      12:    76061    87656    15578      229
      16:       10

Set Statistics (6926 events)
   Min:       207
   Max:     15776
   Avg:      2101
   Geo:   1331.46
   Std:   2347.33
   Log2 Dist:
       8:        8      747     2607     1687
      12:      766      948      163

Total Statistics (690514 events)
   Min:       136
   Max:     36829
   Avg:      2040
   Geo:   1297.24
   Std:   2314.84
   Log2 Dist:
       8:     1126    74319   272174   161484
      12:    76827    88604    15741      229
      16:       10

cmd_get: 683634
cmd_set: 6927
get_misses: 0
written_bytes: 16147096
read_bytes: 112847428
object_bytes: 997488

Run time: 30.1s Ops: 690561 TPS: 22905 Net_rate: 4.1M/s
