servers : 10.0.0.8:11212
threads count: 49
concurrency: 49
run time: 30s
windows size: 10k
set proportion: set_prop=0.01
get proportion: get_prop=0.99
[1;1H[2J
Get Statistics
Type     Time(s)  Ops          TPS(ops/s)   Net(M/s)   Get_miss   Min(us)  Max(us)    Avg(us)    Std_dev    Geo_dist  
Period   30       677114       22570        3.1        0          157      46753      2142       2395.43    1369.47
Global   30       677114       22570        3.1        0          157      46753      2142       2395.43    1369.47

Set Statistics
Type     Time(s)  Ops          TPS(ops/s)   Net(M/s)   Get_miss   Min(us)  Max(us)    Avg(us)    Std_dev    Geo_dist  
Period   30       6863         228          0.0        0          192      21654      2133       2332.66    1383.10
Global   30       6863         228          0.0        0          192      21654      2133       2332.66    1383.10

Total Statistics
Type     Time(s)  Ops          TPS(ops/s)   Net(M/s)   Get_miss   Min(us)  Max(us)    Avg(us)    Std_dev    Geo_dist  
Period   30       683977       22799        3.1        0          157      46753      2142       2394.73    1369.61
Global   30       683977       22799        3.1        0          157      46753      2142       2394.73    1369.61

Get Statistics (677163 events)
   Min:       157
   Max:     46753
   Avg:      2142
   Geo:   1369.62
   Std:   2395.98
   Log2 Dist:
       8:     1095    64700   251227   167085
      12:    86762    86601    19232      448
      16:       13

Set Statistics (6863 events)
   Min:       192
   Max:     21654
   Avg:      2133
   Geo:   1383.10
   Std:   2332.66
   Log2 Dist:
       8:       14      602     2541     1749
      12:      891      883      180        3

Total Statistics (684026 events)
   Min:       157
   Max:     46753
   Avg:      2142
   Geo:   1369.75
   Std:   2395.28
   Log2 Dist:
       8:     1109    65302   253768   168834
      12:    87653    87484    19412      451
      16:       13

cmd_get: 677212
cmd_set: 6863
get_misses: 0
written_bytes: 15995666
read_bytes: 111786799
object_bytes: 988272

Run time: 30.1s Ops: 684075 TPS: 22706 Net_rate: 4.0M/s
