servers : 10.0.0.8:11212
threads count: 43
concurrency: 43
run time: 30s
windows size: 10k
set proportion: set_prop=0.01
get proportion: get_prop=0.99
[1;1H[2J
Get Statistics
Type     Time(s)  Ops          TPS(ops/s)   Net(M/s)   Get_miss   Min(us)  Max(us)    Avg(us)    Std_dev    Geo_dist  
Period   30       679561       22652        3.1        0          151      19975      1876       2137.08    1213.67
Global   30       679561       22652        3.1        0          151      19975      1876       2137.08    1213.67

Set Statistics
Type     Time(s)  Ops          TPS(ops/s)   Net(M/s)   Get_miss   Min(us)  Max(us)    Avg(us)    Std_dev    Geo_dist  
Period   30       6886         229          0.0        0          197      15280      1880       2132.51    1221.85
Global   30       6886         229          0.0        0          197      15280      1880       2132.51    1221.85

Total Statistics
Type     Time(s)  Ops          TPS(ops/s)   Net(M/s)   Get_miss   Min(us)  Max(us)    Avg(us)    Std_dev    Geo_dist  
Period   30       686448       22881        3.1        0          151      19975      1876       2137.06    1213.75
Global   30       686448       22881        3.1        0          151      19975      1876       2137.06    1213.75

Get Statistics (679605 events)
   Min:       151
   Max:     19975
   Avg:      1876
   Geo:   1213.67
   Std:   2136.99
   Log2 Dist:
       8:     1479    80397   280136   158237
      12:    70486    77722    11109       39

Set Statistics (6886 events)
   Min:       197
   Max:     15280
   Avg:      1880
   Geo:   1221.85
   Std:   2132.51
   Log2 Dist:
       8:        7      771     2851     1629
      12:      733      781      114

Total Statistics (686491 events)
   Min:       151
   Max:     19975
   Avg:      1876
   Geo:   1213.75
   Std:   2136.98
   Log2 Dist:
       8:     1486    81168   282987   159866
      12:    71219    78503    11223       39

cmd_get: 679648
cmd_set: 6886
get_misses: 0
written_bytes: 16053070
read_bytes: 112189913
object_bytes: 991584

Run time: 30.1s Ops: 686534 TPS: 22773 Net_rate: 4.1M/s
