servers : 10.0.0.8:11212
threads count: 45
concurrency: 45
run time: 30s
windows size: 10k
set proportion: set_prop=0.01
get proportion: get_prop=0.99
[1;1H[2J
Get Statistics
Type     Time(s)  Ops          TPS(ops/s)   Net(M/s)   Get_miss   Min(us)  Max(us)    Avg(us)    Std_dev    Geo_dist  
Period   30       666608       22220        3.1        0          148      41408      1998       2290.96    1270.57
Global   30       666608       22220        3.1        0          148      41408      1998       2290.96    1270.57

Set Statistics
Type     Time(s)  Ops          TPS(ops/s)   Net(M/s)   Get_miss   Min(us)  Max(us)    Avg(us)    Std_dev    Geo_dist  
Period   30       6756         225          0.0        0          201      19267      2039       2294.07    1302.36
Global   30       6756         225          0.0        0          201      19267      2039       2294.07    1302.36

Total Statistics
Type     Time(s)  Ops          TPS(ops/s)   Net(M/s)   Get_miss   Min(us)  Max(us)    Avg(us)    Std_dev    Geo_dist  
Period   30       673364       22445        3.1        0          148      41408      1998       2291.35    1270.88
Global   30       673364       22445        3.1        0          148      41408      1998       2291.35    1270.88

Get Statistics (666653 events)
   Min:       148
   Max:     41408
   Avg:      1998
   Geo:   1270.73
   Std:   2291.80
   Log2 Dist:
       8:     1175    75598   264075   154431
      12:    75425    79745    15976      226
      16:        2

Set Statistics (6756 events)
   Min:       201
   Max:     19267
   Avg:      2039
   Geo:   1302.36
   Std:   2294.07
   Log2 Dist:
       8:       12      735     2628     1611
      12:      751      878      138        3

Total Statistics (673409 events)
   Min:       148
   Max:     41408
   Avg:      1998
   Geo:   1271.04
   Std:   2292.18
   Log2 Dist:
       8:     1187    76333   266703   156042
      12:    76176    80623    16114      229
      16:        2

cmd_get: 666698
cmd_set: 6756
get_misses: 0
written_bytes: 15747326
read_bytes: 110051793
object_bytes: 972864

Run time: 30.1s Ops: 673454 TPS: 22356 Net_rate: 4.0M/s
