servers : 10.0.0.8:11212
threads count: 43
concurrency: 43
run time: 30s
windows size: 10k
set proportion: set_prop=0.01
get proportion: get_prop=0.99
[1;1H[2J
Get Statistics
Type     Time(s)  Ops          TPS(ops/s)   Net(M/s)   Get_miss   Min(us)  Max(us)    Avg(us)    Std_dev    Geo_dist  
Period   30       677813       22593        3.1        0          149      25072      1884       2121.20    1241.02
Global   30       677813       22593        3.1        0          149      25072      1884       2121.20    1241.02

Set Statistics
Type     Time(s)  Ops          TPS(ops/s)   Net(M/s)   Get_miss   Min(us)  Max(us)    Avg(us)    Std_dev    Geo_dist  
Period   30       6866         228          0.0        0          236      18241      1925       2148.68    1268.45
Global   30       6866         228          0.0        0          236      18241      1925       2148.68    1268.45

Total Statistics
Type     Time(s)  Ops          TPS(ops/s)   Net(M/s)   Get_miss   Min(us)  Max(us)    Avg(us)    Std_dev    Geo_dist  
Period   30       684679       22822        3.1        0          149      25072      1885       2120.95    1241.30
Global   30       684679       22822        3.1        0          149      25072      1885       2120.95    1241.30

Get Statistics (677855 events)
   Min:       149
   Max:     25072
   Avg:      1884
   Geo:   1241.06
   Std:   2121.23
   Log2 Dist:
       8:      952    67333   282583   166829
      12:    75342    72839    11919       58

Set Statistics (6867 events)
   Min:       236
   Max:     18241
   Avg:      1925
   Geo:   1268.33
   Std:   2148.42
   Log2 Dist:
       8:        6      650     2838     1697
      12:      798      752      125        1

Total Statistics (684722 events)
   Min:       149
   Max:     25072
   Avg:      1885
   Geo:   1241.33
   Std:   2120.98
   Log2 Dist:
       8:      958    67983   285421   168526
      12:    76140    73591    12044       59

cmd_get: 677898
cmd_set: 6867
get_misses: 0
written_bytes: 16011530
read_bytes: 111901011
object_bytes: 988848

Run time: 30.2s Ops: 684765 TPS: 22676 Net_rate: 4.0M/s
