servers : 10.0.0.8:11212
threads count: 47
concurrency: 47
run time: 30s
windows size: 10k
set proportion: set_prop=0.01
get proportion: get_prop=0.99
[1;1H[2J
Get Statistics
Type     Time(s)  Ops          TPS(ops/s)   Net(M/s)   Get_miss   Min(us)  Max(us)    Avg(us)    Std_dev    Geo_dist  
Period   30       669528       22317        3.1        0          158      52879      2079       2401.72    1313.33
Global   30       669528       22317        3.1        0          158      52879      2079       2401.72    1313.33

Set Statistics
Type     Time(s)  Ops          TPS(ops/s)   Net(M/s)   Get_miss   Min(us)  Max(us)    Avg(us)    Std_dev    Geo_dist  
Period   30       6786         226          0.0        0          176      23049      2165       2465.91    1362.49
Global   30       6786         226          0.0        0          176      23049      2165       2465.91    1362.49

Total Statistics
Type     Time(s)  Ops          TPS(ops/s)   Net(M/s)   Get_miss   Min(us)  Max(us)    Avg(us)    Std_dev    Geo_dist  
Period   30       676314       22543        3.1        0          158      52879      2080       2402.27    1313.82
Global   30       676314       22543        3.1        0          158      52879      2080       2402.27    1313.82

Get Statistics (669573 events)
   Min:       158
   Max:     52879
   Avg:      2079
   Geo:   1313.45
   Std:   2402.25
   Log2 Dist:
       8:     1066    69693   261742   159702
      12:    75692    82310    18954      402
      16:       12

Set Statistics (6788 events)
   Min:       176
   Max:     23049
   Avg:      2167
   Geo:   1363.25
   Std:   2468.52
   Log2 Dist:
       8:        6      659     2568     1687
      12:      745      924      194        5

Total Statistics (676361 events)
   Min:       158
   Max:     52879
   Avg:      2080
   Geo:   1313.94
   Std:   2402.84
   Log2 Dist:
       8:     1072    70352   264310   161389
      12:    76437    83234    19148      407
      16:       12

cmd_get: 669620
cmd_set: 6788
get_misses: 0
written_bytes: 15816686
read_bytes: 110533849
object_bytes: 977472

Run time: 30.1s Ops: 676408 TPS: 22451 Net_rate: 4.0M/s
