servers : 10.0.0.8:11212
threads count: 41
concurrency: 41
run time: 30s
windows size: 10k
set proportion: set_prop=0.01
get proportion: get_prop=0.99
[1;1H[2J
Get Statistics
Type     Time(s)  Ops          TPS(ops/s)   Net(M/s)   Get_miss   Min(us)  Max(us)    Avg(us)    Std_dev    Geo_dist  
Period   30       658862       21962        3.0        0          152      35376      1846       2128.06    1197.80
Global   30       658862       21962        3.0        0          152      35376      1846       2128.06    1197.80

Set Statistics
Type     Time(s)  Ops          TPS(ops/s)   Net(M/s)   Get_miss   Min(us)  Max(us)    Avg(us)    Std_dev    Geo_dist  
Period   30       6679         222          0.0        0          213      16187      1898       2155.75    1225.93
Global   30       6679         222          0.0        0          213      16187      1898       2155.75    1225.93

Total Statistics
Type     Time(s)  Ops          TPS(ops/s)   Net(M/s)   Get_miss   Min(us)  Max(us)    Avg(us)    Std_dev    Geo_dist  
Period   30       665543       22184        3.0        0          152      35376      1847       2127.94    1198.09
Global   30       665543       22184        3.0        0          152      35376      1847       2127.94    1198.09

Get Statistics (658904 events)
   Min:       152
   Max:     35376
   Avg:      1846
   Geo:   1197.93
   Std:   2128.57
   Log2 Dist:
       8:     1464    80600   270605   154781
      12:    68396    71365    11510      181
      16:        2

Set Statistics (6680 events)
   Min:       213
   Max:     16187
   Avg:      1899
   Geo:   1226.28
   Std:   2157.06
   Log2 Dist:
       8:       13      791     2692     1560
      12:      742      752      130

Total Statistics (665584 events)
   Min:       152
   Max:     35376
   Avg:      1847
   Geo:   1198.21
   Std:   2128.46
   Log2 Dist:
       8:     1477    81391   273297   156341
      12:    69138    72117    11640      181
      16:        2

cmd_get: 658945
cmd_set: 6680
get_misses: 0
written_bytes: 15564688
read_bytes: 108772600
object_bytes: 961920

Run time: 30.1s Ops: 665625 TPS: 22082 Net_rate: 3.9M/s
