servers : 10.0.0.8:11212
threads count: 45
concurrency: 45
run time: 30s
windows size: 10k
set proportion: set_prop=0.01
get proportion: get_prop=0.99
[1;1H[2J
Get Statistics
Type     Time(s)  Ops          TPS(ops/s)   Net(M/s)   Get_miss   Min(us)  Max(us)    Avg(us)    Std_dev    Geo_dist  
Period   30       684365       22812        3.1        0          150      23879      1949       2213.16    1239.87
Global   30       684365       22812        3.1        0          150      23879      1949       2213.16    1239.87

Set Statistics
Type     Time(s)  Ops          TPS(ops/s)   Net(M/s)   Get_miss   Min(us)  Max(us)    Avg(us)    Std_dev    Geo_dist  
Period   30       6934         231          0.0        0          179      13963      1976       2216.74    1258.28
Global   30       6934         231          0.0        0          179      13963      1976       2216.74    1258.28

Total Statistics
Type     Time(s)  Ops          TPS(ops/s)   Net(M/s)   Get_miss   Min(us)  Max(us)    Avg(us)    Std_dev    Geo_dist  
Period   30       691299       23043        3.2        0          150      23879      1950       2212.55    1240.05
Global   30       691299       23043        3.2        0          150      23879      1950       2212.55    1240.05

Get Statistics (684409 events)
   Min:       150
   Max:     23879
   Avg:      1950
   Geo:   1239.96
   Std:   2212.68
   Log2 Dist:
       8:     1819    84840   269643   158491
      12:    70885    86763    11833      135

Set Statistics (6935 events)
   Min:       179
   Max:     13963
   Avg:      1977
   Geo:   1258.68
   Std:   2219.71
   Log2 Dist:
       8:       10      841     2712     1598
      12:      755      896      123

Total Statistics (691344 events)
   Min:       150
   Max:     23879
   Avg:      1950
   Geo:   1240.14
   Std:   2212.99
   Log2 Dist:
       8:     1829    85681   272355   160089
      12:    71640    87659    11956      135

cmd_get: 684452
cmd_set: 6937
get_misses: 0
written_bytes: 16166598
read_bytes: 112982965
object_bytes: 998928

Run time: 30.1s Ops: 691389 TPS: 22936 Net_rate: 4.1M/s
