servers : 10.0.0.8:11212
threads count: 53
concurrency: 53
run time: 30s
windows size: 10k
set proportion: set_prop=0.01
get proportion: get_prop=0.99
[1;1H[2J
Get Statistics
Type     Time(s)  Ops          TPS(ops/s)   Net(M/s)   Get_miss   Min(us)  Max(us)    Avg(us)    Std_dev    Geo_dist  
Period   30       701570       23385        3.2        0          151      45376      2239       2525.68    1407.71
Global   30       701570       23385        3.2        0          151      45376      2239       2525.68    1407.71

Set Statistics
Type     Time(s)  Ops          TPS(ops/s)   Net(M/s)   Get_miss   Min(us)  Max(us)    Avg(us)    Std_dev    Geo_dist  
Period   30       7113         237          0.0        0          186      26500      2213       2513.57    1403.89
Global   30       7113         237          0.0        0          186      26500      2213       2513.57    1403.89

Total Statistics
Type     Time(s)  Ops          TPS(ops/s)   Net(M/s)   Get_miss   Min(us)  Max(us)    Avg(us)    Std_dev    Geo_dist  
Period   30       708683       23622        3.2        0          151      45376      2239       2525.32    1407.67
Global   30       708683       23622        3.2        0          151      45376      2239       2525.32    1407.67

Get Statistics (701621 events)
   Min:       151
   Max:     45376
   Avg:      2239
   Geo:   1407.80
   Std:   2525.71
   Log2 Dist:
       8:      883    61996   263958   168539
      12:    87352    93689    24652      537
      16:       15

Set Statistics (7115 events)
   Min:       186
   Max:     26500
   Avg:      2214
   Geo:   1404.28
   Std:   2512.83
   Log2 Dist:
       8:        8      583     2702     1788
      12:      882      907      237        8

Total Statistics (708736 events)
   Min:       151
   Max:     45376
   Avg:      2239
   Geo:   1407.77
   Std:   2525.36
   Log2 Dist:
       8:      891    62579   266660   170327
      12:    88234    94596    24889      545
      16:       15

cmd_get: 701674
cmd_set: 7115
get_misses: 0
written_bytes: 16574062
read_bytes: 115824385
object_bytes: 1024560

Run time: 30.1s Ops: 708789 TPS: 23511 Net_rate: 4.2M/s
