servers : 10.0.0.8:11212
threads count: 55
concurrency: 55
run time: 30s
windows size: 10k
set proportion: set_prop=0.01
get proportion: get_prop=0.99
[1;1H[2J
Get Statistics
Type     Time(s)  Ops          TPS(ops/s)   Net(M/s)   Get_miss   Min(us)  Max(us)    Avg(us)    Std_dev    Geo_dist  
Period   30       691473       23049        3.2        0          127      86961      2356       2802.31    1435.88
Global   30       691473       23049        3.2        0          127      86961      2356       2802.31    1435.88

Set Statistics
Type     Time(s)  Ops          TPS(ops/s)   Net(M/s)   Get_miss   Min(us)  Max(us)    Avg(us)    Std_dev    Geo_dist  
Period   30       7012         233          0.0        0          219      37266      2415       2839.92    1484.71
Global   30       7012         233          0.0        0          219      37266      2415       2839.92    1484.71

Total Statistics
Type     Time(s)  Ops          TPS(ops/s)   Net(M/s)   Get_miss   Min(us)  Max(us)    Avg(us)    Std_dev    Geo_dist  
Period   30       698485       23282        3.2        0          127      86961      2357       2802.35    1436.36
Global   30       698485       23282        3.2        0          127      86961      2357       2802.35    1436.36

Get Statistics (691525 events)
   Min:       127
   Max:     86961
   Avg:      2356
   Geo:   1435.91
   Std:   2802.24
   Log2 Dist:
       4:        0        0        0        1
       8:     1928    69733   246797   155686
      12:    90694    98417    26612     1484
      16:      161       12

Set Statistics (7015 events)
   Min:       219
   Max:     37266
   Avg:      2415
   Geo:   1485.21
   Std:   2840.12
   Log2 Dist:
       8:       14      574     2522     1598
      12:     1022      989      270       24
      16:        2

Total Statistics (698540 events)
   Min:       127
   Max:     86961
   Avg:      2357
   Geo:   1436.40
   Std:   2802.29
   Log2 Dist:
       4:        0        0        0        1
       8:     1942    70307   249319   157284
      12:    91716    99406    26882     1508
      16:      163       12

cmd_get: 691580
cmd_set: 7015
get_misses: 0
written_bytes: 16335950
read_bytes: 114157745
object_bytes: 1010160

Run time: 30.1s Ops: 698595 TPS: 23177 Net_rate: 4.1M/s
