servers : 10.0.0.8:11212
threads count: 5
concurrency: 5
run time: 30s
windows size: 10k
set proportion: set_prop=0.01
get proportion: get_prop=0.99
[1;1H[2J
Get Statistics
Type     Time(s)  Ops          TPS(ops/s)   Net(M/s)   Get_miss   Min(us)  Max(us)    Avg(us)    Std_dev    Geo_dist  
Period   30       210137       7004         1.0        0          134      9336       708        502.89     606.82
Global   30       210137       7004         1.0        0          134      9336       708        502.89     606.82

Set Statistics
Type     Time(s)  Ops          TPS(ops/s)   Net(M/s)   Get_miss   Min(us)  Max(us)    Avg(us)    Std_dev    Geo_dist  
Period   30       2126         70           0.0        0          203      7255       727        524.79     623.23
Global   30       2126         70           0.0        0          203      7255       727        524.79     623.23

Total Statistics
Type     Time(s)  Ops          TPS(ops/s)   Net(M/s)   Get_miss   Min(us)  Max(us)    Avg(us)    Std_dev    Geo_dist  
Period   30       212263       7075         1.0        0          134      9336       708        503.39     606.98
Global   30       212263       7075         1.0        0          134      9336       708        503.39     606.98

Get Statistics (210142 events)
   Min:       134
   Max:      9336
   Avg:       708
   Geo:    606.82
   Std:    502.90
   Log2 Dist:
       8:     3591    85628    89388    26023
      12:     4978      524       10

Set Statistics (2126 events)
   Min:       203
   Max:      7255
   Avg:       727
   Geo:    623.23
   Std:    524.79
   Log2 Dist:
       8:       23      854      911      278
      12:       54        6

Total Statistics (212268 events)
   Min:       134
   Max:      9336
   Avg:       708
   Geo:    606.98
   Std:    503.39
   Log2 Dist:
       8:     3614    86482    90299    26301
      12:     5032      530       10

cmd_get: 210147
cmd_set: 2126
get_misses: 0
written_bytes: 4963284
read_bytes: 34690438
object_bytes: 306144

Run time: 30.2s Ops: 212273 TPS: 7036 Net_rate: 1.3M/s
