servers : 10.0.0.8:11212
threads count: 59
concurrency: 59
run time: 30s
windows size: 10k
set proportion: set_prop=0.01
get proportion: get_prop=0.99
[1;1H[2J
Get Statistics
Type     Time(s)  Ops          TPS(ops/s)   Net(M/s)   Get_miss   Min(us)  Max(us)    Avg(us)    Std_dev    Geo_dist  
Period   30       718387       23946        3.3        0          112      51339      2431       2702.34    1497.00
Global   30       718387       23946        3.3        0          112      51339      2431       2702.34    1497.00

Set Statistics
Type     Time(s)  Ops          TPS(ops/s)   Net(M/s)   Get_miss   Min(us)  Max(us)    Avg(us)    Std_dev    Geo_dist  
Period   30       7286         242          0.0        0          192      30284      2523       2793.36    1547.14
Global   30       7286         242          0.0        0          192      30284      2523       2793.36    1547.14

Total Statistics
Type     Time(s)  Ops          TPS(ops/s)   Net(M/s)   Get_miss   Min(us)  Max(us)    Avg(us)    Std_dev    Geo_dist  
Period   30       725673       24189        3.3        0          112      51339      2432       2703.21    1497.50
Global   30       725673       24189        3.3        0          112      51339      2432       2703.21    1497.50

Get Statistics (718446 events)
   Min:       112
   Max:     51339
   Avg:      2431
   Geo:   1497.08
   Std:   2702.55
   Log2 Dist:
       4:        0        0        0        1
       8:     1482    67639   246101   167079
      12:    95462   109252    30496      905
      16:       29

Set Statistics (7286 events)
   Min:       192
   Max:     30284
   Avg:      2523
   Geo:   1547.14
   Std:   2793.36
   Log2 Dist:
       8:       16      653     2422     1695
      12:     1000     1162      326       12

Total Statistics (725732 events)
   Min:       112
   Max:     51339
   Avg:      2432
   Geo:   1497.57
   Std:   2703.42
   Log2 Dist:
       4:        0        0        0        1
       8:     1498    68292   248523   168774
      12:    96462   110414    30822      917
      16:       29

cmd_get: 718504
cmd_set: 7287
get_misses: 0
written_bytes: 16971572
read_bytes: 118601878
object_bytes: 1049328

Run time: 30.2s Ops: 725791 TPS: 24068 Net_rate: 4.3M/s
