servers : 10.0.0.8:11212
threads count: 59
concurrency: 59
run time: 30s
windows size: 10k
set proportion: set_prop=0.01
get proportion: get_prop=0.99
[1;1H[2J
Get Statistics
Type     Time(s)  Ops          TPS(ops/s)   Net(M/s)   Get_miss   Min(us)  Max(us)    Avg(us)    Std_dev    Geo_dist  
Period   30       722616       24087        3.3        0          147      86031      2418       2707.29    1497.27
Global   30       722616       24087        3.3        0          147      86031      2418       2707.29    1497.27

Set Statistics
Type     Time(s)  Ops          TPS(ops/s)   Net(M/s)   Get_miss   Min(us)  Max(us)    Avg(us)    Std_dev    Geo_dist  
Period   30       7327         244          0.0        0          193      29947      2450       2711.47    1516.77
Global   30       7327         244          0.0        0          193      29947      2450       2711.47    1516.77

Total Statistics
Type     Time(s)  Ops          TPS(ops/s)   Net(M/s)   Get_miss   Min(us)  Max(us)    Avg(us)    Std_dev    Geo_dist  
Period   30       729943       24331        3.3        0          147      86031      2418       2707.62    1497.47
Global   30       729943       24331        3.3        0          147      86031      2418       2707.62    1497.47

Get Statistics (722674 events)
   Min:       147
   Max:     86031
   Avg:      2418
   Geo:   1497.45
   Std:   2707.88
   Log2 Dist:
       8:      895    59573   258469   170864
      12:    93472   107192    31157     1011
      16:       39        2

Set Statistics (7328 events)
   Min:       193
   Max:     29947
   Avg:      2451
   Geo:   1517.18
   Std:   2713.18
   Log2 Dist:
       8:       13      594     2562     1783
      12:      907     1141      318       10

Total Statistics (730002 events)
   Min:       147
   Max:     86031
   Avg:      2419
   Geo:   1497.64
   Std:   2707.34
   Log2 Dist:
       8:      908    60167   261031   172647
      12:    94379   108333    31475     1021
      16:       39        2

cmd_get: 722732
cmd_set: 7329
get_misses: 0
written_bytes: 17071308
read_bytes: 119299834
object_bytes: 1055376

Run time: 30.2s Ops: 730061 TPS: 24213 Net_rate: 4.3M/s
