servers : 10.0.0.8:11212
threads count: 53
concurrency: 53
run time: 30s
windows size: 10k
set proportion: set_prop=0.01
get proportion: get_prop=0.99
[1;1H[2J
Get Statistics
Type     Time(s)  Ops          TPS(ops/s)   Net(M/s)   Get_miss   Min(us)  Max(us)    Avg(us)    Std_dev    Geo_dist  
Period   30       676187       22539        3.1        0          143      58544      2321       2706.58    1432.47
Global   30       676187       22539        3.1        0          143      58544      2321       2706.58    1432.47

Set Statistics
Type     Time(s)  Ops          TPS(ops/s)   Net(M/s)   Get_miss   Min(us)  Max(us)    Avg(us)    Std_dev    Geo_dist  
Period   30       6858         228          0.0        0          216      37345      2359       2751.46    1463.26
Global   30       6858         228          0.0        0          216      37345      2359       2751.46    1463.26

Total Statistics
Type     Time(s)  Ops          TPS(ops/s)   Net(M/s)   Get_miss   Min(us)  Max(us)    Avg(us)    Std_dev    Geo_dist  
Period   30       683045       22768        3.1        0          143      58544      2321       2707.36    1432.77
Global   30       683045       22768        3.1        0          143      58544      2321       2707.36    1432.77

Get Statistics (676238 events)
   Min:       143
   Max:     58544
   Avg:      2321
   Geo:   1432.59
   Std:   2706.82
   Log2 Dist:
       8:     1005    63475   247108   156205
      12:    89464    90460    27142     1309
      16:       70

Set Statistics (6860 events)
   Min:       216
   Max:     37345
   Avg:      2360
   Geo:   1463.74
   Std:   2751.03
   Log2 Dist:
       8:        4      579     2514     1622
      12:      913      922      290       15
      16:        1

Total Statistics (683098 events)
   Min:       143
   Max:     58544
   Avg:      2321
   Geo:   1432.90
   Std:   2707.60
   Log2 Dist:
       8:     1009    64054   249622   157827
      12:    90377    91382    27432     1324
      16:       71

cmd_get: 676290
cmd_set: 6861
get_misses: 0
written_bytes: 15974836
read_bytes: 111634150
object_bytes: 987984

Run time: 30.1s Ops: 683151 TPS: 22666 Net_rate: 4.0M/s
