servers : 10.0.0.8:11212
threads count: 53
concurrency: 53
run time: 30s
windows size: 10k
set proportion: set_prop=0.01
get proportion: get_prop=0.99
[1;1H[2J
Get Statistics
Type     Time(s)  Ops          TPS(ops/s)   Net(M/s)   Get_miss   Min(us)  Max(us)    Avg(us)    Std_dev    Geo_dist  
Period   30       666924       22230        3.1        0          159      57577      2355       2727.18    1452.92
Global   30       666924       22230        3.1        0          159      57577      2355       2727.18    1452.92

Set Statistics
Type     Time(s)  Ops          TPS(ops/s)   Net(M/s)   Get_miss   Min(us)  Max(us)    Avg(us)    Std_dev    Geo_dist  
Period   30       6761         225          0.0        0          193      37297      2360       2736.74    1468.00
Global   30       6761         225          0.0        0          193      37297      2360       2736.74    1468.00

Total Statistics
Type     Time(s)  Ops          TPS(ops/s)   Net(M/s)   Get_miss   Min(us)  Max(us)    Avg(us)    Std_dev    Geo_dist  
Period   30       673685       22456        3.1        0          159      57577      2355       2727.32    1453.07
Global   30       673685       22456        3.1        0          159      57577      2355       2727.32    1453.07

Get Statistics (666977 events)
   Min:       159
   Max:     57577
   Avg:      2356
   Geo:   1453.12
   Std:   2727.33
   Log2 Dist:
       8:      944    61151   241534   154119
      12:    89820    89310    28727     1309
      16:       63

Set Statistics (6761 events)
   Min:       193
   Max:     37297
   Avg:      2360
   Geo:   1468.00
   Std:   2736.74
   Log2 Dist:
       8:        3      567     2443     1577
      12:      973      899      279       18
      16:        2

Total Statistics (673738 events)
   Min:       159
   Max:     57577
   Avg:      2356
   Geo:   1453.27
   Std:   2727.46
   Log2 Dist:
       8:      947    61718   243977   155696
      12:    90793    90209    29006     1327
      16:       65

cmd_get: 667030
cmd_set: 6761
get_misses: 0
written_bytes: 15755254
read_bytes: 110105293
object_bytes: 973584

Run time: 30.1s Ops: 673791 TPS: 22359 Net_rate: 4.0M/s
