servers : 10.0.0.8:11212
threads count: 51
concurrency: 51
run time: 30s
windows size: 10k
set proportion: set_prop=0.01
get proportion: get_prop=0.99
[1;1H[2J
Get Statistics
Type     Time(s)  Ops          TPS(ops/s)   Net(M/s)   Get_miss   Min(us)  Max(us)    Avg(us)    Std_dev    Geo_dist  
Period   30       666967       22232        3.1        0          138      47183      2267       2645.11    1398.18
Global   30       666967       22232        3.1        0          138      47183      2267       2645.11    1398.18

Set Statistics
Type     Time(s)  Ops          TPS(ops/s)   Net(M/s)   Get_miss   Min(us)  Max(us)    Avg(us)    Std_dev    Geo_dist  
Period   30       6767         225          0.0        0          207      22215      2299       2632.29    1418.42
Global   30       6767         225          0.0        0          207      22215      2299       2632.29    1418.42

Total Statistics
Type     Time(s)  Ops          TPS(ops/s)   Net(M/s)   Get_miss   Min(us)  Max(us)    Avg(us)    Std_dev    Geo_dist  
Period   30       673734       22457        3.1        0          138      47183      2267       2645.25    1398.38
Global   30       673734       22457        3.1        0          138      47183      2267       2645.25    1398.38

Get Statistics (667018 events)
   Min:       138
   Max:     47183
   Avg:      2267
   Geo:   1398.21
   Std:   2645.17
   Log2 Dist:
       8:     1026    70437   240731   152976
      12:    88045    87347    25209     1199
      16:       48

Set Statistics (6767 events)
   Min:       207
   Max:     22215
   Avg:      2299
   Geo:   1418.42
   Std:   2632.29
   Log2 Dist:
       8:        7      681     2475     1535
      12:      879      885      296        9

Total Statistics (673785 events)
   Min:       138
   Max:     47183
   Avg:      2267
   Geo:   1398.41
   Std:   2645.32
   Log2 Dist:
       8:     1033    71118   243206   154511
      12:    88924    88232    25505     1208
      16:       48

cmd_get: 667069
cmd_set: 6767
get_misses: 0
written_bytes: 15757116
read_bytes: 110112106
object_bytes: 974448

Run time: 30.2s Ops: 673836 TPS: 22342 Net_rate: 4.0M/s
