servers : 10.0.0.8:11212
threads count: 55
concurrency: 55
run time: 30s
windows size: 10k
set proportion: set_prop=0.01
get proportion: get_prop=0.99
[1;1H[2J
Get Statistics
Type     Time(s)  Ops          TPS(ops/s)   Net(M/s)   Get_miss   Min(us)  Max(us)    Avg(us)    Std_dev    Geo_dist  
Period   30       708353       23611        3.2        0          145      44158      2301       2549.40    1443.31
Global   30       708353       23611        3.2        0          145      44158      2301       2549.40    1443.31

Set Statistics
Type     Time(s)  Ops          TPS(ops/s)   Net(M/s)   Get_miss   Min(us)  Max(us)    Avg(us)    Std_dev    Geo_dist  
Period   30       7181         239          0.0        0          235      21811      2346       2535.98    1482.47
Global   30       7181         239          0.0        0          235      21811      2346       2535.98    1482.47

Total Statistics
Type     Time(s)  Ops          TPS(ops/s)   Net(M/s)   Get_miss   Min(us)  Max(us)    Avg(us)    Std_dev    Geo_dist  
Period   30       715534       23851        3.3        0          145      44158      2301       2549.67    1443.70
Global   30       715534       23851        3.3        0          145      44158      2301       2549.67    1443.70

Get Statistics (708408 events)
   Min:       145
   Max:     44158
   Avg:      2301
   Geo:   1443.43
   Std:   2549.75
   Log2 Dist:
       8:      798    58595   266057   166133
      12:    87612   105105    23588      513
      16:        7

Set Statistics (7181 events)
   Min:       235
   Max:     21811
   Avg:      2346
   Geo:   1482.47
   Std:   2535.98
   Log2 Dist:
       8:        2      554     2635     1703
      12:      911     1134      236        6

Total Statistics (715589 events)
   Min:       145
   Max:     44158
   Avg:      2301
   Geo:   1443.82
   Std:   2550.02
   Log2 Dist:
       8:      800    59149   268692   167836
      12:    88523   106239    23824      519
      16:        7

cmd_get: 708462
cmd_set: 7182
get_misses: 0
written_bytes: 16733936
read_bytes: 116944768
object_bytes: 1034208

Run time: 30.1s Ops: 715644 TPS: 23754 Net_rate: 4.2M/s
