servers : 10.0.0.8:11212
threads count: 59
concurrency: 59
run time: 30s
windows size: 10k
set proportion: set_prop=0.01
get proportion: get_prop=0.99
[1;1H[2J
Get Statistics
Type     Time(s)  Ops          TPS(ops/s)   Net(M/s)   Get_miss   Min(us)  Max(us)    Avg(us)    Std_dev    Geo_dist  
Period   30       710753       23691        3.3        0          167      52290      2456       2743.79    1526.99
Global   30       710753       23691        3.3        0          167      52290      2456       2743.79    1526.99

Set Statistics
Type     Time(s)  Ops          TPS(ops/s)   Net(M/s)   Get_miss   Min(us)  Max(us)    Avg(us)    Std_dev    Geo_dist  
Period   30       7209         240          0.0        0          221      24417      2447       2699.79    1531.71
Global   30       7209         240          0.0        0          221      24417      2447       2699.79    1531.71

Total Statistics
Type     Time(s)  Ops          TPS(ops/s)   Net(M/s)   Get_miss   Min(us)  Max(us)    Avg(us)    Std_dev    Geo_dist  
Period   30       717964       23932        3.3        0          167      52290      2456       2743.29    1527.04
Global   30       717964       23932        3.3        0          167      52290      2456       2743.29    1527.04

Get Statistics (710813 events)
   Min:       167
   Max:     52290
   Avg:      2456
   Geo:   1527.14
   Std:   2744.25
   Log2 Dist:
       8:      782    54097   252811   168675
      12:    95567   107721    29748     1379
      16:       33

Set Statistics (7210 events)
   Min:       221
   Max:     24417
   Avg:      2448
   Geo:   1532.01
   Std:   2699.57
   Log2 Dist:
       8:       10      506     2601     1685
      12:     1013     1091      291       13

Total Statistics (718023 events)
   Min:       167
   Max:     52290
   Avg:      2456
   Geo:   1527.19
   Std:   2743.73
   Log2 Dist:
       8:      792    54603   255412   170360
      12:    96580   108812    30039     1392
      16:       33

cmd_get: 710872
cmd_set: 7210
get_misses: 0
written_bytes: 16791486
read_bytes: 117341825
object_bytes: 1038240

Run time: 30.1s Ops: 718082 TPS: 23841 Net_rate: 4.2M/s
