servers : 10.0.0.8:11212
threads count: 57
concurrency: 57
run time: 30s
windows size: 10k
set proportion: set_prop=0.01
get proportion: get_prop=0.99
[1;1H[2J
Get Statistics
Type     Time(s)  Ops          TPS(ops/s)   Net(M/s)   Get_miss   Min(us)  Max(us)    Avg(us)    Std_dev    Geo_dist  
Period   30       712922       23764        3.3        0          146      68601      2368       2645.35    1470.07
Global   30       712922       23764        3.3        0          146      68601      2368       2645.35    1470.07

Set Statistics
Type     Time(s)  Ops          TPS(ops/s)   Net(M/s)   Get_miss   Min(us)  Max(us)    Avg(us)    Std_dev    Geo_dist  
Period   30       7234         241          0.0        0          194      31464      2387       2683.60    1467.58
Global   30       7234         241          0.0        0          194      31464      2387       2683.60    1467.58

Total Statistics
Type     Time(s)  Ops          TPS(ops/s)   Net(M/s)   Get_miss   Min(us)  Max(us)    Avg(us)    Std_dev    Geo_dist  
Period   30       720156       24005        3.3        0          146      68601      2369       2645.01    1470.05
Global   30       720156       24005        3.3        0          146      68601      2369       2645.01    1470.05

Get Statistics (712979 events)
   Min:       146
   Max:     68601
   Avg:      2369
   Geo:   1470.18
   Std:   2644.92
   Log2 Dist:
       8:      912    62832   257629   164412
      12:    91025   107852    27376      925
      16:       15        1

Set Statistics (7234 events)
   Min:       194
   Max:     31464
   Avg:      2387
   Geo:   1467.58
   Std:   2683.60
   Log2 Dist:
       8:       18      665     2607     1622
      12:      934     1085      292       11

Total Statistics (720213 events)
   Min:       146
   Max:     68601
   Avg:      2369
   Geo:   1470.16
   Std:   2645.48
   Log2 Dist:
       8:      930    63497   260236   166034
      12:    91959   108937    27668      936
      16:       15        1

cmd_get: 713036
cmd_set: 7234
get_misses: 0
written_bytes: 16842978
read_bytes: 117699407
object_bytes: 1041696

Run time: 30.1s Ops: 720270 TPS: 23907 Net_rate: 4.3M/s
