servers : 10.0.0.8:11212
threads count: 55
concurrency: 55
run time: 30s
windows size: 10k
set proportion: set_prop=0.01
get proportion: get_prop=0.99
[1;1H[2J
Get Statistics
Type     Time(s)  Ops          TPS(ops/s)   Net(M/s)   Get_miss   Min(us)  Max(us)    Avg(us)    Std_dev    Geo_dist  
Period   30       673579       22452        3.1        0          154      69269      2416       2815.20    1484.77
Global   30       673579       22452        3.1        0          154      69269      2416       2815.20    1484.77

Set Statistics
Type     Time(s)  Ops          TPS(ops/s)   Net(M/s)   Get_miss   Min(us)  Max(us)    Avg(us)    Std_dev    Geo_dist  
Period   30       6832         227          0.0        0          223      37335      2491       2850.97    1532.40
Global   30       6832         227          0.0        0          223      37335      2491       2850.97    1532.40

Total Statistics
Type     Time(s)  Ops          TPS(ops/s)   Net(M/s)   Get_miss   Min(us)  Max(us)    Avg(us)    Std_dev    Geo_dist  
Period   30       680413       22680        3.1        0          154      69269      2417       2815.36    1485.24
Global   30       680413       22680        3.1        0          154      69269      2417       2815.36    1485.24

Get Statistics (673636 events)
   Min:       154
   Max:     69269
   Avg:      2417
   Geo:   1484.95
   Std:   2815.16
   Log2 Dist:
       8:      740    55452   245669   157074
      12:    89882    91876    31412     1428
      16:      101        2

Set Statistics (6832 events)
   Min:       223
   Max:     37335
   Avg:      2491
   Geo:   1532.40
   Std:   2850.97
   Log2 Dist:
       8:        2      517     2456     1588
      12:      925      976      352       15
      16:        1

Total Statistics (680468 events)
   Min:       154
   Max:     69269
   Avg:      2417
   Geo:   1485.42
   Std:   2816.17
   Log2 Dist:
       8:      742    55969   248125   158662
      12:    90807    92852    31764     1443
      16:      102        2

cmd_get: 673690
cmd_set: 6833
get_misses: 0
written_bytes: 15913112
read_bytes: 111204596
object_bytes: 983952

Run time: 30.1s Ops: 680523 TPS: 22594 Net_rate: 4.0M/s
