servers : 10.0.0.8:11212
threads count: 55
concurrency: 55
run time: 30s
windows size: 10k
set proportion: set_prop=0.01
get proportion: get_prop=0.99
[1;1H[2J
Get Statistics
Type     Time(s)  Ops          TPS(ops/s)   Net(M/s)   Get_miss   Min(us)  Max(us)    Avg(us)    Std_dev    Geo_dist  
Period   30       696125       23204        3.2        0          160      60635      2342       2636.93    1465.93
Global   30       696125       23204        3.2        0          160      60635      2342       2636.93    1465.93

Set Statistics
Type     Time(s)  Ops          TPS(ops/s)   Net(M/s)   Get_miss   Min(us)  Max(us)    Avg(us)    Std_dev    Geo_dist  
Period   30       7061         235          0.0        0          193      27442      2354       2639.01    1477.86
Global   30       7061         235          0.0        0          193      27442      2354       2639.01    1477.86

Total Statistics
Type     Time(s)  Ops          TPS(ops/s)   Net(M/s)   Get_miss   Min(us)  Max(us)    Avg(us)    Std_dev    Geo_dist  
Period   30       703186       23439        3.2        0          160      60635      2342       2637.06    1466.05
Global   30       703186       23439        3.2        0          160      60635      2342       2637.06    1466.05

Get Statistics (696180 events)
   Min:       160
   Max:     60635
   Avg:      2343
   Geo:   1466.12
   Std:   2636.86
   Log2 Dist:
       8:      749    56121   256264   165792
      12:    91096    98411    26870      824
      16:       53

Set Statistics (7061 events)
   Min:       193
   Max:     27442
   Avg:      2354
   Geo:   1477.86
   Std:   2639.01
   Log2 Dist:
       8:        6      527     2616     1691
      12:      946      997      268       10

Total Statistics (703241 events)
   Min:       160
   Max:     60635
   Avg:      2343
   Geo:   1466.24
   Std:   2636.98
   Log2 Dist:
       8:      755    56648   258880   167483
      12:    92042    99408    27138      834
      16:       53

cmd_get: 696235
cmd_set: 7061
get_misses: 0
written_bytes: 16445720
read_bytes: 114926188
object_bytes: 1016784

Run time: 30.1s Ops: 703296 TPS: 23333 Net_rate: 4.2M/s
