servers : 10.0.0.8:11212
threads count: 59
concurrency: 59
run time: 30s
windows size: 10k
set proportion: set_prop=0.01
get proportion: get_prop=0.99
[1;1H[2J
Get Statistics
Type     Time(s)  Ops          TPS(ops/s)   Net(M/s)   Get_miss   Min(us)  Max(us)    Avg(us)    Std_dev    Geo_dist  
Period   30       683550       22785        3.1        0          136      120608     2552       3167.67    1531.30
Global   30       683550       22785        3.1        0          136      120608     2552       3167.67    1531.28

Set Statistics
Type     Time(s)  Ops          TPS(ops/s)   Net(M/s)   Get_miss   Min(us)  Max(us)    Avg(us)    Std_dev    Geo_dist  
Period   30       6932         231          0.0        0          187      48695      2607       3128.41    1566.50
Global   30       6932         231          0.0        0          187      48695      2607       3128.41    1566.50

Total Statistics
Type     Time(s)  Ops          TPS(ops/s)   Net(M/s)   Get_miss   Min(us)  Max(us)    Avg(us)    Std_dev    Geo_dist  
Period   30       690486       23016        3.2        0          136      120608     2553       3166.90    1531.62
Global   30       690486       23016        3.2        0          136      120608     2553       3166.90    1531.62

Get Statistics (683613 events)
   Min:       136
   Max:    120608
   Avg:      2552
   Geo:   1531.28
   Std:   3167.82
   Log2 Dist:
       8:      950    58972   238395   156141
      12:    92773   100283    33005     2685
      16:      371       38

Set Statistics (6933 events)
   Min:       187
   Max:     48695
   Avg:      2607
   Geo:   1566.19
   Std:   3128.03
   Log2 Dist:
       8:        8      561     2373     1618
      12:      927     1063      359       20
      16:        4

Total Statistics (690546 events)
   Min:       136
   Max:    120608
   Avg:      2553
   Geo:   1531.63
   Std:   3167.06
   Log2 Dist:
       8:      958    59533   240768   157759
      12:    93700   101346    33364     2705
      16:      375       38

cmd_get: 683672
cmd_set: 6933
get_misses: 0
written_bytes: 16148766
read_bytes: 112851609
object_bytes: 998352

Run time: 30.2s Ops: 690605 TPS: 22885 Net_rate: 4.1M/s
