servers : 10.0.0.8:11212
threads count: 59
concurrency: 59
run time: 30s
windows size: 10k
set proportion: set_prop=0.01
get proportion: get_prop=0.99
[1;1H[2J
Get Statistics
Type     Time(s)  Ops          TPS(ops/s)   Net(M/s)   Get_miss   Min(us)  Max(us)    Avg(us)    Std_dev    Geo_dist  
Period   30       716298       23876        3.3        0          144      75095      2445       2762.69    1515.25
Global   30       716298       23876        3.3        0          144      75095      2445       2762.69    1515.24

Set Statistics
Type     Time(s)  Ops          TPS(ops/s)   Net(M/s)   Get_miss   Min(us)  Max(us)    Avg(us)    Std_dev    Geo_dist  
Period   30       7267         242          0.0        0          221      32319      2436       2706.34    1528.20
Global   30       7267         242          0.0        0          221      32319      2436       2706.34    1528.20

Total Statistics
Type     Time(s)  Ops          TPS(ops/s)   Net(M/s)   Get_miss   Min(us)  Max(us)    Avg(us)    Std_dev    Geo_dist  
Period   30       723568       24118        3.3        0          144      75095      2445       2762.04    1515.36
Global   30       723568       24118        3.3        0          144      75095      2445       2762.04    1515.36

Get Statistics (716359 events)
   Min:       144
   Max:     75095
   Avg:      2445
   Geo:   1515.36
   Std:   2763.22
   Log2 Dist:
       8:      742    57321   253910   169914
      12:    96191   105446    31472     1278
      16:       84        1

Set Statistics (7268 events)
   Min:       221
   Max:     32319
   Avg:      2437
   Geo:   1528.53
   Std:   2706.44
   Log2 Dist:
       8:        7      571     2525     1737
      12:     1065     1066      281       16

Total Statistics (723627 events)
   Min:       144
   Max:     75095
   Avg:      2445
   Geo:   1515.49
   Std:   2762.58
   Log2 Dist:
       8:      749    57892   256435   171651
      12:    97256   106512    31753     1294
      16:       84        1

cmd_get: 716418
cmd_set: 7268
get_misses: 0
written_bytes: 16922778
read_bytes: 118257379
object_bytes: 1046592

Run time: 30.3s Ops: 723686 TPS: 23918 Net_rate: 4.3M/s
