servers : 10.0.0.8:11212
threads count: 57
concurrency: 57
run time: 30s
windows size: 10k
set proportion: set_prop=0.01
get proportion: get_prop=0.99
[1;1H[2J
Get Statistics
Type     Time(s)  Ops          TPS(ops/s)   Net(M/s)   Get_miss   Min(us)  Max(us)    Avg(us)    Std_dev    Geo_dist  
Period   30       710810       23693        3.3        0          128      37526      2375       2594.44    1475.75
Global   30       710810       23693        3.3        0          128      37526      2375       2594.44    1475.75

Set Statistics
Type     Time(s)  Ops          TPS(ops/s)   Net(M/s)   Get_miss   Min(us)  Max(us)    Avg(us)    Std_dev    Geo_dist  
Period   30       7209         240          0.0        0          209      22171      2384       2550.10    1500.51
Global   30       7209         240          0.0        0          209      22171      2384       2550.10    1500.51

Total Statistics
Type     Time(s)  Ops          TPS(ops/s)   Net(M/s)   Get_miss   Min(us)  Max(us)    Avg(us)    Std_dev    Geo_dist  
Period   30       718021       23934        3.3        0          128      37526      2375       2594.08    1476.01
Global   30       718021       23934        3.3        0          128      37526      2375       2594.08    1476.00

Get Statistics (710870 events)
   Min:       128
   Max:     37526
   Avg:      2375
   Geo:   1475.73
   Std:   2594.28
   Log2 Dist:
       4:        0        0        0        1
       8:     1153    63702   254516   163810
      12:    88646   113128    25453      459
      16:        2

Set Statistics (7209 events)
   Min:       209
   Max:     22171
   Avg:      2384
   Geo:   1500.51
   Std:   2550.10
   Log2 Dist:
       8:       11      611     2521     1685
      12:      974     1175      226        6

Total Statistics (718079 events)
   Min:       128
   Max:     37526
   Avg:      2375
   Geo:   1475.98
   Std:   2593.92
   Log2 Dist:
       4:        0        0        0        1
       8:     1164    64313   257037   165495
      12:    89620   114303    25679      465
      16:        2

cmd_get: 710926
cmd_set: 7210
get_misses: 0
written_bytes: 16792580
read_bytes: 117351222
object_bytes: 1038240

Run time: 30.1s Ops: 718136 TPS: 23830 Net_rate: 4.2M/s
