servers : 10.0.0.8:11212
threads count: 57
concurrency: 57
run time: 30s
windows size: 10k
set proportion: set_prop=0.01
get proportion: get_prop=0.99
[1;1H[2J
Get Statistics
Type     Time(s)  Ops          TPS(ops/s)   Net(M/s)   Get_miss   Min(us)  Max(us)    Avg(us)    Std_dev    Geo_dist  
Period   30       685535       22851        3.1        0          141      75653      2460       2867.49    1505.29
Global   30       685535       22851        3.1        0          141      75653      2460       2867.49    1505.29

Set Statistics
Type     Time(s)  Ops          TPS(ops/s)   Net(M/s)   Get_miss   Min(us)  Max(us)    Avg(us)    Std_dev    Geo_dist  
Period   30       6953         231          0.0        0          164      38133      2575       2974.90    1568.48
Global   30       6953         231          0.0        0          164      38133      2575       2974.90    1568.48

Total Statistics
Type     Time(s)  Ops          TPS(ops/s)   Net(M/s)   Get_miss   Min(us)  Max(us)    Avg(us)    Std_dev    Geo_dist  
Period   30       692488       23082        3.2        0          141      75653      2461       2868.74    1505.91
Global   30       692488       23082        3.2        0          141      75653      2461       2868.74    1505.91

Get Statistics (685592 events)
   Min:       141
   Max:     75653
   Avg:      2460
   Geo:   1505.47
   Std:   2868.18
   Log2 Dist:
       8:      909    61324   237906   159215
      12:    94066    99566    30474     1983
      16:      147        2

Set Statistics (6953 events)
   Min:       164
   Max:     38133
   Avg:      2575
   Geo:   1568.48
   Std:   2974.90
   Log2 Dist:
       8:        8      544     2401     1624
      12:      936     1068      345       25
      16:        2

Total Statistics (692545 events)
   Min:       141
   Max:     75653
   Avg:      2462
   Geo:   1506.09
   Std:   2868.57
   Log2 Dist:
       8:      917    61868   240307   160839
      12:    95002   100634    30819     2008
      16:      149        2

cmd_get: 685649
cmd_set: 6953
get_misses: 0
written_bytes: 16195504
read_bytes: 113178304
object_bytes: 1001232

Run time: 30.1s Ops: 692602 TPS: 22986 Net_rate: 4.1M/s
