servers : 10.0.0.8:11212
threads count: 63
concurrency: 63
run time: 30s
windows size: 10k
set proportion: set_prop=0.01
get proportion: get_prop=0.99
[1;1H[2J
Get Statistics
Type     Time(s)  Ops          TPS(ops/s)   Net(M/s)   Get_miss   Min(us)  Max(us)    Avg(us)    Std_dev    Geo_dist  
Period   30       695121       23170        3.2        0          152      132125     2682       3283.23    1597.26
Global   30       695121       23170        3.2        0          152      132125     2682       3283.22    1597.24

Set Statistics
Type     Time(s)  Ops          TPS(ops/s)   Net(M/s)   Get_miss   Min(us)  Max(us)    Avg(us)    Std_dev    Geo_dist  
Period   30       7055         235          0.0        0          213      64407      2732       3400.61    1628.29
Global   30       7055         235          0.0        0          213      64407      2732       3400.61    1628.29

Total Statistics
Type     Time(s)  Ops          TPS(ops/s)   Net(M/s)   Get_miss   Min(us)  Max(us)    Avg(us)    Std_dev    Geo_dist  
Period   30       702179       23405        3.2        0          152      132125     2683       3284.08    1597.55
Global   30       702179       23405        3.2        0          152      132125     2683       3284.08    1597.55

Get Statistics (695187 events)
   Min:       152
   Max:    132125
   Avg:      2683
   Geo:   1597.38
   Std:   3284.30
   Log2 Dist:
       8:      797    56257   237462   156336
      12:    93272   109082    38673     2831
      16:      422       54        1

Set Statistics (7055 events)
   Min:       213
   Max:     64407
   Avg:      2732
   Geo:   1628.29
   Std:   3400.61
   Log2 Dist:
       8:        3      549     2391     1575
      12:      975     1133      393       29
      16:        7

Total Statistics (702242 events)
   Min:       152
   Max:    132125
   Avg:      2683
   Geo:   1597.69
   Std:   3285.89
   Log2 Dist:
       8:      800    56806   239853   157911
      12:    94247   110215    39066     2860
      16:      429       54        1

cmd_get: 695249
cmd_set: 7056
get_misses: 0
written_bytes: 16422914
read_bytes: 114762295
object_bytes: 1016064

Run time: 30.1s Ops: 702305 TPS: 23314 Net_rate: 4.2M/s
