servers : 10.0.0.8:11212
threads count: 61
concurrency: 61
run time: 30s
windows size: 10k
set proportion: set_prop=0.01
get proportion: get_prop=0.99
[1;1H[2J
Get Statistics
Type     Time(s)  Ops          TPS(ops/s)   Net(M/s)   Get_miss   Min(us)  Max(us)    Avg(us)    Std_dev    Geo_dist  
Period   30       685804       22860        3.1        0          137      134520     2633       3444.56    1483.52
Global   30       685804       22860        3.1        0          137      134520     2633       3444.56    1483.52

Set Statistics
Type     Time(s)  Ops          TPS(ops/s)   Net(M/s)   Get_miss   Min(us)  Max(us)    Avg(us)    Std_dev    Geo_dist  
Period   30       6958         231          0.0        0          170      55513      2684       3496.16    1507.74
Global   30       6958         231          0.0        0          170      55513      2684       3496.16    1507.74

Total Statistics
Type     Time(s)  Ops          TPS(ops/s)   Net(M/s)   Get_miss   Min(us)  Max(us)    Avg(us)    Std_dev    Geo_dist  
Period   30       692762       23092        3.2        0          137      134520     2634       3444.71    1483.76
Global   30       692762       23092        3.2        0          137      134520     2634       3444.71    1483.76

Get Statistics (685865 events)
   Min:       137
   Max:    134520
   Avg:      2634
   Geo:   1483.74
   Std:   3444.43
   Log2 Dist:
       8:     3142    81636   238875   135007
      12:    70800   120108    31889     3823
      16:      517       59        9

Set Statistics (6958 events)
   Min:       170
   Max:     55513
   Avg:      2684
   Geo:   1507.74
   Std:   3496.16
   Log2 Dist:
       8:       30      817     2363     1422
      12:      710     1241      321       46
      16:        8

Total Statistics (692823 events)
   Min:       137
   Max:    134520
   Avg:      2634
   Geo:   1483.98
   Std:   3445.34
   Log2 Dist:
       8:     3172    82453   241238   136429
      12:    71510   121349    32210     3869
      16:      525       59        9

cmd_get: 685925
cmd_set: 6959
get_misses: 0
written_bytes: 16202310
read_bytes: 113223389
object_bytes: 1002096

Run time: 30.2s Ops: 692884 TPS: 22966 Net_rate: 4.1M/s
