servers : 10.0.0.8:11212
threads count: 61
concurrency: 61
run time: 30s
windows size: 10k
set proportion: set_prop=0.01
get proportion: get_prop=0.99
[1;1H[2J
Get Statistics
Type     Time(s)  Ops          TPS(ops/s)   Net(M/s)   Get_miss   Min(us)  Max(us)    Avg(us)    Std_dev    Geo_dist  
Period   30       710300       23676        3.3        0          140      70921      2539       2878.09    1557.27
Global   30       710300       23676        3.3        0          140      70921      2539       2878.09    1557.27

Set Statistics
Type     Time(s)  Ops          TPS(ops/s)   Net(M/s)   Get_miss   Min(us)  Max(us)    Avg(us)    Std_dev    Geo_dist  
Period   30       7205         240          0.0        0          198      30654      2571       2804.49    1592.06
Global   30       7205         240          0.0        0          198      30654      2571       2804.49    1592.06

Total Statistics
Type     Time(s)  Ops          TPS(ops/s)   Net(M/s)   Get_miss   Min(us)  Max(us)    Avg(us)    Std_dev    Geo_dist  
Period   30       717505       23916        3.3        0          140      70921      2540       2876.76    1557.61
Global   30       717505       23916        3.3        0          140      70921      2540       2876.76    1557.61

Get Statistics (710360 events)
   Min:       140
   Max:     70921
   Avg:      2540
   Geo:   1557.40
   Std:   2877.85
   Log2 Dist:
       8:     1214    55946   244488   169224
      12:    94390   109817    33484     1725
      16:       70        2

Set Statistics (7205 events)
   Min:       198
   Max:     30654
   Avg:      2571
   Geo:   1592.06
   Std:   2804.49
   Log2 Dist:
       8:       13      529     2463     1717
      12:      930     1213      325       15

Total Statistics (717565 events)
   Min:       140
   Max:     70921
   Avg:      2540
   Geo:   1557.75
   Std:   2877.39
   Log2 Dist:
       8:     1227    56475   246951   170941
      12:    95320   111030    33809     1740
      16:       70        2

cmd_get: 710419
cmd_set: 7207
get_misses: 0
written_bytes: 16780720
read_bytes: 117267040
object_bytes: 1037808

Run time: 30.1s Ops: 717626 TPS: 23826 Net_rate: 4.2M/s
