servers : 10.0.0.8:11212
threads count: 61
concurrency: 61
run time: 30s
windows size: 10k
set proportion: set_prop=0.01
get proportion: get_prop=0.99
[1;1H[2J
Get Statistics
Type     Time(s)  Ops          TPS(ops/s)   Net(M/s)   Get_miss   Min(us)  Max(us)    Avg(us)    Std_dev    Geo_dist  
Period   30       708542       23618        3.2        0          150      56275      2540       2882.39    1531.52
Global   30       708542       23618        3.2        0          150      56275      2540       2882.39    1531.52

Set Statistics
Type     Time(s)  Ops          TPS(ops/s)   Net(M/s)   Get_miss   Min(us)  Max(us)    Avg(us)    Std_dev    Geo_dist  
Period   30       7187         239          0.0        0          202      27237      2604       2826.53    1589.19
Global   30       7187         239          0.0        0          202      27237      2604       2826.53    1589.19

Total Statistics
Type     Time(s)  Ops          TPS(ops/s)   Net(M/s)   Get_miss   Min(us)  Max(us)    Avg(us)    Std_dev    Geo_dist  
Period   30       715729       23857        3.3        0          150      56275      2540       2882.40    1532.09
Global   30       715729       23857        3.3        0          150      56275      2540       2882.40    1532.09

Get Statistics (708603 events)
   Min:       150
   Max:     56275
   Avg:      2540
   Geo:   1531.61
   Std:   2883.22
   Log2 Dist:
       8:     1602    60213   254302   157971
      12:    81806   120206    30819     1544
      16:      140

Set Statistics (7187 events)
   Min:       202
   Max:     27237
   Avg:      2604
   Geo:   1589.19
   Std:   2826.53
   Log2 Dist:
       8:       16      527     2511     1678
      12:      818     1302      322       13

Total Statistics (715790 events)
   Min:       150
   Max:     56275
   Avg:      2541
   Geo:   1532.18
   Std:   2882.35
   Log2 Dist:
       8:     1618    60740   256813   159649
      12:    82624   121508    31141     1557
      16:      140

cmd_get: 708664
cmd_set: 7187
get_misses: 0
written_bytes: 16739186
read_bytes: 116976991
object_bytes: 1034928

Run time: 30.1s Ops: 715851 TPS: 23758 Net_rate: 4.2M/s
