servers : 10.0.0.8:11212
threads count: 63
concurrency: 63
run time: 30s
windows size: 10k
set proportion: set_prop=0.01
get proportion: get_prop=0.99
[1;1H[2J
Get Statistics
Type     Time(s)  Ops          TPS(ops/s)   Net(M/s)   Get_miss   Min(us)  Max(us)    Avg(us)    Std_dev    Geo_dist  
Period   30       698684       23289        3.2        0          161      85984      2676       3165.34    1609.36
Global   30       698684       23289        3.2        0          161      85984      2676       3165.34    1609.34

Set Statistics
Type     Time(s)  Ops          TPS(ops/s)   Net(M/s)   Get_miss   Min(us)  Max(us)    Avg(us)    Std_dev    Geo_dist  
Period   30       7088         236          0.0        0          214      40966      2787       3249.24    1665.94
Global   30       7088         236          0.0        0          214      40966      2787       3249.24    1665.94

Total Statistics
Type     Time(s)  Ops          TPS(ops/s)   Net(M/s)   Get_miss   Min(us)  Max(us)    Avg(us)    Std_dev    Geo_dist  
Period   30       705775       23525        3.2        0          161      85984      2677       3166.29    1609.90
Global   30       705775       23525        3.2        0          161      85984      2677       3166.29    1609.90

Get Statistics (698749 events)
   Min:       161
   Max:     85984
   Avg:      2677
   Geo:   1609.56
   Std:   3167.98
   Log2 Dist:
       8:      704    52353   238284   160894
      12:    96246   107957    39211     2754
      16:      337        9

Set Statistics (7088 events)
   Min:       214
   Max:     40966
   Avg:      2787
   Geo:   1665.94
   Std:   3249.24
   Log2 Dist:
       8:        5      458     2434     1602
      12:     1001     1089      456       41
      16:        2

Total Statistics (705837 events)
   Min:       161
   Max:     85984
   Avg:      2678
   Geo:   1610.12
   Std:   3168.91
   Log2 Dist:
       8:      709    52811   240718   162496
      12:    97247   109046    39667     2795
      16:      339        9

cmd_get: 698811
cmd_set: 7089
get_misses: 0
written_bytes: 16506558
read_bytes: 115350289
object_bytes: 1020816

Run time: 30.2s Ops: 705900 TPS: 23337 Net_rate: 4.2M/s
