servers : 10.0.0.8:11212
threads count: 61
concurrency: 61
run time: 30s
windows size: 10k
set proportion: set_prop=0.01
get proportion: get_prop=0.99
[1;1H[2J
Get Statistics
Type     Time(s)  Ops          TPS(ops/s)   Net(M/s)   Get_miss   Min(us)  Max(us)    Avg(us)    Std_dev    Geo_dist  
Period   30       704756       23491        3.2        0          144      67309      2556       3004.55    1485.38
Global   30       704756       23491        3.2        0          144      67309      2556       3004.54    1485.24

Set Statistics
Type     Time(s)  Ops          TPS(ops/s)   Net(M/s)   Get_miss   Min(us)  Max(us)    Avg(us)    Std_dev    Geo_dist  
Period   30       7152         238          0.0        0          177      36317      2618       3027.88    1523.45
Global   30       7152         238          0.0        0          177      36317      2618       3027.88    1523.45

Total Statistics
Type     Time(s)  Ops          TPS(ops/s)   Net(M/s)   Get_miss   Min(us)  Max(us)    Avg(us)    Std_dev    Geo_dist  
Period   30       711917       23730        3.3        0          144      67309      2556       3005.29    1485.63
Global   30       711917       23730        3.3        0          144      67309      2556       3005.29    1485.63

Get Statistics (704825 events)
   Min:       144
   Max:     67309
   Avg:      2556
   Geo:   1485.42
   Std:   3005.30
   Log2 Dist:
       8:     2990    82547   242750   139895
      12:    77044   125730    31272     2455
      16:      134        8

Set Statistics (7153 events)
   Min:       177
   Max:     36317
   Avg:      2619
   Geo:   1523.89
   Std:   3029.88
   Log2 Dist:
       8:       40      755     2462     1435
      12:      801     1286      340       33
      16:        1

Total Statistics (711978 events)
   Min:       144
   Max:     67309
   Avg:      2557
   Geo:   1485.80
   Std:   3005.24
   Log2 Dist:
       8:     3030    83302   245212   141330
      12:    77845   127016    31612     2488
      16:      135        8

cmd_get: 704886
cmd_set: 7153
get_misses: 0
written_bytes: 16650630
read_bytes: 116353349
object_bytes: 1030032

Run time: 30.2s Ops: 712039 TPS: 23612 Net_rate: 4.2M/s
