servers : 10.0.0.8:11212
threads count: 65
concurrency: 65
run time: 30s
windows size: 10k
set proportion: set_prop=0.01
get proportion: get_prop=0.99
[1;1H[2J
Get Statistics
Type     Time(s)  Ops          TPS(ops/s)   Net(M/s)   Get_miss   Min(us)  Max(us)    Avg(us)    Std_dev    Geo_dist  
Period   30       679548       22651        3.1        0          147      128487     2827       3539.16    1684.49
Global   30       679548       22651        3.1        0          147      128487     2827       3539.16    1684.49

Set Statistics
Type     Time(s)  Ops          TPS(ops/s)   Net(M/s)   Get_miss   Min(us)  Max(us)    Avg(us)    Std_dev    Geo_dist  
Period   30       6902         230          0.0        0          233      62658      2902       3609.06    1733.90
Global   30       6902         230          0.0        0          233      62658      2902       3609.06    1733.90

Total Statistics
Type     Time(s)  Ops          TPS(ops/s)   Net(M/s)   Get_miss   Min(us)  Max(us)    Avg(us)    Std_dev    Geo_dist  
Period   30       686450       22881        3.1        0          147      128487     2828       3539.68    1684.98
Global   30       686450       22881        3.1        0          147      128487     2828       3539.68    1684.98

Get Statistics (679613 events)
   Min:       147
   Max:    128487
   Avg:      2828
   Geo:   1684.75
   Std:   3539.16
   Log2 Dist:
       8:      726    48146   218666   158611
      12:   100257   107581    40785     4146
      16:      630       65

Set Statistics (6902 events)
   Min:       233
   Max:     62658
   Avg:      2902
   Geo:   1733.90
   Std:   3609.06
   Log2 Dist:
       8:        5      455     2149     1627
      12:     1098     1095      410       56
      16:        7

Total Statistics (686515 events)
   Min:       147
   Max:    128487
   Avg:      2828
   Geo:   1685.24
   Std:   3540.47
   Log2 Dist:
       8:      731    48601   220815   160238
      12:   101355   108676    41195     4202
      16:      637       65

cmd_get: 679678
cmd_set: 6902
get_misses: 0
written_bytes: 16055806
read_bytes: 112191361
object_bytes: 993888

Run time: 30.1s Ops: 686580 TPS: 22777 Net_rate: 4.1M/s
