servers : 10.0.0.8:11212
threads count: 61
concurrency: 61
run time: 30s
windows size: 10k
set proportion: set_prop=0.01
get proportion: get_prop=0.99
[1;1H[2J
Get Statistics
Type     Time(s)  Ops          TPS(ops/s)   Net(M/s)   Get_miss   Min(us)  Max(us)    Avg(us)    Std_dev    Geo_dist  
Period   30       711572       23719        3.3        0          147      56662      2535       2846.43    1559.46
Global   30       711572       23719        3.3        0          147      56662      2535       2846.43    1559.46

Set Statistics
Type     Time(s)  Ops          TPS(ops/s)   Net(M/s)   Get_miss   Min(us)  Max(us)    Avg(us)    Std_dev    Geo_dist  
Period   30       7217         240          0.0        0          194      33082      2583       2925.26    1580.59
Global   30       7217         240          0.0        0          194      33082      2583       2925.26    1580.59

Total Statistics
Type     Time(s)  Ops          TPS(ops/s)   Net(M/s)   Get_miss   Min(us)  Max(us)    Avg(us)    Std_dev    Geo_dist  
Period   30       718789       23959        3.3        0          147      56662      2535       2847.66    1559.67
Global   30       718789       23959        3.3        0          147      56662      2535       2847.66    1559.67

Get Statistics (711631 events)
   Min:       147
   Max:     56662
   Avg:      2535
   Geo:   1559.65
   Std:   2847.47
   Log2 Dist:
       8:      815    54431   246159   170103
      12:    94945   108559    34989     1561
      16:       69

Set Statistics (7219 events)
   Min:       194
   Max:     33082
   Avg:      2585
   Geo:   1581.41
   Std:   2929.01
   Log2 Dist:
       8:        6      507     2544     1686
      12:      969     1104      387       15
      16:        1

Total Statistics (718850 events)
   Min:       147
   Max:     56662
   Avg:      2536
   Geo:   1559.87
   Std:   2847.86
   Log2 Dist:
       8:      821    54938   248703   171789
      12:    95914   109663    35376     1576
      16:       70

cmd_get: 711692
cmd_set: 7219
get_misses: 0
written_bytes: 16810922
read_bytes: 117476867
object_bytes: 1039536

Run time: 30.1s Ops: 718911 TPS: 23865 Net_rate: 4.3M/s
