servers : 10.0.0.8:11212
threads count: 65
concurrency: 65
run time: 30s
windows size: 10k
set proportion: set_prop=0.01
get proportion: get_prop=0.99
[1;1H[2J
Get Statistics
Type     Time(s)  Ops          TPS(ops/s)   Net(M/s)   Get_miss   Min(us)  Max(us)    Avg(us)    Std_dev    Geo_dist  
Period   30       701378       23379        3.2        0          144      90182      2739       3332.68    1606.77
Global   30       701378       23379        3.2        0          144      90182      2739       3332.68    1606.77

Set Statistics
Type     Time(s)  Ops          TPS(ops/s)   Net(M/s)   Get_miss   Min(us)  Max(us)    Avg(us)    Std_dev    Geo_dist  
Period   30       7117         237          0.0        0          170      69974      2758       3466.80    1637.38
Global   30       7117         237          0.0        0          170      69974      2758       3466.80    1637.38

Total Statistics
Type     Time(s)  Ops          TPS(ops/s)   Net(M/s)   Get_miss   Min(us)  Max(us)    Avg(us)    Std_dev    Geo_dist  
Period   30       708495       23616        3.2        0          144      90182      2740       3333.38    1607.08
Global   30       708495       23616        3.2        0          144      90182      2740       3333.38    1607.08

Get Statistics (701443 events)
   Min:       144
   Max:     90182
   Avg:      2740
   Geo:   1606.83
   Std:   3331.84
   Log2 Dist:
       8:     1334    61694   232431   155292
      12:    95720   108798    42059     3687
      16:      415       13

Set Statistics (7118 events)
   Min:       170
   Max:     69974
   Avg:      2759
   Geo:   1637.61
   Std:   3466.01
   Log2 Dist:
       8:       11      550     2324     1691
      12:      979     1118      403       35
      16:        6        1

Total Statistics (708561 events)
   Min:       144
   Max:     90182
   Avg:      2740
   Geo:   1607.14
   Std:   3333.37
   Log2 Dist:
       8:     1345    62244   234755   156983
      12:    96699   109916    42462     3722
      16:      421       14

cmd_get: 701508
cmd_set: 7118
get_misses: 0
written_bytes: 16570626
read_bytes: 115795039
object_bytes: 1024992

Run time: 30.1s Ops: 708626 TPS: 23529 Net_rate: 4.2M/s
