servers : 10.0.0.8:11212
threads count: 63
concurrency: 63
run time: 30s
windows size: 10k
set proportion: set_prop=0.01
get proportion: get_prop=0.99
[1;1H[2J
Get Statistics
Type     Time(s)  Ops          TPS(ops/s)   Net(M/s)   Get_miss   Min(us)  Max(us)    Avg(us)    Std_dev    Geo_dist  
Period   30       727137       24237        3.3        0          152      43459      2573       2837.21    1581.08
Global   30       727137       24237        3.3        0          152      43459      2573       2837.21    1581.08

Set Statistics
Type     Time(s)  Ops          TPS(ops/s)   Net(M/s)   Get_miss   Min(us)  Max(us)    Avg(us)    Std_dev    Geo_dist  
Period   30       7380         246          0.0        0          205      31447      2633       2854.23    1625.85
Global   30       7380         246          0.0        0          205      31447      2633       2854.23    1625.85

Total Statistics
Type     Time(s)  Ops          TPS(ops/s)   Net(M/s)   Get_miss   Min(us)  Max(us)    Avg(us)    Std_dev    Geo_dist  
Period   30       734517       24483        3.4        0          152      43459      2574       2837.03    1581.53
Global   30       734517       24483        3.4        0          152      43459      2574       2837.03    1581.53

Get Statistics (727200 events)
   Min:       152
   Max:     43459
   Avg:      2574
   Geo:   1581.35
   Std:   2837.94
   Log2 Dist:
       8:      809    54315   253125   168501
      12:    96343   116563    36318     1187
      16:       39

Set Statistics (7380 events)
   Min:       205
   Max:     31447
   Avg:      2633
   Geo:   1625.85
   Std:   2854.23
   Log2 Dist:
       8:        8      516     2505     1723
      12:     1039     1168      414        7

Total Statistics (734580 events)
   Min:       152
   Max:     43459
   Avg:      2574
   Geo:   1581.79
   Std:   2838.65
   Log2 Dist:
       8:      817    54831   255630   170224
      12:    97382   117731    36732     1194
      16:       39

cmd_get: 727262
cmd_set: 7381
get_misses: 0
written_bytes: 17179200
read_bytes: 120047040
object_bytes: 1062864

Run time: 30.3s Ops: 734643 TPS: 24280 Net_rate: 4.3M/s
