servers : 10.0.0.8:11212
threads count: 7
concurrency: 7
run time: 30s
windows size: 10k
set proportion: set_prop=0.01
get proportion: get_prop=0.99
[1;1H[2J
Get Statistics
Type     Time(s)  Ops          TPS(ops/s)   Net(M/s)   Get_miss   Min(us)  Max(us)    Avg(us)    Std_dev    Geo_dist  
Period   30       296698       9889         1.4        0          122      11766      701        511.41     597.85
Global   30       296698       9889         1.4        0          122      11766      701        511.41     597.85

Set Statistics
Type     Time(s)  Ops          TPS(ops/s)   Net(M/s)   Get_miss   Min(us)  Max(us)    Avg(us)    Std_dev    Geo_dist  
Period   30       3000         100          0.0        0          173      4829       699        477.86     601.67
Global   30       3000         100          0.0        0          173      4829       699        477.86     601.67

Total Statistics
Type     Time(s)  Ops          TPS(ops/s)   Net(M/s)   Get_miss   Min(us)  Max(us)    Avg(us)    Std_dev    Geo_dist  
Period   30       299698       9989         1.4        0          122      11766      701        511.06     597.89
Global   30       299698       9989         1.4        0          122      11766      701        511.06     597.89

Get Statistics (296705 events)
   Min:       122
   Max:     11766
   Avg:       701
   Geo:    597.87
   Std:    511.50
   Log2 Dist:
       4:        0        0        0        1
       8:     7277   122030   124177    35095
      12:     7407      704       14

Set Statistics (3000 events)
   Min:       173
   Max:      4829
   Avg:       699
   Geo:    601.67
   Std:    477.86
   Log2 Dist:
       8:       69     1219     1265      374
      12:       66        7

Total Statistics (299705 events)
   Min:       122
   Max:     11766
   Avg:       701
   Geo:    597.91
   Std:    511.14
   Log2 Dist:
       4:        0        0        0        1
       8:     7346   123249   125442    35469
      12:     7473      711       14

cmd_get: 296712
cmd_set: 3000
get_misses: 0
written_bytes: 7007510
read_bytes: 48980325
object_bytes: 432000

Run time: 30.1s Ops: 299712 TPS: 9950 Net_rate: 1.8M/s
