servers : 10.0.0.8:11212
threads count: 7
concurrency: 7
run time: 30s
windows size: 10k
set proportion: set_prop=0.01
get proportion: get_prop=0.99
[1;1H[2J
Get Statistics
Type     Time(s)  Ops          TPS(ops/s)   Net(M/s)   Get_miss   Min(us)  Max(us)    Avg(us)    Std_dev    Geo_dist  
Period   30       290061       9668         1.3        0          122      8922       717        510.14     615.21
Global   30       290061       9668         1.3        0          122      8922       717        510.14     615.21

Set Statistics
Type     Time(s)  Ops          TPS(ops/s)   Net(M/s)   Get_miss   Min(us)  Max(us)    Avg(us)    Std_dev    Geo_dist  
Period   30       2932         97           0.0        0          169      7380       722        527.01     617.99
Global   30       2932         97           0.0        0          169      7380       722        527.01     617.99

Total Statistics
Type     Time(s)  Ops          TPS(ops/s)   Net(M/s)   Get_miss   Min(us)  Max(us)    Avg(us)    Std_dev    Geo_dist  
Period   30       292995       9766         1.3        0          122      8922       717        510.38     615.24
Global   30       292995       9766         1.3        0          122      8922       717        510.38     615.24

Get Statistics (290070 events)
   Min:       122
   Max:      8922
   Avg:       717
   Geo:    615.21
   Std:    510.16
   Log2 Dist:
       4:        0        0        0        2
       8:     5834   110892   129280    36281
      12:     7067      700       14

Set Statistics (2932 events)
   Min:       169
   Max:      7380
   Avg:       722
   Geo:    617.99
   Std:    527.01
   Log2 Dist:
       8:       57     1111     1342      335
      12:       80        7

Total Statistics (293002 events)
   Min:       122
   Max:      8922
   Avg:       717
   Geo:    615.24
   Std:    510.40
   Log2 Dist:
       4:        0        0        0        2
       8:     5891   112003   130622    36616
      12:     7147      707       14

cmd_get: 290077
cmd_set: 2932
get_misses: 0
written_bytes: 6850660
read_bytes: 47885006
object_bytes: 422208

Run time: 30.1s Ops: 293009 TPS: 9729 Net_rate: 1.7M/s
