servers : 10.0.0.8:11212
threads count: 7
concurrency: 7
run time: 30s
windows size: 10k
set proportion: set_prop=0.01
get proportion: get_prop=0.99
[1;1H[2J
Get Statistics
Type     Time(s)  Ops          TPS(ops/s)   Net(M/s)   Get_miss   Min(us)  Max(us)    Avg(us)    Std_dev    Geo_dist  
Period   30       294526       9817         1.3        0          117      9412       707        487.69     608.96
Global   30       294526       9817         1.3        0          117      9412       707        487.69     608.94

Set Statistics
Type     Time(s)  Ops          TPS(ops/s)   Net(M/s)   Get_miss   Min(us)  Max(us)    Avg(us)    Std_dev    Geo_dist  
Period   30       2978         99           0.0        0          180      6672       722        512.82     618.80
Global   30       2978         99           0.0        0          180      6672       722        512.82     618.80

Total Statistics
Type     Time(s)  Ops          TPS(ops/s)   Net(M/s)   Get_miss   Min(us)  Max(us)    Avg(us)    Std_dev    Geo_dist  
Period   30       297506       9916         1.4        0          117      9412       707        488.16     609.04
Global   30       297506       9916         1.4        0          117      9412       707        488.16     609.04

Get Statistics (294535 events)
   Min:       117
   Max:      9412
   Avg:       707
   Geo:    608.95
   Std:    487.68
   Log2 Dist:
       4:        0        0        0        1
       8:     6257   115059   129359    36622
      12:     6740      473       24

Set Statistics (2978 events)
   Min:       180
   Max:      6672
   Avg:       722
   Geo:    618.80
   Std:    512.82
   Log2 Dist:
       8:       55     1146     1324      375
      12:       72        6

Total Statistics (297513 events)
   Min:       117
   Max:      9412
   Avg:       707
   Geo:    609.04
   Std:    488.16
   Log2 Dist:
       4:        0        0        0        1
       8:     6312   116205   130683    36997
      12:     6812      479       24

cmd_get: 294542
cmd_set: 2978
get_misses: 0
written_bytes: 6956250
read_bytes: 48622099
object_bytes: 428832

Run time: 30.2s Ops: 297520 TPS: 9867 Net_rate: 1.8M/s
