servers : 10.0.0.8:11212
threads count: 9
concurrency: 9
run time: 30s
windows size: 10k
set proportion: set_prop=0.01
get proportion: get_prop=0.99
[1;1H[2J
Get Statistics
Type     Time(s)  Ops          TPS(ops/s)   Net(M/s)   Get_miss   Min(us)  Max(us)    Avg(us)    Std_dev    Geo_dist  
Period   30       355601       11853        1.6        0          121      8876       752        518.35     645.83
Global   30       355601       11853        1.6        0          121      8876       752        518.35     645.83

Set Statistics
Type     Time(s)  Ops          TPS(ops/s)   Net(M/s)   Get_miss   Min(us)  Max(us)    Avg(us)    Std_dev    Geo_dist  
Period   30       3595         119          0.0        0          200      8790       767        555.84     656.22
Global   30       3595         119          0.0        0          200      8790       767        555.84     656.22

Total Statistics
Type     Time(s)  Ops          TPS(ops/s)   Net(M/s)   Get_miss   Min(us)  Max(us)    Avg(us)    Std_dev    Geo_dist  
Period   30       359196       11973        1.6        0          121      8876       752        518.96     645.93
Global   30       359196       11973        1.6        0          121      8876       752        518.96     645.93

Get Statistics (355610 events)
   Min:       121
   Max:      8876
   Avg:       752
   Geo:    645.83
   Std:    518.34
   Log2 Dist:
       4:        0        0        0        1
       8:     5821   121064   166647    51443
      12:     9883      733       18

Set Statistics (3595 events)
   Min:       200
   Max:      8790
   Avg:       767
   Geo:    656.22
   Std:    555.84
   Log2 Dist:
       8:       48     1174     1743      514
      12:      106        9        1

Total Statistics (359205 events)
   Min:       121
   Max:      8876
   Avg:       752
   Geo:    645.94
   Std:    518.95
   Log2 Dist:
       4:        0        0        0        1
       8:     5869   122238   168390    51957
      12:     9989      742       19

cmd_get: 355619
cmd_set: 3595
get_misses: 0
written_bytes: 8398620
read_bytes: 58704410
object_bytes: 517680

Run time: 30.1s Ops: 359214 TPS: 11927 Net_rate: 2.1M/s
