servers : 10.0.0.8:11212
threads count: 9
concurrency: 9
run time: 30s
windows size: 10k
set proportion: set_prop=0.01
get proportion: get_prop=0.99
[1;1H[2J
Get Statistics
Type     Time(s)  Ops          TPS(ops/s)   Net(M/s)   Get_miss   Min(us)  Max(us)    Avg(us)    Std_dev    Geo_dist  
Period   30       343478       11449        1.6        0          110      12225      779        565.99     662.21
Global   30       343478       11449        1.6        0          110      12225      779        565.99     662.21

Set Statistics
Type     Time(s)  Ops          TPS(ops/s)   Net(M/s)   Get_miss   Min(us)  Max(us)    Avg(us)    Std_dev    Geo_dist  
Period   30       3474         115          0.0        0          146      12173      798        660.45     672.67
Global   30       3474         115          0.0        0          146      12173      798        660.45     672.67

Total Statistics
Type     Time(s)  Ops          TPS(ops/s)   Net(M/s)   Get_miss   Min(us)  Max(us)    Avg(us)    Std_dev    Geo_dist  
Period   30       346952       11565        1.6        0          110      12225      779        567.28     662.32
Global   30       346952       11565        1.6        0          110      12225      779        567.28     662.32

Get Statistics (343487 events)
   Min:       110
   Max:     12225
   Avg:       779
   Geo:    662.22
   Std:    565.99
   Log2 Dist:
       4:        0        0        0        2
       8:     5417   112667   160574    52782
      12:    10853     1157       35

Set Statistics (3474 events)
   Min:       146
   Max:     12173
   Avg:       798
   Geo:    672.67
   Std:    660.45
   Log2 Dist:
       8:       54     1068     1675      562
      12:       94       19        2

Total Statistics (346961 events)
   Min:       110
   Max:     12225
   Avg:       779
   Geo:    662.32
   Std:    567.28
   Log2 Dist:
       4:        0        0        0        2
       8:     5471   113735   162249    53344
      12:    10947     1176       37

cmd_get: 343496
cmd_set: 3474
get_misses: 0
written_bytes: 8112554
read_bytes: 56703147
object_bytes: 500256

Run time: 30.1s Ops: 346970 TPS: 11512 Net_rate: 2.1M/s
