servers : 10.0.0.8:11212
threads count: 9
concurrency: 9
run time: 30s
windows size: 10k
set proportion: set_prop=0.01
get proportion: get_prop=0.99
[1;1H[2J
Get Statistics
Type     Time(s)  Ops          TPS(ops/s)   Net(M/s)   Get_miss   Min(us)  Max(us)    Avg(us)    Std_dev    Geo_dist  
Period   30       350999       11699        1.6        0          119      12638      765        546.18     653.28
Global   30       350999       11699        1.6        0          119      12638      765        546.18     653.28

Set Statistics
Type     Time(s)  Ops          TPS(ops/s)   Net(M/s)   Get_miss   Min(us)  Max(us)    Avg(us)    Std_dev    Geo_dist  
Period   30       3550         118          0.0        0          183      5400       768        518.36     662.73
Global   30       3550         118          0.0        0          183      5400       768        518.36     662.73

Total Statistics
Type     Time(s)  Ops          TPS(ops/s)   Net(M/s)   Get_miss   Min(us)  Max(us)    Avg(us)    Std_dev    Geo_dist  
Period   30       354549       11818        1.6        0          119      12638      765        545.95     653.38
Global   30       354549       11818        1.6        0          119      12638      765        545.95     653.38

Get Statistics (351008 events)
   Min:       119
   Max:     12638
   Avg:       765
   Geo:    653.29
   Std:    546.18
   Log2 Dist:
       4:        0        0        0        1
       8:     6958   114386   166162    52484
      12:     9982      985       50

Set Statistics (3550 events)
   Min:       183
   Max:      5400
   Avg:       768
   Geo:    662.73
   Std:    518.36
   Log2 Dist:
       8:       50     1114     1738      541
      12:       98        9

Total Statistics (354558 events)
   Min:       119
   Max:     12638
   Avg:       765
   Geo:    653.38
   Std:    545.95
   Log2 Dist:
       4:        0        0        0        1
       8:     7008   115500   167900    53025
      12:    10080      994       50

cmd_get: 351017
cmd_set: 3550
get_misses: 0
written_bytes: 8290176
read_bytes: 57944720
object_bytes: 511200

Run time: 30.2s Ops: 354567 TPS: 11723 Net_rate: 2.1M/s
