servers : 10.0.0.8:11212
threads count: 9
concurrency: 9
run time: 30s
windows size: 10k
set proportion: set_prop=0.01
get proportion: get_prop=0.99
[1;1H[2J
Get Statistics
Type     Time(s)  Ops          TPS(ops/s)   Net(M/s)   Get_miss   Min(us)  Max(us)    Avg(us)    Std_dev    Geo_dist  
Period   30       348456       11615        1.6        0          129      10680      768        536.97     657.61
Global   30       348456       11615        1.6        0          129      10680      768        536.97     657.61

Set Statistics
Type     Time(s)  Ops          TPS(ops/s)   Net(M/s)   Get_miss   Min(us)  Max(us)    Avg(us)    Std_dev    Geo_dist  
Period   30       3523         117          0.0        0          160      6099       773        545.90     663.03
Global   30       3523         117          0.0        0          160      6099       773        545.90     663.03

Total Statistics
Type     Time(s)  Ops          TPS(ops/s)   Net(M/s)   Get_miss   Min(us)  Max(us)    Avg(us)    Std_dev    Geo_dist  
Period   30       351979       11732        1.6        0          129      10680      768        537.13     657.66
Global   30       351979       11732        1.6        0          129      10680      768        537.13     657.66

Get Statistics (348465 events)
   Min:       129
   Max:     10680
   Avg:       768
   Geo:    657.64
   Std:    537.17
   Log2 Dist:
       8:     5560   114357   163624    53924
      12:    10035      937       28

Set Statistics (3523 events)
   Min:       160
   Max:      6099
   Avg:       773
   Geo:    663.03
   Std:    545.90
   Log2 Dist:
       8:       40     1154     1694      509
      12:      111       15

Total Statistics (351988 events)
   Min:       129
   Max:     10680
   Avg:       768
   Geo:    657.69
   Std:    537.33
   Log2 Dist:
       8:     5600   115511   165318    54433
      12:    10146      952       28

cmd_get: 348474
cmd_set: 3523
get_misses: 0
written_bytes: 8229910
read_bytes: 57524909
object_bytes: 507312

Run time: 30.1s Ops: 351997 TPS: 11678 Net_rate: 2.1M/s
