servers : 10.0.0.8:11212
threads count: 64
concurrency: 64
run time: 30s
windows size: 10k
set proportion: set_prop=0.01
get proportion: get_prop=0.99
[1;1H[2J
Get Statistics
Type     Time(s)  Ops          TPS(ops/s)   Net(M/s)   Get_miss   Min(us)  Max(us)    Avg(us)    Std_dev    Geo_dist  
Period   30       626482       20882        2.9        0          150      86483      3027       3394.07    1789.75
Global   30       626482       20882        2.9        0          150      86483      3027       3394.07    1789.75

Set Statistics
Type     Time(s)  Ops          TPS(ops/s)   Net(M/s)   Get_miss   Min(us)  Max(us)    Avg(us)    Std_dev    Geo_dist  
Period   30       6360         212          0.0        0          195      43806      3136       3307.74    1872.18
Global   30       6360         212          0.0        0          195      43806      3136       3307.74    1872.18

Total Statistics
Type     Time(s)  Ops          TPS(ops/s)   Net(M/s)   Get_miss   Min(us)  Max(us)    Avg(us)    Std_dev    Geo_dist  
Period   30       632842       21094        2.9        0          150      86483      3028       3393.32    1790.56
Global   30       632842       21094        2.9        0          150      86483      3028       3393.32    1790.56

Get Statistics (626546 events)
   Min:       150
   Max:     86483
   Avg:      3028
   Geo:   1790.04
   Std:   3394.05
   Log2 Dist:
       8:      513    37861   209381   136678
      12:    72267   120089    47906     1672
      16:       58      121

Set Statistics (6360 events)
   Min:       195
   Max:     43806
   Avg:      3136
   Geo:   1872.18
   Std:   3307.74
   Log2 Dist:
       8:        3      345     2042     1409
      12:      723     1288      533       16
      16:        1

Total Statistics (632906 events)
   Min:       150
   Max:     86483
   Avg:      3029
   Geo:   1790.84
   Std:   3393.28
   Log2 Dist:
       8:      516    38206   211423   138087
      12:    72990   121377    48439     1688
      16:       59      121

cmd_get: 626610
cmd_set: 6360
get_misses: 0
written_bytes: 14801612
read_bytes: 103430970
object_bytes: 915840

Run time: 30.1s Ops: 632970 TPS: 21009 Net_rate: 3.7M/s
