servers : 10.0.0.8:11212
threads count: 64
concurrency: 64
run time: 30s
windows size: 10k
set proportion: set_prop=0.01
get proportion: get_prop=0.99
[1;1H[2J
Get Statistics
Type     Time(s)  Ops          TPS(ops/s)   Net(M/s)   Get_miss   Min(us)  Max(us)    Avg(us)    Std_dev    Geo_dist  
Period   30       675652       22521        3.1        0          154      84422      2808       3230.40    1641.85
Global   30       675652       22521        3.1        0          154      84422      2808       3230.40    1641.85

Set Statistics
Type     Time(s)  Ops          TPS(ops/s)   Net(M/s)   Get_miss   Min(us)  Max(us)    Avg(us)    Std_dev    Geo_dist  
Period   30       6858         228          0.0        0          186      33567      2831       3184.46    1670.33
Global   30       6858         228          0.0        0          186      33567      2831       3184.46    1670.33

Total Statistics
Type     Time(s)  Ops          TPS(ops/s)   Net(M/s)   Get_miss   Min(us)  Max(us)    Avg(us)    Std_dev    Geo_dist  
Period   30       682510       22750        3.1        0          154      84422      2808       3230.14    1642.14
Global   30       682510       22750        3.1        0          154      84422      2808       3230.14    1642.14

Get Statistics (675715 events)
   Min:       154
   Max:     84422
   Avg:      2808
   Geo:   1642.13
   Std:   3232.02
   Log2 Dist:
       8:      876    56619   232544   140233
      12:    80371   119353    43280     2215
      16:      211       13

Set Statistics (6859 events)
   Min:       186
   Max:     33567
   Avg:      2832
   Geo:   1670.77
   Std:   3185.48
   Log2 Dist:
       8:        5      540     2305     1490
      12:      792     1260      440       26
      16:        1

Total Statistics (682574 events)
   Min:       154
   Max:     84422
   Avg:      2809
   Geo:   1642.42
   Std:   3230.90
   Log2 Dist:
       8:      881    57159   234849   141723
      12:    81163   120613    43720     2241
      16:      212       13

cmd_get: 675779
cmd_set: 6859
get_misses: 0
written_bytes: 15963170
read_bytes: 111547847
object_bytes: 987696

Run time: 30.1s Ops: 682638 TPS: 22664 Net_rate: 4.0M/s
