servers : 10.0.0.8:11212
threads count: 64
concurrency: 64
run time: 30s
windows size: 10k
set proportion: set_prop=0.01
get proportion: get_prop=0.99
[1;1H[2J
Get Statistics
Type     Time(s)  Ops          TPS(ops/s)   Net(M/s)   Get_miss   Min(us)  Max(us)    Avg(us)    Std_dev    Geo_dist  
Period   30       674398       22479        3.1        0          154      70098      2818       3031.84    1686.68
Global   30       674398       22479        3.1        0          154      70098      2818       3031.84    1686.68

Set Statistics
Type     Time(s)  Ops          TPS(ops/s)   Net(M/s)   Get_miss   Min(us)  Max(us)    Avg(us)    Std_dev    Geo_dist  
Period   30       6844         228          0.0        0          209      70073      2848       3128.15    1719.71
Global   30       6844         228          0.0        0          209      70073      2848       3128.15    1719.71

Total Statistics
Type     Time(s)  Ops          TPS(ops/s)   Net(M/s)   Get_miss   Min(us)  Max(us)    Avg(us)    Std_dev    Geo_dist  
Period   30       681242       22708        3.1        0          154      70098      2818       3033.10    1687.01
Global   30       681242       22708        3.1        0          154      70098      2818       3033.10    1687.01

Get Statistics (674462 events)
   Min:       154
   Max:     70098
   Avg:      2818
   Geo:   1686.89
   Std:   3032.21
   Log2 Dist:
       8:      588    45705   234961   147837
      12:    74790   128435    40981     1088
      16:       73        4

Set Statistics (6844 events)
   Min:       209
   Max:     70073
   Avg:      2848
   Geo:   1719.71
   Std:   3128.15
   Log2 Dist:
       8:        5      428     2324     1551
      12:      766     1367      393        6
      16:        3        1

Total Statistics (681306 events)
   Min:       154
   Max:     70098
   Avg:      2818
   Geo:   1687.22
   Std:   3033.47
   Log2 Dist:
       8:      593    46133   237285   149388
      12:    75556   129802    41374     1094
      16:       76        5

cmd_get: 674526
cmd_set: 6844
get_misses: 0
written_bytes: 15933204
read_bytes: 111340982
object_bytes: 985536

Run time: 30.1s Ops: 681370 TPS: 22607 Net_rate: 4.0M/s
