servers : 10.0.0.8:11212
threads count: 64
concurrency: 64
run time: 30s
windows size: 10k
set proportion: set_prop=0.01
get proportion: get_prop=0.99
[1;1H[2J
Get Statistics
Type     Time(s)  Ops          TPS(ops/s)   Net(M/s)   Get_miss   Min(us)  Max(us)    Avg(us)    Std_dev    Geo_dist  
Period   30       641511       21383        2.9        0          157      92768      2960       3226.81    1761.88
Global   30       641511       21383        2.9        0          157      92768      2960       3226.81    1761.88

Set Statistics
Type     Time(s)  Ops          TPS(ops/s)   Net(M/s)   Get_miss   Min(us)  Max(us)    Avg(us)    Std_dev    Geo_dist  
Period   30       6514         217          0.0        0          228      43887      2926       3192.39    1761.81
Global   30       6514         217          0.0        0          228      43887      2926       3192.39    1761.81

Total Statistics
Type     Time(s)  Ops          TPS(ops/s)   Net(M/s)   Get_miss   Min(us)  Max(us)    Avg(us)    Std_dev    Geo_dist  
Period   30       648025       21600        3.0        0          157      92768      2960       3226.15    1761.88
Global   30       648025       21600        3.0        0          157      92768      2960       3226.15    1761.88

Get Statistics (641574 events)
   Min:       157
   Max:     92768
   Avg:      2961
   Geo:   1762.15
   Std:   3226.74
   Log2 Dist:
       8:      466    38118   219909   137708
      12:    76036   122106    45384     1703
      16:      140        4

Set Statistics (6515 events)
   Min:       228
   Max:     43887
   Avg:      2927
   Geo:   1762.22
   Std:   3192.54
   Log2 Dist:
       8:        4      346     2231     1442
      12:      811     1213      448       18
      16:        2

Total Statistics (648089 events)
   Min:       157
   Max:     92768
   Avg:      2960
   Geo:   1762.16
   Std:   3227.00
   Log2 Dist:
       8:      470    38464   222140   139150
      12:    76847   123319    45832     1721
      16:      142        4

cmd_get: 641638
cmd_set: 6515
get_misses: 0
written_bytes: 15157028
read_bytes: 105911830
object_bytes: 938160

Run time: 30.1s Ops: 648153 TPS: 21514 Net_rate: 3.8M/s
