servers : 10.0.0.8:11212
threads count: 64
concurrency: 64
run time: 30s
windows size: 10k
set proportion: set_prop=0.01
get proportion: get_prop=0.99
[1;1H[2J
Get Statistics
Type     Time(s)  Ops          TPS(ops/s)   Net(M/s)   Get_miss   Min(us)  Max(us)    Avg(us)    Std_dev    Geo_dist  
Period   30       649789       21659        3.0        0          156      112431     2912       3305.48    1710.07
Global   30       649789       21659        3.0        0          156      112431     2912       3305.48    1710.07

Set Statistics
Type     Time(s)  Ops          TPS(ops/s)   Net(M/s)   Get_miss   Min(us)  Max(us)    Avg(us)    Std_dev    Geo_dist  
Period   30       6596         219          0.0        0          200      73101      2972       3459.51    1749.33
Global   30       6596         219          0.0        0          200      73101      2972       3459.51    1749.33

Total Statistics
Type     Time(s)  Ops          TPS(ops/s)   Net(M/s)   Get_miss   Min(us)  Max(us)    Avg(us)    Std_dev    Geo_dist  
Period   30       656385       21879        3.0        0          156      112431     2913       3306.72    1710.46
Global   30       656385       21879        3.0        0          156      112431     2913       3306.72    1710.46

Get Statistics (649852 events)
   Min:       156
   Max:    112431
   Avg:      2913
   Geo:   1710.33
   Std:   3305.25
   Log2 Dist:
       8:      582    46729   219464   141298
      12:    78622   113143    47608     2138
      16:      260        8

Set Statistics (6597 events)
   Min:       200
   Max:     73101
   Avg:      2973
   Geo:   1749.73
   Std:   3459.56
   Log2 Dist:
       8:        5      404     2232     1475
      12:      825     1126      499       28
      16:        2        1

Total Statistics (656449 events)
   Min:       156
   Max:    112431
   Avg:      2913
   Geo:   1710.72
   Std:   3307.37
   Log2 Dist:
       8:      587    47133   221696   142773
      12:    79447   114269    48107     2166
      16:      262        9

cmd_get: 649915
cmd_set: 6598
get_misses: 0
written_bytes: 15352264
read_bytes: 107278356
object_bytes: 950112

Run time: 30.1s Ops: 656513 TPS: 21793 Net_rate: 3.9M/s
