servers : 10.0.0.8:11212
threads count: 64
concurrency: 64
run time: 30s
windows size: 10k
set proportion: set_prop=0.01
get proportion: get_prop=0.99
[1;1H[2J
Get Statistics
Type     Time(s)  Ops          TPS(ops/s)   Net(M/s)   Get_miss   Min(us)  Max(us)    Avg(us)    Std_dev    Geo_dist  
Period   30       665996       22199        3.0        0          163      115798     2852       3103.01    1734.38
Global   30       665996       22199        3.0        0          163      115798     2852       3103.01    1734.38

Set Statistics
Type     Time(s)  Ops          TPS(ops/s)   Net(M/s)   Get_miss   Min(us)  Max(us)    Avg(us)    Std_dev    Geo_dist  
Period   30       6758         225          0.0        0          246      47481      2936       3152.85    1774.72
Global   30       6758         225          0.0        0          246      47481      2936       3152.85    1774.72

Total Statistics
Type     Time(s)  Ops          TPS(ops/s)   Net(M/s)   Get_miss   Min(us)  Max(us)    Avg(us)    Std_dev    Geo_dist  
Period   30       672754       22425        3.1        0          163      115798     2853       3103.38    1734.78
Global   30       672754       22425        3.1        0          163      115798     2853       3103.38    1734.78

Get Statistics (666059 events)
   Min:       163
   Max:    115798
   Avg:      2853
   Geo:   1734.63
   Std:   3102.89
   Log2 Dist:
       8:      474    37506   226019   155236
      12:    77983   127422    39863     1381
      16:      168        7

Set Statistics (6759 events)
   Min:       246
   Max:     47481
   Avg:      2936
   Geo:   1775.09
   Std:   3153.62
   Log2 Dist:
       8:        2      382     2250     1583
      12:      774     1275      475       17
      16:        1

Total Statistics (672818 events)
   Min:       163
   Max:    115798
   Avg:      2853
   Geo:   1735.03
   Std:   3104.18
   Log2 Dist:
       8:      476    37888   228269   156819
      12:    78757   128697    40338     1398
      16:      169        7

cmd_get: 666120
cmd_set: 6762
get_misses: 0
written_bytes: 15734738
read_bytes: 109953807
object_bytes: 973728

Run time: 30.1s Ops: 672882 TPS: 22328 Net_rate: 4.0M/s
