servers : 10.0.0.8:11212
threads count: 64
concurrency: 64
run time: 30s
windows size: 10k
set proportion: set_prop=0.01
get proportion: get_prop=0.99
[1;1H[2J
Get Statistics
Type     Time(s)  Ops          TPS(ops/s)   Net(M/s)   Get_miss   Min(us)  Max(us)    Avg(us)    Std_dev    Geo_dist  
Period   30       612827       20427        2.8        0          151      119453     3098       3490.76    1781.44
Global   30       612827       20427        2.8        0          151      119453     3098       3490.76    1781.44

Set Statistics
Type     Time(s)  Ops          TPS(ops/s)   Net(M/s)   Get_miss   Min(us)  Max(us)    Avg(us)    Std_dev    Geo_dist  
Period   30       6225         207          0.0        0          198      62671      3203       3800.13    1837.74
Global   30       6225         207          0.0        0          198      62671      3203       3800.13    1837.74

Total Statistics
Type     Time(s)  Ops          TPS(ops/s)   Net(M/s)   Get_miss   Min(us)  Max(us)    Avg(us)    Std_dev    Geo_dist  
Period   30       619052       20635        2.8        0          151      119453     3099       3494.07    1781.99
Global   30       619052       20635        2.8        0          151      119453     3099       3494.07    1781.99

Get Statistics (612891 events)
   Min:       151
   Max:    119453
   Avg:      3099
   Geo:   1781.77
   Std:   3491.53
   Log2 Dist:
       8:     1088    44993   204658   123198
      12:    68322   116723    51142     2523
      16:      224       20

Set Statistics (6225 events)
   Min:       198
   Max:     62671
   Avg:      3203
   Geo:   1837.74
   Std:   3800.13
   Log2 Dist:
       8:       12      385     2046     1285
      12:      727     1212      525       24
      16:        9

Total Statistics (619116 events)
   Min:       151
   Max:    119453
   Avg:      3100
   Geo:   1782.32
   Std:   3494.82
   Log2 Dist:
       8:     1100    45378   206704   124483
      12:    69049   117935    51667     2547
      16:      233       20

cmd_get: 612954
cmd_set: 6226
get_misses: 0
written_bytes: 14479602
read_bytes: 101176815
object_bytes: 896544

Run time: 30.1s Ops: 619180 TPS: 20546 Net_rate: 3.7M/s
