servers : 10.0.0.8:11212
threads count: 64
concurrency: 64
run time: 30s
windows size: 10k
set proportion: set_prop=0.01
get proportion: get_prop=0.99
[1;1H[2J
Get Statistics
Type     Time(s)  Ops          TPS(ops/s)   Net(M/s)   Get_miss   Min(us)  Max(us)    Avg(us)    Std_dev    Geo_dist  
Period   30       642680       21422        2.9        0          142      107915     2945       3645.80    1670.76
Global   30       642680       21422        2.9        0          142      107915     2945       3645.80    1670.76

Set Statistics
Type     Time(s)  Ops          TPS(ops/s)   Net(M/s)   Get_miss   Min(us)  Max(us)    Avg(us)    Std_dev    Geo_dist  
Period   30       6524         217          0.0        0          176      65626      3044       3966.77    1725.07
Global   30       6524         217          0.0        0          176      65626      3044       3966.77    1725.07

Total Statistics
Type     Time(s)  Ops          TPS(ops/s)   Net(M/s)   Get_miss   Min(us)  Max(us)    Avg(us)    Std_dev    Geo_dist  
Period   30       649203       21640        3.0        0          142      107915     2946       3649.18    1671.32
Global   30       649203       21640        3.0        0          142      107915     2946       3649.18    1671.32

Get Statistics (642742 events)
   Min:       142
   Max:    107915
   Avg:      2945
   Geo:   1670.95
   Std:   3645.98
   Log2 Dist:
       8:      965    57669   213675   132178
      12:    79832   107322    46309     4191
      16:      580       21

Set Statistics (6525 events)
   Min:       176
   Max:     65626
   Avg:      3045
   Geo:   1725.42
   Std:   3966.33
   Log2 Dist:
       8:       10      504     2132     1419
      12:      836     1070      504       41
      16:        8        1

Total Statistics (649267 events)
   Min:       142
   Max:    107915
   Avg:      2946
   Geo:   1671.49
   Std:   3649.35
   Log2 Dist:
       8:      975    58173   215807   133597
      12:    80668   108392    46813     4232
      16:      588       22

cmd_get: 642806
cmd_set: 6525
get_misses: 0
written_bytes: 15184324
read_bytes: 106104630
object_bytes: 939600

Run time: 30.1s Ops: 649331 TPS: 21561 Net_rate: 3.8M/s
