servers : 10.0.0.8:11212
threads count: 64
concurrency: 64
run time: 30s
windows size: 10k
set proportion: set_prop=0.01
get proportion: get_prop=0.99
[1;1H[2J
Get Statistics
Type     Time(s)  Ops          TPS(ops/s)   Net(M/s)   Get_miss   Min(us)  Max(us)    Avg(us)    Std_dev    Geo_dist  
Period   30       615834       20527        2.8        0          140      134286     3088       3484.19    1834.19
Global   30       615834       20527        2.8        0          140      134286     3088       3484.19    1834.19

Set Statistics
Type     Time(s)  Ops          TPS(ops/s)   Net(M/s)   Get_miss   Min(us)  Max(us)    Avg(us)    Std_dev    Geo_dist  
Period   30       6251         208          0.0        0          194      66401      3155       3534.20    1883.61
Global   30       6251         208          0.0        0          194      66401      3155       3534.20    1883.61

Total Statistics
Type     Time(s)  Ops          TPS(ops/s)   Net(M/s)   Get_miss   Min(us)  Max(us)    Avg(us)    Std_dev    Geo_dist  
Period   30       622085       20736        2.8        0          140      134286     3088       3485.29    1834.68
Global   30       622085       20736        2.8        0          140      134286     3088       3485.29    1834.68

Get Statistics (615896 events)
   Min:       140
   Max:    134286
   Avg:      3088
   Geo:   1834.44
   Std:   3484.64
   Log2 Dist:
       8:      484    33826   199517   139226
      12:    75116   117306    47833     2234
      16:      328       24        2

Set Statistics (6253 events)
   Min:       194
   Max:     66401
   Avg:      3156
   Geo:   1884.42
   Std:   3534.69
   Log2 Dist:
       8:        6      327     1949     1430
      12:      817     1206      486       26
      16:        5        1

Total Statistics (622149 events)
   Min:       140
   Max:    134286
   Avg:      3089
   Geo:   1834.93
   Std:   3484.87
   Log2 Dist:
       8:      490    34153   201466   140656
      12:    75933   118512    48319     2260
      16:      333       25        2

cmd_get: 615959
cmd_set: 6254
get_misses: 0
written_bytes: 14550192
read_bytes: 101672864
object_bytes: 900576

Run time: 30.2s Ops: 622213 TPS: 20604 Net_rate: 3.7M/s
