servers : 10.0.0.8:11212
threads count: 64
concurrency: 64
run time: 30s
windows size: 10k
set proportion: set_prop=0.01
get proportion: get_prop=0.99
[1;1H[2J
Get Statistics
Type     Time(s)  Ops          TPS(ops/s)   Net(M/s)   Get_miss   Min(us)  Max(us)    Avg(us)    Std_dev    Geo_dist  
Period   30       657818       21927        3.0        0          151      89580      2884       3229.31    1705.38
Global   30       657818       21927        3.0        0          151      89580      2884       3229.29    1705.35

Set Statistics
Type     Time(s)  Ops          TPS(ops/s)   Net(M/s)   Get_miss   Min(us)  Max(us)    Avg(us)    Std_dev    Geo_dist  
Period   30       6680         222          0.0        0          220      24400      2939       3143.21    1748.70
Global   30       6680         222          0.0        0          220      24400      2939       3143.21    1748.70

Total Statistics
Type     Time(s)  Ops          TPS(ops/s)   Net(M/s)   Get_miss   Min(us)  Max(us)    Avg(us)    Std_dev    Geo_dist  
Period   30       664501       22150        3.0        0          151      89580      2885       3228.06    1705.79
Global   30       664501       22150        3.0        0          151      89580      2885       3228.06    1705.79

Get Statistics (657883 events)
   Min:       151
   Max:     89580
   Avg:      2885
   Geo:   1705.51
   Std:   3229.53
   Log2 Dist:
       8:      614    43994   228630   143650
      12:    72694   120546    46244     1407
      16:       41       63

Set Statistics (6682 events)
   Min:       220
   Max:     24400
   Avg:      2939
   Geo:   1748.91
   Std:   3143.49
   Log2 Dist:
       8:        2      393     2310     1459
      12:      756     1263      483       16

Total Statistics (664565 events)
   Min:       151
   Max:     89580
   Avg:      2885
   Geo:   1705.94
   Std:   3229.16
   Log2 Dist:
       8:      616    44387   230940   145109
      12:    73450   121809    46727     1423
      16:       41       63

cmd_get: 657945
cmd_set: 6684
get_misses: 0
written_bytes: 15542546
read_bytes: 108604151
object_bytes: 962496

Run time: 30.1s Ops: 664629 TPS: 22066 Net_rate: 3.9M/s
