servers : 10.0.0.8:11212
threads count: 64
concurrency: 64
run time: 30s
windows size: 10k
set proportion: set_prop=0.01
get proportion: get_prop=0.99
[1;1H[2J
Get Statistics
Type     Time(s)  Ops          TPS(ops/s)   Net(M/s)   Get_miss   Min(us)  Max(us)    Avg(us)    Std_dev    Geo_dist  
Period   30       648753       21625        3.0        0          163      125918     2925       3338.56    1733.14
Global   30       648753       21625        3.0        0          163      125918     2925       3338.56    1733.14

Set Statistics
Type     Time(s)  Ops          TPS(ops/s)   Net(M/s)   Get_miss   Min(us)  Max(us)    Avg(us)    Std_dev    Geo_dist  
Period   30       6587         219          0.0        0          204      55445      2962       3407.92    1767.57
Global   30       6587         219          0.0        0          204      55445      2962       3407.92    1767.57

Total Statistics
Type     Time(s)  Ops          TPS(ops/s)   Net(M/s)   Get_miss   Min(us)  Max(us)    Avg(us)    Std_dev    Geo_dist  
Period   30       655339       21844        3.0        0          163      125918     2925       3339.58    1733.48
Global   30       655339       21844        3.0        0          163      125918     2925       3339.58    1733.48

Get Statistics (648816 events)
   Min:       163
   Max:    125918
   Avg:      2925
   Geo:   1733.31
   Std:   3339.47
   Log2 Dist:
       8:      623    42284   218212   145624
      12:    75207   121176    43163     2143
      16:      349       35

Set Statistics (6587 events)
   Min:       204
   Max:     55445
   Avg:      2962
   Geo:   1767.57
   Std:   3407.92
   Log2 Dist:
       8:        4      369     2178     1544
      12:      776     1278      407       24
      16:        7

Total Statistics (655403 events)
   Min:       163
   Max:    125918
   Avg:      2926
   Geo:   1733.65
   Std:   3339.61
   Log2 Dist:
       8:      627    42653   220390   147168
      12:    75983   122454    43570     2167
      16:      356       35

cmd_get: 648880
cmd_set: 6587
get_misses: 0
written_bytes: 15327872
read_bytes: 107107336
object_bytes: 948528

Run time: 30.2s Ops: 655467 TPS: 21735 Net_rate: 3.9M/s
