servers : 10.0.0.8:11212
threads count: 64
concurrency: 64
run time: 30s
windows size: 10k
set proportion: set_prop=0.01
get proportion: get_prop=0.99
[1;1H[2J
Get Statistics
Type     Time(s)  Ops          TPS(ops/s)   Net(M/s)   Get_miss   Min(us)  Max(us)    Avg(us)    Std_dev    Geo_dist  
Period   30       646201       21540        3.0        0          159      84758      2938       3238.43    1738.56
Global   30       646201       21540        3.0        0          159      84758      2938       3238.43    1738.56

Set Statistics
Type     Time(s)  Ops          TPS(ops/s)   Net(M/s)   Get_miss   Min(us)  Max(us)    Avg(us)    Std_dev    Geo_dist  
Period   30       6557         218          0.0        0          199      40789      3007       3249.31    1788.19
Global   30       6557         218          0.0        0          199      40789      3007       3249.31    1788.19

Total Statistics
Type     Time(s)  Ops          TPS(ops/s)   Net(M/s)   Get_miss   Min(us)  Max(us)    Avg(us)    Std_dev    Geo_dist  
Period   30       652758       21758        3.0        0          159      84758      2939       3238.27    1739.06
Global   30       652758       21758        3.0        0          159      84758      2939       3238.27    1739.06

Get Statistics (646264 events)
   Min:       159
   Max:     84758
   Avg:      2939
   Geo:   1738.65
   Std:   3237.72
   Log2 Dist:
       8:      538    42131   222487   136289
      12:    72879   126038    44033     1720
      16:      144        5

Set Statistics (6558 events)
   Min:       199
   Max:     40789
   Avg:      3007
   Geo:   1788.63
   Std:   3250.76
   Log2 Dist:
       8:        4      390     2229     1360
      12:      786     1304      458       26
      16:        1

Total Statistics (652822 events)
   Min:       159
   Max:     84758
   Avg:      2939
   Geo:   1739.14
   Std:   3238.48
   Log2 Dist:
       8:      542    42521   224716   137649
      12:    73665   127342    44491     1746
      16:      145        5

cmd_get: 646328
cmd_set: 6558
get_misses: 0
written_bytes: 15267088
read_bytes: 106686024
object_bytes: 944352

Run time: 30.2s Ops: 652886 TPS: 21639 Net_rate: 3.9M/s
