servers : 10.0.0.8:11212
threads count: 64
concurrency: 64
run time: 30s
windows size: 10k
set proportion: set_prop=0.01
get proportion: get_prop=0.99
[1;1H[2J
Get Statistics
Type     Time(s)  Ops          TPS(ops/s)   Net(M/s)   Get_miss   Min(us)  Max(us)    Avg(us)    Std_dev    Geo_dist  
Period   30       617128       20570        2.8        0          161      82085      3074       3470.32    1791.75
Global   30       617128       20570        2.8        0          161      82085      3074       3470.32    1791.75

Set Statistics
Type     Time(s)  Ops          TPS(ops/s)   Net(M/s)   Get_miss   Min(us)  Max(us)    Avg(us)    Std_dev    Geo_dist  
Period   30       6268         208          0.0        0          191      73539      3154       3657.53    1828.89
Global   30       6268         208          0.0        0          191      73539      3154       3657.53    1828.89

Total Statistics
Type     Time(s)  Ops          TPS(ops/s)   Net(M/s)   Get_miss   Min(us)  Max(us)    Avg(us)    Std_dev    Geo_dist  
Period   30       623396       20779        2.9        0          161      82085      3075       3472.09    1792.12
Global   30       623396       20779        2.9        0          161      82085      3075       3472.09    1792.12

Get Statistics (617192 events)
   Min:       161
   Max:     82085
   Avg:      3075
   Geo:   1792.05
   Std:   3470.46
   Log2 Dist:
       8:      484    40202   207666   127039
      12:    71969   119306    47632     2553
      16:      320       21

Set Statistics (6268 events)
   Min:       191
   Max:     73539
   Avg:      3154
   Geo:   1828.89
   Std:   3657.53
   Log2 Dist:
       8:        6      398     2051     1272
      12:      789     1224      499       23
      16:        5        1

Total Statistics (623460 events)
   Min:       161
   Max:     82085
   Avg:      3076
   Geo:   1792.42
   Std:   3472.22
   Log2 Dist:
       8:      490    40600   209717   128311
      12:    72758   120530    48131     2576
      16:      325       22

cmd_get: 617255
cmd_set: 6269
get_misses: 0
written_bytes: 14581104
read_bytes: 101886824
object_bytes: 902736

Run time: 30.1s Ops: 623524 TPS: 20696 Net_rate: 3.7M/s
