servers : 10.0.0.8:11212
threads count: 64
concurrency: 64
run time: 30s
windows size: 10k
set proportion: set_prop=0.01
get proportion: get_prop=0.99
[1;1H[2J
Get Statistics
Type     Time(s)  Ops          TPS(ops/s)   Net(M/s)   Get_miss   Min(us)  Max(us)    Avg(us)    Std_dev    Geo_dist  
Period   30       682261       22742        3.1        0          131      99822      2778       3206.30    1618.40
Global   30       682261       22742        3.1        0          131      99822      2778       3206.30    1618.40

Set Statistics
Type     Time(s)  Ops          TPS(ops/s)   Net(M/s)   Get_miss   Min(us)  Max(us)    Avg(us)    Std_dev    Geo_dist  
Period   30       6922         230          0.0        0          202      64723      2880       3430.22    1682.18
Global   30       6922         230          0.0        0          202      64723      2880       3430.22    1682.18

Total Statistics
Type     Time(s)  Ops          TPS(ops/s)   Net(M/s)   Get_miss   Min(us)  Max(us)    Avg(us)    Std_dev    Geo_dist  
Period   30       689183       22972        3.2        0          131      99822      2779       3208.66    1619.03
Global   30       689183       22972        3.2        0          131      99822      2779       3208.66    1619.03

Get Statistics (682325 events)
   Min:       131
   Max:     99822
   Avg:      2779
   Geo:   1618.65
   Std:   3206.16
   Log2 Dist:
       8:     1438    60399   234392   141835
      12:    79074   118769    44371     1877
      16:      165        5

Set Statistics (6922 events)
   Min:       202
   Max:     64723
   Avg:      2880
   Geo:   1682.18
   Std:   3430.22
   Log2 Dist:
       8:        6      552     2347     1416
      12:      835     1291      452       19
      16:        4

Total Statistics (689247 events)
   Min:       131
   Max:     99822
   Avg:      2780
   Geo:   1619.27
   Std:   3208.51
   Log2 Dist:
       8:     1444    60951   236739   143251
      12:    79909   120060    44823     1896
      16:      169        5

cmd_get: 682389
cmd_set: 6922
get_misses: 0
written_bytes: 16118670
read_bytes: 112639001
object_bytes: 996768

Run time: 30.1s Ops: 689311 TPS: 22876 Net_rate: 4.1M/s
