servers : 10.0.0.8:11212
threads count: 64
concurrency: 64
run time: 30s
windows size: 10k
set proportion: set_prop=0.01
get proportion: get_prop=0.99
[1;1H[2J
Get Statistics
Type     Time(s)  Ops          TPS(ops/s)   Net(M/s)   Get_miss   Min(us)  Max(us)    Avg(us)    Std_dev    Geo_dist  
Period   30       632916       21097        2.9        0          171      79041      3004       3364.59    1790.69
Global   30       632916       21097        2.9        0          171      79041      3004       3364.59    1790.69

Set Statistics
Type     Time(s)  Ops          TPS(ops/s)   Net(M/s)   Get_miss   Min(us)  Max(us)    Avg(us)    Std_dev    Geo_dist  
Period   30       6427         214          0.0        0          224      38855      3040       3188.20    1829.58
Global   30       6427         214          0.0        0          224      38855      3040       3188.20    1829.58

Total Statistics
Type     Time(s)  Ops          TPS(ops/s)   Net(M/s)   Get_miss   Min(us)  Max(us)    Avg(us)    Std_dev    Geo_dist  
Period   30       639343       21311        2.9        0          171      79041      3005       3362.30    1791.07
Global   30       639343       21311        2.9        0          171      79041      3005       3362.30    1791.07

Get Statistics (632978 events)
   Min:       171
   Max:     79041
   Avg:      3004
   Geo:   1790.71
   Std:   3364.56
   Log2 Dist:
       8:      427    36532   210596   141747
      12:    74040   121512    46256     1561
      16:      230       77

Set Statistics (6429 events)
   Min:       224
   Max:     38855
   Avg:      3039
   Geo:   1829.24
   Std:   3188.26
   Log2 Dist:
       8:        7      366     2082     1390
      12:      830     1221      514       18
      16:        1

Total Statistics (639407 events)
   Min:       171
   Max:     79041
   Avg:      3005
   Geo:   1791.09
   Std:   3362.25
   Log2 Dist:
       8:      434    36898   212678   143137
      12:    74870   122733    46770     1579
      16:      231       77

cmd_get: 633042
cmd_set: 6429
get_misses: 0
written_bytes: 14954156
read_bytes: 104492802
object_bytes: 925776

Run time: 30.2s Ops: 639471 TPS: 21169 Net_rate: 3.8M/s
