servers : 10.0.0.8:11212
threads count: 64
concurrency: 64
run time: 30s
windows size: 10k
set proportion: set_prop=0.01
get proportion: get_prop=0.99
[1;1H[2J
Get Statistics
Type     Time(s)  Ops          TPS(ops/s)   Net(M/s)   Get_miss   Min(us)  Max(us)    Avg(us)    Std_dev    Geo_dist  
Period   30       646828       21560        3.0        0          160      78734      2933       3250.22    1758.13
Global   30       646828       21560        3.0        0          160      78734      2933       3250.22    1758.13

Set Statistics
Type     Time(s)  Ops          TPS(ops/s)   Net(M/s)   Get_miss   Min(us)  Max(us)    Avg(us)    Std_dev    Geo_dist  
Period   30       6565         218          0.0        0          162      55268      3004       3211.36    1802.19
Global   30       6565         218          0.0        0          162      55268      3004       3211.36    1802.19

Total Statistics
Type     Time(s)  Ops          TPS(ops/s)   Net(M/s)   Get_miss   Min(us)  Max(us)    Avg(us)    Std_dev    Geo_dist  
Period   30       653394       21779        3.0        0          160      78734      2933       3250.49    1758.57
Global   30       653394       21779        3.0        0          160      78734      2933       3250.49    1758.57

Get Statistics (646891 events)
   Min:       160
   Max:     78734
   Avg:      2933
   Geo:   1758.39
   Std:   3250.92
   Log2 Dist:
       8:      473    38419   219476   142813
      12:    76214   123464    44224     1588
      16:      157       63

Set Statistics (6567 events)
   Min:       162
   Max:     55268
   Avg:      3005
   Geo:   1803.01
   Std:   3212.58
   Log2 Dist:
       8:        5      416     2116     1451
      12:      815     1280      470       13
      16:        1

Total Statistics (653458 events)
   Min:       160
   Max:     78734
   Avg:      2934
   Geo:   1758.83
   Std:   3250.29
   Log2 Dist:
       8:      478    38835   221592   144264
      12:    77029   124744    44694     1601
      16:      158       63

cmd_get: 646955
cmd_set: 6567
get_misses: 0
written_bytes: 15282322
read_bytes: 106789551
object_bytes: 945648

Run time: 30.1s Ops: 653522 TPS: 21698 Net_rate: 3.9M/s
