servers : 10.0.0.8:11212
threads count: 64
concurrency: 64
run time: 30s
windows size: 10k
set proportion: set_prop=0.01
get proportion: get_prop=0.99
[1;1H[2J
Get Statistics
Type     Time(s)  Ops          TPS(ops/s)   Net(M/s)   Get_miss   Min(us)  Max(us)    Avg(us)    Std_dev    Geo_dist  
Period   30       607231       20241        2.8        0          159      85957      3128       3499.26    1810.05
Global   30       607231       20241        2.8        0          159      85957      3128       3499.26    1810.05

Set Statistics
Type     Time(s)  Ops          TPS(ops/s)   Net(M/s)   Get_miss   Min(us)  Max(us)    Avg(us)    Std_dev    Geo_dist  
Period   30       6164         205          0.0        0          219      35596      3073       3307.55    1813.56
Global   30       6164         205          0.0        0          219      35596      3073       3307.55    1813.56

Total Statistics
Type     Time(s)  Ops          TPS(ops/s)   Net(M/s)   Get_miss   Min(us)  Max(us)    Avg(us)    Std_dev    Geo_dist  
Period   30       613395       20446        2.8        0          159      85957      3128       3496.90    1810.08
Global   30       613395       20446        2.8        0          159      85957      3128       3496.90    1810.08

Get Statistics (607295 events)
   Min:       159
   Max:     85957
   Avg:      3129
   Geo:   1810.28
   Std:   3499.15
   Log2 Dist:
       8:      608    40564   203664   121575
      12:    70477   115769    51937     2441
      16:      247       13

Set Statistics (6164 events)
   Min:       219
   Max:     35596
   Avg:      3073
   Geo:   1813.56
   Std:   3307.55
   Log2 Dist:
       8:        2      396     2042     1269
      12:      760     1139      536       19
      16:        1

Total Statistics (613459 events)
   Min:       159
   Max:     85957
   Avg:      3128
   Geo:   1810.31
   Std:   3497.67
   Log2 Dist:
       8:      610    40960   205706   122844
      12:    71237   116908    52473     2460
      16:      248       13

cmd_get: 607359
cmd_set: 6164
get_misses: 0
written_bytes: 14346730
read_bytes: 100252987
object_bytes: 887616

Run time: 30.1s Ops: 613523 TPS: 20361 Net_rate: 3.6M/s
