servers : 10.0.0.8:11212
threads count: 64
concurrency: 64
run time: 30s
windows size: 10k
set proportion: set_prop=0.01
get proportion: get_prop=0.99
[1;1H[2J
Get Statistics
Type     Time(s)  Ops          TPS(ops/s)   Net(M/s)   Get_miss   Min(us)  Max(us)    Avg(us)    Std_dev    Geo_dist  
Period   30       660178       22005        3.0        0          131      86827      2874       3310.24    1717.97
Global   30       660178       22005        3.0        0          131      86827      2874       3310.24    1717.97

Set Statistics
Type     Time(s)  Ops          TPS(ops/s)   Net(M/s)   Get_miss   Min(us)  Max(us)    Avg(us)    Std_dev    Geo_dist  
Period   30       6703         223          0.0        0          235      86293      2936       3497.81    1773.61
Global   30       6703         223          0.0        0          235      86293      2936       3497.81    1773.61

Total Statistics
Type     Time(s)  Ops          TPS(ops/s)   Net(M/s)   Get_miss   Min(us)  Max(us)    Avg(us)    Std_dev    Geo_dist  
Period   30       666881       22229        3.1        0          131      86827      2874       3312.72    1718.52
Global   30       666881       22229        3.1        0          131      86827      2874       3312.72    1718.52

Get Statistics (660242 events)
   Min:       131
   Max:     86827
   Avg:      2875
   Geo:   1718.30
   Std:   3311.83
   Log2 Dist:
       8:      667    40263   222700   153562
      12:    81397   116358    42944     2046
      16:      238       67

Set Statistics (6703 events)
   Min:       235
   Max:     86293
   Avg:      2936
   Geo:   1773.61
   Std:   3497.81
   Log2 Dist:
       8:        5      389     2125     1620
      12:      888     1223      426       23
      16:        2        2

Total Statistics (666945 events)
   Min:       131
   Max:     86827
   Avg:      2875
   Geo:   1718.85
   Std:   3314.29
   Log2 Dist:
       8:      672    40652   224825   155182
      12:    82285   117581    43370     2069
      16:      240       69

cmd_get: 660305
cmd_set: 6704
get_misses: 0
written_bytes: 15597804
read_bytes: 108993554
object_bytes: 965376

Run time: 30.1s Ops: 667009 TPS: 22147 Net_rate: 3.9M/s
