servers : 10.0.0.8:11212
threads count: 64
concurrency: 64
run time: 30s
windows size: 10k
set proportion: set_prop=0.01
get proportion: get_prop=0.99
[1;1H[2J
Get Statistics
Type     Time(s)  Ops          TPS(ops/s)   Net(M/s)   Get_miss   Min(us)  Max(us)    Avg(us)    Std_dev    Geo_dist  
Period   30       664184       22139        3.0        0          139      67230      2856       3129.35    1697.04
Global   30       664184       22139        3.0        0          139      67230      2856       3129.35    1697.04

Set Statistics
Type     Time(s)  Ops          TPS(ops/s)   Net(M/s)   Get_miss   Min(us)  Max(us)    Avg(us)    Std_dev    Geo_dist  
Period   30       6742         224          0.0        0          192      37589      2914       3140.50    1744.96
Global   30       6742         224          0.0        0          192      37589      2914       3140.50    1744.96

Total Statistics
Type     Time(s)  Ops          TPS(ops/s)   Net(M/s)   Get_miss   Min(us)  Max(us)    Avg(us)    Std_dev    Geo_dist  
Period   30       670926       22364        3.1        0          139      67230      2857       3129.08    1697.51
Global   30       670926       22364        3.1        0          139      67230      2857       3129.08    1697.51

Get Statistics (664248 events)
   Min:       139
   Max:     67230
   Avg:      2857
   Geo:   1697.26
   Std:   3128.90
   Log2 Dist:
       8:      579    43911   232665   145913
      12:    71784   124437    43420     1428
      16:      109        2

Set Statistics (6742 events)
   Min:       192
   Max:     37589
   Avg:      2914
   Geo:   1744.96
   Std:   3140.50
   Log2 Dist:
       8:        2      411     2318     1466
      12:      775     1321      431       17
      16:        1

Total Statistics (670990 events)
   Min:       139
   Max:     67230
   Avg:      2857
   Geo:   1697.73
   Std:   3129.54
   Log2 Dist:
       8:      581    44322   234983   147379
      12:    72559   125758    43851     1445
      16:      110        2

cmd_get: 664311
cmd_set: 6743
get_misses: 0
written_bytes: 15692176
read_bytes: 109654856
object_bytes: 970992

Run time: 30.1s Ops: 671054 TPS: 22265 Net_rate: 4.0M/s
