servers : 10.0.0.8:11212
threads count: 64
concurrency: 64
run time: 30s
windows size: 10k
set proportion: set_prop=0.01
get proportion: get_prop=0.99
[1;1H[2J
Get Statistics
Type     Time(s)  Ops          TPS(ops/s)   Net(M/s)   Get_miss   Min(us)  Max(us)    Avg(us)    Std_dev    Geo_dist  
Period   30       646338       21544        3.0        0          158      55863      2935       3192.93    1728.49
Global   30       646338       21544        3.0        0          158      55863      2935       3192.93    1728.49

Set Statistics
Type     Time(s)  Ops          TPS(ops/s)   Net(M/s)   Get_miss   Min(us)  Max(us)    Avg(us)    Std_dev    Geo_dist  
Period   30       6564         218          0.0        0          202      26576      3005       3217.48    1776.33
Global   30       6564         218          0.0        0          202      26576      3005       3217.48    1776.33

Total Statistics
Type     Time(s)  Ops          TPS(ops/s)   Net(M/s)   Get_miss   Min(us)  Max(us)    Avg(us)    Std_dev    Geo_dist  
Period   30       652902       21763        3.0        0          158      55863      2936       3192.91    1728.97
Global   30       652902       21763        3.0        0          158      55863      2936       3192.91    1728.97

Get Statistics (646402 events)
   Min:       158
   Max:     55863
   Avg:      2935
   Geo:   1728.60
   Std:   3193.51
   Log2 Dist:
       8:      572    44402   222815   135337
      12:    73480   119977    48392     1371
      16:       56

Set Statistics (6564 events)
   Min:       202
   Max:     26576
   Avg:      3005
   Geo:   1776.33
   Std:   3217.48
   Log2 Dist:
       8:        4      402     2221     1409
      12:      765     1218      530       15

Total Statistics (652966 events)
   Min:       158
   Max:     55863
   Avg:      2936
   Geo:   1729.08
   Std:   3193.48
   Log2 Dist:
       8:      576    44804   225036   136746
      12:    74245   121195    48922     1386
      16:       56

cmd_get: 646465
cmd_set: 6565
get_misses: 0
written_bytes: 15271084
read_bytes: 106708842
object_bytes: 945360

Run time: 30.1s Ops: 653030 TPS: 21682 Net_rate: 3.9M/s
