servers : 10.0.0.8:11212
threads count: 64
concurrency: 64
run time: 30s
windows size: 10k
set proportion: set_prop=0.01
get proportion: get_prop=0.99
[1;1H[2J
Get Statistics
Type     Time(s)  Ops          TPS(ops/s)   Net(M/s)   Get_miss   Min(us)  Max(us)    Avg(us)    Std_dev    Geo_dist  
Period   30       617954       20598        2.8        0          144      118250     3072       3427.41    1823.56
Global   30       617954       20598        2.8        0          144      118250     3072       3427.41    1823.56

Set Statistics
Type     Time(s)  Ops          TPS(ops/s)   Net(M/s)   Get_miss   Min(us)  Max(us)    Avg(us)    Std_dev    Geo_dist  
Period   30       6272         209          0.0        0          194      114783     3174       3574.60    1882.59
Global   30       6272         209          0.0        0          194      114783     3174       3574.60    1882.59

Total Statistics
Type     Time(s)  Ops          TPS(ops/s)   Net(M/s)   Get_miss   Min(us)  Max(us)    Avg(us)    Std_dev    Geo_dist  
Period   30       624226       20807        2.9        0          144      118250     3073       3428.95    1824.14
Global   30       624226       20807        2.9        0          144      118250     3073       3428.95    1824.14

Get Statistics (618016 events)
   Min:       144
   Max:    118250
   Avg:      3073
   Geo:   1823.90
   Std:   3428.61
   Log2 Dist:
       8:      469    36491   203737   131819
      12:    73049   120837    50048     1371
      16:      134       61

Set Statistics (6274 events)
   Min:       194
   Max:    114783
   Avg:      3178
   Geo:   1883.80
   Std:   3579.65
   Log2 Dist:
       8:        4      335     2043     1305
      12:      778     1244      543       21
      16:        0        1

Total Statistics (624290 events)
   Min:       144
   Max:    118250
   Avg:      3074
   Geo:   1824.49
   Std:   3430.22
   Log2 Dist:
       8:      473    36826   205780   133124
      12:    73827   122081    50591     1392
      16:      134       62

cmd_get: 618080
cmd_set: 6274
get_misses: 0
written_bytes: 14600192
read_bytes: 102022832
object_bytes: 903456

Run time: 30.1s Ops: 624354 TPS: 20729 Net_rate: 3.7M/s
