servers : 10.0.0.8:11212
threads count: 64
concurrency: 64
run time: 30s
windows size: 10k
set proportion: set_prop=0.01
get proportion: get_prop=0.99
[1;1H[2J
Get Statistics
Type     Time(s)  Ops          TPS(ops/s)   Net(M/s)   Get_miss   Min(us)  Max(us)    Avg(us)    Std_dev    Geo_dist  
Period   30       633596       21119        2.9        0          167      329252     2993       4440.16    1766.79
Global   30       633596       21119        2.9        0          167      329252     2993       4440.16    1766.79

Set Statistics
Type     Time(s)  Ops          TPS(ops/s)   Net(M/s)   Get_miss   Min(us)  Max(us)    Avg(us)    Std_dev    Geo_dist  
Period   30       6437         214          0.0        0          203      329336     3213       8202.29    1823.52
Global   30       6437         214          0.0        0          203      329336     3213       8202.29    1823.52

Total Statistics
Type     Time(s)  Ops          TPS(ops/s)   Net(M/s)   Get_miss   Min(us)  Max(us)    Avg(us)    Std_dev    Geo_dist  
Period   30       640035       21334        2.9        0          167      329336     2996       4493.21    1767.34
Global   30       640035       21334        2.9        0          167      329336     2996       4493.21    1767.34

Get Statistics (633662 events)
   Min:       167
   Max:    329252
   Avg:      2993
   Geo:   1766.77
   Std:   4440.05
   Log2 Dist:
       8:      468    36914   216149   142366
      12:    69238   120960    46007     1309
      16:      170       17        7       57

Set Statistics (6437 events)
   Min:       203
   Max:    329336
   Avg:      3213
   Geo:   1823.52
   Std:   8202.29
   Log2 Dist:
       8:        5      336     2129     1463
      12:      744     1258      482       15
      16:        1        0        0        4

Total Statistics (640099 events)
   Min:       167
   Max:    329336
   Avg:      2996
   Geo:   1767.33
   Std:   4493.11
   Log2 Dist:
       8:      473    37250   218278   143829
      12:    69982   122218    46489     1324
      16:      171       17        7       61

cmd_get: 633726
cmd_set: 6437
get_misses: 0
written_bytes: 14970484
read_bytes: 104605726
object_bytes: 926928

Run time: 30.1s Ops: 640163 TPS: 21251 Net_rate: 3.8M/s
