servers : 10.0.0.8:11212
threads count: 64
concurrency: 64
run time: 30s
windows size: 10k
set proportion: set_prop=0.01
get proportion: get_prop=0.99
[1;1H[2J
Get Statistics
Type     Time(s)  Ops          TPS(ops/s)   Net(M/s)   Get_miss   Min(us)  Max(us)    Avg(us)    Std_dev    Geo_dist  
Period   30       639362       21312        2.9        0          141      112359     2964       3587.80    1718.36
Global   30       639362       21312        2.9        0          141      112359     2964       3587.80    1718.36

Set Statistics
Type     Time(s)  Ops          TPS(ops/s)   Net(M/s)   Get_miss   Min(us)  Max(us)    Avg(us)    Std_dev    Geo_dist  
Period   30       6494         216          0.0        0          221      105142     3052       3808.95    1762.45
Global   30       6494         216          0.0        0          221      105142     3052       3808.95    1762.45

Total Statistics
Type     Time(s)  Ops          TPS(ops/s)   Net(M/s)   Get_miss   Min(us)  Max(us)    Avg(us)    Std_dev    Geo_dist  
Period   30       645857       21528        3.0        0          141      112359     2965       3590.00    1718.79
Global   30       645857       21528        3.0        0          141      112359     2965       3590.00    1718.79

Get Statistics (639427 events)
   Min:       141
   Max:    112359
   Avg:      2964
   Geo:   1718.33
   Std:   3587.74
   Log2 Dist:
       8:     1045    46666   216978   137317
      12:    71272   116198    47517     2104
      16:      197      133

Set Statistics (6494 events)
   Min:       221
   Max:    105142
   Avg:      3052
   Geo:   1762.45
   Std:   3808.95
   Log2 Dist:
       8:        7      467     2118     1433
      12:      731     1194      520       18
      16:        4        2

Total Statistics (645921 events)
   Min:       141
   Max:    112359
   Avg:      2965
   Geo:   1718.77
   Std:   3589.95
   Log2 Dist:
       8:     1052    47133   219096   138750
      12:    72003   117392    48037     2122
      16:      201      135

cmd_get: 639491
cmd_set: 6494
get_misses: 0
written_bytes: 15106434
read_bytes: 105557407
object_bytes: 935136

Run time: 30.1s Ops: 645985 TPS: 21446 Net_rate: 3.8M/s
