servers : 10.0.0.8:11212
threads count: 64
concurrency: 64
run time: 30s
windows size: 10k
set proportion: set_prop=0.01
get proportion: get_prop=0.99
[1;1H[2J
Get Statistics
Type     Time(s)  Ops          TPS(ops/s)   Net(M/s)   Get_miss   Min(us)  Max(us)    Avg(us)    Std_dev    Geo_dist  
Period   30       625582       20852        2.9        0          145      125106     3036       3396.17    1801.18
Global   30       625582       20852        2.9        0          145      125106     3036       3396.17    1801.18

Set Statistics
Type     Time(s)  Ops          TPS(ops/s)   Net(M/s)   Get_miss   Min(us)  Max(us)    Avg(us)    Std_dev    Geo_dist  
Period   30       6347         211          0.0        0          211      57030      3129       3416.60    1858.33
Global   30       6347         211          0.0        0          211      57030      3129       3416.60    1858.33

Total Statistics
Type     Time(s)  Ops          TPS(ops/s)   Net(M/s)   Get_miss   Min(us)  Max(us)    Avg(us)    Std_dev    Geo_dist  
Period   30       631929       21064        2.9        0          145      125106     3037       3396.32    1801.74
Global   30       631929       21064        2.9        0          145      125106     3037       3396.32    1801.74

Get Statistics (625646 events)
   Min:       145
   Max:    125106
   Avg:      3037
   Geo:   1801.46
   Std:   3395.98
   Log2 Dist:
       8:      459    36036   207694   138884
      12:    74975   117795    47666     1748
      16:      379       10

Set Statistics (6347 events)
   Min:       211
   Max:     57030
   Avg:      3129
   Geo:   1858.33
   Std:   3416.60
   Log2 Dist:
       8:        2      347     2031     1456
      12:      740     1225      523       21
      16:        2

Total Statistics (631993 events)
   Min:       145
   Max:    125106
   Avg:      3038
   Geo:   1802.02
   Std:   3396.13
   Log2 Dist:
       8:      461    36383   209725   140340
      12:    75715   119020    48189     1769
      16:      381       10

cmd_get: 625710
cmd_set: 6347
get_misses: 0
written_bytes: 14779732
read_bytes: 103282366
object_bytes: 913968

Run time: 30.1s Ops: 632057 TPS: 20966 Net_rate: 3.7M/s
