servers : 10.0.0.8:11212
threads count: 64
concurrency: 64
run time: 30s
windows size: 10k
set proportion: set_prop=0.01
get proportion: get_prop=0.99
[1;1H[2J
Get Statistics
Type     Time(s)  Ops          TPS(ops/s)   Net(M/s)   Get_miss   Min(us)  Max(us)    Avg(us)    Std_dev    Geo_dist  
Period   30       536007       17866        2.5        0          159      191988     3561       4051.64    2131.26
Global   30       536007       17866        2.5        0          159      191988     3561       4051.64    2131.23

Set Statistics
Type     Time(s)  Ops          TPS(ops/s)   Net(M/s)   Get_miss   Min(us)  Max(us)    Avg(us)    Std_dev    Geo_dist  
Period   30       5444         181          0.0        0          196      50142      3633       3627.58    2192.57
Global   30       5444         181          0.0        0          196      50142      3633       3627.58    2192.57

Total Statistics
Type     Time(s)  Ops          TPS(ops/s)   Net(M/s)   Get_miss   Min(us)  Max(us)    Avg(us)    Std_dev    Geo_dist  
Period   30       541454       18048        2.5        0          159      191988     3562       4047.34    2131.82
Global   30       541454       18048        2.5        0          159      191988     3562       4047.34    2131.82

Get Statistics (536074 events)
   Min:       159
   Max:    191988
   Avg:      3562
   Geo:   2131.56
   Std:   4051.79
   Log2 Dist:
       8:      273    20222   158447   115809
      12:    58532   124737    56149     1657
      16:      175       12       61

Set Statistics (5444 events)
   Min:       196
   Max:     50142
   Avg:      3633
   Geo:   2192.57
   Std:   3627.58
   Log2 Dist:
       8:        2      188     1579     1158
      12:      612     1275      605       23
      16:        2

Total Statistics (541518 events)
   Min:       159
   Max:    191988
   Avg:      3563
   Geo:   2132.16
   Std:   4047.50
   Log2 Dist:
       8:      275    20410   160026   116967
      12:    59144   126012    56754     1680
      16:      177       12       61

cmd_get: 536138
cmd_set: 5444
get_misses: 0
written_bytes: 12664668
read_bytes: 88495762
object_bytes: 783936

Run time: 30.2s Ops: 541582 TPS: 17907 Net_rate: 3.2M/s
