servers : 10.0.0.8:11212
threads count: 64
concurrency: 64
run time: 30s
windows size: 10k
set proportion: set_prop=0.01
get proportion: get_prop=0.99
[1;1H[2J
Get Statistics
Type     Time(s)  Ops          TPS(ops/s)   Net(M/s)   Get_miss   Min(us)  Max(us)    Avg(us)    Std_dev    Geo_dist  
Period   30       572496       19083        2.6        0          162      212470     3329       4125.19    1948.08
Global   30       572496       19083        2.6        0          162      212470     3329       4125.19    1948.08

Set Statistics
Type     Time(s)  Ops          TPS(ops/s)   Net(M/s)   Get_miss   Min(us)  Max(us)    Avg(us)    Std_dev    Geo_dist  
Period   30       5819         193          0.0        0          228      48468      3371       3512.47    1988.15
Global   30       5819         193          0.0        0          228      48468      3371       3512.47    1988.15

Total Statistics
Type     Time(s)  Ops          TPS(ops/s)   Net(M/s)   Get_miss   Min(us)  Max(us)    Avg(us)    Std_dev    Geo_dist  
Period   30       578315       19277        2.6        0          162      212470     3330       4119.01    1948.48
Global   30       578315       19277        2.6        0          162      212470     3330       4119.01    1948.48

Get Statistics (572560 events)
   Min:       162
   Max:    212470
   Avg:      3330
   Geo:   1948.42
   Std:   4125.15
   Log2 Dist:
       8:      365    29071   183712   119359
      12:    65119   118152    54622     1819
      16:      210       67       64

Set Statistics (5819 events)
   Min:       228
   Max:     48468
   Avg:      3371
   Geo:   1988.15
   Std:   3512.47
   Log2 Dist:
       8:        2      270     1849     1236
      12:      632     1222      584       23
      16:        1

Total Statistics (578379 events)
   Min:       162
   Max:    212470
   Avg:      3330
   Geo:   1948.81
   Std:   4119.77
   Log2 Dist:
       8:      367    29341   185561   120595
      12:    65751   119374    55206     1842
      16:      211       67       64

cmd_get: 572624
cmd_set: 5819
get_misses: 0
written_bytes: 13527360
read_bytes: 94518952
object_bytes: 837936

Run time: 30.2s Ops: 578443 TPS: 19149 Net_rate: 3.4M/s
