servers : 10.0.0.8:11212
threads count: 64
concurrency: 64
run time: 30s
windows size: 10k
set proportion: set_prop=0.01
get proportion: get_prop=0.99
[1;1H[2J
Get Statistics
Type     Time(s)  Ops          TPS(ops/s)   Net(M/s)   Get_miss   Min(us)  Max(us)    Avg(us)    Std_dev    Geo_dist  
Period   30       626408       20880        2.9        0          158      116381     3034       3457.50    1827.77
Global   30       626408       20880        2.9        0          158      116381     3034       3457.50    1827.77

Set Statistics
Type     Time(s)  Ops          TPS(ops/s)   Net(M/s)   Get_miss   Min(us)  Max(us)    Avg(us)    Std_dev    Geo_dist  
Period   30       6358         211          0.0        0          201      34138      3016       3157.76    1834.49
Global   30       6358         211          0.0        0          201      34138      3016       3157.76    1834.49

Total Statistics
Type     Time(s)  Ops          TPS(ops/s)   Net(M/s)   Get_miss   Min(us)  Max(us)    Avg(us)    Std_dev    Geo_dist  
Period   30       632766       21092        2.9        0          158      116381     3034       3454.45    1827.83
Global   30       632766       21092        2.9        0          158      116381     3034       3454.45    1827.83

Get Statistics (626471 events)
   Min:       158
   Max:    116381
   Avg:      3034
   Geo:   1828.03
   Std:   3458.09
   Log2 Dist:
       8:      445    30146   204478   152671
      12:    66453   128717    41856     1347
      16:      218      140

Set Statistics (6359 events)
   Min:       201
   Max:     34138
   Avg:      3017
   Geo:   1834.94
   Std:   3158.16
   Log2 Dist:
       8:        7      301     2046     1581
      12:      676     1295      439       13
      16:        1

Total Statistics (632830 events)
   Min:       158
   Max:    116381
   Avg:      3034
   Geo:   1828.10
   Std:   3455.05
   Log2 Dist:
       8:      452    30447   206524   154252
      12:    67129   130012    42295     1360
      16:      219      140

cmd_get: 626535
cmd_set: 6359
get_misses: 0
written_bytes: 14799802
read_bytes: 103418587
object_bytes: 915696

Run time: 30.1s Ops: 632894 TPS: 21007 Net_rate: 3.7M/s
