servers : 10.0.0.8:11212
threads count: 64
concurrency: 64
run time: 30s
windows size: 10k
set proportion: set_prop=0.01
get proportion: get_prop=0.99
[1;1H[2J
Get Statistics
Type     Time(s)  Ops          TPS(ops/s)   Net(M/s)   Get_miss   Min(us)  Max(us)    Avg(us)    Std_dev    Geo_dist  
Period   30       609351       20311        2.8        0          145      274992     3118       4183.97    1856.38
Global   30       609351       20311        2.8        0          145      274992     3118       4183.97    1856.38

Set Statistics
Type     Time(s)  Ops          TPS(ops/s)   Net(M/s)   Get_miss   Min(us)  Max(us)    Avg(us)    Std_dev    Geo_dist  
Period   30       6189         206          0.0        0          237      246467     3182       4454.20    1899.77
Global   30       6189         206          0.0        0          237      246467     3182       4454.20    1899.77

Total Statistics
Type     Time(s)  Ops          TPS(ops/s)   Net(M/s)   Get_miss   Min(us)  Max(us)    Avg(us)    Std_dev    Geo_dist  
Period   30       615540       20518        2.8        0          145      274992     3119       4186.51    1856.81
Global   30       615540       20518        2.8        0          145      274992     3119       4186.51    1856.81

Get Statistics (609415 events)
   Min:       145
   Max:    274992
   Avg:      3119
   Geo:   1856.64
   Std:   4183.70
   Log2 Dist:
       8:      578    31793   199482   137381
      12:    61537   135018    42144     1345
      16:       67        6       10       54

Set Statistics (6189 events)
   Min:       237
   Max:    246467
   Avg:      3182
   Geo:   1899.77
   Std:   4454.20
   Log2 Dist:
       8:        2      302     2003     1389
      12:      628     1411      439       12
      16:        2        0        1

Total Statistics (615604 events)
   Min:       145
   Max:    274992
   Avg:      3119
   Geo:   1857.07
   Std:   4186.98
   Log2 Dist:
       8:      580    32095   201485   138770
      12:    62165   136429    42583     1357
      16:       69        6       11       54

cmd_get: 609479
cmd_set: 6189
get_misses: 0
written_bytes: 14397370
read_bytes: 100602987
object_bytes: 891216

Run time: 30.1s Ops: 615668 TPS: 20424 Net_rate: 3.6M/s
