servers : 10.0.0.8:11212
threads count: 64
concurrency: 64
run time: 30s
windows size: 10k
set proportion: set_prop=0.01
get proportion: get_prop=0.99
[1;1H[2J
Get Statistics
Type     Time(s)  Ops          TPS(ops/s)   Net(M/s)   Get_miss   Min(us)  Max(us)    Avg(us)    Std_dev    Geo_dist  
Period   30       581999       19399        2.7        0          157      88906      3266       3782.14    1924.94
Global   30       581999       19399        2.7        0          157      88906      3266       3782.14    1924.94

Set Statistics
Type     Time(s)  Ops          TPS(ops/s)   Net(M/s)   Get_miss   Min(us)  Max(us)    Avg(us)    Std_dev    Geo_dist  
Period   30       5912         197          0.0        0          212      88621      3338       4102.64    1957.60
Global   30       5912         197          0.0        0          212      88621      3338       4102.64    1957.60

Total Statistics
Type     Time(s)  Ops          TPS(ops/s)   Net(M/s)   Get_miss   Min(us)  Max(us)    Avg(us)    Std_dev    Geo_dist  
Period   30       587911       19597        2.7        0          157      88906      3266       3786.13    1925.26
Global   30       587911       19597        2.7        0          157      88906      3266       3786.13    1925.26

Get Statistics (582061 events)
   Min:       157
   Max:     88906
   Avg:      3266
   Geo:   1924.92
   Std:   3781.85
   Log2 Dist:
       8:      373    28837   186953   127683
      12:    62486   123725    50063     1442
      16:      218      281

Set Statistics (5914 events)
   Min:       212
   Max:     88621
   Avg:      3337
   Geo:   1957.18
   Std:   4102.35
   Log2 Dist:
       8:        1      269     1892     1309
      12:      648     1249      525       13
      16:        4        4

Total Statistics (587975 events)
   Min:       157
   Max:     88906
   Avg:      3266
   Geo:   1925.24
   Std:   3785.83
   Log2 Dist:
       8:      374    29106   188845   128992
      12:    63134   124974    50588     1455
      16:      222      285

cmd_get: 582124
cmd_set: 5915
get_misses: 0
written_bytes: 13751582
read_bytes: 96087377
object_bytes: 851760

Run time: 30.1s Ops: 588039 TPS: 19524 Net_rate: 3.5M/s
