servers : 10.0.0.8:11212
threads count: 64
concurrency: 64
run time: 30s
windows size: 10k
set proportion: set_prop=0.01
get proportion: get_prop=0.99
[1;1H[2J
Get Statistics
Type     Time(s)  Ops          TPS(ops/s)   Net(M/s)   Get_miss   Min(us)  Max(us)    Avg(us)    Std_dev    Geo_dist  
Period   30       576389       19212        2.6        0          161      80996      3297       3394.74    2010.54
Global   30       576389       19212        2.6        0          161      80996      3297       3394.74    2010.54

Set Statistics
Type     Time(s)  Ops          TPS(ops/s)   Net(M/s)   Get_miss   Min(us)  Max(us)    Avg(us)    Std_dev    Geo_dist  
Period   30       5857         195          0.0        0          252      60962      3362       3518.97    2054.61
Global   30       5857         195          0.0        0          252      60962      3362       3518.97    2054.61

Total Statistics
Type     Time(s)  Ops          TPS(ops/s)   Net(M/s)   Get_miss   Min(us)  Max(us)    Avg(us)    Std_dev    Geo_dist  
Period   30       582246       19408        2.7        0          161      80996      3297       3396.65    2010.98
Global   30       582246       19408        2.7        0          161      80996      3297       3396.65    2010.98

Get Statistics (576452 events)
   Min:       161
   Max:     80996
   Avg:      3297
   Geo:   2010.73
   Std:   3395.06
   Log2 Dist:
       8:      263    20309   175821   136735
      12:    65934   126933    48794     1481
      16:      179        3

Set Statistics (5858 events)
   Min:       252
   Max:     60962
   Avg:      3362
   Geo:   2054.91
   Std:   3518.98
   Log2 Dist:
       8:        2      185     1754     1396
      12:      697     1281      525       16
      16:        2

Total Statistics (582310 events)
   Min:       161
   Max:     80996
   Avg:      3298
   Geo:   2011.17
   Std:   3396.00
   Log2 Dist:
       8:      265    20494   177575   138131
      12:    66631   128214    49319     1497
      16:      181        3

cmd_get: 576516
cmd_set: 5858
get_misses: 0
written_bytes: 13619224
read_bytes: 95161444
object_bytes: 843552

Run time: 30.1s Ops: 582374 TPS: 19329 Net_rate: 3.4M/s
