servers : 10.0.0.8:11212
threads count: 64
concurrency: 64
run time: 30s
windows size: 10k
set proportion: set_prop=0.01
get proportion: get_prop=0.99
[1;1H[2J
Get Statistics
Type     Time(s)  Ops          TPS(ops/s)   Net(M/s)   Get_miss   Min(us)  Max(us)    Avg(us)    Std_dev    Geo_dist  
Period   30       582086       19402        2.7        0          173      71926      3280       3355.82    2004.18
Global   30       582086       19402        2.7        0          173      71926      3280       3355.82    2004.18

Set Statistics
Type     Time(s)  Ops          TPS(ops/s)   Net(M/s)   Get_miss   Min(us)  Max(us)    Avg(us)    Std_dev    Geo_dist  
Period   30       5912         197          0.0        0          249      51174      3300       3330.86    2025.25
Global   30       5912         197          0.0        0          249      51174      3300       3330.86    2025.25

Total Statistics
Type     Time(s)  Ops          TPS(ops/s)   Net(M/s)   Get_miss   Min(us)  Max(us)    Avg(us)    Std_dev    Geo_dist  
Period   30       587998       19599        2.7        0          173      71926      3280       3355.76    2004.39
Global   30       587998       19599        2.7        0          173      71926      3280       3355.76    2004.39

Get Statistics (582149 events)
   Min:       173
   Max:     71926
   Avg:      3280
   Geo:   2004.49
   Std:   3356.56
   Log2 Dist:
       8:      279    21200   178638   138054
      12:    60317   135242    47361      766
      16:      234       58

Set Statistics (5913 events)
   Min:       249
   Max:     51174
   Avg:      3301
   Geo:   2025.72
   Std:   3330.95
   Log2 Dist:
       8:        1      194     1808     1384
      12:      663     1364      486       10
      16:        3

Total Statistics (588062 events)
   Min:       173
   Max:     71926
   Avg:      3280
   Geo:   2004.70
   Std:   3356.51
   Log2 Dist:
       8:      280    21394   180446   139438
      12:    60980   136606    47847      776
      16:      237       58

cmd_get: 582212
cmd_set: 5914
get_misses: 0
written_bytes: 13753358
read_bytes: 96101889
object_bytes: 851616

Run time: 30.2s Ops: 588126 TPS: 19447 Net_rate: 3.5M/s
