servers : 10.0.0.8:11212
threads count: 64
concurrency: 64
run time: 30s
windows size: 10k
set proportion: set_prop=0.01
get proportion: get_prop=0.99
[1;1H[2J
Get Statistics
Type     Time(s)  Ops          TPS(ops/s)   Net(M/s)   Get_miss   Min(us)  Max(us)    Avg(us)    Std_dev    Geo_dist  
Period   30       568578       18952        2.6        0          160      107342     3341       3768.82    1930.27
Global   30       568578       18952        2.6        0          160      107342     3341       3768.82    1930.27

Set Statistics
Type     Time(s)  Ops          TPS(ops/s)   Net(M/s)   Get_miss   Min(us)  Max(us)    Avg(us)    Std_dev    Geo_dist  
Period   30       5775         192          0.0        0          238      43153      3372       3535.94    1983.49
Global   30       5775         192          0.0        0          238      43153      3372       3535.94    1983.49

Total Statistics
Type     Time(s)  Ops          TPS(ops/s)   Net(M/s)   Get_miss   Min(us)  Max(us)    Avg(us)    Std_dev    Geo_dist  
Period   30       574353       19145        2.6        0          160      107342     3341       3766.82    1930.80
Global   30       574353       19145        2.6        0          160      107342     3341       3766.82    1930.80

Get Statistics (568642 events)
   Min:       160
   Max:    107342
   Avg:      3341
   Geo:   1930.58
   Std:   3769.36
   Log2 Dist:
       8:      467    32267   184234   115889
      12:    60472   117494    54984     2467
      16:      297       71

Set Statistics (5775 events)
   Min:       238
   Max:     43153
   Avg:      3372
   Geo:   1983.49
   Std:   3535.94
   Log2 Dist:
       8:        5      300     1818     1164
      12:      668     1214      578       26
      16:        2

Total Statistics (574417 events)
   Min:       160
   Max:    107342
   Avg:      3342
   Geo:   1931.10
   Std:   3766.47
   Log2 Dist:
       8:      472    32567   186052   117053
      12:    61140   118708    55562     2493
      16:      299       71

cmd_get: 568706
cmd_set: 5775
get_misses: 0
written_bytes: 13434124
read_bytes: 93872130
object_bytes: 831600

Run time: 30.1s Ops: 574481 TPS: 19074 Net_rate: 3.4M/s
