servers : 10.0.0.8:11212
threads count: 64
concurrency: 64
run time: 30s
windows size: 10k
set proportion: set_prop=0.01
get proportion: get_prop=0.99
[1;1H[2J
Get Statistics
Type     Time(s)  Ops          TPS(ops/s)   Net(M/s)   Get_miss   Min(us)  Max(us)    Avg(us)    Std_dev    Geo_dist  
Period   30       596585       19886        2.7        0          123      99846      3187       3220.78    1948.76
Global   30       596585       19886        2.7        0          123      99846      3187       3220.78    1948.76

Set Statistics
Type     Time(s)  Ops          TPS(ops/s)   Net(M/s)   Get_miss   Min(us)  Max(us)    Avg(us)    Std_dev    Geo_dist  
Period   30       6054         201          0.0        0          223      22891      3241       3144.69    1987.00
Global   30       6054         201          0.0        0          223      22891      3241       3144.69    1987.00

Total Statistics
Type     Time(s)  Ops          TPS(ops/s)   Net(M/s)   Get_miss   Min(us)  Max(us)    Avg(us)    Std_dev    Geo_dist  
Period   30       602639       20087        2.8        0          123      99846      3187       3220.56    1949.14
Global   30       602639       20087        2.8        0          123      99846      3187       3220.56    1949.14

Get Statistics (596649 events)
   Min:       123
   Max:     99846
   Avg:      3187
   Geo:   1949.04
   Std:   3221.55
   Log2 Dist:
       4:        0        0        0        1
       8:      872    28788   183761   134564
      12:    56517   153361    38073      623
      16:       26       63

Set Statistics (6054 events)
   Min:       223
   Max:     22891
   Avg:      3241
   Geo:   1987.00
   Std:   3144.69
   Log2 Dist:
       8:        6      278     1828     1357
      12:      609     1578      381       17

Total Statistics (602703 events)
   Min:       123
   Max:     99846
   Avg:      3188
   Geo:   1949.41
   Std:   3220.33
   Log2 Dist:
       4:        0        0        0        1
       8:      878    29066   185589   135921
      12:    57126   154939    38454      640
      16:       26       63

cmd_get: 596712
cmd_set: 6055
get_misses: 0
written_bytes: 14094918
read_bytes: 98495517
object_bytes: 871920

Run time: 30.1s Ops: 602767 TPS: 19994 Net_rate: 3.6M/s
