servers : 10.0.0.8:11212
threads count: 64
concurrency: 64
run time: 30s
windows size: 10k
set proportion: set_prop=0.01
get proportion: get_prop=0.99
[1;1H[2J
Get Statistics
Type     Time(s)  Ops          TPS(ops/s)   Net(M/s)   Get_miss   Min(us)  Max(us)    Avg(us)    Std_dev    Geo_dist  
Period   30       585104       19503        2.7        0          163      105166     3250       3552.12    1961.03
Global   30       585104       19503        2.7        0          163      105166     3250       3552.12    1961.03

Set Statistics
Type     Time(s)  Ops          TPS(ops/s)   Net(M/s)   Get_miss   Min(us)  Max(us)    Avg(us)    Std_dev    Geo_dist  
Period   30       5942         198          0.0        0          249      97853      3357       3814.90    2040.28
Global   30       5942         198          0.0        0          249      97853      3357       3814.90    2040.28

Total Statistics
Type     Time(s)  Ops          TPS(ops/s)   Net(M/s)   Get_miss   Min(us)  Max(us)    Avg(us)    Std_dev    Geo_dist  
Period   30       591046       19701        2.7        0          163      105166     3251       3554.95    1961.81
Global   30       591046       19701        2.7        0          163      105166     3251       3554.95    1961.81

Get Statistics (585168 events)
   Min:       163
   Max:    105166
   Avg:      3250
   Geo:   1961.36
   Std:   3555.35
   Log2 Dist:
       8:      257    22746   185062   137520
      12:    60380   128647    49280     1040
      16:      108      128

Set Statistics (5942 events)
   Min:       249
   Max:     97853
   Avg:      3357
   Geo:   2040.28
   Std:   3814.90
   Log2 Dist:
       8:        1      193     1839     1372
      12:      668     1360      497        9
      16:        0        3

Total Statistics (591110 events)
   Min:       163
   Max:    105166
   Avg:      3252
   Geo:   1962.13
   Std:   3557.22
   Log2 Dist:
       8:      258    22939   186901   138892
      12:    61048   130007    49777     1049
      16:      108      131

cmd_get: 585232
cmd_set: 5942
get_misses: 0
written_bytes: 13824416
read_bytes: 96600256
object_bytes: 855648

Run time: 30.1s Ops: 591174 TPS: 19619 Net_rate: 3.5M/s
