servers : 10.0.0.8:11212
threads count: 64
concurrency: 64
run time: 30s
windows size: 10k
set proportion: set_prop=0.01
get proportion: get_prop=0.99
[1;1H[2J
Get Statistics
Type     Time(s)  Ops          TPS(ops/s)   Net(M/s)   Get_miss   Min(us)  Max(us)    Avg(us)    Std_dev    Geo_dist  
Period   30       577707       19256        2.6        0          168      92477      3285       3657.07    1914.31
Global   30       577707       19256        2.6        0          168      92477      3285       3657.07    1914.31

Set Statistics
Type     Time(s)  Ops          TPS(ops/s)   Net(M/s)   Get_miss   Min(us)  Max(us)    Avg(us)    Std_dev    Geo_dist  
Period   30       5867         195          0.0        0          224      45560      3324       3599.72    1939.47
Global   30       5867         195          0.0        0          224      45560      3324       3599.72    1939.47

Total Statistics
Type     Time(s)  Ops          TPS(ops/s)   Net(M/s)   Get_miss   Min(us)  Max(us)    Avg(us)    Std_dev    Geo_dist  
Period   30       583574       19452        2.7        0          168      92477      3285       3656.85    1914.57
Global   30       583574       19452        2.7        0          168      92477      3285       3656.85    1914.57

Get Statistics (577768 events)
   Min:       168
   Max:     92477
   Avg:      3286
   Geo:   1914.66
   Std:   3657.60
   Log2 Dist:
       8:      484    31897   188172   118318
      12:    64725   118180    53393     2270
      16:      258       71

Set Statistics (5870 events)
   Min:       224
   Max:     45560
   Avg:      3328
   Geo:   1941.13
   Std:   3602.32
   Log2 Dist:
       8:        3      305     1897     1230
      12:      657     1167      583       24
      16:        4

Total Statistics (583638 events)
   Min:       168
   Max:     92477
   Avg:      3286
   Geo:   1914.92
   Std:   3657.43
   Log2 Dist:
       8:      487    32202   190069   119548
      12:    65382   119347    53976     2294
      16:      262       71

cmd_get: 577832
cmd_set: 5870
get_misses: 0
written_bytes: 13650096
read_bytes: 95378680
object_bytes: 845280

Run time: 30.1s Ops: 583702 TPS: 19376 Net_rate: 3.5M/s
