servers : 10.0.0.8:11212
threads count: 64
concurrency: 64
run time: 30s
windows size: 10k
set proportion: set_prop=0.01
get proportion: get_prop=0.99
[1;1H[2J
Get Statistics
Type     Time(s)  Ops          TPS(ops/s)   Net(M/s)   Get_miss   Min(us)  Max(us)    Avg(us)    Std_dev    Geo_dist  
Period   30       614372       20479        2.8        0          152      68476      3093       3168.35    1905.21
Global   30       614372       20479        2.8        0          152      68476      3093       3168.35    1905.21

Set Statistics
Type     Time(s)  Ops          TPS(ops/s)   Net(M/s)   Get_miss   Min(us)  Max(us)    Avg(us)    Std_dev    Geo_dist  
Period   30       6239         207          0.0        0          262      46021      3102       3074.37    1928.07
Global   30       6239         207          0.0        0          262      46021      3102       3074.37    1928.07

Total Statistics
Type     Time(s)  Ops          TPS(ops/s)   Net(M/s)   Get_miss   Min(us)  Max(us)    Avg(us)    Std_dev    Geo_dist  
Period   30       620611       20687        2.8        0          152      68476      3093       3167.51    1905.44
Global   30       620611       20687        2.8        0          152      68476      3093       3167.51    1905.44

Get Statistics (614436 events)
   Min:       152
   Max:     68476
   Avg:      3093
   Geo:   1905.48
   Std:   3169.05
   Log2 Dist:
       8:      252    24021   194184   153013
      12:    64526   136024    41451      803
      16:      105       57

Set Statistics (6239 events)
   Min:       262
   Max:     46021
   Avg:      3102
   Geo:   1928.07
   Std:   3074.37
   Log2 Dist:
       8:        0      241     1932     1542
      12:      683     1431      405        4
      16:        1

Total Statistics (620675 events)
   Min:       152
   Max:     68476
   Avg:      3093
   Geo:   1905.70
   Std:   3168.20
   Log2 Dist:
       8:      252    24262   196116   154555
      12:    65209   137455    41856      807
      16:      106       57

cmd_get: 614500
cmd_set: 6239
get_misses: 0
written_bytes: 14515832
read_bytes: 101431852
object_bytes: 898416

Run time: 30.1s Ops: 620739 TPS: 20606 Net_rate: 3.7M/s
