servers : 10.0.0.8:11212
threads count: 64
concurrency: 64
run time: 30s
windows size: 10k
set proportion: set_prop=0.01
get proportion: get_prop=0.99
[1;1H[2J
Get Statistics
Type     Time(s)  Ops          TPS(ops/s)   Net(M/s)   Get_miss   Min(us)  Max(us)    Avg(us)    Std_dev    Geo_dist  
Period   30       572563       19085        2.6        0          166      204429     3320       4076.80    1979.26
Global   30       572563       19085        2.6        0          166      204429     3320       4076.80    1979.26

Set Statistics
Type     Time(s)  Ops          TPS(ops/s)   Net(M/s)   Get_miss   Min(us)  Max(us)    Avg(us)    Std_dev    Geo_dist  
Period   30       5814         193          0.0        0          258      204427     3440       5228.46    2027.80
Global   30       5814         193          0.0        0          258      204427     3440       5228.46    2027.80

Total Statistics
Type     Time(s)  Ops          TPS(ops/s)   Net(M/s)   Get_miss   Min(us)  Max(us)    Avg(us)    Std_dev    Geo_dist  
Period   30       578377       19279        2.6        0          166      204429     3321       4090.17    1979.75
Global   30       578377       19279        2.6        0          166      204429     3321       4090.17    1979.75

Get Statistics (572626 events)
   Min:       166
   Max:    204429
   Avg:      3320
   Geo:   1979.30
   Std:   4076.72
   Log2 Dist:
       8:      307    24954   179908   125934
      12:    63566   126541    49783     1281
      16:      173      117       62

Set Statistics (5815 events)
   Min:       258
   Max:    204427
   Avg:      3440
   Geo:   2027.80
   Std:   5227.88
   Log2 Dist:
       8:        0      220     1768     1342
      12:      645     1297      517       19
      16:        3        2        2

Total Statistics (578441 events)
   Min:       166
   Max:    204429
   Avg:      3321
   Geo:   1979.78
   Std:   4090.08
   Log2 Dist:
       8:      307    25174   181676   127276
      12:    64211   127838    50300     1300
      16:      176      119       64

cmd_get: 572689
cmd_set: 5816
get_misses: 0
written_bytes: 13528172
read_bytes: 94529810
object_bytes: 837504

Run time: 30.1s Ops: 578505 TPS: 19206 Net_rate: 3.4M/s
