servers : 10.0.0.8:11212
threads count: 64
concurrency: 64
run time: 30s
windows size: 10k
set proportion: set_prop=0.01
get proportion: get_prop=0.99
[1;1H[2J
Get Statistics
Type     Time(s)  Ops          TPS(ops/s)   Net(M/s)   Get_miss   Min(us)  Max(us)    Avg(us)    Std_dev    Geo_dist  
Period   30       635296       21176        2.9        0          156      88024      2997       3230.74    1825.98
Global   30       635296       21176        2.9        0          156      88024      2997       3230.74    1825.98

Set Statistics
Type     Time(s)  Ops          TPS(ops/s)   Net(M/s)   Get_miss   Min(us)  Max(us)    Avg(us)    Std_dev    Geo_dist  
Period   30       6445         214          0.0        0          259      69364      3031       3269.68    1864.76
Global   30       6445         214          0.0        0          259      69364      3031       3269.68    1864.76

Total Statistics
Type     Time(s)  Ops          TPS(ops/s)   Net(M/s)   Get_miss   Min(us)  Max(us)    Avg(us)    Std_dev    Geo_dist  
Period   30       641741       21391        2.9        0          156      88024      2997       3231.45    1826.36
Global   30       641741       21391        2.9        0          156      88024      2997       3231.45    1826.36

Get Statistics (635360 events)
   Min:       156
   Max:     88024
   Avg:      2997
   Geo:   1826.21
   Std:   3231.16
   Log2 Dist:
       8:      369    29775   209132   149485
      12:    74320   127227    43453     1361
      16:      179       59

Set Statistics (6445 events)
   Min:       259
   Max:     69364
   Avg:      3031
   Geo:   1864.76
   Std:   3269.68
   Log2 Dist:
       8:        0      275     2108     1480
      12:      798     1355      408       18
      16:        2        1

Total Statistics (641805 events)
   Min:       156
   Max:     88024
   Avg:      2998
   Geo:   1826.60
   Std:   3230.94
   Log2 Dist:
       8:      369    30050   211240   150965
      12:    75118   128582    43861     1379
      16:      181       60

cmd_get: 635422
cmd_set: 6447
get_misses: 0
written_bytes: 15009120
read_bytes: 104885960
object_bytes: 928368

Run time: 30.2s Ops: 641869 TPS: 21275 Net_rate: 3.8M/s
