servers : 10.0.0.8:11212
threads count: 64
concurrency: 64
run time: 30s
windows size: 10k
set proportion: set_prop=0.01
get proportion: get_prop=0.99
[1;1H[2J
Get Statistics
Type     Time(s)  Ops          TPS(ops/s)   Net(M/s)   Get_miss   Min(us)  Max(us)    Avg(us)    Std_dev    Geo_dist  
Period   30       618683       20622        2.8        0          128      154882     3073       4090.25    1664.38
Global   30       618683       20622        2.8        0          128      154882     3073       4090.25    1664.38

Set Statistics
Type     Time(s)  Ops          TPS(ops/s)   Net(M/s)   Get_miss   Min(us)  Max(us)    Avg(us)    Std_dev    Geo_dist  
Period   30       6279         209          0.0        0          183      111927     3179       4446.11    1718.49
Global   30       6279         209          0.0        0          183      111927     3179       4446.11    1718.49

Total Statistics
Type     Time(s)  Ops          TPS(ops/s)   Net(M/s)   Get_miss   Min(us)  Max(us)    Avg(us)    Std_dev    Geo_dist  
Period   30       624964       20832        2.9        0          128      154882     3074       4094.02    1664.91
Global   30       624964       20832        2.9        0          128      154882     3074       4094.02    1664.91

Get Statistics (618750 events)
   Min:       128
   Max:    154882
   Avg:      3073
   Geo:   1664.42
   Std:   4090.24
   Log2 Dist:
       4:        0        0        0        1
       8:     1616    64208   206466   114881
      12:    71054   103043    51882     4688
      16:      735      172        4

Set Statistics (6279 events)
   Min:       183
   Max:    111927
   Avg:      3179
   Geo:   1718.49
   Std:   4446.11
   Log2 Dist:
       8:       18      583     2070     1216
      12:      737     1021      575       45
      16:       11        3

Total Statistics (625029 events)
   Min:       128
   Max:    154882
   Avg:      3074
   Geo:   1664.96
   Std:   4094.03
   Log2 Dist:
       4:        0        0        0        1
       8:     1634    64791   208536   116097
      12:    71791   104064    52457     4733
      16:      746      175        4

cmd_get: 618813
cmd_set: 6280
get_misses: 0
written_bytes: 14617140
read_bytes: 102143982
object_bytes: 904320

Run time: 30.2s Ops: 625093 TPS: 20704 Net_rate: 3.7M/s
