servers : 10.0.0.8:11212
threads count: 64
concurrency: 64
run time: 30s
windows size: 10k
set proportion: set_prop=0.01
get proportion: get_prop=0.99
[1;1H[2J
Get Statistics
Type     Time(s)  Ops          TPS(ops/s)   Net(M/s)   Get_miss   Min(us)  Max(us)    Avg(us)    Std_dev    Geo_dist  
Period   30       570840       19028        2.6        0          167      73149      3330       3206.28    2070.59
Global   30       570840       19028        2.6        0          167      73149      3330       3206.28    2070.56

Set Statistics
Type     Time(s)  Ops          TPS(ops/s)   Net(M/s)   Get_miss   Min(us)  Max(us)    Avg(us)    Std_dev    Geo_dist  
Period   30       5797         193          0.0        0          244      23365      3350       3126.76    2111.14
Global   30       5797         193          0.0        0          244      23365      3350       3126.76    2111.14

Total Statistics
Type     Time(s)  Ops          TPS(ops/s)   Net(M/s)   Get_miss   Min(us)  Max(us)    Avg(us)    Std_dev    Geo_dist  
Period   30       576639       19221        2.6        0          167      73149      3330       3205.68    2070.97
Global   30       576639       19221        2.6        0          167      73149      3330       3205.68    2070.97

Get Statistics (570907 events)
   Min:       167
   Max:     73149
   Avg:      3330
   Geo:   2070.68
   Std:   3208.24
   Log2 Dist:
       8:      165    15669   171410   142122
      12:    53231   143904    43857      395
      16:      149        5

Set Statistics (5797 events)
   Min:       244
   Max:     23365
   Avg:      3350
   Geo:   2111.14
   Std:   3126.76
   Log2 Dist:
       8:        2      156     1639     1474
      12:      605     1475      440        6

Total Statistics (576704 events)
   Min:       167
   Max:     73149
   Avg:      3330
   Geo:   2071.08
   Std:   3207.64
   Log2 Dist:
       8:      167    15825   173049   143596
      12:    53836   145379    44297      401
      16:      149        5

cmd_get: 570971
cmd_set: 5797
get_misses: 0
written_bytes: 13487474
read_bytes: 94246031
object_bytes: 834768

Run time: 30.1s Ops: 576768 TPS: 19148 Net_rate: 3.4M/s
