servers : 10.0.0.8:11212
threads count: 64
concurrency: 64
run time: 30s
windows size: 10k
set proportion: set_prop=0.01
get proportion: get_prop=0.99
[1;1H[2J
Get Statistics
Type     Time(s)  Ops          TPS(ops/s)   Net(M/s)   Get_miss   Min(us)  Max(us)    Avg(us)    Std_dev    Geo_dist  
Period   30       596533       19884        2.7        0          118      66735      3187       3086.30    1984.54
Global   30       596533       19884        2.7        0          118      66735      3187       3086.28    1984.51

Set Statistics
Type     Time(s)  Ops          TPS(ops/s)   Net(M/s)   Get_miss   Min(us)  Max(us)    Avg(us)    Std_dev    Geo_dist  
Period   30       6057         201          0.0        0          249      59829      3151       3087.40    1973.23
Global   30       6057         201          0.0        0          249      59829      3151       3087.40    1973.23

Total Statistics
Type     Time(s)  Ops          TPS(ops/s)   Net(M/s)   Get_miss   Min(us)  Max(us)    Avg(us)    Std_dev    Geo_dist  
Period   30       602592       20086        2.8        0          118      66735      3187       3085.94    1984.40
Global   30       602592       20086        2.8        0          118      66735      3187       3085.94    1984.40

Get Statistics (596600 events)
   Min:       118
   Max:     66735
   Avg:      3188
   Geo:   1984.80
   Std:   3086.30
   Log2 Dist:
       4:        0        0        0        1
       8:      261    21421   179975   150888
      12:    56774   147191    39806      216
      16:       49       18

Set Statistics (6057 events)
   Min:       249
   Max:     59829
   Avg:      3151
   Geo:   1973.23
   Std:   3087.40
   Log2 Dist:
       8:        2      217     1808     1561
      12:      613     1470      383        2
      16:        1

Total Statistics (602657 events)
   Min:       118
   Max:     66735
   Avg:      3187
   Geo:   1984.68
   Std:   3086.96
   Log2 Dist:
       4:        0        0        0        1
       8:      263    21638   181783   152449
      12:    57387   148661    40189      218
      16:       50       18

cmd_get: 596663
cmd_set: 6058
get_misses: 0
written_bytes: 14094320
read_bytes: 98487456
object_bytes: 872352

Run time: 30.1s Ops: 602721 TPS: 20010 Net_rate: 3.6M/s
