servers : 10.0.0.8:11212
threads count: 64
concurrency: 64
run time: 30s
windows size: 10k
set proportion: set_prop=0.01
get proportion: get_prop=0.99
[1;1H[2J
Get Statistics
Type     Time(s)  Ops          TPS(ops/s)   Net(M/s)   Get_miss   Min(us)  Max(us)    Avg(us)    Std_dev    Geo_dist  
Period   30       572966       19098        2.6        0          171      93180      3319       3367.53    2094.89
Global   30       572966       19098        2.6        0          171      93180      3319       3367.53    2094.89

Set Statistics
Type     Time(s)  Ops          TPS(ops/s)   Net(M/s)   Get_miss   Min(us)  Max(us)    Avg(us)    Std_dev    Geo_dist  
Period   30       5817         193          0.0        0          229      92661      3413       3523.64    2144.61
Global   30       5817         193          0.0        0          229      92661      3413       3523.64    2144.61

Total Statistics
Type     Time(s)  Ops          TPS(ops/s)   Net(M/s)   Get_miss   Min(us)  Max(us)    Avg(us)    Std_dev    Geo_dist  
Period   30       578783       19292        2.6        0          171      93180      3320       3369.09    2095.38
Global   30       578783       19292        2.6        0          171      93180      3320       3369.09    2095.38

Get Statistics (573028 events)
   Min:       171
   Max:     93180
   Avg:      3320
   Geo:   2094.99
   Std:   3367.47
   Log2 Dist:
       8:      128    12670   161049   156398
      12:    59222   141062    41640      430
      16:      370       59

Set Statistics (5819 events)
   Min:       229
   Max:     92661
   Avg:      3414
   Geo:   2144.90
   Std:   3525.71
   Log2 Dist:
       8:        2      130     1575     1593
      12:      590     1492      424        7
      16:        5        1

Total Statistics (578847 events)
   Min:       171
   Max:     93180
   Avg:      3321
   Geo:   2095.49
   Std:   3369.06
   Log2 Dist:
       8:      130    12800   162624   157991
      12:    59812   142554    42064      437
      16:      375       60

cmd_get: 573092
cmd_set: 5819
get_misses: 0
written_bytes: 13537656
read_bytes: 94596172
object_bytes: 837936

Run time: 30.1s Ops: 578911 TPS: 19220 Net_rate: 3.4M/s
