servers : 10.0.0.8:11212
threads count: 64
concurrency: 64
run time: 30s
windows size: 10k
set proportion: set_prop=0.01
get proportion: get_prop=0.99
[1;1H[2J
Get Statistics
Type     Time(s)  Ops          TPS(ops/s)   Net(M/s)   Get_miss   Min(us)  Max(us)    Avg(us)    Std_dev    Geo_dist  
Period   30       598322       19944        2.7        0          153      222815     3176       3255.73    1941.93
Global   30       598322       19944        2.7        0          153      222815     3176       3255.73    1941.93

Set Statistics
Type     Time(s)  Ops          TPS(ops/s)   Net(M/s)   Get_miss   Min(us)  Max(us)    Avg(us)    Std_dev    Geo_dist  
Period   30       6075         202          0.0        0          183      61223      3248       3380.73    1983.30
Global   30       6075         202          0.0        0          183      61223      3248       3380.73    1983.30

Total Statistics
Type     Time(s)  Ops          TPS(ops/s)   Net(M/s)   Get_miss   Min(us)  Max(us)    Avg(us)    Std_dev    Geo_dist  
Period   30       604397       20146        2.8        0          153      222815     3177       3256.74    1942.34
Global   30       604397       20146        2.8        0          153      222815     3177       3256.74    1942.34

Get Statistics (598386 events)
   Min:       153
   Max:    222815
   Avg:      3176
   Geo:   1942.20
   Std:   3256.30
   Log2 Dist:
       8:      869    27163   179565   149750
      12:    56818   142226    41086      671
      16:      217       19        2

Set Statistics (6075 events)
   Min:       183
   Max:     61223
   Avg:      3248
   Geo:   1983.30
   Std:   3380.73
   Log2 Dist:
       8:        6      265     1804     1482
      12:      590     1506      408        9
      16:        5

Total Statistics (604461 events)
   Min:       153
   Max:    222815
   Avg:      3177
   Geo:   1942.61
   Std:   3257.31
   Log2 Dist:
       8:      875    27428   181369   151232
      12:    57408   143732    41494      680
      16:      222       19        2

cmd_get: 598450
cmd_set: 6075
get_misses: 0
written_bytes: 14136492
read_bytes: 98782290
object_bytes: 874800

Run time: 30.1s Ops: 604525 TPS: 20071 Net_rate: 3.6M/s
