servers : 10.0.0.8:11212
threads count: 64
concurrency: 64
run time: 30s
windows size: 10k
set proportion: set_prop=0.01
get proportion: get_prop=0.99
[1;1H[2J
Get Statistics
Type     Time(s)  Ops          TPS(ops/s)   Net(M/s)   Get_miss   Min(us)  Max(us)    Avg(us)    Std_dev    Geo_dist  
Period   30       540206       18006        2.5        0          167      200439     3523       4105.49    2142.78
Global   30       540206       18006        2.5        0          167      200439     3523       4105.49    2142.78

Set Statistics
Type     Time(s)  Ops          TPS(ops/s)   Net(M/s)   Get_miss   Min(us)  Max(us)    Avg(us)    Std_dev    Geo_dist  
Period   30       5491         183          0.0        0          255      107485     3574       3592.30    2194.80
Global   30       5491         183          0.0        0          255      107485     3574       3592.30    2194.80

Total Statistics
Type     Time(s)  Ops          TPS(ops/s)   Net(M/s)   Get_miss   Min(us)  Max(us)    Avg(us)    Std_dev    Geo_dist  
Period   30       545697       18189        2.5        0          167      200439     3524       4100.23    2143.30
Global   30       545697       18189        2.5        0          167      200439     3524       4100.23    2143.30

Get Statistics (540270 events)
   Min:       167
   Max:    200439
   Avg:      3525
   Geo:   2143.31
   Std:   4107.79
   Log2 Dist:
       8:      206    16428   159989   124319
      12:    51496   135742    51351      592
      16:       11       71       65

Set Statistics (5491 events)
   Min:       255
   Max:    107485
   Avg:      3574
   Geo:   2194.80
   Std:   3592.30
   Log2 Dist:
       8:        1      145     1622     1234
      12:      525     1436      522        5
      16:        0        1

Total Statistics (545761 events)
   Min:       167
   Max:    200439
   Avg:      3526
   Geo:   2143.82
   Std:   4102.49
   Log2 Dist:
       8:      207    16573   161611   125553
      12:    52021   137178    51873      597
      16:       11       72       65

cmd_get: 540332
cmd_set: 5493
get_misses: 0
written_bytes: 12764500
read_bytes: 89188478
object_bytes: 790992

Run time: 30.1s Ops: 545825 TPS: 18122 Net_rate: 3.2M/s
