servers : 10.0.0.8:11212
threads count: 64
concurrency: 64
run time: 30s
windows size: 10k
set proportion: set_prop=0.01
get proportion: get_prop=0.99
[1;1H[2J
Get Statistics
Type     Time(s)  Ops          TPS(ops/s)   Net(M/s)   Get_miss   Min(us)  Max(us)    Avg(us)    Std_dev    Geo_dist  
Period   30       590437       19681        2.7        0          154      41938      3222       3092.93    1998.06
Global   30       590437       19681        2.7        0          154      41938      3222       3092.93    1998.06

Set Statistics
Type     Time(s)  Ops          TPS(ops/s)   Net(M/s)   Get_miss   Min(us)  Max(us)    Avg(us)    Std_dev    Geo_dist  
Period   30       5997         199          0.0        0          218      28467      3168       3028.40    1977.72
Global   30       5997         199          0.0        0          218      28467      3168       3028.40    1977.72

Total Statistics
Type     Time(s)  Ops          TPS(ops/s)   Net(M/s)   Get_miss   Min(us)  Max(us)    Avg(us)    Std_dev    Geo_dist  
Period   30       596434       19881        2.7        0          154      41938      3221       3092.76    1997.86
Global   30       596434       19881        2.7        0          154      41938      3221       3092.76    1997.86

Get Statistics (590501 events)
   Min:       154
   Max:     41938
   Avg:      3222
   Geo:   1998.39
   Std:   3094.44
   Log2 Dist:
       8:      239    20610   179313   146018
      12:    58088   142809    42912      503
      16:        9

Set Statistics (5997 events)
   Min:       218
   Max:     28467
   Avg:      3168
   Geo:   1977.72
   Std:   3028.40
   Log2 Dist:
       8:        3      212     1849     1449
      12:      591     1462      428        3

Total Statistics (596498 events)
   Min:       154
   Max:     41938
   Avg:      3222
   Geo:   1998.18
   Std:   3093.22
   Log2 Dist:
       8:      242    20822   181162   147467
      12:    58679   144271    43340      506
      16:        9

cmd_get: 590565
cmd_set: 5997
get_misses: 0
written_bytes: 13950542
read_bytes: 97480641
object_bytes: 863568

Run time: 30.1s Ops: 596562 TPS: 19807 Net_rate: 3.5M/s
