servers : 10.0.0.8:11212
threads count: 64
concurrency: 64
run time: 30s
windows size: 10k
set proportion: set_prop=0.01
get proportion: get_prop=0.99
[1;1H[2J
Get Statistics
Type     Time(s)  Ops          TPS(ops/s)   Net(M/s)   Get_miss   Min(us)  Max(us)    Avg(us)    Std_dev    Geo_dist  
Period   30       672538       22417        3.1        0          132      140342     2819       3320.48    1682.26
Global   30       672538       22417        3.1        0          132      140342     2819       3320.48    1682.26

Set Statistics
Type     Time(s)  Ops          TPS(ops/s)   Net(M/s)   Get_miss   Min(us)  Max(us)    Avg(us)    Std_dev    Geo_dist  
Period   30       6826         227          0.0        0          178      105145     2807       3224.65    1685.01
Global   30       6826         227          0.0        0          178      105145     2807       3224.65    1685.01

Total Statistics
Type     Time(s)  Ops          TPS(ops/s)   Net(M/s)   Get_miss   Min(us)  Max(us)    Avg(us)    Std_dev    Geo_dist  
Period   30       679364       22645        3.1        0          132      140342     2819       3319.43    1682.28
Global   30       679364       22645        3.1        0          132      140342     2819       3319.43    1682.28

Get Statistics (672602 events)
   Min:       132
   Max:    140342
   Avg:      2819
   Geo:   1682.46
   Std:   3320.81
   Log2 Dist:
       8:      657    47405   229934   148087
      12:    80972   122781    41108     1498
      16:       95       10       55

Set Statistics (6826 events)
   Min:       178
   Max:    105145
   Avg:      2807
   Geo:   1685.01
   Std:   3224.65
   Log2 Dist:
       8:        9      461     2334     1499
      12:      866     1238      407       11
      16:        0        1

Total Statistics (679428 events)
   Min:       132
   Max:    140342
   Avg:      2819
   Geo:   1682.49
   Std:   3319.76
   Log2 Dist:
       8:      666    47866   232268   149586
      12:    81838   124019    41515     1509
      16:       95       11       55

cmd_get: 672666
cmd_set: 6826
get_misses: 0
written_bytes: 15889404
read_bytes: 111033938
object_bytes: 982944

Run time: 30.1s Ops: 679492 TPS: 22558 Net_rate: 4.0M/s
