servers : 10.0.0.8:11212
threads count: 64
concurrency: 64
run time: 30s
windows size: 10k
set proportion: set_prop=0.01
get proportion: get_prop=0.99
[1;1H[2J
Get Statistics
Type     Time(s)  Ops          TPS(ops/s)   Net(M/s)   Get_miss   Min(us)  Max(us)    Avg(us)    Std_dev    Geo_dist  
Period   30       529785       17659        2.4        0          163      113063     3590       3553.77    2137.14
Global   30       529785       17659        2.4        0          163      113063     3590       3553.77    2137.14

Set Statistics
Type     Time(s)  Ops          TPS(ops/s)   Net(M/s)   Get_miss   Min(us)  Max(us)    Avg(us)    Std_dev    Geo_dist  
Period   30       5380         179          0.0        0          195      28922      3672       3562.70    2187.78
Global   30       5380         179          0.0        0          195      28922      3672       3562.70    2187.78

Total Statistics
Type     Time(s)  Ops          TPS(ops/s)   Net(M/s)   Get_miss   Min(us)  Max(us)    Avg(us)    Std_dev    Geo_dist  
Period   30       535165       17838        2.4        0          163      113063     3590       3554.70    2137.64
Global   30       535165       17838        2.4        0          163      113063     3590       3554.70    2137.64

Get Statistics (529849 events)
   Min:       163
   Max:    113063
   Avg:      3590
   Geo:   2137.53
   Std:   3554.99
   Log2 Dist:
       8:      277    21852   159614   108528
      12:    54502   123965    59425     1596
      16:       86        4

Set Statistics (5380 events)
   Min:       195
   Max:     28922
   Avg:      3672
   Geo:   2187.78
   Std:   3562.70
   Log2 Dist:
       8:        3      217     1569     1138
      12:      518     1245      671       19

Total Statistics (535229 events)
   Min:       163
   Max:    113063
   Avg:      3591
   Geo:   2138.03
   Std:   3554.89
   Log2 Dist:
       8:      280    22069   161183   109666
      12:    55020   125210    60096     1615
      16:       86        4

cmd_get: 529913
cmd_set: 5380
get_misses: 0
written_bytes: 12517478
read_bytes: 87468125
object_bytes: 774720

Run time: 30.1s Ops: 535293 TPS: 17772 Net_rate: 3.2M/s
