servers : 10.0.0.8:11212
threads count: 64
concurrency: 64
run time: 30s
windows size: 10k
set proportion: set_prop=0.01
get proportion: get_prop=0.99
[1;1H[2J
Get Statistics
Type     Time(s)  Ops          TPS(ops/s)   Net(M/s)   Get_miss   Min(us)  Max(us)    Avg(us)    Std_dev    Geo_dist  
Period   30       583943       19464        2.7        0          177      299405     3257       4330.33    2030.65
Global   30       583943       19464        2.7        0          177      299405     3257       4330.33    2030.65

Set Statistics
Type     Time(s)  Ops          TPS(ops/s)   Net(M/s)   Get_miss   Min(us)  Max(us)    Avg(us)    Std_dev    Geo_dist  
Period   30       5933         197          0.0        0          250      299323     3325       6277.03    2024.86
Global   30       5933         197          0.0        0          250      299323     3325       6277.03    2024.86

Total Statistics
Type     Time(s)  Ops          TPS(ops/s)   Net(M/s)   Get_miss   Min(us)  Max(us)    Avg(us)    Std_dev    Geo_dist  
Period   30       589876       19662        2.7        0          177      299405     3257       4354.75    2030.59
Global   30       589876       19662        2.7        0          177      299405     3257       4354.75    2030.59

Get Statistics (584005 events)
   Min:       177
   Max:    299405
   Avg:      3257
   Geo:   2030.98
   Std:   4331.06
   Log2 Dist:
       8:      160    15150   178825   146059
      12:    54180   152041    36990      404
      16:       70       64        6       56

Set Statistics (5935 events)
   Min:       250
   Max:    299323
   Avg:      3327
   Geo:   2025.91
   Std:   6277.00
   Log2 Dist:
       8:        1      161     1808     1517
      12:      563     1457      420        5
      16:        0        1        0        2

Total Statistics (589940 events)
   Min:       177
   Max:    299405
   Avg:      3258
   Geo:   2030.93
   Std:   4354.74
   Log2 Dist:
       8:      161    15311   180633   147576
      12:    54743   153498    37410      409
      16:       70       65        6       58

cmd_get: 584067
cmd_set: 5937
get_misses: 0
written_bytes: 13797710
read_bytes: 96408305
object_bytes: 854928

Run time: 30.1s Ops: 590004 TPS: 19588 Net_rate: 3.5M/s
