servers : 10.0.0.8:11212
threads count: 64
concurrency: 64
run time: 30s
windows size: 10k
set proportion: set_prop=0.01
get proportion: get_prop=0.99
[1;1H[2J
Get Statistics
Type     Time(s)  Ops          TPS(ops/s)   Net(M/s)   Get_miss   Min(us)  Max(us)    Avg(us)    Std_dev    Geo_dist  
Period   30       564245       18808        2.6        0          167      83969      3376       3306.36    2065.65
Global   30       564245       18808        2.6        0          167      83969      3376       3306.36    2065.65

Set Statistics
Type     Time(s)  Ops          TPS(ops/s)   Net(M/s)   Get_miss   Min(us)  Max(us)    Avg(us)    Std_dev    Geo_dist  
Period   30       5733         191          0.0        0          189      24922      3390       3223.20    2087.25
Global   30       5733         191          0.0        0          189      24922      3390       3223.20    2087.25

Total Statistics
Type     Time(s)  Ops          TPS(ops/s)   Net(M/s)   Get_miss   Min(us)  Max(us)    Avg(us)    Std_dev    Geo_dist  
Period   30       569980       18999        2.6        0          167      83969      3377       3304.66    2065.88
Global   30       569980       18999        2.6        0          167      83969      3377       3304.66    2065.88

Get Statistics (564310 events)
   Min:       167
   Max:     83969
   Avg:      3377
   Geo:   2065.79
   Std:   3305.49
   Log2 Dist:
       8:      239    19721   171006   131447
      12:    52830   140816    47442      687
      16:      116        6

Set Statistics (5735 events)
   Min:       189
   Max:     24922
   Avg:      3391
   Geo:   2088.17
   Std:   3223.96
   Log2 Dist:
       8:        2      186     1723     1349
      12:      527     1447      496        5

Total Statistics (570045 events)
   Min:       167
   Max:     83969
   Avg:      3377
   Geo:   2066.02
   Std:   3304.82
   Log2 Dist:
       8:      241    19907   172729   132796
      12:    53357   142263    47938      692
      16:      116        6

cmd_get: 564373
cmd_set: 5736
get_misses: 0
written_bytes: 13332420
read_bytes: 93157030
object_bytes: 825984

Run time: 30.2s Ops: 570109 TPS: 18893 Net_rate: 3.4M/s
