servers : 10.0.0.8:11212
threads count: 64
concurrency: 64
run time: 30s
windows size: 10k
set proportion: set_prop=0.01
get proportion: get_prop=0.99
[1;1H[2J
Get Statistics
Type     Time(s)  Ops          TPS(ops/s)   Net(M/s)   Get_miss   Min(us)  Max(us)    Avg(us)    Std_dev    Geo_dist  
Period   30       550552       18351        2.5        0          177      98277      3457       3461.74    2127.57
Global   30       550552       18351        2.5        0          177      98277      3457       3461.74    2127.57

Set Statistics
Type     Time(s)  Ops          TPS(ops/s)   Net(M/s)   Get_miss   Min(us)  Max(us)    Avg(us)    Std_dev    Geo_dist  
Period   30       5591         186          0.0        0          260      97885      3451       3511.60    2131.00
Global   30       5591         186          0.0        0          260      97885      3451       3511.60    2131.00

Total Statistics
Type     Time(s)  Ops          TPS(ops/s)   Net(M/s)   Get_miss   Min(us)  Max(us)    Avg(us)    Std_dev    Geo_dist  
Period   30       556143       18538        2.5        0          177      98277      3457       3462.18    2127.61
Global   30       556143       18538        2.5        0          177      98277      3457       3462.18    2127.61

Get Statistics (550615 events)
   Min:       177
   Max:     98277
   Avg:      3457
   Geo:   2127.62
   Std:   3461.46
   Log2 Dist:
       8:      187    14898   161673   134562
      12:    51383   138431    48689      567
      16:      162       63

Set Statistics (5592 events)
   Min:       260
   Max:     97885
   Avg:      3451
   Geo:   2131.07
   Std:   3511.14
   Log2 Dist:
       8:        0      155     1623     1372
      12:      553     1411      469        7
      16:        1        1

Total Statistics (556207 events)
   Min:       177
   Max:     98277
   Avg:      3457
   Geo:   2127.66
   Std:   3461.90
   Log2 Dist:
       8:      187    15053   163296   135934
      12:    51936   139842    49158      574
      16:      163       64

cmd_get: 550676
cmd_set: 5595
get_misses: 0
written_bytes: 13008250
read_bytes: 90896211
object_bytes: 805680

Run time: 30.1s Ops: 556271 TPS: 18467 Net_rate: 3.3M/s
