servers : 10.0.0.8:11212
threads count: 64
concurrency: 64
run time: 30s
windows size: 10k
set proportion: set_prop=0.01
get proportion: get_prop=0.99
[1;1H[2J
Get Statistics
Type     Time(s)  Ops          TPS(ops/s)   Net(M/s)   Get_miss   Min(us)  Max(us)    Avg(us)    Std_dev    Geo_dist  
Period   30       550953       18365        2.5        0          151      87623      3461       3471.16    2086.85
Global   30       550953       18365        2.5        0          151      87623      3461       3471.16    2086.83

Set Statistics
Type     Time(s)  Ops          TPS(ops/s)   Net(M/s)   Get_miss   Min(us)  Max(us)    Avg(us)    Std_dev    Geo_dist  
Period   30       5596         186          0.0        0          214      43738      3558       3493.79    2141.15
Global   30       5596         186          0.0        0          214      43738      3558       3493.79    2141.15

Total Statistics
Type     Time(s)  Ops          TPS(ops/s)   Net(M/s)   Get_miss   Min(us)  Max(us)    Avg(us)    Std_dev    Geo_dist  
Period   30       556552       18551        2.5        0          151      87623      3462       3471.35    2087.35
Global   30       556552       18551        2.5        0          151      87623      3462       3471.35    2087.35

Get Statistics (551019 events)
   Min:       151
   Max:     87623
   Avg:      3461
   Geo:   2086.90
   Std:   3471.45
   Log2 Dist:
       8:      361    25791   159909   118462
      12:    58433   135864    50662     1346
      16:      167       24

Set Statistics (5597 events)
   Min:       214
   Max:     43738
   Avg:      3558
   Geo:   2140.92
   Std:   3493.19
   Log2 Dist:
       8:        2      237     1685     1121
      12:      585     1389      568        8
      16:        2

Total Statistics (556616 events)
   Min:       151
   Max:     87623
   Avg:      3462
   Geo:   2087.44
   Std:   3471.66
   Log2 Dist:
       8:      363    26028   161594   119583
      12:    59018   137253    51230     1354
      16:      169       24

cmd_get: 551081
cmd_set: 5599
get_misses: 0
written_bytes: 13017938
read_bytes: 90962911
object_bytes: 806256

Run time: 30.2s Ops: 556680 TPS: 18419 Net_rate: 3.3M/s
