servers : 10.0.0.8:11212
threads count: 64
concurrency: 64
run time: 30s
windows size: 10k
set proportion: set_prop=0.01
get proportion: get_prop=0.99
[1;1H[2J
Get Statistics
Type     Time(s)  Ops          TPS(ops/s)   Net(M/s)   Get_miss   Min(us)  Max(us)    Avg(us)    Std_dev    Geo_dist  
Period   30       658719       21957        3.0        0          148      90481      2884       3344.17    1650.84
Global   30       658719       21957        3.0        0          148      90481      2884       3344.17    1650.84

Set Statistics
Type     Time(s)  Ops          TPS(ops/s)   Net(M/s)   Get_miss   Min(us)  Max(us)    Avg(us)    Std_dev    Geo_dist  
Period   30       6684         222          0.0        0          172      33909      3003       3490.30    1701.16
Global   30       6684         222          0.0        0          172      33909      3003       3490.30    1701.16

Total Statistics
Type     Time(s)  Ops          TPS(ops/s)   Net(M/s)   Get_miss   Min(us)  Max(us)    Avg(us)    Std_dev    Geo_dist  
Period   30       665403       22180        3.0        0          148      90481      2885       3345.86    1651.34
Global   30       665403       22180        3.0        0          148      90481      2885       3345.86    1651.34

Get Statistics (658782 events)
   Min:       148
   Max:     90481
   Avg:      2884
   Geo:   1651.12
   Std:   3345.75
   Log2 Dist:
       8:      734    55929   233513   128332
      12:    73069   117382    46978     2658
      16:      169       18

Set Statistics (6685 events)
   Min:       172
   Max:     33909
   Avg:      3004
   Geo:   1701.46
   Std:   3489.61
   Log2 Dist:
       8:        8      539     2365     1259
      12:      728     1234      507       44
      16:        1

Total Statistics (665467 events)
   Min:       148
   Max:     90481
   Avg:      2886
   Geo:   1651.62
   Std:   3346.56
   Log2 Dist:
       8:      742    56468   235878   129591
      12:    73797   118616    47485     2702
      16:      170       18

cmd_get: 658845
cmd_set: 6686
get_misses: 0
written_bytes: 15562804
read_bytes: 108752510
object_bytes: 962784

Run time: 30.2s Ops: 665531 TPS: 22045 Net_rate: 3.9M/s
