servers : 10.0.0.8:11212
threads count: 64
concurrency: 64
run time: 30s
windows size: 10k
set proportion: set_prop=0.01
get proportion: get_prop=0.99
[1;1H[2J
Get Statistics
Type     Time(s)  Ops          TPS(ops/s)   Net(M/s)   Get_miss   Min(us)  Max(us)    Avg(us)    Std_dev    Geo_dist  
Period   30       524918       17497        2.4        0          157      65095      3628       3684.87    2166.34
Global   30       524918       17497        2.4        0          157      65095      3628       3684.87    2166.34

Set Statistics
Type     Time(s)  Ops          TPS(ops/s)   Net(M/s)   Get_miss   Min(us)  Max(us)    Avg(us)    Std_dev    Geo_dist  
Period   30       5336         177          0.0        0          259      63365      3624       3746.94    2177.21
Global   30       5336         177          0.0        0          259      63365      3624       3746.94    2177.21

Total Statistics
Type     Time(s)  Ops          TPS(ops/s)   Net(M/s)   Get_miss   Min(us)  Max(us)    Avg(us)    Std_dev    Geo_dist  
Period   30       530254       17675        2.4        0          157      65095      3628       3685.46    2166.45
Global   30       530254       17675        2.4        0          157      65095      3628       3685.46    2166.45

Get Statistics (524982 events)
   Min:       157
   Max:     65095
   Avg:      3629
   Geo:   2166.80
   Std:   3686.48
   Log2 Dist:
       8:      172    19228   159520   104015
      12:    56165   126714    57454     1384
      16:      330

Set Statistics (5336 events)
   Min:       259
   Max:     63365
   Avg:      3624
   Geo:   2177.21
   Std:   3746.94
   Log2 Dist:
       8:        0      184     1608     1063
      12:      597     1300      565       15
      16:        4

Total Statistics (530318 events)
   Min:       157
   Max:     65095
   Avg:      3629
   Geo:   2166.90
   Std:   3687.04
   Log2 Dist:
       8:      172    19412   161128   105078
      12:    56762   128014    58019     1399
      16:      334

cmd_get: 525046
cmd_set: 5336
get_misses: 0
written_bytes: 12403364
read_bytes: 86664718
object_bytes: 768384

Run time: 30.1s Ops: 530382 TPS: 17600 Net_rate: 3.1M/s
