servers : 10.0.0.8:11212
threads count: 64
concurrency: 64
run time: 30s
windows size: 10k
set proportion: set_prop=0.01
get proportion: get_prop=0.99
[1;1H[2J
Get Statistics
Type     Time(s)  Ops          TPS(ops/s)   Net(M/s)   Get_miss   Min(us)  Max(us)    Avg(us)    Std_dev    Geo_dist  
Period   30       545940       18198        2.5        0          176      167684     3487       4050.18    2150.22
Global   30       545940       18198        2.5        0          176      167684     3487       4050.18    2150.22

Set Statistics
Type     Time(s)  Ops          TPS(ops/s)   Net(M/s)   Get_miss   Min(us)  Max(us)    Avg(us)    Std_dev    Geo_dist  
Period   30       5545         184          0.0        0          213      165052     3569       4508.26    2188.21
Global   30       5545         184          0.0        0          213      165052     3569       4508.26    2188.21

Total Statistics
Type     Time(s)  Ops          TPS(ops/s)   Net(M/s)   Get_miss   Min(us)  Max(us)    Avg(us)    Std_dev    Geo_dist  
Period   30       551485       18382        2.5        0          176      167684     3488       4054.89    2150.60
Global   30       551485       18382        2.5        0          176      167684     3488       4054.89    2150.60

Get Statistics (546003 events)
   Min:       176
   Max:    167684
   Avg:      3488
   Geo:   2150.54
   Std:   4049.83
   Log2 Dist:
       8:      208    16918   154114   129961
      12:    55713   144584    43584      705
      16:       27      126       63

Set Statistics (5546 events)
   Min:       213
   Max:    165052
   Avg:      3569
   Geo:   2188.69
   Std:   4508.69
   Log2 Dist:
       8:        1      157     1559     1307
      12:      551     1509      456        2
      16:        1        2        1

Total Statistics (551549 events)
   Min:       176
   Max:    167684
   Avg:      3488
   Geo:   2150.92
   Std:   4055.41
   Log2 Dist:
       8:      209    17075   155673   131268
      12:    56264   146093    44040      707
      16:       28      128       64

cmd_get: 546066
cmd_set: 5547
get_misses: 0
written_bytes: 12899426
read_bytes: 90134863
object_bytes: 798768

Run time: 30.1s Ops: 551613 TPS: 18296 Net_rate: 3.3M/s
