servers : 10.0.0.8:11212
threads count: 64
concurrency: 64
run time: 30s
windows size: 10k
set proportion: set_prop=0.01
get proportion: get_prop=0.99
[1;1H[2J
Get Statistics
Type     Time(s)  Ops          TPS(ops/s)   Net(M/s)   Get_miss   Min(us)  Max(us)    Avg(us)    Std_dev    Geo_dist  
Period   30       588741       19624        2.7        0          147      57443      3232       3216.51    1977.13
Global   30       588741       19624        2.7        0          147      57443      3232       3216.51    1977.13

Set Statistics
Type     Time(s)  Ops          TPS(ops/s)   Net(M/s)   Get_miss   Min(us)  Max(us)    Avg(us)    Std_dev    Geo_dist  
Period   30       5980         199          0.0        0          226      26340      3260       3178.83    1998.45
Global   30       5980         199          0.0        0          226      26340      3260       3178.83    1998.45

Total Statistics
Type     Time(s)  Ops          TPS(ops/s)   Net(M/s)   Get_miss   Min(us)  Max(us)    Avg(us)    Std_dev    Geo_dist  
Period   30       594723       19824        2.7        0          147      57443      3232       3216.40    1977.34
Global   30       594723       19824        2.7        0          147      57443      3232       3216.40    1977.34

Get Statistics (588807 events)
   Min:       147
   Max:     57443
   Avg:      3232
   Geo:   1977.28
   Std:   3217.57
   Log2 Dist:
       8:      452    24716   179653   138592
      12:    60222   140334    44130      581
      16:      127

Set Statistics (5980 events)
   Min:       226
   Max:     26340
   Avg:      3260
   Geo:   1998.45
   Std:   3178.83
   Log2 Dist:
       8:        7      226     1833     1412
      12:      597     1426      468       11

Total Statistics (594787 events)
   Min:       147
   Max:     57443
   Avg:      3232
   Geo:   1977.49
   Std:   3217.46
   Log2 Dist:
       8:      459    24942   181486   140004
      12:    60819   141760    44598      592
      16:      127

cmd_get: 588871
cmd_set: 5980
get_misses: 0
written_bytes: 13910554
read_bytes: 97200995
object_bytes: 861120

Run time: 30.1s Ops: 594851 TPS: 19739 Net_rate: 3.5M/s
