servers : 10.0.0.8:11212
threads count: 64
concurrency: 64
run time: 30s
windows size: 10k
set proportion: set_prop=0.01
get proportion: get_prop=0.99
[1;1H[2J
Get Statistics
Type     Time(s)  Ops          TPS(ops/s)   Net(M/s)   Get_miss   Min(us)  Max(us)    Avg(us)    Std_dev    Geo_dist  
Period   30       546852       18228        2.5        0          171      65037      3475       3475.68    2069.32
Global   30       546852       18228        2.5        0          171      65037      3475       3475.66    2069.29

Set Statistics
Type     Time(s)  Ops          TPS(ops/s)   Net(M/s)   Get_miss   Min(us)  Max(us)    Avg(us)    Std_dev    Geo_dist  
Period   30       5557         185          0.0        0          221      46759      3573       3508.59    2141.30
Global   30       5557         185          0.0        0          221      46759      3573       3508.59    2141.30

Total Statistics
Type     Time(s)  Ops          TPS(ops/s)   Net(M/s)   Get_miss   Min(us)  Max(us)    Avg(us)    Std_dev    Geo_dist  
Period   30       552412       18413        2.5        0          171      65037      3476       3476.02    2070.01
Global   30       552412       18413        2.5        0          171      65037      3476       3476.02    2070.01

Get Statistics (546919 events)
   Min:       171
   Max:     65037
   Avg:      3475
   Geo:   2069.32
   Std:   3476.42
   Log2 Dist:
       8:      320    26164   164437   114094
      12:    57912   125586    56799     1491
      16:      116

Set Statistics (5557 events)
   Min:       221
   Max:     46759
   Avg:      3573
   Geo:   2141.30
   Std:   3508.59
   Log2 Dist:
       8:        3      241     1643     1109
      12:      615     1325      605       14
      16:        2

Total Statistics (552476 events)
   Min:       171
   Max:     65037
   Avg:      3476
   Geo:   2070.03
   Std:   3476.74
   Log2 Dist:
       8:      323    26405   166080   115203
      12:    58527   126911    57404     1505
      16:      118

cmd_get: 546982
cmd_set: 5558
get_misses: 0
written_bytes: 12921338
read_bytes: 90286091
object_bytes: 800352

Run time: 30.1s Ops: 552540 TPS: 18339 Net_rate: 3.3M/s
