servers : 10.0.0.8:11212
threads count: 64
concurrency: 64
run time: 30s
windows size: 10k
set proportion: set_prop=0.01
get proportion: get_prop=0.99
[1;1H[2J
Get Statistics
Type     Time(s)  Ops          TPS(ops/s)   Net(M/s)   Get_miss   Min(us)  Max(us)    Avg(us)    Std_dev    Geo_dist  
Period   30       529756       17658        2.4        0          168      74861      3590       3567.45    2136.32
Global   30       529756       17658        2.4        0          168      74861      3590       3567.45    2136.29

Set Statistics
Type     Time(s)  Ops          TPS(ops/s)   Net(M/s)   Get_miss   Min(us)  Max(us)    Avg(us)    Std_dev    Geo_dist  
Period   30       5380         179          0.0        0          231      59435      3631       3559.57    2177.35
Global   30       5380         179          0.0        0          231      59435      3631       3559.57    2177.35

Total Statistics
Type     Time(s)  Ops          TPS(ops/s)   Net(M/s)   Get_miss   Min(us)  Max(us)    Avg(us)    Std_dev    Geo_dist  
Period   30       535139       17837        2.4        0          168      74861      3591       3566.76    2136.69
Global   30       535139       17837        2.4        0          168      74861      3591       3566.76    2136.69

Get Statistics (529822 events)
   Min:       168
   Max:     74861
   Avg:      3592
   Geo:   2136.64
   Std:   3580.39
   Log2 Dist:
       8:      314    22802   158381   107424
      12:    54102   127448    57892     1316
      16:      137        6

Set Statistics (5380 events)
   Min:       231
   Max:     59435
   Avg:      3631
   Geo:   2177.35
   Std:   3559.57
   Log2 Dist:
       8:        5      226     1572     1065
      12:      578     1353      568       12
      16:        1

Total Statistics (535202 events)
   Min:       168
   Max:     74861
   Avg:      3592
   Geo:   2137.05
   Std:   3580.58
   Log2 Dist:
       8:      319    23028   159953   108489
      12:    54680   128801    58460     1328
      16:      138        6

cmd_get: 529886
cmd_set: 5380
get_misses: 0
written_bytes: 12516884
read_bytes: 87463670
object_bytes: 774720

Run time: 30.1s Ops: 535266 TPS: 17768 Net_rate: 3.2M/s
