servers : 10.0.0.8:11212
threads count: 64
concurrency: 64
run time: 30s
windows size: 10k
set proportion: set_prop=0.01
get proportion: get_prop=0.99
[1;1H[2J
Get Statistics
Type     Time(s)  Ops          TPS(ops/s)   Net(M/s)   Get_miss   Min(us)  Max(us)    Avg(us)    Std_dev    Geo_dist  
Period   30       562661       18755        2.6        0          141      119410     3381       3822.93    1993.34
Global   30       562661       18755        2.6        0          141      119410     3381       3822.93    1993.34

Set Statistics
Type     Time(s)  Ops          TPS(ops/s)   Net(M/s)   Get_miss   Min(us)  Max(us)    Avg(us)    Std_dev    Geo_dist  
Period   30       5714         190          0.0        0          170      61009      3436       3624.95    2040.81
Global   30       5714         190          0.0        0          170      61009      3436       3624.95    2040.81

Total Statistics
Type     Time(s)  Ops          TPS(ops/s)   Net(M/s)   Get_miss   Min(us)  Max(us)    Avg(us)    Std_dev    Geo_dist  
Period   30       568377       18945        2.6        0          141      119410     3382       3820.59    1993.81
Global   30       568377       18945        2.6        0          141      119410     3382       3820.59    1993.81

Get Statistics (562726 events)
   Min:       141
   Max:    119410
   Avg:      3382
   Geo:   1993.50
   Std:   3824.05
   Log2 Dist:
       8:      502    30484   164072   129658
      12:    61673   121387    52285     2149
      16:      430       86

Set Statistics (5715 events)
   Min:       170
   Max:     61009
   Avg:      3436
   Geo:   2040.82
   Std:   3624.46
   Log2 Dist:
       8:        4      303     1637     1281
      12:      643     1248      575       19
      16:        5

Total Statistics (568441 events)
   Min:       141
   Max:    119410
   Avg:      3382
   Geo:   1993.97
   Std:   3822.57
   Log2 Dist:
       8:      506    30787   165709   130939
      12:    62316   122635    52860     2168
      16:      435       86

cmd_get: 562790
cmd_set: 5715
get_misses: 0
written_bytes: 13294372
read_bytes: 92895510
object_bytes: 822960

Run time: 30.2s Ops: 568505 TPS: 18855 Net_rate: 3.4M/s
