servers : 10.0.0.8:11212
threads count: 64
concurrency: 64
run time: 30s
windows size: 10k
set proportion: set_prop=0.01
get proportion: get_prop=0.99
[1;1H[2J
Get Statistics
Type     Time(s)  Ops          TPS(ops/s)   Net(M/s)   Get_miss   Min(us)  Max(us)    Avg(us)    Std_dev    Geo_dist  
Period   30       589400       19646        2.7        0          164      91512      3223       3551.42    1952.32
Global   30       589400       19646        2.7        0          164      91512      3223       3551.42    1952.32

Set Statistics
Type     Time(s)  Ops          TPS(ops/s)   Net(M/s)   Get_miss   Min(us)  Max(us)    Avg(us)    Std_dev    Geo_dist  
Period   30       5986         199          0.0        0          253      52535      3197       3416.51    1943.19
Global   30       5986         199          0.0        0          253      52535      3197       3416.51    1943.19

Total Statistics
Type     Time(s)  Ops          TPS(ops/s)   Net(M/s)   Get_miss   Min(us)  Max(us)    Avg(us)    Std_dev    Geo_dist  
Period   30       595386       19846        2.7        0          164      91512      3223       3549.85    1952.23
Global   30       595386       19846        2.7        0          164      91512      3223       3549.85    1952.23

Get Statistics (589463 events)
   Min:       164
   Max:     91512
   Avg:      3223
   Geo:   1952.47
   Std:   3551.48
   Log2 Dist:
       8:      346    26836   172725   150606
      12:    62783   129403    44517     1728
      16:      440       79

Set Statistics (5987 events)
   Min:       253
   Max:     52535
   Avg:      3197
   Geo:   1943.53
   Std:   3416.71
   Log2 Dist:
       8:        1      273     1767     1558
      12:      625     1276      467       16
      16:        4

Total Statistics (595450 events)
   Min:       164
   Max:     91512
   Avg:      3223
   Geo:   1952.38
   Std:   3549.92
   Log2 Dist:
       8:      347    27109   174492   152164
      12:    63408   130679    44984     1744
      16:      444       79

cmd_get: 589526
cmd_set: 5988
get_misses: 0
written_bytes: 13926106
read_bytes: 97309291
object_bytes: 862272

Run time: 30.1s Ops: 595514 TPS: 19771 Net_rate: 3.5M/s
