servers : 10.0.0.8:11212
threads count: 64
concurrency: 64
run time: 30s
windows size: 10k
set proportion: set_prop=0.01
get proportion: get_prop=0.99
[1;1H[2J
Get Statistics
Type     Time(s)  Ops          TPS(ops/s)   Net(M/s)   Get_miss   Min(us)  Max(us)    Avg(us)    Std_dev    Geo_dist  
Period   30       583432       19447        2.7        0          147      129434     3258       3933.31    1928.97
Global   30       583432       19447        2.7        0          147      129434     3258       3933.31    1928.97

Set Statistics
Type     Time(s)  Ops          TPS(ops/s)   Net(M/s)   Get_miss   Min(us)  Max(us)    Avg(us)    Std_dev    Geo_dist  
Period   30       5926         197          0.0        0          176      122776     3378       4461.75    1988.76
Global   30       5926         197          0.0        0          176      122776     3378       4461.75    1988.76

Total Statistics
Type     Time(s)  Ops          TPS(ops/s)   Net(M/s)   Get_miss   Min(us)  Max(us)    Avg(us)    Std_dev    Geo_dist  
Period   30       589358       19645        2.7        0          147      129434     3260       3938.33    1929.57
Global   30       589358       19645        2.7        0          147      129434     3260       3938.33    1929.57

Get Statistics (583496 events)
   Min:       147
   Max:    129434
   Avg:      3259
   Geo:   1929.28
   Std:   3933.09
   Log2 Dist:
       8:      919    34381   171156   137963
      12:    61438   129323    46449     1381
      16:      249      237

Set Statistics (5926 events)
   Min:       176
   Max:    122776
   Avg:      3378
   Geo:   1988.76
   Std:   4461.75
   Log2 Dist:
       8:        6      308     1723     1400
      12:      641     1305      521       15
      16:        2        5

Total Statistics (589422 events)
   Min:       147
   Max:    129434
   Avg:      3260
   Geo:   1929.87
   Std:   3938.93
   Log2 Dist:
       8:      925    34689   172879   139363
      12:    62079   130628    46970     1396
      16:      251      242

cmd_get: 583560
cmd_set: 5926
get_misses: 0
written_bytes: 13785072
read_bytes: 96324248
object_bytes: 853344

Run time: 30.1s Ops: 589486 TPS: 19563 Net_rate: 3.5M/s
