servers : 10.0.0.8:11212
threads count: 64
concurrency: 64
run time: 30s
windows size: 10k
set proportion: set_prop=0.01
get proportion: get_prop=0.99
[1;1H[2J
Get Statistics
Type     Time(s)  Ops          TPS(ops/s)   Net(M/s)   Get_miss   Min(us)  Max(us)    Avg(us)    Std_dev    Geo_dist  
Period   30       606956       20231        2.8        0          153      74667      3135       3140.30    1920.82
Global   30       606956       20231        2.8        0          153      74667      3135       3140.30    1920.82

Set Statistics
Type     Time(s)  Ops          TPS(ops/s)   Net(M/s)   Get_miss   Min(us)  Max(us)    Avg(us)    Std_dev    Geo_dist  
Period   30       6164         205          0.0        0          224      39480      3246       3220.03    1986.92
Global   30       6164         205          0.0        0          224      39480      3246       3220.03    1986.92

Total Statistics
Type     Time(s)  Ops          TPS(ops/s)   Net(M/s)   Get_miss   Min(us)  Max(us)    Avg(us)    Std_dev    Geo_dist  
Period   30       613120       20437        2.8        0          153      74667      3136       3141.24    1921.47
Global   30       613120       20437        2.8        0          153      74667      3136       3141.24    1921.47

Get Statistics (607019 events)
   Min:       153
   Max:     74667
   Avg:      3135
   Geo:   1921.10
   Std:   3141.10
   Log2 Dist:
       8:      355    27517   187294   146662
      12:    62583   140555    41048      886
      16:      118        1

Set Statistics (6165 events)
   Min:       224
   Max:     39480
   Avg:      3248
   Geo:   1987.46
   Std:   3220.49
   Log2 Dist:
       8:        3      255     1876     1464
      12:      600     1528      425       12
      16:        2

Total Statistics (613184 events)
   Min:       153
   Max:     74667
   Avg:      3136
   Geo:   1921.76
   Std:   3142.06
   Log2 Dist:
       8:      358    27772   189170   148126
      12:    63183   142083    41473      898
      16:      120        1

cmd_get: 607083
cmd_set: 6165
get_misses: 0
written_bytes: 14340818
read_bytes: 100207455
object_bytes: 887760

Run time: 30.1s Ops: 613248 TPS: 20352 Net_rate: 3.6M/s
