servers : 10.0.0.8:11212
threads count: 64
concurrency: 64
run time: 30s
windows size: 10k
set proportion: set_prop=0.01
get proportion: get_prop=0.99
[1;1H[2J
Get Statistics
Type     Time(s)  Ops          TPS(ops/s)   Net(M/s)   Get_miss   Min(us)  Max(us)    Avg(us)    Std_dev    Geo_dist  
Period   30       527373       17579        2.4        0          147      72164      3612       3619.48    2161.53
Global   30       527373       17579        2.4        0          147      72164      3612       3619.48    2161.53

Set Statistics
Type     Time(s)  Ops          TPS(ops/s)   Net(M/s)   Get_miss   Min(us)  Max(us)    Avg(us)    Std_dev    Geo_dist  
Period   30       5359         178          0.0        0          193      60814      3790       3695.62    2275.44
Global   30       5359         178          0.0        0          193      60814      3790       3695.62    2275.44

Total Statistics
Type     Time(s)  Ops          TPS(ops/s)   Net(M/s)   Get_miss   Min(us)  Max(us)    Avg(us)    Std_dev    Geo_dist  
Period   30       532732       17757        2.4        0          147      72164      3614       3620.08    2162.64
Global   30       532732       17757        2.4        0          147      72164      3614       3620.08    2162.64

Get Statistics (527436 events)
   Min:       147
   Max:     72164
   Avg:      3612
   Geo:   2161.79
   Std:   3619.90
   Log2 Dist:
       8:      316    22497   150531   115222
      12:    51421   128257    57961      980
      16:      249        2

Set Statistics (5360 events)
   Min:       193
   Max:     60814
   Avg:      3791
   Geo:   2275.82
   Std:   3694.65
   Log2 Dist:
       8:        3      190     1491     1160
      12:      501     1379      617       18
      16:        1

Total Statistics (532796 events)
   Min:       147
   Max:     72164
   Avg:      3614
   Geo:   2162.91
   Std:   3620.51
   Log2 Dist:
       8:      319    22687   152022   116382
      12:    51922   129636    58578      998
      16:      250        2

cmd_get: 527500
cmd_set: 5360
get_misses: 0
written_bytes: 12461192
read_bytes: 87069820
object_bytes: 771840

Run time: 30.2s Ops: 532860 TPS: 17665 Net_rate: 3.1M/s
