servers : 10.0.0.8:11212
threads count: 64
concurrency: 64
run time: 30s
windows size: 10k
set proportion: set_prop=0.01
get proportion: get_prop=0.99
[1;1H[2J
Get Statistics
Type     Time(s)  Ops          TPS(ops/s)   Net(M/s)   Get_miss   Min(us)  Max(us)    Avg(us)    Std_dev    Geo_dist  
Period   30       615473       20515        2.8        0          154      65310      3099       3043.70    1922.39
Global   30       615473       20515        2.8        0          154      65310      3099       3043.70    1922.39

Set Statistics
Type     Time(s)  Ops          TPS(ops/s)   Net(M/s)   Get_miss   Min(us)  Max(us)    Avg(us)    Std_dev    Geo_dist  
Period   30       6249         208          0.0        0          203      25683      3219       3097.57    2003.62
Global   30       6249         208          0.0        0          203      25683      3219       3097.57    2003.62

Total Statistics
Type     Time(s)  Ops          TPS(ops/s)   Net(M/s)   Get_miss   Min(us)  Max(us)    Avg(us)    Std_dev    Geo_dist  
Period   30       621722       20724        2.8        0          154      65310      3100       3044.48    1923.19
Global   30       621722       20724        2.8        0          154      65310      3100       3044.48    1923.19

Get Statistics (615536 events)
   Min:       154
   Max:     65310
   Avg:      3100
   Geo:   1922.68
   Std:   3043.57
   Log2 Dist:
       8:      415    29574   179947   157767
      12:    64302   144335    38243      896
      16:       57

Set Statistics (6250 events)
   Min:       203
   Max:     25683
   Avg:      3220
   Geo:   2004.18
   Std:   3099.27
   Log2 Dist:
       8:        5      258     1752     1636
      12:      669     1470      452        8

Total Statistics (621786 events)
   Min:       154
   Max:     65310
   Avg:      3101
   Geo:   1923.48
   Std:   3044.37
   Log2 Dist:
       8:      420    29832   181699   159403
      12:    64971   145805    38695      904
      16:       57

cmd_get: 615598
cmd_set: 6252
get_misses: 0
written_bytes: 14541792
read_bytes: 101613440
object_bytes: 900288

Run time: 30.2s Ops: 621850 TPS: 20561 Net_rate: 3.7M/s
