servers : 10.0.0.8:11212
threads count: 64
concurrency: 64
run time: 30s
windows size: 10k
set proportion: set_prop=0.01
get proportion: get_prop=0.99
[1;1H[2J
Get Statistics
Type     Time(s)  Ops          TPS(ops/s)   Net(M/s)   Get_miss   Min(us)  Max(us)    Avg(us)    Std_dev    Geo_dist  
Period   30       547229       18240        2.5        0          162      82643      3474       3544.60    2042.81
Global   30       547229       18240        2.5        0          162      82643      3474       3544.60    2042.81

Set Statistics
Type     Time(s)  Ops          TPS(ops/s)   Net(M/s)   Get_miss   Min(us)  Max(us)    Avg(us)    Std_dev    Geo_dist  
Period   30       5560         185          0.0        0          228      38668      3649       3626.83    2159.94
Global   30       5560         185          0.0        0          228      38668      3649       3626.83    2159.94

Total Statistics
Type     Time(s)  Ops          TPS(ops/s)   Net(M/s)   Get_miss   Min(us)  Max(us)    Avg(us)    Std_dev    Geo_dist  
Period   30       552789       18426        2.5        0          162      82643      3475       3546.22    2043.95
Global   30       552789       18426        2.5        0          162      82643      3475       3546.22    2043.95

Get Statistics (547293 events)
   Min:       162
   Max:     82643
   Avg:      3475
   Geo:   2043.22
   Std:   3545.50
   Log2 Dist:
       8:      489    28307   165588   114349
      12:    58289   119982    58532     1535
      16:      219        3

Set Statistics (5560 events)
   Min:       228
   Max:     38668
   Avg:      3649
   Geo:   2159.94
   Std:   3626.83
   Log2 Dist:
       8:        4      276     1571     1156
      12:      613     1268      648       22
      16:        2

Total Statistics (552853 events)
   Min:       162
   Max:     82643
   Avg:      3476
   Geo:   2044.36
   Std:   3547.10
   Log2 Dist:
       8:      493    28583   167159   115505
      12:    58902   121250    59180     1557
      16:      221        3

cmd_get: 547357
cmd_set: 5560
get_misses: 0
written_bytes: 12930046
read_bytes: 90347825
object_bytes: 800640

Run time: 30.1s Ops: 552917 TPS: 18354 Net_rate: 3.3M/s
