servers : 10.0.0.8:11212
threads count: 64
concurrency: 64
run time: 30s
windows size: 10k
set proportion: set_prop=0.01
get proportion: get_prop=0.99
[1;1H[2J
Get Statistics
Type     Time(s)  Ops          TPS(ops/s)   Net(M/s)   Get_miss   Min(us)  Max(us)    Avg(us)    Std_dev    Geo_dist  
Period   30       576405       19213        2.6        0          159      75978      3296       3370.90    2008.09
Global   30       576405       19213        2.6        0          159      75978      3296       3370.90    2008.09

Set Statistics
Type     Time(s)  Ops          TPS(ops/s)   Net(M/s)   Get_miss   Min(us)  Max(us)    Avg(us)    Std_dev    Geo_dist  
Period   30       5855         195          0.0        0          195      55798      3363       3306.75    2081.70
Global   30       5855         195          0.0        0          195      55798      3363       3306.75    2081.70

Total Statistics
Type     Time(s)  Ops          TPS(ops/s)   Net(M/s)   Get_miss   Min(us)  Max(us)    Avg(us)    Std_dev    Geo_dist  
Period   30       582260       19408        2.7        0          159      75978      3297       3369.95    2008.82
Global   30       582260       19408        2.7        0          159      75978      3297       3369.95    2008.82

Get Statistics (576466 events)
   Min:       159
   Max:     75978
   Avg:      3296
   Geo:   2008.38
   Std:   3371.59
   Log2 Dist:
       8:      561    27548   165563   134294
      12:    66042   136368    44133     1661
      16:      294        2

Set Statistics (5857 events)
   Min:       195
   Max:     55798
   Avg:      3365
   Geo:   2082.66
   Std:   3306.92
   Log2 Dist:
       8:        4      266     1628     1306
      12:      752     1431      456       12
      16:        2

Total Statistics (582323 events)
   Min:       159
   Max:     75978
   Avg:      3297
   Geo:   2009.11
   Std:   3370.65
   Log2 Dist:
       8:      565    27814   167191   135600
      12:    66794   137799    44589     1673
      16:      296        2

cmd_get: 576529
cmd_set: 5858
get_misses: 0
written_bytes: 13619372
read_bytes: 95163746
object_bytes: 843552

Run time: 30.1s Ops: 582387 TPS: 19325 Net_rate: 3.4M/s
