servers : 10.0.0.8:11212
threads count: 64
concurrency: 64
run time: 30s
windows size: 10k
set proportion: set_prop=0.01
get proportion: get_prop=0.99
[1;1H[2J
Get Statistics
Type     Time(s)  Ops          TPS(ops/s)   Net(M/s)   Get_miss   Min(us)  Max(us)    Avg(us)    Std_dev    Geo_dist  
Period   30       546910       18230        2.5        0          144      106866     3476       3745.13    2070.08
Global   30       546910       18230        2.5        0          144      106866     3476       3745.13    2070.08

Set Statistics
Type     Time(s)  Ops          TPS(ops/s)   Net(M/s)   Get_miss   Min(us)  Max(us)    Avg(us)    Std_dev    Geo_dist  
Period   30       5556         185          0.0        0          226      92638      3560       3763.79    2153.83
Global   30       5556         185          0.0        0          226      92638      3560       3763.79    2153.83

Total Statistics
Type     Time(s)  Ops          TPS(ops/s)   Net(M/s)   Get_miss   Min(us)  Max(us)    Avg(us)    Std_dev    Geo_dist  
Period   30       552466       18415        2.5        0          144      106866     3477       3745.18    2070.91
Global   30       552466       18415        2.5        0          144      106866     3477       3745.18    2070.91

Get Statistics (546974 events)
   Min:       144
   Max:    106866
   Avg:      3476
   Geo:   2070.33
   Std:   3745.52
   Log2 Dist:
       8:      437    27164   157420   118148
      12:    62096   127263    52047     1965
      16:      332      102

Set Statistics (5556 events)
   Min:       226
   Max:     92638
   Avg:      3560
   Geo:   2153.83
   Std:   3763.79
   Log2 Dist:
       8:        1      272     1478     1217
      12:      678     1347      542       17
      16:        3        1

Total Statistics (552530 events)
   Min:       144
   Max:    106866
   Avg:      3477
   Geo:   2071.15
   Std:   3745.56
   Log2 Dist:
       8:      438    27436   158898   119365
      12:    62774   128610    52589     1982
      16:      335      103

cmd_get: 547036
cmd_set: 5558
get_misses: 0
written_bytes: 12922388
read_bytes: 90295158
object_bytes: 800352

Run time: 30.1s Ops: 552594 TPS: 18336 Net_rate: 3.3M/s
