servers : 10.0.0.8:11212
threads count: 64
concurrency: 64
run time: 30s
windows size: 10k
set proportion: set_prop=0.01
get proportion: get_prop=0.99
[1;1H[2J
Get Statistics
Type     Time(s)  Ops          TPS(ops/s)   Net(M/s)   Get_miss   Min(us)  Max(us)    Avg(us)    Std_dev    Geo_dist  
Period   30       589779       19659        2.7        0          144      93979      3226       3418.87    1957.74
Global   30       589779       19659        2.7        0          144      93979      3226       3418.87    1957.72

Set Statistics
Type     Time(s)  Ops          TPS(ops/s)   Net(M/s)   Get_miss   Min(us)  Max(us)    Avg(us)    Std_dev    Geo_dist  
Period   30       5987         199          0.0        0          181      81428      3293       3640.29    1992.67
Global   30       5987         199          0.0        0          181      81428      3293       3640.29    1992.67

Total Statistics
Type     Time(s)  Ops          TPS(ops/s)   Net(M/s)   Get_miss   Min(us)  Max(us)    Avg(us)    Std_dev    Geo_dist  
Period   30       595769       19858        2.7        0          144      93979      3226       3421.83    1958.07
Global   30       595769       19858        2.7        0          144      93979      3226       3421.83    1958.07

Get Statistics (589846 events)
   Min:       144
   Max:     93979
   Avg:      3226
   Geo:   1957.80
   Std:   3419.28
   Log2 Dist:
       8:      894    30394   167239   150609
      12:    60034   134153    45125     1143
      16:      106      149

Set Statistics (5987 events)
   Min:       181
   Max:     81428
   Avg:      3293
   Geo:   1992.67
   Std:   3640.29
   Log2 Dist:
       8:       10      304     1653     1534
      12:      619     1377      477        8
      16:        2        3

Total Statistics (595833 events)
   Min:       144
   Max:     93979
   Avg:      3227
   Geo:   1958.15
   Std:   3421.27
   Log2 Dist:
       8:      904    30698   168892   152143
      12:    60653   135530    45602     1151
      16:      108      152

cmd_get: 589909
cmd_set: 5988
get_misses: 0
written_bytes: 13934532
read_bytes: 97372486
object_bytes: 862272

Run time: 30.2s Ops: 595897 TPS: 19746 Net_rate: 3.5M/s
