servers : 10.0.0.8:11212
threads count: 64
concurrency: 64
run time: 30s
windows size: 10k
set proportion: set_prop=0.01
get proportion: get_prop=0.99
[1;1H[2J
Get Statistics
Type     Time(s)  Ops          TPS(ops/s)   Net(M/s)   Get_miss   Min(us)  Max(us)    Avg(us)    Std_dev    Geo_dist  
Period   30       551772       18392        2.5        0          160      121147     3446       4052.80    2103.94
Global   30       551772       18392        2.5        0          160      121147     3446       4052.80    2103.94

Set Statistics
Type     Time(s)  Ops          TPS(ops/s)   Net(M/s)   Get_miss   Min(us)  Max(us)    Avg(us)    Std_dev    Geo_dist  
Period   30       5603         186          0.0        0          223      80740      3451       3619.21    2141.85
Global   30       5603         186          0.0        0          223      80740      3451       3619.21    2141.85

Total Statistics
Type     Time(s)  Ops          TPS(ops/s)   Net(M/s)   Get_miss   Min(us)  Max(us)    Avg(us)    Std_dev    Geo_dist  
Period   30       557375       18579        2.6        0          160      121147     3446       4048.72    2104.31
Global   30       557375       18579        2.6        0          160      121147     3446       4048.72    2104.31

Get Statistics (551834 events)
   Min:       160
   Max:    121147
   Avg:      3447
   Geo:   2104.27
   Std:   4052.62
   Log2 Dist:
       8:      245    17008   156181   140340
      12:    56899   131925    48040      659
      16:      227      310

Set Statistics (5605 events)
   Min:       223
   Max:     80740
   Avg:      3453
   Geo:   2142.94
   Std:   3620.04
   Log2 Dist:
       8:        4      150     1508     1488
      12:      617     1330      496        7
      16:        4        1

Total Statistics (557439 events)
   Min:       160
   Max:    121147
   Avg:      3447
   Geo:   2104.65
   Std:   4048.55
   Log2 Dist:
       8:      249    17158   157689   141828
      12:    57516   133255    48536      666
      16:      231      311

cmd_get: 551898
cmd_set: 5605
get_misses: 0
written_bytes: 13037148
read_bytes: 91097450
object_bytes: 807120

Run time: 30.1s Ops: 557503 TPS: 18507 Net_rate: 3.3M/s
