servers : 10.0.0.8:11212
threads count: 64
concurrency: 64
run time: 30s
windows size: 10k
set proportion: set_prop=0.01
get proportion: get_prop=0.99
[1;1H[2J
Get Statistics
Type     Time(s)  Ops          TPS(ops/s)   Net(M/s)   Get_miss   Min(us)  Max(us)    Avg(us)    Std_dev    Geo_dist  
Period   30       574833       19161        2.6        0          156      76900      3307       3315.05    2021.74
Global   30       574833       19161        2.6        0          156      76900      3307       3315.05    2021.74

Set Statistics
Type     Time(s)  Ops          TPS(ops/s)   Net(M/s)   Get_miss   Min(us)  Max(us)    Avg(us)    Std_dev    Geo_dist  
Period   30       5839         194          0.0        0          220      35427      3329       3251.10    2050.69
Global   30       5839         194          0.0        0          220      35427      3329       3251.10    2050.69

Total Statistics
Type     Time(s)  Ops          TPS(ops/s)   Net(M/s)   Get_miss   Min(us)  Max(us)    Avg(us)    Std_dev    Geo_dist  
Period   30       580672       19355        2.7        0          156      76900      3307       3314.63    2022.03
Global   30       580672       19355        2.7        0          156      76900      3307       3314.63    2022.03

Get Statistics (574896 events)
   Min:       156
   Max:     76900
   Avg:      3307
   Geo:   2021.91
   Std:   3316.17
   Log2 Dist:
       8:      319    23364   169978   137107
      12:    60798   133740    48448     1050
      16:       32       60

Set Statistics (5839 events)
   Min:       220
   Max:     35427
   Avg:      3329
   Geo:   2050.69
   Std:   3251.10
   Log2 Dist:
       8:        2      218     1710     1387
      12:      619     1396      494       12
      16:        1

Total Statistics (580735 events)
   Min:       156
   Max:     76900
   Avg:      3308
   Geo:   2022.20
   Std:   3314.74
   Log2 Dist:
       8:      321    23582   171688   138494
      12:    61417   135136    48942     1062
      16:       33       60

cmd_get: 574960
cmd_set: 5839
get_misses: 0
written_bytes: 13581952
read_bytes: 94904552
object_bytes: 840816

Run time: 30.1s Ops: 580799 TPS: 19281 Net_rate: 3.4M/s
