servers : 10.0.0.8:11212
threads count: 64
concurrency: 64
run time: 30s
windows size: 10k
set proportion: set_prop=0.01
get proportion: get_prop=0.99
[1;1H[2J
Get Statistics
Type     Time(s)  Ops          TPS(ops/s)   Net(M/s)   Get_miss   Min(us)  Max(us)    Avg(us)    Std_dev    Geo_dist  
Period   30       537579       17919        2.5        0          154      285968     3537       4532.63    2138.73
Global   30       537579       17919        2.5        0          154      285968     3537       4532.63    2138.70

Set Statistics
Type     Time(s)  Ops          TPS(ops/s)   Net(M/s)   Get_miss   Min(us)  Max(us)    Avg(us)    Std_dev    Geo_dist  
Period   30       5465         182          0.0        0          188      285949     3728       6405.99    2206.63
Global   30       5465         182          0.0        0          188      285949     3728       6405.99    2206.63

Total Statistics
Type     Time(s)  Ops          TPS(ops/s)   Net(M/s)   Get_miss   Min(us)  Max(us)    Avg(us)    Std_dev    Geo_dist  
Period   30       543046       18101        2.5        0          154      285968     3539       4555.28    2139.39
Global   30       543046       18101        2.5        0          154      285968     3539       4555.28    2139.36

Get Statistics (537644 events)
   Min:       154
   Max:    285968
   Avg:      3537
   Geo:   2138.73
   Std:   4533.22
   Log2 Dist:
       8:      228    21142   151791   123952
      12:    55403   130977    53223      721
      16:      145        0        2       60

Set Statistics (5467 events)
   Min:       188
   Max:    285949
   Avg:      3727
   Geo:   2205.77
   Std:   6405.03
   Log2 Dist:
       8:        2      211     1513     1216
      12:      566     1366      576       14
      16:        1        0        0        2

Total Statistics (543111 events)
   Min:       154
   Max:    285968
   Avg:      3539
   Geo:   2139.39
   Std:   4555.86
   Log2 Dist:
       8:      230    21353   153304   125168
      12:    55969   132343    53799      735
      16:      146        0        2       62

cmd_get: 537706
cmd_set: 5469
get_misses: 0
written_bytes: 12702888
read_bytes: 88754996
object_bytes: 787536

Run time: 30.1s Ops: 543175 TPS: 18029 Net_rate: 3.2M/s
