servers : 10.0.0.8:11212
threads count: 64
concurrency: 64
run time: 30s
windows size: 10k
set proportion: set_prop=0.01
get proportion: get_prop=0.99
[1;1H[2J
Get Statistics
Type     Time(s)  Ops          TPS(ops/s)   Net(M/s)   Get_miss   Min(us)  Max(us)    Avg(us)    Std_dev    Geo_dist  
Period   30       591819       19727        2.7        0          157      77132      3227       3367.51    1937.53
Global   30       591819       19727        2.7        0          157      77132      3227       3367.50    1937.50

Set Statistics
Type     Time(s)  Ops          TPS(ops/s)   Net(M/s)   Get_miss   Min(us)  Max(us)    Avg(us)    Std_dev    Geo_dist  
Period   30       6010         200          0.0        0          241      26690      3255       3276.20    1975.09
Global   30       6010         200          0.0        0          241      26690      3255       3276.20    1975.09

Total Statistics
Type     Time(s)  Ops          TPS(ops/s)   Net(M/s)   Get_miss   Min(us)  Max(us)    Avg(us)    Std_dev    Geo_dist  
Period   30       597832       19927        2.7        0          157      77132      3227       3366.85    1937.88
Global   30       597832       19927        2.7        0          157      77132      3227       3366.85    1937.88

Get Statistics (591885 events)
   Min:       157
   Max:     77132
   Avg:      3227
   Geo:   1937.64
   Std:   3367.54
   Log2 Dist:
       8:      345    29288   182422   136954
      12:    64183   128318    48963     1282
      16:       70       60

Set Statistics (6010 events)
   Min:       241
   Max:     26690
   Avg:      3255
   Geo:   1975.09
   Std:   3276.20
   Log2 Dist:
       8:        2      272     1828     1364
      12:      734     1283      512       15

Total Statistics (597895 events)
   Min:       157
   Max:     77132
   Avg:      3227
   Geo:   1938.01
   Std:   3366.90
   Log2 Dist:
       8:      347    29560   184250   138318
      12:    64917   129601    49475     1297
      16:       70       60

cmd_get: 591947
cmd_set: 6012
get_misses: 0
written_bytes: 13983070
read_bytes: 97709105
object_bytes: 865728

Run time: 30.2s Ops: 597959 TPS: 19769 Net_rate: 3.5M/s
