servers : 10.0.0.8:11212
threads count: 64
concurrency: 64
run time: 30s
windows size: 10k
set proportion: set_prop=0.01
get proportion: get_prop=0.99
[1;1H[2J
Get Statistics
Type     Time(s)  Ops          TPS(ops/s)   Net(M/s)   Get_miss   Min(us)  Max(us)    Avg(us)    Std_dev    Geo_dist  
Period   30       583957       19465        2.7        0          154      101295     3253       3428.51    1956.13
Global   30       583957       19465        2.7        0          154      101295     3253       3428.49    1956.10

Set Statistics
Type     Time(s)  Ops          TPS(ops/s)   Net(M/s)   Get_miss   Min(us)  Max(us)    Avg(us)    Std_dev    Geo_dist  
Period   30       5926         197          0.0        0          249      44422      3223       3299.33    1968.86
Global   30       5926         197          0.0        0          249      44422      3223       3299.33    1968.86

Total Statistics
Type     Time(s)  Ops          TPS(ops/s)   Net(M/s)   Get_miss   Min(us)  Max(us)    Avg(us)    Std_dev    Geo_dist  
Period   30       589886       19662        2.7        0          154      101295     3252       3427.93    1956.25
Global   30       589886       19662        2.7        0          154      101295     3252       3427.93    1956.25

Get Statistics (584023 events)
   Min:       154
   Max:    101295
   Avg:      3253
   Geo:   1956.20
   Std:   3428.62
   Log2 Dist:
       8:      481    32749   169315   137994
      12:    65216   131039    45236     1677
      16:      293       23

Set Statistics (5927 events)
   Min:       249
   Max:     44422
   Avg:      3223
   Geo:   1968.99
   Std:   3299.00
   Log2 Dist:
       8:        1      281     1760     1407
      12:      692     1332      429       24
      16:        1

Total Statistics (589950 events)
   Min:       154
   Max:    101295
   Avg:      3252
   Geo:   1956.33
   Std:   3428.00
   Log2 Dist:
       8:      482    33030   171075   139401
      12:    65908   132371    45665     1701
      16:      294       23

cmd_get: 584084
cmd_set: 5930
get_misses: 0
written_bytes: 13796826
read_bytes: 96411211
object_bytes: 853920

Run time: 30.1s Ops: 590014 TPS: 19589 Net_rate: 3.5M/s
