servers : 10.0.0.8:11212
threads count: 64
concurrency: 64
run time: 30s
windows size: 10k
set proportion: set_prop=0.01
get proportion: get_prop=0.99
[1;1H[2J
Get Statistics
Type     Time(s)  Ops          TPS(ops/s)   Net(M/s)   Get_miss   Min(us)  Max(us)    Avg(us)    Std_dev    Geo_dist  
Period   30       560156       18671        2.6        0          144      179190     3388       4184.28    1949.94
Global   30       560156       18671        2.6        0          144      179190     3388       4184.28    1949.94

Set Statistics
Type     Time(s)  Ops          TPS(ops/s)   Net(M/s)   Get_miss   Min(us)  Max(us)    Avg(us)    Std_dev    Geo_dist  
Period   30       5691         189          0.0        0          175      179163     3481       5015.32    2004.25
Global   30       5691         189          0.0        0          175      179163     3481       5015.32    2004.25

Total Statistics
Type     Time(s)  Ops          TPS(ops/s)   Net(M/s)   Get_miss   Min(us)  Max(us)    Avg(us)    Std_dev    Geo_dist  
Period   30       565847       18861        2.6        0          144      179190     3389       4193.41    1950.47
Global   30       565847       18861        2.6        0          144      179190     3389       4193.41    1950.47

Get Statistics (560220 events)
   Min:       144
   Max:    179190
   Avg:      3389
   Geo:   1950.26
   Std:   4184.01
   Log2 Dist:
       8:     1119    40022   160451   121880
      12:    60819   122989    49635     2705
      16:      502       34       64

Set Statistics (5691 events)
   Min:       175
   Max:    179163
   Avg:      3481
   Geo:   2004.25
   Std:   5015.32
   Log2 Dist:
       8:        7      358     1605     1254
      12:      654     1244      530       29
      16:        8        0        2

Total Statistics (565911 events)
   Min:       144
   Max:    179190
   Avg:      3390
   Geo:   1950.79
   Std:   4193.14
   Log2 Dist:
       8:     1126    40380   162056   123134
      12:    61473   124233    50165     2734
      16:      510       34       66

cmd_get: 560283
cmd_set: 5692
get_misses: 0
written_bytes: 13235400
read_bytes: 92481828
object_bytes: 819648

Run time: 30.1s Ops: 565975 TPS: 18790 Net_rate: 3.3M/s
