servers : 10.0.0.8:11212
threads count: 64
concurrency: 64
run time: 30s
windows size: 10k
set proportion: set_prop=0.01
get proportion: get_prop=0.99
[1;1H[2J
Get Statistics
Type     Time(s)  Ops          TPS(ops/s)   Net(M/s)   Get_miss   Min(us)  Max(us)    Avg(us)    Std_dev    Geo_dist  
Period   30       609072       20302        2.8        0          159      68153      3120       3329.55    1876.12
Global   30       609072       20302        2.8        0          159      68153      3120       3329.55    1876.12

Set Statistics
Type     Time(s)  Ops          TPS(ops/s)   Net(M/s)   Get_miss   Min(us)  Max(us)    Avg(us)    Std_dev    Geo_dist  
Period   30       6185         206          0.0        0          220      67419      3160       3546.18    1892.85
Global   30       6185         206          0.0        0          220      67419      3160       3546.18    1892.85

Total Statistics
Type     Time(s)  Ops          TPS(ops/s)   Net(M/s)   Get_miss   Min(us)  Max(us)    Avg(us)    Std_dev    Geo_dist  
Period   30       615257       20508        2.8        0          159      68153      3121       3331.24    1876.29
Global   30       615257       20508        2.8        0          159      68153      3121       3331.24    1876.29

Get Statistics (609135 events)
   Min:       159
   Max:     68153
   Avg:      3121
   Geo:   1876.41
   Std:   3329.53
   Log2 Dist:
       8:      523    34959   181995   153399
      12:    62687   127435    46303     1620
      16:      162       52

Set Statistics (6186 events)
   Min:       220
   Max:     67419
   Avg:      3161
   Geo:   1893.27
   Std:   3546.06
   Log2 Dist:
       8:        3      332     1837     1576
      12:      680     1254      478       20
      16:        4        2

Total Statistics (615321 events)
   Min:       159
   Max:     68153
   Avg:      3121
   Geo:   1876.57
   Std:   3332.15
   Log2 Dist:
       8:      526    35291   183832   154975
      12:    63367   128689    46781     1640
      16:      166       54

cmd_get: 609199
cmd_set: 6186
get_misses: 0
written_bytes: 14390730
read_bytes: 100556763
object_bytes: 890784

Run time: 30.2s Ops: 615385 TPS: 20408 Net_rate: 3.6M/s
