servers : 10.0.0.8:11212
threads count: 64
concurrency: 64
run time: 30s
windows size: 10k
set proportion: set_prop=0.01
get proportion: get_prop=0.99
[1;1H[2J
Get Statistics
Type     Time(s)  Ops          TPS(ops/s)   Net(M/s)   Get_miss   Min(us)  Max(us)    Avg(us)    Std_dev    Geo_dist  
Period   30       604109       20136        2.8        0          154      75464      3145       3178.57    1914.08
Global   30       604109       20136        2.8        0          154      75464      3145       3178.57    1914.08

Set Statistics
Type     Time(s)  Ops          TPS(ops/s)   Net(M/s)   Get_miss   Min(us)  Max(us)    Avg(us)    Std_dev    Geo_dist  
Period   30       6134         204          0.0        0          191      40802      3234       3242.01    1965.03
Global   30       6134         204          0.0        0          191      40802      3234       3242.01    1965.03

Total Statistics
Type     Time(s)  Ops          TPS(ops/s)   Net(M/s)   Get_miss   Min(us)  Max(us)    Avg(us)    Std_dev    Geo_dist  
Period   30       610243       20341        2.8        0          154      75464      3146       3179.11    1914.59
Global   30       610243       20341        2.8        0          154      75464      3146       3179.11    1914.59

Get Statistics (604172 events)
   Min:       154
   Max:     75464
   Avg:      3146
   Geo:   1914.22
   Std:   3177.62
   Log2 Dist:
       8:      561    32256   179608   149416
      12:    62845   134332    44089      990
      16:       68        7

Set Statistics (6135 events)
   Min:       191
   Max:     40802
   Avg:      3234
   Geo:   1965.33
   Std:   3242.14
   Log2 Dist:
       8:        9      305     1798     1493
      12:      649     1360      512        7
      16:        2

Total Statistics (610307 events)
   Min:       154
   Max:     75464
   Avg:      3146
   Geo:   1914.72
   Std:   3179.16
   Log2 Dist:
       8:      570    32561   181406   150909
      12:    63494   135692    44601      997
      16:       70        7

cmd_get: 604235
cmd_set: 6136
get_misses: 0
written_bytes: 14273384
read_bytes: 99737460
object_bytes: 883584

Run time: 30.1s Ops: 610371 TPS: 20262 Net_rate: 3.6M/s
