servers : 10.0.0.8:11212
threads count: 64
concurrency: 64
run time: 30s
windows size: 10k
set proportion: set_prop=0.01
get proportion: get_prop=0.99
[1;1H[2J
Get Statistics
Type     Time(s)  Ops          TPS(ops/s)   Net(M/s)   Get_miss   Min(us)  Max(us)    Avg(us)    Std_dev    Geo_dist  
Period   30       617065       20568        2.8        0          142      214654     3075       4193.35    1695.84
Global   30       617065       20568        2.8        0          142      214654     3075       4193.35    1695.82

Set Statistics
Type     Time(s)  Ops          TPS(ops/s)   Net(M/s)   Get_miss   Min(us)  Max(us)    Avg(us)    Std_dev    Geo_dist  
Period   30       6262         208          0.0        0          214      213257     3154       5536.08    1709.52
Global   30       6262         208          0.0        0          214      213257     3154       5536.08    1709.52

Total Statistics
Type     Time(s)  Ops          TPS(ops/s)   Net(M/s)   Get_miss   Min(us)  Max(us)    Avg(us)    Std_dev    Geo_dist  
Period   30       623334       20777        2.9        0          142      214654     3075       4209.51    1695.94
Global   30       623334       20777        2.9        0          142      214654     3075       4209.51    1695.94

Get Statistics (617137 events)
   Min:       142
   Max:    214654
   Avg:      3075
   Geo:   1695.85
   Std:   4193.34
   Log2 Dist:
       8:      926    57881   208656   115608
      12:    70435   107433    51917     3795
      16:      397       31       58

Set Statistics (6262 events)
   Min:       214
   Max:    213257
   Avg:      3154
   Geo:   1709.52
   Std:   5536.08
   Log2 Dist:
       8:       10      546     2122     1197
      12:      768     1065      502       45
      16:        3        2        2

Total Statistics (623399 events)
   Min:       142
   Max:    214654
   Avg:      3076
   Geo:   1695.98
   Std:   4208.81
   Log2 Dist:
       8:      936    58427   210778   116805
      12:    71203   108498    52419     3840
      16:      400       33       60

cmd_get: 617201
cmd_set: 6262
get_misses: 0
written_bytes: 14578934
read_bytes: 101877701
object_bytes: 901728

Run time: 30.1s Ops: 623463 TPS: 20688 Net_rate: 3.7M/s
