servers : 10.0.0.8:11212
threads count: 64
concurrency: 64
run time: 30s
windows size: 10k
set proportion: set_prop=0.01
get proportion: get_prop=0.99
[1;1H[2J
Get Statistics
Type     Time(s)  Ops          TPS(ops/s)   Net(M/s)   Get_miss   Min(us)  Max(us)    Avg(us)    Std_dev    Geo_dist  
Period   30       622858       20761        2.9        0          162      126579     3045       3714.37    1689.37
Global   30       622858       20761        2.9        0          162      126579     3045       3714.36    1689.35

Set Statistics
Type     Time(s)  Ops          TPS(ops/s)   Net(M/s)   Get_miss   Min(us)  Max(us)    Avg(us)    Std_dev    Geo_dist  
Period   30       6319         210          0.0        0          200      50797      3149       3702.12    1764.04
Global   30       6319         210          0.0        0          200      50797      3149       3702.12    1764.04

Total Statistics
Type     Time(s)  Ops          TPS(ops/s)   Net(M/s)   Get_miss   Min(us)  Max(us)    Avg(us)    Std_dev    Geo_dist  
Period   30       629179       20972        2.9        0          162      126579     3046       3714.30    1690.09
Global   30       629179       20972        2.9        0          162      126579     3046       3714.30    1690.09

Get Statistics (622922 events)
   Min:       162
   Max:    126579
   Avg:      3046
   Geo:   1689.65
   Std:   3716.32
   Log2 Dist:
       8:      775    56871   213820   116379
      12:    71369   106861    52383     4039
      16:      377       48

Set Statistics (6322 events)
   Min:       200
   Max:     50797
   Avg:      3157
   Geo:   1765.40
   Std:   3740.48
   Log2 Dist:
       8:        6      545     2090     1186
      12:      756     1133      556       44
      16:        6

Total Statistics (629244 events)
   Min:       162
   Max:    126579
   Avg:      3047
   Geo:   1690.40
   Std:   3716.67
   Log2 Dist:
       8:      781    57416   215910   117565
      12:    72125   107994    52939     4083
      16:      383       48

cmd_get: 622985
cmd_set: 6323
get_misses: 0
written_bytes: 14715804
read_bytes: 102832706
object_bytes: 910512

Run time: 30.1s Ops: 629308 TPS: 20881 Net_rate: 3.7M/s
