servers : 10.0.0.8:11212
threads count: 64
concurrency: 64
run time: 30s
windows size: 10k
set proportion: set_prop=0.01
get proportion: get_prop=0.99
[1;1H[2J
Get Statistics
Type     Time(s)  Ops          TPS(ops/s)   Net(M/s)   Get_miss   Min(us)  Max(us)    Avg(us)    Std_dev    Geo_dist  
Period   30       532152       17738        2.4        0          156      109884     3574       3567.81    2160.46
Global   30       532152       17738        2.4        0          156      109884     3574       3567.81    2160.46

Set Statistics
Type     Time(s)  Ops          TPS(ops/s)   Net(M/s)   Get_miss   Min(us)  Max(us)    Avg(us)    Std_dev    Geo_dist  
Period   30       5408         180          0.0        0          168      46485      3556       3476.63    2167.76
Global   30       5408         180          0.0        0          168      46485      3556       3476.63    2167.76

Total Statistics
Type     Time(s)  Ops          TPS(ops/s)   Net(M/s)   Get_miss   Min(us)  Max(us)    Avg(us)    Std_dev    Geo_dist  
Period   30       537560       17918        2.5        0          156      109884     3573       3567.72    2160.53
Global   30       537560       17918        2.5        0          156      109884     3573       3567.72    2160.53

Get Statistics (532216 events)
   Min:       156
   Max:    109884
   Avg:      3574
   Geo:   2160.79
   Std:   3568.47
   Log2 Dist:
       8:      396    23911   144416   123032
      12:    53217   132201    52997     1833
      16:      186       27

Set Statistics (5408 events)
   Min:       168
   Max:     46485
   Avg:      3556
   Geo:   2167.76
   Std:   3476.63
   Log2 Dist:
       8:        5      224     1461     1258
      12:      559     1360      518       21
      16:        2

Total Statistics (537624 events)
   Min:       156
   Max:    109884
   Avg:      3574
   Geo:   2160.86
   Std:   3567.38
   Log2 Dist:
       8:      401    24135   145877   124290
      12:    53776   133561    53515     1854
      16:      188       27

cmd_get: 532280
cmd_set: 5408
get_misses: 0
written_bytes: 12574032
read_bytes: 87858904
object_bytes: 778752

Run time: 30.1s Ops: 537688 TPS: 17849 Net_rate: 3.2M/s
