servers : 10.0.0.8:11212
threads count: 64
concurrency: 64
run time: 30s
windows size: 10k
set proportion: set_prop=0.01
get proportion: get_prop=0.99
[1;1H[2J
Get Statistics
Type     Time(s)  Ops          TPS(ops/s)   Net(M/s)   Get_miss   Min(us)  Max(us)    Avg(us)    Std_dev    Geo_dist  
Period   30       572402       19080        2.6        0          143      115279     3324       3513.08    2047.85
Global   30       572402       19080        2.6        0          143      115279     3324       3513.08    2047.85

Set Statistics
Type     Time(s)  Ops          TPS(ops/s)   Net(M/s)   Get_miss   Min(us)  Max(us)    Avg(us)    Std_dev    Geo_dist  
Period   30       5811         193          0.0        0          186      42878      3287       3212.54    2040.23
Global   30       5811         193          0.0        0          186      42878      3287       3212.54    2040.23

Total Statistics
Type     Time(s)  Ops          TPS(ops/s)   Net(M/s)   Get_miss   Min(us)  Max(us)    Avg(us)    Std_dev    Geo_dist  
Period   30       578213       19273        2.6        0          143      115279     3324       3509.84    2047.77
Global   30       578213       19273        2.6        0          143      115279     3324       3509.84    2047.77

Get Statistics (572466 events)
   Min:       143
   Max:    115279
   Avg:      3325
   Geo:   2048.14
   Std:   3513.69
   Log2 Dist:
       8:      381    22187   159545   151471
      12:    54289   139660    43692      975
      16:      187       79

Set Statistics (5811 events)
   Min:       186
   Max:     42878
   Avg:      3287
   Geo:   2040.23
   Std:   3212.54
   Log2 Dist:
       8:        2      219     1624     1565
      12:      556     1363      472        9
      16:        1

Total Statistics (578277 events)
   Min:       143
   Max:    115279
   Avg:      3325
   Geo:   2048.06
   Std:   3510.43
   Log2 Dist:
       8:      383    22406   161169   153036
      12:    54845   141023    44164      984
      16:      188       79

cmd_get: 572529
cmd_set: 5812
get_misses: 0
written_bytes: 13524012
read_bytes: 94503378
object_bytes: 836928

Run time: 30.1s Ops: 578341 TPS: 19197 Net_rate: 3.4M/s
