servers : 10.0.0.8:11212
threads count: 64
concurrency: 64
run time: 30s
windows size: 10k
set proportion: set_prop=0.01
get proportion: get_prop=0.99
[1;1H[2J
Get Statistics
Type     Time(s)  Ops          TPS(ops/s)   Net(M/s)   Get_miss   Min(us)  Max(us)    Avg(us)    Std_dev    Geo_dist  
Period   30       578524       19284        2.6        0          156      222559     3294       4105.71    1944.23
Global   30       578524       19284        2.6        0          156      222559     3294       4105.71    1944.23

Set Statistics
Type     Time(s)  Ops          TPS(ops/s)   Net(M/s)   Get_miss   Min(us)  Max(us)    Avg(us)    Std_dev    Geo_dist  
Period   30       5875         195          0.0        0          230      220803     3517       7091.39    2000.65
Global   30       5875         195          0.0        0          230      220803     3517       7091.39    2000.65

Total Statistics
Type     Time(s)  Ops          TPS(ops/s)   Net(M/s)   Get_miss   Min(us)  Max(us)    Avg(us)    Std_dev    Geo_dist  
Period   30       584399       19479        2.7        0          156      222559     3296       4146.68    1944.79
Global   30       584399       19479        2.7        0          156      222559     3296       4146.68    1944.79

Get Statistics (578588 events)
   Min:       156
   Max:    222559
   Avg:      3295
   Geo:   1944.54
   Std:   4105.51
   Log2 Dist:
       8:      494    33518   171213   135109
      12:    63715   120192    52257     1783
      16:      223       26       58

Set Statistics (5875 events)
   Min:       230
   Max:    220803
   Avg:      3517
   Geo:   2000.65
   Std:   7091.39
   Log2 Dist:
       8:        3      304     1691     1416
      12:      666     1202      573       11
      16:        4        0        5

Total Statistics (584463 events)
   Min:       156
   Max:    222559
   Avg:      3297
   Geo:   1945.10
   Std:   4146.47
   Log2 Dist:
       8:      497    33822   172904   136525
      12:    64381   121394    52830     1794
      16:      227       26       63

cmd_get: 578651
cmd_set: 5876
get_misses: 0
written_bytes: 13668936
read_bytes: 95514020
object_bytes: 846144

Run time: 30.2s Ops: 584527 TPS: 19339 Net_rate: 3.4M/s
