servers : 10.0.0.8:11212
threads count: 64
concurrency: 64
run time: 30s
windows size: 10k
set proportion: set_prop=0.01
get proportion: get_prop=0.99
[1;1H[2J
Get Statistics
Type     Time(s)  Ops          TPS(ops/s)   Net(M/s)   Get_miss   Min(us)  Max(us)    Avg(us)    Std_dev    Geo_dist  
Period   30       654217       21807        3.0        0          135      83401      2901       3309.91    1673.20
Global   30       654217       21807        3.0        0          135      83401      2901       3309.91    1673.20

Set Statistics
Type     Time(s)  Ops          TPS(ops/s)   Net(M/s)   Get_miss   Min(us)  Max(us)    Avg(us)    Std_dev    Geo_dist  
Period   30       6647         221          0.0        0          168      44462      2957       3328.79    1715.47
Global   30       6647         221          0.0        0          168      44462      2957       3328.79    1715.47

Total Statistics
Type     Time(s)  Ops          TPS(ops/s)   Net(M/s)   Get_miss   Min(us)  Max(us)    Avg(us)    Std_dev    Geo_dist  
Period   30       660864       22028        3.0        0          135      83401      2901       3310.60    1673.62
Global   30       660864       22028        3.0        0          135      83401      2901       3310.60    1673.62

Get Statistics (654281 events)
   Min:       135
   Max:     83401
   Avg:      2901
   Geo:   1673.42
   Std:   3310.35
   Log2 Dist:
       8:     1130    55169   223200   133681
      12:    73918   118268    46276     2446
      16:      185        8

Set Statistics (6647 events)
   Min:       168
   Max:     44462
   Avg:      2957
   Geo:   1715.47
   Std:   3328.79
   Log2 Dist:
       8:       12      528     2203     1393
      12:      805     1193      480       32
      16:        1

Total Statistics (660928 events)
   Min:       135
   Max:     83401
   Avg:      2902
   Geo:   1673.84
   Std:   3310.15
   Log2 Dist:
       8:     1142    55697   225403   135074
      12:    74723   119461    46756     2478
      16:      186        8

cmd_get: 654344
cmd_set: 6648
get_misses: 0
written_bytes: 15457702
read_bytes: 108009541
object_bytes: 957312

Run time: 30.1s Ops: 660992 TPS: 21930 Net_rate: 3.9M/s
