servers : 10.0.0.8:11212
threads count: 64
concurrency: 64
run time: 30s
windows size: 10k
set proportion: set_prop=0.01
get proportion: get_prop=0.99
[1;1H[2J
Get Statistics
Type     Time(s)  Ops          TPS(ops/s)   Net(M/s)   Get_miss   Min(us)  Max(us)    Avg(us)    Std_dev    Geo_dist  
Period   30       593980       19799        2.7        0          155      78421      3208       3304.30    1925.77
Global   30       593980       19799        2.7        0          155      78421      3208       3304.30    1925.74

Set Statistics
Type     Time(s)  Ops          TPS(ops/s)   Net(M/s)   Get_miss   Min(us)  Max(us)    Avg(us)    Std_dev    Geo_dist  
Period   30       6032         201          0.0        0          234      42749      3260       3365.10    1955.29
Global   30       6032         201          0.0        0          234      42749      3260       3365.10    1955.29

Total Statistics
Type     Time(s)  Ops          TPS(ops/s)   Net(M/s)   Get_miss   Min(us)  Max(us)    Avg(us)    Std_dev    Geo_dist  
Period   30       600015       20000        2.7        0          155      78421      3208       3305.41    1926.04
Global   30       600015       20000        2.7        0          155      78421      3208       3305.41    1926.04

Get Statistics (594047 events)
   Min:       155
   Max:     78421
   Avg:      3208
   Geo:   1925.96
   Std:   3305.52
   Log2 Dist:
       8:      501    32560   180006   139958
      12:    58138   134079    47499     1140
      16:      147       19

Set Statistics (6032 events)
   Min:       234
   Max:     42749
   Avg:      3260
   Geo:   1955.29
   Std:   3365.10
   Log2 Dist:
       8:        6      280     1842     1434
      12:      590     1393      467       19
      16:        1

Total Statistics (600079 events)
   Min:       155
   Max:     78421
   Avg:      3209
   Geo:   1926.26
   Std:   3305.67
   Log2 Dist:
       8:      507    32840   181848   141392
      12:    58728   135472    47966     1159
      16:      148       19

cmd_get: 594110
cmd_set: 6033
get_misses: 0
written_bytes: 14034154
read_bytes: 98066011
object_bytes: 868752

Run time: 30.2s Ops: 600143 TPS: 19850 Net_rate: 3.5M/s
