servers : 10.0.0.8:11212
threads count: 64
concurrency: 64
run time: 30s
windows size: 10k
set proportion: set_prop=0.01
get proportion: get_prop=0.99
[1;1H[2J
Get Statistics
Type     Time(s)  Ops          TPS(ops/s)   Net(M/s)   Get_miss   Min(us)  Max(us)    Avg(us)    Std_dev    Geo_dist  
Period   30       592082       19736        2.7        0          162      122236     3211       3526.20    1915.29
Global   30       592082       19736        2.7        0          162      122236     3210       3527.10    1915.27

Set Statistics
Type     Time(s)  Ops          TPS(ops/s)   Net(M/s)   Get_miss   Min(us)  Max(us)    Avg(us)    Std_dev    Geo_dist  
Period   30       6014         200          0.0        0          218      68552      3354       3686.81    1992.13
Global   30       6014         200          0.0        0          218      68552      3354       3686.81    1992.13

Total Statistics
Type     Time(s)  Ops          TPS(ops/s)   Net(M/s)   Get_miss   Min(us)  Max(us)    Avg(us)    Std_dev    Geo_dist  
Period   30       598098       19936        2.7        0          162      122236     3212       3528.26    1916.03
Global   30       598098       19936        2.7        0          162      122236     3212       3528.26    1916.03

Get Statistics (592148 events)
   Min:       162
   Max:    122236
   Avg:      3211
   Geo:   1915.37
   Std:   3526.32
   Log2 Dist:
       8:      467    32812   180149   139309
      12:    60051   129863    47906     1337
      16:      169       85

Set Statistics (6015 events)
   Min:       218
   Max:     68552
   Avg:      3354
   Geo:   1992.15
   Std:   3686.36
   Log2 Dist:
       8:        3      328     1759     1373
      12:      633     1384      512       17
      16:        5        1

Total Statistics (598163 events)
   Min:       162
   Max:    122236
   Avg:      3212
   Geo:   1916.13
   Std:   3528.39
   Log2 Dist:
       8:      470    33140   181908   140682
      12:    60684   131247    48418     1354
      16:      174       86

cmd_get: 592212
cmd_set: 6015
get_misses: 0
written_bytes: 13989656
read_bytes: 97752540
object_bytes: 866160

Run time: 30.2s Ops: 598227 TPS: 19838 Net_rate: 3.5M/s
