servers : 10.0.0.8:11212
threads count: 64
concurrency: 64
run time: 30s
windows size: 10k
set proportion: set_prop=0.01
get proportion: get_prop=0.99
[1;1H[2J
Get Statistics
Type     Time(s)  Ops          TPS(ops/s)   Net(M/s)   Get_miss   Min(us)  Max(us)    Avg(us)    Std_dev    Geo_dist  
Period   30       575145       19171        2.6        0          169      112229     3308       3588.40    1987.44
Global   30       575145       19171        2.6        0          169      112229     3308       3588.39    1987.41

Set Statistics
Type     Time(s)  Ops          TPS(ops/s)   Net(M/s)   Get_miss   Min(us)  Max(us)    Avg(us)    Std_dev    Geo_dist  
Period   30       5840         194          0.0        0          264      43691      3367       3498.26    2033.56
Global   30       5840         194          0.0        0          264      43691      3367       3498.26    2033.56

Total Statistics
Type     Time(s)  Ops          TPS(ops/s)   Net(M/s)   Get_miss   Min(us)  Max(us)    Avg(us)    Std_dev    Geo_dist  
Period   30       580988       19366        2.7        0          169      112229     3308       3588.05    1987.88
Global   30       580988       19366        2.7        0          169      112229     3308       3588.05    1987.88

Get Statistics (575211 events)
   Min:       169
   Max:    112229
   Avg:      3308
   Geo:   1987.67
   Std:   3589.10
   Log2 Dist:
       8:      458    30022   162077   141288
      12:    65147   126561    47131     2041
      16:      397       89

Set Statistics (5841 events)
   Min:       264
   Max:     43691
   Avg:      3366
   Geo:   2033.37
   Std:   3498.68
   Log2 Dist:
       8:        0      269     1679     1376
      12:      708     1264      515       28
      16:        2

Total Statistics (581052 events)
   Min:       169
   Max:    112229
   Avg:      3309
   Geo:   1988.13
   Std:   3587.82
   Log2 Dist:
       8:      458    30291   163756   142664
      12:    65855   127825    47646     2069
      16:      399       89

cmd_get: 575275
cmd_set: 5841
get_misses: 0
written_bytes: 13589202
read_bytes: 94956543
object_bytes: 841104

Run time: 30.2s Ops: 581116 TPS: 19260 Net_rate: 3.4M/s
