servers : 10.0.0.8:11212
threads count: 64
concurrency: 64
run time: 30s
windows size: 10k
set proportion: set_prop=0.01
get proportion: get_prop=0.99
[1;1H[2J
Get Statistics
Type     Time(s)  Ops          TPS(ops/s)   Net(M/s)   Get_miss   Min(us)  Max(us)    Avg(us)    Std_dev    Geo_dist  
Period   30       601993       20066        2.8        0          125      124061     3157       3378.63    1940.63
Global   30       601993       20066        2.8        0          125      124061     3157       3378.63    1940.63

Set Statistics
Type     Time(s)  Ops          TPS(ops/s)   Net(M/s)   Get_miss   Min(us)  Max(us)    Avg(us)    Std_dev    Geo_dist  
Period   30       6109         203          0.0        0          159      42787      3209       3190.82    1979.38
Global   30       6109         203          0.0        0          159      42787      3209       3190.82    1979.38

Total Statistics
Type     Time(s)  Ops          TPS(ops/s)   Net(M/s)   Get_miss   Min(us)  Max(us)    Avg(us)    Std_dev    Geo_dist  
Period   30       608105       20270        2.8        0          125      124061     3158       3376.34    1940.99
Global   30       608105       20270        2.8        0          125      124061     3158       3376.34    1940.99

Get Statistics (602059 events)
   Min:       125
   Max:    124061
   Avg:      3157
   Geo:   1940.64
   Std:   3378.93
   Log2 Dist:
       4:        0        0        0        1
       8:      485    30465   172098   154612
      12:    62601   140967    39640      956
      16:      149       85

Set Statistics (6111 events)
   Min:       159
   Max:     42787
   Avg:      3210
   Geo:   1979.65
   Std:   3193.73
   Log2 Dist:
       8:        4      298     1734     1546
      12:      633     1470      415        9
      16:        2

Total Statistics (608170 events)
   Min:       125
   Max:    124061
   Avg:      3158
   Geo:   1941.03
   Std:   3376.69
   Log2 Dist:
       4:        0        0        0        1
       8:      489    30763   173832   156158
      12:    63234   142437    40055      965
      16:      151       85

cmd_get: 602123
cmd_set: 6111
get_misses: 0
written_bytes: 14223058
read_bytes: 99388623
object_bytes: 879984

Run time: 30.1s Ops: 608234 TPS: 20184 Net_rate: 3.6M/s
