servers : 10.0.0.8:11212
threads count: 64
concurrency: 64
run time: 30s
windows size: 10k
set proportion: set_prop=0.01
get proportion: get_prop=0.99
[1;1H[2J
Get Statistics
Type     Time(s)  Ops          TPS(ops/s)   Net(M/s)   Get_miss   Min(us)  Max(us)    Avg(us)    Std_dev    Geo_dist  
Period   30       590336       19677        2.7        0          160      143482     3215       3506.98    1926.36
Global   30       590336       19677        2.7        0          160      143482     3215       3506.98    1926.36

Set Statistics
Type     Time(s)  Ops          TPS(ops/s)   Net(M/s)   Get_miss   Min(us)  Max(us)    Avg(us)    Std_dev    Geo_dist  
Period   30       5994         199          0.0        0          199      44416      3214       3486.05    1939.89
Global   30       5994         199          0.0        0          199      44416      3214       3486.05    1939.89

Total Statistics
Type     Time(s)  Ops          TPS(ops/s)   Net(M/s)   Get_miss   Min(us)  Max(us)    Avg(us)    Std_dev    Geo_dist  
Period   30       596330       19877        2.7        0          160      143482     3215       3506.76    1926.50
Global   30       596330       19877        2.7        0          160      143482     3215       3506.76    1926.50

Get Statistics (590399 events)
   Min:       160
   Max:    143482
   Avg:      3216
   Geo:   1926.67
   Std:   3507.25
   Log2 Dist:
       8:      533    31993   174305   142947
      12:    63422   131911    42629     2179
      16:      445       33        2

Set Statistics (5995 events)
   Min:       199
   Max:     44416
   Avg:      3214
   Geo:   1940.26
   Std:   3486.39
   Log2 Dist:
       8:        5      283     1812     1447
      12:      644     1359      413       25
      16:        7

Total Statistics (596394 events)
   Min:       160
   Max:    143482
   Avg:      3216
   Geo:   1926.80
   Std:   3507.02
   Log2 Dist:
       8:      538    32276   176117   144394
      12:    64066   133270    43042     2204
      16:      452       33        2

cmd_get: 590463
cmd_set: 5995
get_misses: 0
written_bytes: 13947978
read_bytes: 97463795
object_bytes: 863280

Run time: 30.1s Ops: 596458 TPS: 19803 Net_rate: 3.5M/s
