servers : 10.0.0.8:11212
threads count: 64
concurrency: 64
run time: 30s
windows size: 10k
set proportion: set_prop=0.01
get proportion: get_prop=0.99
[1;1H[2J
Get Statistics
Type     Time(s)  Ops          TPS(ops/s)   Net(M/s)   Get_miss   Min(us)  Max(us)    Avg(us)    Std_dev    Geo_dist  
Period   30       593485       19782        2.7        0          160      91276      3200       3302.02    1957.09
Global   30       593485       19782        2.7        0          160      91276      3200       3302.02    1957.09

Set Statistics
Type     Time(s)  Ops          TPS(ops/s)   Net(M/s)   Get_miss   Min(us)  Max(us)    Avg(us)    Std_dev    Geo_dist  
Period   30       6028         200          0.0        0          224      91127      3375       3648.59    2065.37
Global   30       6028         200          0.0        0          224      91127      3375       3648.59    2065.37

Total Statistics
Type     Time(s)  Ops          TPS(ops/s)   Net(M/s)   Get_miss   Min(us)  Max(us)    Avg(us)    Std_dev    Geo_dist  
Period   30       599513       19983        2.7        0          160      91276      3202       3305.50    1958.15
Global   30       599513       19983        2.7        0          160      91276      3202       3305.50    1958.15

Get Statistics (593548 events)
   Min:       160
   Max:     91276
   Avg:      3200
   Geo:   1957.38
   Std:   3302.80
   Log2 Dist:
       8:      404    28912   172345   147834
      12:    63921   134546    44584      834
      16:      106       62

Set Statistics (6029 events)
   Min:       224
   Max:     91127
   Avg:      3376
   Geo:   2065.79
   Std:   3648.21
   Log2 Dist:
       8:        3      268     1641     1496
      12:      668     1434      507        8
      16:        2        2

Total Statistics (599577 events)
   Min:       160
   Max:     91276
   Avg:      3202
   Geo:   1958.44
   Std:   3306.27
   Log2 Dist:
       8:      407    29180   173986   149330
      12:    64589   135980    45091      842
      16:      108       64

cmd_get: 593611
cmd_set: 6030
get_misses: 0
written_bytes: 14022696
read_bytes: 97983652
object_bytes: 868320

Run time: 30.1s Ops: 599641 TPS: 19902 Net_rate: 3.5M/s
