servers : 10.0.0.8:11212
threads count: 64
concurrency: 64
run time: 30s
windows size: 10k
set proportion: set_prop=0.01
get proportion: get_prop=0.99
[1;1H[2J
Get Statistics
Type     Time(s)  Ops          TPS(ops/s)   Net(M/s)   Get_miss   Min(us)  Max(us)    Avg(us)    Std_dev    Geo_dist  
Period   30       610349       20344        2.8        0          146      81918      3107       3253.78    1871.84
Global   30       610349       20344        2.8        0          146      81918      3107       3253.78    1871.84

Set Statistics
Type     Time(s)  Ops          TPS(ops/s)   Net(M/s)   Get_miss   Min(us)  Max(us)    Avg(us)    Std_dev    Geo_dist  
Period   30       6200         206          0.0        0          170      48336      3242       3289.73    1950.73
Global   30       6200         206          0.0        0          170      48336      3242       3289.73    1950.73

Total Statistics
Type     Time(s)  Ops          TPS(ops/s)   Net(M/s)   Get_miss   Min(us)  Max(us)    Avg(us)    Std_dev    Geo_dist  
Period   30       616549       20551        2.8        0          146      81918      3108       3254.51    1872.61
Global   30       616549       20551        2.8        0          146      81918      3108       3254.51    1872.61

Get Statistics (610411 events)
   Min:       146
   Max:     81918
   Avg:      3107
   Geo:   1872.08
   Std:   3254.15
   Log2 Dist:
       8:     1190    39751   174252   153319
      12:    64407   133015    43112     1103
      16:      258        4

Set Statistics (6202 events)
   Min:       170
   Max:     48336
   Avg:      3243
   Geo:   1951.47
   Std:   3289.66
   Log2 Dist:
       8:        8      398     1723     1500
      12:      650     1438      469       13
      16:        3

Total Statistics (616613 events)
   Min:       146
   Max:     81918
   Avg:      3109
   Geo:   1872.86
   Std:   3253.94
   Log2 Dist:
       8:     1198    40149   175975   154819
      12:    65057   134453    43581     1116
      16:      261        4

cmd_get: 610475
cmd_set: 6202
get_misses: 0
written_bytes: 14421362
read_bytes: 100767431
object_bytes: 893088

Run time: 30.1s Ops: 616677 TPS: 20471 Net_rate: 3.6M/s
