servers : 10.0.0.8:11212
threads count: 64
concurrency: 64
run time: 30s
windows size: 10k
set proportion: set_prop=0.01
get proportion: get_prop=0.99
[1;1H[2J
Get Statistics
Type     Time(s)  Ops          TPS(ops/s)   Net(M/s)   Get_miss   Min(us)  Max(us)    Avg(us)    Std_dev    Geo_dist  
Period   30       562229       18740        2.6        0          158      89268      3377       3599.94    1988.13
Global   30       562229       18740        2.6        0          158      89268      3377       3599.94    1988.13

Set Statistics
Type     Time(s)  Ops          TPS(ops/s)   Net(M/s)   Get_miss   Min(us)  Max(us)    Avg(us)    Std_dev    Geo_dist  
Period   30       5711         190          0.0        0          226      78525      3365       3835.77    1982.34
Global   30       5711         190          0.0        0          226      78525      3365       3835.77    1982.34

Total Statistics
Type     Time(s)  Ops          TPS(ops/s)   Net(M/s)   Get_miss   Min(us)  Max(us)    Avg(us)    Std_dev    Geo_dist  
Period   30       567940       18931        2.6        0          158      89268      3377       3602.27    1988.07
Global   30       567940       18931        2.6        0          158      89268      3377       3602.27    1988.07

Get Statistics (562292 events)
   Min:       158
   Max:     89268
   Avg:      3377
   Geo:   1988.23
   Std:   3599.77
   Log2 Dist:
       8:      654    36818   159380   123787
      12:    62879   121963    54606     1907
      16:      227       71

Set Statistics (5712 events)
   Min:       226
   Max:     78525
   Avg:      3364
   Geo:   1982.48
   Std:   3836.25
   Log2 Dist:
       8:        4      359     1620     1275
      12:      677     1217      538       16
      16:        4        2

Total Statistics (568004 events)
   Min:       158
   Max:     89268
   Avg:      3377
   Geo:   1988.17
   Std:   3602.10
   Log2 Dist:
       8:      658    37177   161000   125062
      12:    63556   123180    55144     1923
      16:      231       73

cmd_get: 562356
cmd_set: 5712
get_misses: 0
written_bytes: 13284344
read_bytes: 92823876
object_bytes: 822528

Run time: 30.1s Ops: 568068 TPS: 18860 Net_rate: 3.4M/s
