servers : 10.0.0.8:11212
threads count: 64
concurrency: 64
run time: 30s
windows size: 10k
set proportion: set_prop=0.01
get proportion: get_prop=0.99
[1;1H[2J
Get Statistics
Type     Time(s)  Ops          TPS(ops/s)   Net(M/s)   Get_miss   Min(us)  Max(us)    Avg(us)    Std_dev    Geo_dist  
Period   30       562026       18734        2.6        0          146      65168      3388       3196.99    2110.85
Global   30       562026       18734        2.6        0          146      65168      3388       3196.99    2110.83

Set Statistics
Type     Time(s)  Ops          TPS(ops/s)   Net(M/s)   Get_miss   Min(us)  Max(us)    Avg(us)    Std_dev    Geo_dist  
Period   30       5707         190          0.0        0          197      26299      3426       3233.77    2136.71
Global   30       5707         190          0.0        0          197      26299      3426       3233.77    2136.71

Total Statistics
Type     Time(s)  Ops          TPS(ops/s)   Net(M/s)   Get_miss   Min(us)  Max(us)    Avg(us)    Std_dev    Geo_dist  
Period   30       567736       18924        2.6        0          146      65168      3388       3197.75    2111.07
Global   30       567736       18924        2.6        0          146      65168      3388       3197.75    2111.07

Get Statistics (562093 events)
   Min:       146
   Max:     65168
   Avg:      3388
   Geo:   2110.66
   Std:   3196.64
   Log2 Dist:
       8:      336    22992   152229   136276
      12:    62112   140961    46331      824
      16:       32

Set Statistics (5707 events)
   Min:       197
   Max:     26299
   Avg:      3426
   Geo:   2136.71
   Std:   3233.77
   Log2 Dist:
       8:        6      208     1535     1406
      12:      633     1413      493       13

Total Statistics (567800 events)
   Min:       146
   Max:     65168
   Avg:      3388
   Geo:   2110.93
   Std:   3197.42
   Log2 Dist:
       8:      342    23200   153764   137682
      12:    62745   142374    46824      837
      16:       32

cmd_get: 562156
cmd_set: 5708
get_misses: 0
written_bytes: 13279166
read_bytes: 92791001
object_bytes: 821952

Run time: 30.2s Ops: 567864 TPS: 18823 Net_rate: 3.4M/s
