servers : 10.0.0.8:11212
threads count: 64
concurrency: 64
run time: 30s
windows size: 10k
set proportion: set_prop=0.01
get proportion: get_prop=0.99
[1;1H[2J
Get Statistics
Type     Time(s)  Ops          TPS(ops/s)   Net(M/s)   Get_miss   Min(us)  Max(us)    Avg(us)    Std_dev    Geo_dist  
Period   30       598702       19956        2.7        0          146      67777      3172       3200.31    1928.87
Global   30       598702       19956        2.7        0          146      67777      3172       3200.31    1928.87

Set Statistics
Type     Time(s)  Ops          TPS(ops/s)   Net(M/s)   Get_miss   Min(us)  Max(us)    Avg(us)    Std_dev    Geo_dist  
Period   30       6079         202          0.0        0          185      29408      3249       3204.29    1985.98
Global   30       6079         202          0.0        0          185      29408      3249       3204.29    1985.98

Total Statistics
Type     Time(s)  Ops          TPS(ops/s)   Net(M/s)   Get_miss   Min(us)  Max(us)    Avg(us)    Std_dev    Geo_dist  
Period   30       604781       20159        2.8        0          146      67777      3172       3201.12    1929.44
Global   30       604781       20159        2.8        0          146      67777      3172       3201.12    1929.44

Get Statistics (598766 events)
   Min:       146
   Max:     67777
   Avg:      3172
   Geo:   1929.17
   Std:   3201.14
   Log2 Dist:
       8:      603    35045   170049   150667
      12:    60870   134183    46054     1166
      16:      128        1

Set Statistics (6079 events)
   Min:       185
   Max:     29408
   Avg:      3249
   Geo:   1985.98
   Std:   3204.29
   Log2 Dist:
       8:        3      300     1736     1511
      12:      632     1396      483       18

Total Statistics (604845 events)
   Min:       146
   Max:     67777
   Avg:      3173
   Geo:   1929.74
   Std:   3200.96
   Log2 Dist:
       8:      606    35345   171785   152178
      12:    61502   135579    46537     1184
      16:      128        1

cmd_get: 598829
cmd_set: 6080
get_misses: 0
written_bytes: 14145492
read_bytes: 98845022
object_bytes: 875520

Run time: 30.1s Ops: 604909 TPS: 20073 Net_rate: 3.6M/s
