servers : 10.0.0.8:11212
threads count: 64
concurrency: 64
run time: 30s
windows size: 10k
set proportion: set_prop=0.01
get proportion: get_prop=0.99
[1;1H[2J
Get Statistics
Type     Time(s)  Ops          TPS(ops/s)   Net(M/s)   Get_miss   Min(us)  Max(us)    Avg(us)    Std_dev    Geo_dist  
Period   30       576224       19207        2.6        0          150      130786     3296       3578.09    1994.13
Global   30       576224       19207        2.6        0          150      130786     3296       3578.09    1994.13

Set Statistics
Type     Time(s)  Ops          TPS(ops/s)   Net(M/s)   Get_miss   Min(us)  Max(us)    Avg(us)    Std_dev    Geo_dist  
Period   30       5856         195          0.0        0          253      31350      3381       3309.59    2075.05
Global   30       5856         195          0.0        0          253      31350      3381       3309.59    2075.05

Total Statistics
Type     Time(s)  Ops          TPS(ops/s)   Net(M/s)   Get_miss   Min(us)  Max(us)    Avg(us)    Std_dev    Geo_dist  
Period   30       582081       19402        2.7        0          150      130786     3297       3575.36    1994.93
Global   30       582081       19402        2.7        0          150      130786     3297       3575.36    1994.93

Get Statistics (576289 events)
   Min:       150
   Max:    130786
   Avg:      3297
   Geo:   1994.47
   Std:   3578.33
   Log2 Dist:
       8:      449    30939   159389   142807
      12:    65013   126428    49697     1365
      16:      130       72

Set Statistics (5856 events)
   Min:       253
   Max:     31350
   Avg:      3381
   Geo:   2075.05
   Std:   3309.59
   Log2 Dist:
       8:        2      301     1516     1482
      12:      668     1340      530       17

Total Statistics (582145 events)
   Min:       150
   Max:    130786
   Avg:      3298
   Geo:   1995.26
   Std:   3575.59
   Log2 Dist:
       8:      451    31240   160905   144289
      12:    65681   127768    50227     1382
      16:      130       72

cmd_get: 576352
cmd_set: 5857
get_misses: 0
written_bytes: 13615318
read_bytes: 95134533
object_bytes: 843408

Run time: 30.1s Ops: 582209 TPS: 19327 Net_rate: 3.4M/s
