servers : 10.0.0.8:11212
threads count: 64
concurrency: 64
run time: 30s
windows size: 10k
set proportion: set_prop=0.01
get proportion: get_prop=0.99
[1;1H[2J
Get Statistics
Type     Time(s)  Ops          TPS(ops/s)   Net(M/s)   Get_miss   Min(us)  Max(us)    Avg(us)    Std_dev    Geo_dist  
Period   30       576327       19210        2.6        0          131      119374     3295       3515.49    1999.02
Global   30       576327       19210        2.6        0          131      119374     3295       3515.49    1999.02

Set Statistics
Type     Time(s)  Ops          TPS(ops/s)   Net(M/s)   Get_miss   Min(us)  Max(us)    Avg(us)    Std_dev    Geo_dist  
Period   30       5856         195          0.0        0          229      37780      3322       3198.97    2041.23
Global   30       5856         195          0.0        0          229      37780      3322       3198.97    2041.23

Total Statistics
Type     Time(s)  Ops          TPS(ops/s)   Net(M/s)   Get_miss   Min(us)  Max(us)    Avg(us)    Std_dev    Geo_dist  
Period   30       582183       19406        2.7        0          131      119374     3296       3511.77    1999.44
Global   30       582183       19406        2.7        0          131      119374     3296       3511.77    1999.44

Get Statistics (576391 events)
   Min:       131
   Max:    119374
   Avg:      3296
   Geo:   1999.15
   Std:   3515.13
   Log2 Dist:
       8:      740    31261   159992   139487
      12:    63298   133296    46797     1217
      16:      230       73

Set Statistics (5856 events)
   Min:       229
   Max:     37780
   Avg:      3322
   Geo:   2041.23
   Std:   3198.97
   Log2 Dist:
       8:        7      328     1556     1405
      12:      669     1406      477        7
      16:        1

Total Statistics (582247 events)
   Min:       131
   Max:    119374
   Avg:      3296
   Geo:   1999.57
   Std:   3512.34
   Log2 Dist:
       8:      747    31589   161548   140892
      12:    63967   134702    47274     1224
      16:      231       73

cmd_get: 576454
cmd_set: 5857
get_misses: 0
written_bytes: 13617562
read_bytes: 95151363
object_bytes: 843408

Run time: 30.1s Ops: 582311 TPS: 19332 Net_rate: 3.4M/s
