servers : 10.0.0.8:11212
threads count: 64
concurrency: 64
run time: 30s
windows size: 10k
set proportion: set_prop=0.01
get proportion: get_prop=0.99
[1;1H[2J
Get Statistics
Type     Time(s)  Ops          TPS(ops/s)   Net(M/s)   Get_miss   Min(us)  Max(us)    Avg(us)    Std_dev    Geo_dist  
Period   30       594451       19815        2.7        0          161      53869      3198       3103.35    1977.90
Global   30       594451       19815        2.7        0          161      53869      3198       3103.35    1977.90

Set Statistics
Type     Time(s)  Ops          TPS(ops/s)   Net(M/s)   Get_miss   Min(us)  Max(us)    Avg(us)    Std_dev    Geo_dist  
Period   30       6036         201          0.0        0          191      23396      3283       3161.42    2024.55
Global   30       6036         201          0.0        0          191      23396      3283       3161.42    2024.55

Total Statistics
Type     Time(s)  Ops          TPS(ops/s)   Net(M/s)   Get_miss   Min(us)  Max(us)    Avg(us)    Std_dev    Geo_dist  
Period   30       600487       20016        2.7        0          161      53869      3199       3103.80    1978.37
Global   30       600487       20016        2.7        0          161      53869      3199       3103.80    1978.37

Get Statistics (594515 events)
   Min:       161
   Max:     53869
   Avg:      3198
   Geo:   1978.06
   Std:   3103.47
   Log2 Dist:
       8:      464    29426   167497   149279
      12:    63672   139055    44138      949
      16:       35

Set Statistics (6036 events)
   Min:       191
   Max:     23396
   Avg:      3283
   Geo:   2024.55
   Std:   3161.42
   Log2 Dist:
       8:        5      271     1698     1488
      12:      644     1431      491        8

Total Statistics (600551 events)
   Min:       161
   Max:     53869
   Avg:      3199
   Geo:   1978.52
   Std:   3103.92
   Log2 Dist:
       8:      469    29697   169195   150767
      12:    64316   140486    44629      957
      16:       35

cmd_get: 594578
cmd_set: 6037
get_misses: 0
written_bytes: 14045090
read_bytes: 98143263
object_bytes: 869328

Run time: 30.1s Ops: 600615 TPS: 19941 Net_rate: 3.6M/s
