servers : 10.0.0.8:11212
threads count: 64
concurrency: 64
run time: 30s
windows size: 10k
set proportion: set_prop=0.01
get proportion: get_prop=0.99
[1;1H[2J
Get Statistics
Type     Time(s)  Ops          TPS(ops/s)   Net(M/s)   Get_miss   Min(us)  Max(us)    Avg(us)    Std_dev    Geo_dist  
Period   30       599255       19975        2.7        0          159      38362      3169       3107.28    1945.98
Global   30       599255       19975        2.7        0          159      38362      3169       3107.28    1945.98

Set Statistics
Type     Time(s)  Ops          TPS(ops/s)   Net(M/s)   Get_miss   Min(us)  Max(us)    Avg(us)    Std_dev    Geo_dist  
Period   30       6083         202          0.0        0          211      28735      3248       3152.40    2001.33
Global   30       6083         202          0.0        0          211      28735      3248       3152.40    2001.33

Total Statistics
Type     Time(s)  Ops          TPS(ops/s)   Net(M/s)   Get_miss   Min(us)  Max(us)    Avg(us)    Std_dev    Geo_dist  
Period   30       605338       20177        2.8        0          159      38362      3170       3107.54    1946.53
Global   30       605338       20177        2.8        0          159      38362      3170       3107.54    1946.53

Get Statistics (599319 events)
   Min:       159
   Max:     38362
   Avg:      3169
   Geo:   1946.28
   Std:   3108.20
   Log2 Dist:
       8:      354    29931   176576   145308
      12:    64649   135068    46837      587
      16:        9

Set Statistics (6083 events)
   Min:       211
   Max:     28735
   Avg:      3248
   Geo:   2001.33
   Std:   3152.40
   Log2 Dist:
       8:        4      287     1705     1534
      12:      640     1401      506        6

Total Statistics (605402 events)
   Min:       159
   Max:     38362
   Avg:      3170
   Geo:   1946.83
   Std:   3108.44
   Log2 Dist:
       8:      358    30218   178281   146842
      12:    65289   136469    47343      593
      16:        9

cmd_get: 599380
cmd_set: 6086
get_misses: 0
written_bytes: 14158298
read_bytes: 98936299
object_bytes: 876384

Run time: 30.1s Ops: 605466 TPS: 20098 Net_rate: 3.6M/s
