servers : 10.0.0.8:11212
threads count: 64
concurrency: 64
run time: 30s
windows size: 10k
set proportion: set_prop=0.01
get proportion: get_prop=0.99
[1;1H[2J
Get Statistics
Type     Time(s)  Ops          TPS(ops/s)   Net(M/s)   Get_miss   Min(us)  Max(us)    Avg(us)    Std_dev    Geo_dist  
Period   30       570632       19021        2.6        0          155      88521      3335       3404.64    1990.75
Global   30       570632       19021        2.6        0          155      88521      3335       3404.64    1990.75

Set Statistics
Type     Time(s)  Ops          TPS(ops/s)   Net(M/s)   Get_miss   Min(us)  Max(us)    Avg(us)    Std_dev    Geo_dist  
Period   30       5797         193          0.0        0          227      32631      3403       3318.16    2064.16
Global   30       5797         193          0.0        0          227      32631      3403       3318.16    2064.16

Total Statistics
Type     Time(s)  Ops          TPS(ops/s)   Net(M/s)   Get_miss   Min(us)  Max(us)    Avg(us)    Std_dev    Geo_dist  
Period   30       576429       19214        2.6        0          155      88521      3336       3403.48    1991.47
Global   30       576429       19214        2.6        0          155      88521      3336       3403.48    1991.47

Get Statistics (570696 events)
   Min:       155
   Max:     88521
   Avg:      3336
   Geo:   1991.14
   Std:   3406.23
   Log2 Dist:
       8:      495    32696   166761   126347
      12:    62457   127741    52571     1482
      16:      131       15

Set Statistics (5797 events)
   Min:       227
   Max:     32631
   Avg:      3403
   Geo:   2064.16
   Std:   3318.16
   Log2 Dist:
       8:        4      299     1618     1318
      12:      635     1332      581       10

Total Statistics (576493 events)
   Min:       155
   Max:     88521
   Avg:      3337
   Geo:   1991.86
   Std:   3405.04
   Log2 Dist:
       8:      499    32995   168379   127665
      12:    63092   129073    53152     1492
      16:      131       15

cmd_get: 570760
cmd_set: 5797
get_misses: 0
written_bytes: 13482832
read_bytes: 94211216
object_bytes: 834768

Run time: 30.2s Ops: 576557 TPS: 19113 Net_rate: 3.4M/s
