servers : 10.0.0.8:11212
threads count: 64
concurrency: 64
run time: 30s
windows size: 10k
set proportion: set_prop=0.01
get proportion: get_prop=0.99
[1;1H[2J
Get Statistics
Type     Time(s)  Ops          TPS(ops/s)   Net(M/s)   Get_miss   Min(us)  Max(us)    Avg(us)    Std_dev    Geo_dist  
Period   30       574509       19150        2.6        0          157      135527     3307       3601.24    1962.89
Global   30       574509       19150        2.6        0          157      135527     3307       3601.24    1962.89

Set Statistics
Type     Time(s)  Ops          TPS(ops/s)   Net(M/s)   Get_miss   Min(us)  Max(us)    Avg(us)    Std_dev    Geo_dist  
Period   30       5833         194          0.0        0          174      41658      3417       3597.56    2024.36
Global   30       5833         194          0.0        0          174      41658      3417       3597.56    2024.36

Total Statistics
Type     Time(s)  Ops          TPS(ops/s)   Net(M/s)   Get_miss   Min(us)  Max(us)    Avg(us)    Std_dev    Geo_dist  
Period   30       580343       19344        2.7        0          157      135527     3308       3601.31    1963.50
Global   30       580343       19344        2.7        0          157      135527     3308       3601.31    1963.50

Get Statistics (574572 events)
   Min:       157
   Max:    135527
   Avg:      3308
   Geo:   1963.18
   Std:   3601.35
   Log2 Dist:
       8:      638    35486   162551   132316
      12:    68605   121246    50883     2389
      16:      421       36        1

Set Statistics (5835 events)
   Min:       174
   Max:     41658
   Avg:      3420
   Geo:   2025.56
   Std:   3599.83
   Log2 Dist:
       8:        7      337     1630     1330
      12:      671     1272      557       26
      16:        5

Total Statistics (580407 events)
   Min:       157
   Max:    135527
   Avg:      3309
   Geo:   1963.80
   Std:   3601.46
   Log2 Dist:
       8:      645    35823   164181   133646
      12:    69276   122518    51440     2415
      16:      426       36        1

cmd_get: 574636
cmd_set: 5835
get_misses: 0
written_bytes: 13574184
read_bytes: 94851060
object_bytes: 840240

Run time: 30.1s Ops: 580471 TPS: 19255 Net_rate: 3.4M/s
