servers : 10.0.0.8:11212
threads count: 64
concurrency: 64
run time: 30s
windows size: 10k
set proportion: set_prop=0.01
get proportion: get_prop=0.99
[1;1H[2J
Get Statistics
Type     Time(s)  Ops          TPS(ops/s)   Net(M/s)   Get_miss   Min(us)  Max(us)    Avg(us)    Std_dev    Geo_dist  
Period   30       582191       19406        2.7        0          159      96732      3265       3412.20    1954.68
Global   30       582191       19406        2.7        0          159      96732      3265       3412.20    1954.68

Set Statistics
Type     Time(s)  Ops          TPS(ops/s)   Net(M/s)   Get_miss   Min(us)  Max(us)    Avg(us)    Std_dev    Geo_dist  
Period   30       5915         197          0.0        0          199      53558      3327       3368.98    1996.38
Global   30       5915         197          0.0        0          199      53558      3327       3368.98    1996.38

Total Statistics
Type     Time(s)  Ops          TPS(ops/s)   Net(M/s)   Get_miss   Min(us)  Max(us)    Avg(us)    Std_dev    Geo_dist  
Period   30       588106       19603        2.7        0          159      96732      3265       3412.37    1955.09
Global   30       588106       19603        2.7        0          159      96732      3265       3412.37    1955.09

Get Statistics (582255 events)
   Min:       159
   Max:     96732
   Avg:      3265
   Geo:   1954.97
   Std:   3412.80
   Log2 Dist:
       8:      555    33980   168520   137919
      12:    59377   132106    48207     1346
      16:      217       28

Set Statistics (5915 events)
   Min:       199
   Max:     53558
   Avg:      3327
   Geo:   1996.38
   Std:   3368.98
   Log2 Dist:
       8:        5      316     1707     1410
      12:      566     1332      571        6
      16:        2

Total Statistics (588170 events)
   Min:       159
   Max:     96732
   Avg:      3266
   Geo:   1955.38
   Std:   3412.01
   Log2 Dist:
       8:      560    34296   170227   139329
      12:    59943   133438    48778     1352
      16:      219       28

cmd_get: 582318
cmd_set: 5916
get_misses: 0
written_bytes: 13756010
read_bytes: 96119395
object_bytes: 851904

Run time: 30.1s Ops: 588234 TPS: 19527 Net_rate: 3.5M/s
