servers : 10.0.0.8:11212
threads count: 64
concurrency: 64
run time: 30s
windows size: 10k
set proportion: set_prop=0.01
get proportion: get_prop=0.99
[1;1H[2J
Get Statistics
Type     Time(s)  Ops          TPS(ops/s)   Net(M/s)   Get_miss   Min(us)  Max(us)    Avg(us)    Std_dev    Geo_dist  
Period   30       669700       22323        3.1        0          160      52858      2834       3138.05    1665.01
Global   30       669700       22323        3.1        0          160      52858      2834       3138.05    1665.01

Set Statistics
Type     Time(s)  Ops          TPS(ops/s)   Net(M/s)   Get_miss   Min(us)  Max(us)    Avg(us)    Std_dev    Geo_dist  
Period   30       6798         226          0.0        0          216      50247      2814       3139.24    1663.21
Global   30       6798         226          0.0        0          216      50247      2814       3139.24    1663.21

Total Statistics
Type     Time(s)  Ops          TPS(ops/s)   Net(M/s)   Get_miss   Min(us)  Max(us)    Avg(us)    Std_dev    Geo_dist  
Period   30       676498       22549        3.1        0          160      52858      2834       3137.88    1664.99
Global   30       676498       22549        3.1        0          160      52858      2834       3137.88    1664.99

Get Statistics (669764 events)
   Min:       160
   Max:     52858
   Avg:      2834
   Geo:   1665.25
   Std:   3139.09
   Log2 Dist:
       8:      679    50295   234796   143215
      12:    73042   120442    45597     1658
      16:       40

Set Statistics (6798 events)
   Min:       216
   Max:     50247
   Avg:      2814
   Geo:   1663.21
   Std:   3139.24
   Log2 Dist:
       8:        5      508     2346     1514
      12:      764     1186      460       14
      16:        1

Total Statistics (676562 events)
   Min:       160
   Max:     52858
   Avg:      2834
   Geo:   1665.23
   Std:   3138.91
   Log2 Dist:
       8:      684    50803   237142   144729
      12:    73806   121628    46057     1672
      16:       41

cmd_get: 669827
cmd_set: 6799
get_misses: 0
written_bytes: 15822488
read_bytes: 110565444
object_bytes: 979056

Run time: 30.1s Ops: 676626 TPS: 22465 Net_rate: 4.0M/s
