servers : 10.0.0.8:11212
threads count: 64
concurrency: 64
run time: 30s
windows size: 10k
set proportion: set_prop=0.01
get proportion: get_prop=0.99
[1;1H[2J
Get Statistics
Type     Time(s)  Ops          TPS(ops/s)   Net(M/s)   Get_miss   Min(us)  Max(us)    Avg(us)    Std_dev    Geo_dist  
Period   30       643751       21458        2.9        0          151      196386     2946       3822.38    1694.26
Global   30       643751       21458        2.9        0          151      196386     2946       3822.37    1694.24

Set Statistics
Type     Time(s)  Ops          TPS(ops/s)   Net(M/s)   Get_miss   Min(us)  Max(us)    Avg(us)    Std_dev    Geo_dist  
Period   30       6534         217          0.0        0          161      195872     3008       4128.09    1720.36
Global   30       6534         217          0.0        0          161      195872     3008       4128.09    1720.36

Total Statistics
Type     Time(s)  Ops          TPS(ops/s)   Net(M/s)   Get_miss   Min(us)  Max(us)    Avg(us)    Std_dev    Geo_dist  
Period   30       650287       21676        3.0        0          151      196386     2947       3825.28    1694.51
Global   30       650287       21676        3.0        0          151      196386     2947       3825.28    1694.51

Get Statistics (643816 events)
   Min:       151
   Max:    196386
   Avg:      2947
   Geo:   1694.46
   Std:   3822.04
   Log2 Dist:
       8:      852    52891   220048   125144
      12:    76771   120471    44870     2504
      16:      169       36       60

Set Statistics (6536 events)
   Min:       161
   Max:    195872
   Avg:      3009
   Geo:   1720.72
   Std:   4127.47
   Log2 Dist:
       8:       10      520     2190     1301
      12:      769     1264      451       29
      16:        1        0        1

Total Statistics (650352 events)
   Min:       151
   Max:    196386
   Avg:      2947
   Geo:   1694.72
   Std:   3825.71
   Log2 Dist:
       8:      862    53411   222238   126445
      12:    77540   121735    45321     2533
      16:      170       36       61

cmd_get: 643879
cmd_set: 6537
get_misses: 0
written_bytes: 15209712
read_bytes: 106281928
object_bytes: 941328

Run time: 30.1s Ops: 650416 TPS: 21577 Net_rate: 3.8M/s
