servers : 10.0.0.8:11212
threads count: 64
concurrency: 64
run time: 30s
windows size: 10k
set proportion: set_prop=0.01
get proportion: get_prop=0.99
[1;1H[2J
Get Statistics
Type     Time(s)  Ops          TPS(ops/s)   Net(M/s)   Get_miss   Min(us)  Max(us)    Avg(us)    Std_dev    Geo_dist  
Period   30       663805       22126        3.0        0          161      72578      2865       3275.16    1703.00
Global   30       663805       22126        3.0        0          161      72578      2865       3275.16    1703.00

Set Statistics
Type     Time(s)  Ops          TPS(ops/s)   Net(M/s)   Get_miss   Min(us)  Max(us)    Avg(us)    Std_dev    Geo_dist  
Period   30       6737         224          0.0        0          235      72537      2932       3391.17    1751.48
Global   30       6737         224          0.0        0          235      72537      2932       3391.17    1751.48

Total Statistics
Type     Time(s)  Ops          TPS(ops/s)   Net(M/s)   Get_miss   Min(us)  Max(us)    Avg(us)    Std_dev    Geo_dist  
Period   30       670546       22351        3.1        0          161      72578      2866       3276.06    1703.48
Global   30       670546       22351        3.1        0          161      72578      2866       3276.06    1703.48

Get Statistics (663872 events)
   Min:       161
   Max:     72578
   Avg:      2865
   Geo:   1703.12
   Std:   3275.23
   Log2 Dist:
       8:      529    41096   230566   150922
      12:    75313   120728    42467     1974
      16:      225       52

Set Statistics (6738 events)
   Min:       235
   Max:     72537
   Avg:      2932
   Geo:   1751.72
   Std:   3391.16
   Log2 Dist:
       8:        3      389     2270     1557
      12:      800     1230      469       17
      16:        1        2

Total Statistics (670610 events)
   Min:       161
   Max:     72578
   Avg:      2866
   Geo:   1703.60
   Std:   3276.13
   Log2 Dist:
       8:      532    41485   232836   152479
      12:    76113   121958    42936     1991
      16:      226       54

cmd_get: 663936
cmd_set: 6738
get_misses: 0
written_bytes: 15683264
read_bytes: 109592784
object_bytes: 970272

Run time: 30.2s Ops: 670674 TPS: 22209 Net_rate: 4.0M/s
