servers : 10.0.0.8:11212
threads count: 64
concurrency: 64
run time: 30s
windows size: 10k
set proportion: set_prop=0.01
get proportion: get_prop=0.99
[1;1H[2J
Get Statistics
Type     Time(s)  Ops          TPS(ops/s)   Net(M/s)   Get_miss   Min(us)  Max(us)    Avg(us)    Std_dev    Geo_dist  
Period   30       672347       22411        3.1        0          146      126021     2820       3241.46    1689.12
Global   30       672347       22411        3.1        0          146      126021     2820       3241.46    1689.10

Set Statistics
Type     Time(s)  Ops          TPS(ops/s)   Net(M/s)   Get_miss   Min(us)  Max(us)    Avg(us)    Std_dev    Geo_dist  
Period   30       6822         227          0.0        0          178      41814      2868       3103.44    1722.33
Global   30       6822         227          0.0        0          178      41814      2868       3103.44    1722.33

Total Statistics
Type     Time(s)  Ops          TPS(ops/s)   Net(M/s)   Get_miss   Min(us)  Max(us)    Avg(us)    Std_dev    Geo_dist  
Period   30       679172       22639        3.1        0          146      126021     2821       3239.64    1689.43
Global   30       679172       22639        3.1        0          146      126021     2821       3239.64    1689.43

Get Statistics (672411 events)
   Min:       146
   Max:    126021
   Avg:      2820
   Geo:   1689.22
   Std:   3241.75
   Log2 Dist:
       8:      623    44951   230652   150546
      12:    80936   120038    43156     1401
      16:       45       63

Set Statistics (6825 events)
   Min:       178
   Max:     41814
   Avg:      2868
   Geo:   1722.84
   Std:   3103.05
   Log2 Dist:
       8:        6      431     2314     1532
      12:      830     1247      447       17
      16:        1

Total Statistics (679236 events)
   Min:       146
   Max:    126021
   Avg:      2821
   Geo:   1689.56
   Std:   3239.94
   Log2 Dist:
       8:      629    45382   232966   152078
      12:    81766   121285    43603     1418
      16:       46       63

cmd_get: 672475
cmd_set: 6825
get_misses: 0
written_bytes: 15885042
read_bytes: 111002415
object_bytes: 982800

Run time: 30.1s Ops: 679300 TPS: 22545 Net_rate: 4.0M/s
