servers : 10.0.0.8:11212
threads count: 64
concurrency: 64
run time: 30s
windows size: 10k
set proportion: set_prop=0.01
get proportion: get_prop=0.99
[1;1H[2J
Get Statistics
Type     Time(s)  Ops          TPS(ops/s)   Net(M/s)   Get_miss   Min(us)  Max(us)    Avg(us)    Std_dev    Geo_dist  
Period   30       666951       22231        3.1        0          162      225621     2857       3889.47    1683.48
Global   30       666951       22231        3.1        0          162      225621     2857       3889.47    1683.48

Set Statistics
Type     Time(s)  Ops          TPS(ops/s)   Net(M/s)   Get_miss   Min(us)  Max(us)    Avg(us)    Std_dev    Geo_dist  
Period   30       6769         225          0.0        0          218      225236     2862       4057.68    1701.70
Global   30       6769         225          0.0        0          218      225236     2862       4057.68    1701.70

Total Statistics
Type     Time(s)  Ops          TPS(ops/s)   Net(M/s)   Get_miss   Min(us)  Max(us)    Avg(us)    Std_dev    Geo_dist  
Period   30       673722       22457        3.1        0          162      225621     2857       3891.22    1683.65
Global   30       673722       22457        3.1        0          162      225621     2857       3891.22    1683.65

Get Statistics (667016 events)
   Min:       162
   Max:    225621
   Avg:      2858
   Geo:   1683.53
   Std:   3888.75
   Log2 Dist:
       8:      619    45609   232525   147088
      12:    74633   121242    43776     1334
      16:       61       66       63

Set Statistics (6771 events)
   Min:       218
   Max:    225236
   Avg:      2863
   Geo:   1702.46
   Std:   4058.25
   Log2 Dist:
       8:        3      436     2330     1522
      12:      758     1267      444        9
      16:        1        0        1

Total Statistics (673787 events)
   Min:       162
   Max:    225621
   Avg:      2858
   Geo:   1683.72
   Std:   3890.52
   Log2 Dist:
       8:      622    46045   234855   148610
      12:    75391   122509    44220     1343
      16:       62       66       64

cmd_get: 667080
cmd_set: 6771
get_misses: 0
written_bytes: 15757712
read_bytes: 110111808
object_bytes: 975024

Run time: 30.2s Ops: 673851 TPS: 22284 Net_rate: 4.0M/s
