servers : 10.0.0.8:11212
threads count: 64
concurrency: 64
run time: 30s
windows size: 10k
set proportion: set_prop=0.01
get proportion: get_prop=0.99
[1;1H[2J
Get Statistics
Type     Time(s)  Ops          TPS(ops/s)   Net(M/s)   Get_miss   Min(us)  Max(us)    Avg(us)    Std_dev    Geo_dist  
Period   30       680128       22670        3.1        0          164      83788      2796       3068.22    1672.76
Global   30       680128       22670        3.1        0          164      83788      2796       3068.21    1672.74

Set Statistics
Type     Time(s)  Ops          TPS(ops/s)   Net(M/s)   Get_miss   Min(us)  Max(us)    Avg(us)    Std_dev    Geo_dist  
Period   30       6903         230          0.0        0          258      41906      2878       3163.10    1720.50
Global   30       6903         230          0.0        0          258      41906      2878       3163.10    1720.50

Total Statistics
Type     Time(s)  Ops          TPS(ops/s)   Net(M/s)   Get_miss   Min(us)  Max(us)    Avg(us)    Std_dev    Geo_dist  
Period   30       687034       22901        3.1        0          164      83788      2797       3069.05    1673.23
Global   30       687034       22901        3.1        0          164      83788      2797       3069.05    1673.23

Get Statistics (680194 events)
   Min:       164
   Max:     83788
   Avg:      2797
   Geo:   1672.96
   Std:   3067.77
   Log2 Dist:
       8:      622    46781   235505   152234
      12:    79288   121842    42536     1304
      16:       80        2

Set Statistics (6904 events)
   Min:       258
   Max:     41906
   Avg:      2879
   Geo:   1720.87
   Std:   3163.08
   Log2 Dist:
       8:        0      439     2394     1505
      12:      831     1263      456       14
      16:        2

Total Statistics (687098 events)
   Min:       164
   Max:     83788
   Avg:      2797
   Geo:   1673.43
   Std:   3069.50
   Log2 Dist:
       8:      622    47220   237899   153739
      12:    80119   123105    42992     1318
      16:       82        2

cmd_get: 680258
cmd_set: 6904
get_misses: 0
written_bytes: 16068908
read_bytes: 112287242
object_bytes: 994176

Run time: 30.2s Ops: 687162 TPS: 22732 Net_rate: 4.0M/s
