servers : 10.0.0.8:11212
threads count: 64
concurrency: 64
run time: 30s
windows size: 10k
set proportion: set_prop=0.01
get proportion: get_prop=0.99
[1;1H[2J
Get Statistics
Type     Time(s)  Ops          TPS(ops/s)   Net(M/s)   Get_miss   Min(us)  Max(us)    Avg(us)    Std_dev    Geo_dist  
Period   30       672107       22403        3.1        0          168      56304      2835       3090.49    1683.31
Global   30       672107       22403        3.1        0          168      56304      2835       3090.49    1683.31

Set Statistics
Type     Time(s)  Ops          TPS(ops/s)   Net(M/s)   Get_miss   Min(us)  Max(us)    Avg(us)    Std_dev    Geo_dist  
Period   30       6822         227          0.0        0          191      47733      2879       3197.97    1716.69
Global   30       6822         227          0.0        0          191      47733      2879       3197.97    1716.69

Total Statistics
Type     Time(s)  Ops          TPS(ops/s)   Net(M/s)   Get_miss   Min(us)  Max(us)    Avg(us)    Std_dev    Geo_dist  
Period   30       678929       22630        3.1        0          168      56304      2835       3091.99    1683.64
Global   30       678929       22630        3.1        0          168      56304      2835       3091.99    1683.64

Get Statistics (672171 events)
   Min:       168
   Max:     56304
   Avg:      2835
   Geo:   1683.57
   Std:   3091.35
   Log2 Dist:
       8:      481    45620   237588   145179
      12:    72593   126599    42681     1382
      16:       48

Set Statistics (6822 events)
   Min:       191
   Max:     47733
   Avg:      2879
   Geo:   1716.69
   Std:   3197.97
   Log2 Dist:
       8:        6      430     2360     1520
      12:      759     1288      442       14
      16:        3

Total Statistics (678993 events)
   Min:       168
   Max:     56304
   Avg:      2836
   Geo:   1683.90
   Std:   3091.93
   Log2 Dist:
       8:      487    46050   239948   146699
      12:    73352   127887    43123     1396
      16:       51

cmd_get: 672233
cmd_set: 6824
get_misses: 0
written_bytes: 15879282
read_bytes: 110962791
object_bytes: 982656

Run time: 30.3s Ops: 679057 TPS: 22447 Net_rate: 4.0M/s
