servers : 10.0.0.8:11212
threads count: 64
concurrency: 64
run time: 30s
windows size: 10k
set proportion: set_prop=0.01
get proportion: get_prop=0.99
[1;1H[2J
Get Statistics
Type     Time(s)  Ops          TPS(ops/s)   Net(M/s)   Get_miss   Min(us)  Max(us)    Avg(us)    Std_dev    Geo_dist  
Period   30       646284       21542        3.0        0          142      78262      2935       3358.21    1697.51
Global   30       646284       21542        3.0        0          142      78262      2935       3358.21    1697.51

Set Statistics
Type     Time(s)  Ops          TPS(ops/s)   Net(M/s)   Get_miss   Min(us)  Max(us)    Avg(us)    Std_dev    Geo_dist  
Period   30       6562         218          0.0        0          196      35290      2990       3343.38    1744.03
Global   30       6562         218          0.0        0          196      35290      2990       3343.38    1744.03

Total Statistics
Type     Time(s)  Ops          TPS(ops/s)   Net(M/s)   Get_miss   Min(us)  Max(us)    Avg(us)    Std_dev    Geo_dist  
Period   30       652846       21761        3.0        0          142      78262      2936       3357.67    1697.97
Global   30       652846       21761        3.0        0          142      78262      2936       3357.67    1697.97

Get Statistics (646348 events)
   Min:       142
   Max:     78262
   Avg:      2936
   Geo:   1697.64
   Std:   3357.95
   Log2 Dist:
       8:     1018    50893   219455   134799
      12:    73167   117366    47187     2212
      16:      237       14

Set Statistics (6562 events)
   Min:       196
   Max:     35290
   Avg:      2990
   Geo:   1744.03
   Std:   3343.38
   Log2 Dist:
       8:        8      459     2188     1391
      12:      785     1218      477       34
      16:        2

Total Statistics (652910 events)
   Min:       142
   Max:     78262
   Avg:      2936
   Geo:   1698.10
   Std:   3358.28
   Log2 Dist:
       8:     1026    51352   221643   136190
      12:    73952   118584    47664     2246
      16:      239       14

cmd_get: 646412
cmd_set: 6562
get_misses: 0
written_bytes: 15269576
read_bytes: 106699916
object_bytes: 944928

Run time: 30.2s Ops: 652974 TPS: 21653 Net_rate: 3.9M/s
