servers : 10.0.0.8:11212
threads count: 1
concurrency: 1
run time: 30s
windows size: 10k
set proportion: set_prop=0.01
get proportion: get_prop=0.99
[1;1H[2J
Get Statistics
Type     Time(s)  Ops          TPS(ops/s)   Net(M/s)   Get_miss   Min(us)  Max(us)    Avg(us)    Std_dev    Geo_dist  
Period   30       37313        1243         0.2        0          136      52573      797        1379.03    516.49
Global   30       37313        1243         0.2        0          136      52573      797        1379.03    516.49

Set Statistics
Type     Time(s)  Ops          TPS(ops/s)   Net(M/s)   Get_miss   Min(us)  Max(us)    Avg(us)    Std_dev    Geo_dist  
Period   30       377          12           0.0        0          182      8061       763        1319.49    492.80
Global   30       377          12           0.0        0          182      8061       763        1319.49    492.80

Total Statistics
Type     Time(s)  Ops          TPS(ops/s)   Net(M/s)   Get_miss   Min(us)  Max(us)    Avg(us)    Std_dev    Geo_dist  
Period   30       37690        1256         0.2        0          136      52573      797        1378.24    516.25
Global   30       37690        1256         0.2        0          136      52573      797        1378.24    516.25

Get Statistics (37314 events)
   Min:       136
   Max:     52573
   Avg:       797
   Geo:    516.50
   Std:   1379.02
   Log2 Dist:
       8:     3718    18129    12015     1677
      12:      144     1585       44        1
      16:        1

Set Statistics (377 events)
   Min:       182
   Max:      8061
   Avg:       763
   Geo:    492.80
   Std:   1319.49
   Log2 Dist:
       8:       38      193      112       17
      12:        1       16

Total Statistics (37691 events)
   Min:       136
   Max:     52573
   Avg:       797
   Geo:    516.26
   Std:   1378.23
   Log2 Dist:
       8:     3756    18322    12127     1694
      12:      145     1601       44        1
      16:        1

cmd_get: 37315
cmd_set: 377
get_misses: 0
written_bytes: 881228
read_bytes: 6159826
object_bytes: 54288

Run time: 30.1s Ops: 37692 TPS: 1251 Net_rate: 0.2M/s
