servers : 10.0.0.8:11212
threads count: 17
concurrency: 17
run time: 30s
windows size: 10k
set proportion: set_prop=0.01
get proportion: get_prop=0.99
[1;1H[2J
Get Statistics
Type     Time(s)  Ops          TPS(ops/s)   Net(M/s)   Get_miss   Min(us)  Max(us)    Avg(us)    Std_dev    Geo_dist  
Period   30       404638       13487        1.9        0          130      50979      1248       1755.66    823.25
Global   30       404638       13487        1.9        0          130      50979      1248       1755.66    823.25

Set Statistics
Type     Time(s)  Ops          TPS(ops/s)   Net(M/s)   Get_miss   Min(us)  Max(us)    Avg(us)    Std_dev    Geo_dist  
Period   30       4096         136          0.0        0          178      50892      1247       1878.35    818.97
Global   30       4096         136          0.0        0          178      50892      1247       1878.35    818.97

Total Statistics
Type     Time(s)  Ops          TPS(ops/s)   Net(M/s)   Get_miss   Min(us)  Max(us)    Avg(us)    Std_dev    Geo_dist  
Period   30       408734       13624        1.9        0          130      50979      1248       1756.92    823.21
Global   30       408734       13624        1.9        0          130      50979      1248       1756.92    823.21

Get Statistics (404655 events)
   Min:       130
   Max:     50979
   Avg:      1248
   Geo:    823.25
   Std:   1755.62
   Log2 Dist:
       8:     4418    96449   200282    63749
      12:     9380    28781     1465      100
      16:       31

Set Statistics (4096 events)
   Min:       178
   Max:     50892
   Avg:      1247
   Geo:    818.97
   Std:   1878.35
   Log2 Dist:
       8:       45      990     2041      625
      12:       93      282       18        1
      16:        1

Total Statistics (408751 events)
   Min:       130
   Max:     50979
   Avg:      1248
   Geo:    823.21
   Std:   1756.88
   Log2 Dist:
       8:     4463    97439   202323    64374
      12:     9473    29063     1483      101
      16:       32

cmd_get: 404672
cmd_set: 4096
get_misses: 0
written_bytes: 9557770
read_bytes: 66800843
object_bytes: 589824

Run time: 30.1s Ops: 408768 TPS: 13569 Net_rate: 2.4M/s
