servers : 10.0.0.8:11212
threads count: 19
concurrency: 19
run time: 30s
windows size: 10k
set proportion: set_prop=0.01
get proportion: get_prop=0.99
[1;1H[2J
Get Statistics
Type     Time(s)  Ops          TPS(ops/s)   Net(M/s)   Get_miss   Min(us)  Max(us)    Avg(us)    Std_dev    Geo_dist  
Period   30       422910       14097        1.9        0          137      53954      1334       1780.32    887.57
Global   30       422910       14097        1.9        0          137      53954      1334       1780.32    887.57

Set Statistics
Type     Time(s)  Ops          TPS(ops/s)   Net(M/s)   Get_miss   Min(us)  Max(us)    Avg(us)    Std_dev    Geo_dist  
Period   30       4280         142          0.0        0          169      11109      1366       1755.87    912.12
Global   30       4280         142          0.0        0          169      11109      1366       1755.87    912.12

Total Statistics
Type     Time(s)  Ops          TPS(ops/s)   Net(M/s)   Get_miss   Min(us)  Max(us)    Avg(us)    Std_dev    Geo_dist  
Period   30       427190       14239        2.0        0          137      53954      1334       1780.32    887.81
Global   30       427190       14239        2.0        0          137      53954      1334       1780.32    887.81

Get Statistics (422929 events)
   Min:       137
   Max:     53954
   Avg:      1334
   Geo:    887.66
   Std:   1781.07
   Log2 Dist:
       8:     2364    84663   213116    74503
      12:    14362    31744     2139       19
      16:       19

Set Statistics (4280 events)
   Min:       169
   Max:     11109
   Avg:      1366
   Geo:    912.12
   Std:   1755.87
   Log2 Dist:
       8:       11      827     2125      802
      12:      156      334       25

Total Statistics (427209 events)
   Min:       137
   Max:     53954
   Avg:      1335
   Geo:    887.90
   Std:   1780.31
   Log2 Dist:
       8:     2375    85490   215241    75305
      12:    14518    32078     2164       19
      16:       19

cmd_get: 422947
cmd_set: 4281
get_misses: 0
written_bytes: 9989238
read_bytes: 69817525
object_bytes: 616464

Run time: 30.1s Ops: 427228 TPS: 14184 Net_rate: 2.5M/s
