servers : 10.0.0.8:11212
threads count: 1
concurrency: 1
run time: 30s
windows size: 10k
set proportion: set_prop=0.01
get proportion: get_prop=0.99
[1;1H[2J
Get Statistics
Type     Time(s)  Ops          TPS(ops/s)   Net(M/s)   Get_miss   Min(us)  Max(us)    Avg(us)    Std_dev    Geo_dist  
Period   30       34260        1142         0.2        0          133      10127      866        1495.41    531.54
Global   30       34260        1142         0.2        0          133      10127      866        1495.41    531.54

Set Statistics
Type     Time(s)  Ops          TPS(ops/s)   Net(M/s)   Get_miss   Min(us)  Max(us)    Avg(us)    Std_dev    Geo_dist  
Period   30       347          11           0.0        0          149      8145       990        1657.87    592.76
Global   30       347          11           0.0        0          149      8145       990        1657.87    592.76

Total Statistics
Type     Time(s)  Ops          TPS(ops/s)   Net(M/s)   Get_miss   Min(us)  Max(us)    Avg(us)    Std_dev    Geo_dist  
Period   30       34607        1153         0.2        0          133      10127      868        1496.71    532.12
Global   30       34607        1153         0.2        0          133      10127      868        1496.71    532.12

Get Statistics (34261 events)
   Min:       133
   Max:     10127
   Avg:       866
   Geo:    531.57
   Std:   1495.69
   Log2 Dist:
       8:     3507    16149    11164     1438
      12:      117     1844       42

Set Statistics (347 events)
   Min:       149
   Max:      8145
   Avg:       990
   Geo:    592.76
   Std:   1657.87
   Log2 Dist:
       8:       25      150      129       18
      12:        3       22

Total Statistics (34608 events)
   Min:       133
   Max:     10127
   Avg:       868
   Geo:    532.15
   Std:   1496.99
   Log2 Dist:
       8:     3532    16299    11293     1456
      12:      120     1866       42

cmd_get: 34262
cmd_set: 347
get_misses: 0
written_bytes: 809262
read_bytes: 5655841
object_bytes: 49968

Run time: 30.1s Ops: 34609 TPS: 1149 Net_rate: 0.2M/s
