servers : 10.0.0.8:11212
threads count: 19
concurrency: 19
run time: 30s
windows size: 10k
set proportion: set_prop=0.01
get proportion: get_prop=0.99
[1;1H[2J
Get Statistics
Type     Time(s)  Ops          TPS(ops/s)   Net(M/s)   Get_miss   Min(us)  Max(us)    Avg(us)    Std_dev    Geo_dist  
Period   30       388077       12935        1.8        0          138      46805      1461       1979.48    919.94
Global   30       388077       12935        1.8        0          138      46805      1461       1979.48    919.94

Set Statistics
Type     Time(s)  Ops          TPS(ops/s)   Net(M/s)   Get_miss   Min(us)  Max(us)    Avg(us)    Std_dev    Geo_dist  
Period   30       3930         131          0.0        0          192      15184      1484       1983.21    931.07
Global   30       3930         131          0.0        0          192      15184      1484       1983.21    931.07

Total Statistics
Type     Time(s)  Ops          TPS(ops/s)   Net(M/s)   Get_miss   Min(us)  Max(us)    Avg(us)    Std_dev    Geo_dist  
Period   30       392007       13066        1.8        0          138      46805      1461       1979.68    920.05
Global   30       392007       13066        1.8        0          138      46805      1461       1979.68    920.05

Get Statistics (388096 events)
   Min:       138
   Max:     46805
   Avg:      1461
   Geo:    920.03
   Std:   1980.18
   Log2 Dist:
       8:     2151    76607   195844    62560
      12:    10777    37366     2699       74
      16:       18

Set Statistics (3930 events)
   Min:       192
   Max:     15184
   Avg:      1484
   Geo:    931.07
   Std:   1983.21
   Log2 Dist:
       8:       23      743     1992      650
      12:      102      393       27

Total Statistics (392026 events)
   Min:       138
   Max:     46805
   Avg:      1461
   Geo:    920.14
   Std:   1980.37
   Log2 Dist:
       8:     2174    77350   197836    63210
      12:    10879    37759     2726       74
      16:       18

cmd_get: 388115
cmd_set: 3930
get_misses: 0
written_bytes: 9166912
read_bytes: 64067280
object_bytes: 565920

Run time: 30.2s Ops: 392045 TPS: 12963 Net_rate: 2.3M/s
