servers : 10.0.0.8:11212
threads count: 13
concurrency: 13
run time: 30s
windows size: 10k
set proportion: set_prop=0.01
get proportion: get_prop=0.99
[1;1H[2J
Get Statistics
Type     Time(s)  Ops          TPS(ops/s)   Net(M/s)   Get_miss   Min(us)  Max(us)    Avg(us)    Std_dev    Geo_dist  
Period   30       350292       11676        1.6        0          131      119806     1104       1825.80    755.01
Global   30       350292       11676        1.6        0          131      119806     1104       1825.80    755.01

Set Statistics
Type     Time(s)  Ops          TPS(ops/s)   Net(M/s)   Get_miss   Min(us)  Max(us)    Avg(us)    Std_dev    Geo_dist  
Period   30       3544         118          0.0        0          189      14164      1089       1511.55    758.95
Global   30       3544         118          0.0        0          189      14164      1089       1511.55    758.95

Total Statistics
Type     Time(s)  Ops          TPS(ops/s)   Net(M/s)   Get_miss   Min(us)  Max(us)    Avg(us)    Std_dev    Geo_dist  
Period   30       353836       11794        1.6        0          131      119806     1104       1822.82    755.05
Global   30       353836       11794        1.6        0          131      119806     1104       1822.82    755.05

Get Statistics (350304 events)
   Min:       131
   Max:    119806
   Avg:      1104
   Geo:    755.06
   Std:   1826.08
   Log2 Dist:
       8:     3882    90814   184133    47147
      12:     4869    18415      928       56
      16:       28       32

Set Statistics (3545 events)
   Min:       189
   Max:     14164
   Avg:      1090
   Geo:    759.39
   Std:   1513.84
   Log2 Dist:
       8:       32      903     1866      502
      12:       49      187        6

Total Statistics (353849 events)
   Min:       131
   Max:    119806
   Avg:      1104
   Geo:    755.10
   Std:   1823.13
   Log2 Dist:
       8:     3914    91717   185999    47649
      12:     4918    18602      934       56
      16:       28       32

cmd_get: 350317
cmd_set: 3545
get_misses: 0
written_bytes: 8273888
read_bytes: 57828520
object_bytes: 510480

Run time: 30.1s Ops: 353862 TPS: 11744 Net_rate: 2.1M/s
