servers : 10.0.0.8:11212
threads count: 11
concurrency: 11
run time: 30s
windows size: 10k
set proportion: set_prop=0.01
get proportion: get_prop=0.99
[1;1H[2J
Get Statistics
Type     Time(s)  Ops          TPS(ops/s)   Net(M/s)   Get_miss   Min(us)  Max(us)    Avg(us)    Std_dev    Geo_dist  
Period   30       300464       10015        1.4        0          136      86554      1088       1637.37    750.94
Global   30       300464       10015        1.4        0          136      86554      1088       1637.37    750.94

Set Statistics
Type     Time(s)  Ops          TPS(ops/s)   Net(M/s)   Get_miss   Min(us)  Max(us)    Avg(us)    Std_dev    Geo_dist  
Period   30       3040         101          0.0        0          159      13297      1091       1537.57    756.10
Global   30       3040         101          0.0        0          159      13297      1091       1537.57    756.10

Total Statistics
Type     Time(s)  Ops          TPS(ops/s)   Net(M/s)   Get_miss   Min(us)  Max(us)    Avg(us)    Std_dev    Geo_dist  
Period   30       303504       10116        1.4        0          136      86554      1088       1636.42    750.99
Global   30       303504       10116        1.4        0          136      86554      1088       1636.42    750.99

Get Statistics (300475 events)
   Min:       136
   Max:     86554
   Avg:      1089
   Geo:    751.01
   Std:   1637.54
   Log2 Dist:
       8:     2813    78523   160059    38425
      12:     4049    15824      713       35
      16:       25        9

Set Statistics (3040 events)
   Min:       159
   Max:     13297
   Avg:      1091
   Geo:    756.10
   Std:   1537.57
   Log2 Dist:
       8:       26      770     1658      381
      12:       34      162        9

Total Statistics (303515 events)
   Min:       136
   Max:     86554
   Avg:      1089
   Geo:    751.06
   Std:   1636.58
   Log2 Dist:
       8:     2839    79293   161717    38806
      12:     4083    15986      722       35
      16:       25        9

cmd_get: 300486
cmd_set: 3040
get_misses: 0
written_bytes: 7096850
read_bytes: 49602695
object_bytes: 437760

Run time: 30.1s Ops: 303526 TPS: 10077 Net_rate: 1.8M/s
