servers : 10.0.0.8:11212
threads count: 17
concurrency: 17
run time: 30s
windows size: 10k
set proportion: set_prop=0.01
get proportion: get_prop=0.99
[1;1H[2J
Get Statistics
Type     Time(s)  Ops          TPS(ops/s)   Net(M/s)   Get_miss   Min(us)  Max(us)    Avg(us)    Std_dev    Geo_dist  
Period   30       440215       14673        2.0        0          124      85768      1146       1749.54    785.84
Global   30       440215       14673        2.0        0          124      85768      1146       1749.54    785.84

Set Statistics
Type     Time(s)  Ops          TPS(ops/s)   Net(M/s)   Get_miss   Min(us)  Max(us)    Avg(us)    Std_dev    Geo_dist  
Period   30       4456         148          0.0        0          187      18318      1178       1612.62    800.96
Global   30       4456         148          0.0        0          187      18318      1178       1612.62    800.96

Total Statistics
Type     Time(s)  Ops          TPS(ops/s)   Net(M/s)   Get_miss   Min(us)  Max(us)    Avg(us)    Std_dev    Geo_dist  
Period   30       444671       14822        2.0        0          124      85768      1147       1747.78    785.99
Global   30       444671       14822        2.0        0          124      85768      1147       1747.78    785.99

Get Statistics (440232 events)
   Min:       124
   Max:     85768
   Avg:      1147
   Geo:    785.90
   Std:   1749.45
   Log2 Dist:
       4:        0        0        0        1
       8:     3699   108387   228357    64593
      12:     8734    25267     1077       50
      16:       23       44

Set Statistics (4456 events)
   Min:       187
   Max:     18318
   Avg:      1178
   Geo:    800.96
   Std:   1612.62
   Log2 Dist:
       8:       33     1077     2299      663
      12:       89      287        7        1

Total Statistics (444688 events)
   Min:       124
   Max:     85768
   Avg:      1147
   Geo:    786.05
   Std:   1748.33
   Log2 Dist:
       4:        0        0        0        1
       8:     3732   109464   230656    65256
      12:     8823    25554     1084       51
      16:       23       44

cmd_get: 440249
cmd_set: 4456
get_misses: 0
written_bytes: 10398064
read_bytes: 72673928
object_bytes: 641664

Run time: 30.1s Ops: 444705 TPS: 14766 Net_rate: 2.6M/s
