servers : 10.0.0.8:11212
threads count: 19
concurrency: 19
run time: 30s
windows size: 10k
set proportion: set_prop=0.01
get proportion: get_prop=0.99
[1;1H[2J
Get Statistics
Type     Time(s)  Ops          TPS(ops/s)   Net(M/s)   Get_miss   Min(us)  Max(us)    Avg(us)    Std_dev    Geo_dist  
Period   30       409574       13652        1.9        0          136      85712      1384       1964.98    881.16
Global   30       409574       13652        1.9        0          136      85712      1384       1964.98    881.16

Set Statistics
Type     Time(s)  Ops          TPS(ops/s)   Net(M/s)   Get_miss   Min(us)  Max(us)    Avg(us)    Std_dev    Geo_dist  
Period   30       4148         138          0.0        0          185      21209      1398       1901.34    888.69
Global   30       4148         138          0.0        0          185      21209      1398       1901.34    888.69

Total Statistics
Type     Time(s)  Ops          TPS(ops/s)   Net(M/s)   Get_miss   Min(us)  Max(us)    Avg(us)    Std_dev    Geo_dist  
Period   30       413722       13790        1.9        0          136      85712      1384       1964.45    881.24
Global   30       413722       13790        1.9        0          136      85712      1384       1964.45    881.24

Get Statistics (409593 events)
   Min:       136
   Max:     85712
   Avg:      1384
   Geo:    881.26
   Std:   1966.01
   Log2 Dist:
       8:     3106    87745   204479    66339
      12:     9713    35738     2360       94
      16:        0       19

Set Statistics (4148 events)
   Min:       185
   Max:     21209
   Avg:      1398
   Geo:    888.69
   Std:   1901.34
   Log2 Dist:
       8:       21      886     2078      655
      12:      108      382       17        1

Total Statistics (413741 events)
   Min:       136
   Max:     85712
   Avg:      1385
   Geo:    881.33
   Std:   1964.77
   Log2 Dist:
       8:     3127    88631   206557    66994
      12:     9821    36120     2377       95
      16:        0       19

cmd_get: 409612
cmd_set: 4148
get_misses: 0
written_bytes: 9674726
read_bytes: 67616029
object_bytes: 597312

Run time: 30.3s Ops: 413760 TPS: 13678 Net_rate: 2.4M/s
