servers : 10.0.0.8:11212
threads count: 11
concurrency: 11
run time: 30s
windows size: 10k
set proportion: set_prop=0.01
get proportion: get_prop=0.99
[1;1H[2J
Get Statistics
Type     Time(s)  Ops          TPS(ops/s)   Net(M/s)   Get_miss   Min(us)  Max(us)    Avg(us)    Std_dev    Geo_dist  
Period   30       336539       11217        1.5        0          128      11400      972        1323.42    705.99
Global   30       336539       11217        1.5        0          128      11400      972        1323.42    705.99

Set Statistics
Type     Time(s)  Ops          TPS(ops/s)   Net(M/s)   Get_miss   Min(us)  Max(us)    Avg(us)    Std_dev    Geo_dist  
Period   30       3405         113          0.0        0          166      9023       991        1345.76    715.41
Global   30       3405         113          0.0        0          166      9023       991        1345.76    715.41

Total Statistics
Type     Time(s)  Ops          TPS(ops/s)   Net(M/s)   Get_miss   Min(us)  Max(us)    Avg(us)    Std_dev    Geo_dist  
Period   30       339944       11331        1.6        0          128      11400      972        1323.78    706.09
Global   30       339944       11331        1.6        0          128      11400      972        1323.78    706.09

Get Statistics (336550 events)
   Min:       128
   Max:     11400
   Avg:       972
   Geo:    706.02
   Std:   1323.53
   Log2 Dist:
       4:        0        0        0        1
       8:     4312    96675   177042    40518
      12:     4123    13408      471

Set Statistics (3405 events)
   Min:       166
   Max:      9023
   Avg:       991
   Geo:    715.41
   Std:   1345.76
   Log2 Dist:
       8:       37      975     1778      420
      12:       50      137        8

Total Statistics (339955 events)
   Min:       128
   Max:     11400
   Avg:       972
   Geo:    706.11
   Std:   1323.89
   Log2 Dist:
       4:        0        0        0        1
       8:     4349    97650   178820    40938
      12:     4173    13545      479

cmd_get: 336560
cmd_set: 3406
get_misses: 0
written_bytes: 7948900
read_bytes: 55557990
object_bytes: 490464

Run time: 30.1s Ops: 339966 TPS: 11281 Net_rate: 2.0M/s
