servers : 10.0.0.8:11212
threads count: 17
concurrency: 17
run time: 30s
windows size: 10k
set proportion: set_prop=0.01
get proportion: get_prop=0.99
[1;1H[2J
Get Statistics
Type     Time(s)  Ops          TPS(ops/s)   Net(M/s)   Get_miss   Min(us)  Max(us)    Avg(us)    Std_dev    Geo_dist  
Period   30       404892       13496        1.9        0          119      73843      1248       1788.60    820.52
Global   30       404892       13496        1.9        0          119      73843      1248       1788.60    820.52

Set Statistics
Type     Time(s)  Ops          TPS(ops/s)   Net(M/s)   Get_miss   Min(us)  Max(us)    Avg(us)    Std_dev    Geo_dist  
Period   30       4099         136          0.0        0          176      14117      1248       1724.44    824.75
Global   30       4099         136          0.0        0          176      14117      1248       1724.44    824.75

Total Statistics
Type     Time(s)  Ops          TPS(ops/s)   Net(M/s)   Get_miss   Min(us)  Max(us)    Avg(us)    Std_dev    Geo_dist  
Period   30       408991       13633        1.9        0          119      73843      1248       1787.96    820.56
Global   30       408991       13633        1.9        0          119      73843      1248       1787.96    820.56

Get Statistics (404907 events)
   Min:       119
   Max:     73843
   Avg:      1248
   Geo:    820.59
   Std:   1789.10
   Log2 Dist:
       4:        0        0        0        1
       8:     3458    95881   207127    60444
      12:     7323    29259     1364       33
      16:        0       17

Set Statistics (4101 events)
   Min:       176
   Max:     14117
   Avg:      1251
   Geo:    825.62
   Std:   1728.59
   Log2 Dist:
       8:       37      943     2120      603
      12:       88      297       13

Total Statistics (409008 events)
   Min:       119
   Max:     73843
   Avg:      1248
   Geo:    820.64
   Std:   1788.53
   Log2 Dist:
       4:        0        0        0        1
       8:     3495    96824   209247    61047
      12:     7411    29556     1377       33
      16:        0       17

cmd_get: 404924
cmd_set: 4101
get_misses: 0
written_bytes: 9564114
read_bytes: 66842463
object_bytes: 590544

Run time: 30.1s Ops: 409025 TPS: 13581 Net_rate: 2.4M/s
