servers : 10.0.0.8:11212
threads count: 11
concurrency: 11
run time: 30s
windows size: 10k
set proportion: set_prop=0.01
get proportion: get_prop=0.99
[1;1H[2J
Get Statistics
Type     Time(s)  Ops          TPS(ops/s)   Net(M/s)   Get_miss   Min(us)  Max(us)    Avg(us)    Std_dev    Geo_dist  
Period   30       307888       10262        1.4        0          138      89047      1061       1601.39    720.58
Global   30       307888       10262        1.4        0          138      89047      1061       1601.39    720.58

Set Statistics
Type     Time(s)  Ops          TPS(ops/s)   Net(M/s)   Get_miss   Min(us)  Max(us)    Avg(us)    Std_dev    Geo_dist  
Period   30       3118         103          0.0        0          178      16786      1118       1663.04    736.48
Global   30       3118         103          0.0        0          178      16786      1118       1663.04    736.48

Total Statistics
Type     Time(s)  Ops          TPS(ops/s)   Net(M/s)   Get_miss   Min(us)  Max(us)    Avg(us)    Std_dev    Geo_dist  
Period   30       311006       10366        1.4        0          138      89047      1062       1601.74    720.74
Global   30       311006       10366        1.4        0          138      89047      1062       1601.74    720.74

Get Statistics (307899 events)
   Min:       138
   Max:     89047
   Avg:      1062
   Geo:    720.64
   Std:   1601.35
   Log2 Dist:
       8:     3902    92189   156460    34676
      12:     3295    16673      678       12
      16:        7        7

Set Statistics (3118 events)
   Min:       178
   Max:     16786
   Avg:      1118
   Geo:    736.48
   Std:   1663.04
   Log2 Dist:
       8:       41      948     1532      371
      12:       31      184       10        1

Total Statistics (311017 events)
   Min:       138
   Max:     89047
   Avg:      1062
   Geo:    720.80
   Std:   1602.36
   Log2 Dist:
       8:     3943    93137   157992    35047
      12:     3326    16857      688       13
      16:        7        7

cmd_get: 307910
cmd_set: 3118
get_misses: 0
written_bytes: 7272658
read_bytes: 50828279
object_bytes: 448992

Run time: 30.1s Ops: 311028 TPS: 10327 Net_rate: 1.8M/s
