servers : 10.0.0.8:11212
threads count: 11
concurrency: 11
run time: 30s
windows size: 10k
set proportion: set_prop=0.01
get proportion: get_prop=0.99
[1;1H[2J
Get Statistics
Type     Time(s)  Ops          TPS(ops/s)   Net(M/s)   Get_miss   Min(us)  Max(us)    Avg(us)    Std_dev    Geo_dist  
Period   30       305526       10184        1.4        0          137      28866      1070       1567.06    724.20
Global   30       305526       10184        1.4        0          137      28866      1070       1567.06    724.20

Set Statistics
Type     Time(s)  Ops          TPS(ops/s)   Net(M/s)   Get_miss   Min(us)  Max(us)    Avg(us)    Std_dev    Geo_dist  
Period   30       3092         103          0.0        0          206      28825      1098       1650.87    739.22
Global   30       3092         103          0.0        0          206      28825      1098       1650.87    739.22

Total Statistics
Type     Time(s)  Ops          TPS(ops/s)   Net(M/s)   Get_miss   Min(us)  Max(us)    Avg(us)    Std_dev    Geo_dist  
Period   30       308618       10287        1.4        0          137      28866      1070       1568.11    724.35
Global   30       308618       10287        1.4        0          137      28866      1070       1568.11    724.35

Get Statistics (305537 events)
   Min:       137
   Max:     28866
   Avg:      1070
   Geo:    724.27
   Std:   1567.80
   Log2 Dist:
       8:     4089    89998   156178    34494
      12:     3228    16578      929       43

Set Statistics (3092 events)
   Min:       206
   Max:     28825
   Avg:      1098
   Geo:    739.22
   Std:   1650.87
   Log2 Dist:
       8:       24      863     1634      352
      12:       36      175        7        1

Total Statistics (308629 events)
   Min:       137
   Max:     28866
   Avg:      1071
   Geo:    724.41
   Std:   1568.16
   Log2 Dist:
       8:     4113    90861   157812    34846
      12:     3264    16753      936       44

cmd_get: 305548
cmd_set: 3092
get_misses: 0
written_bytes: 7216534
read_bytes: 50438341
object_bytes: 445248

Run time: 30.1s Ops: 308640 TPS: 10248 Net_rate: 1.8M/s
