servers : 10.0.0.8:11212
threads count: 15
concurrency: 15
run time: 30s
windows size: 10k
set proportion: set_prop=0.01
get proportion: get_prop=0.99
[1;1H[2J
Get Statistics
Type     Time(s)  Ops          TPS(ops/s)   Net(M/s)   Get_miss   Min(us)  Max(us)    Avg(us)    Std_dev    Geo_dist  
Period   30       371737       12391        1.7        0          127      11723      1204       1676.20    800.21
Global   30       371737       12391        1.7        0          127      11723      1204       1676.20    800.21

Set Statistics
Type     Time(s)  Ops          TPS(ops/s)   Net(M/s)   Get_miss   Min(us)  Max(us)    Avg(us)    Std_dev    Geo_dist  
Period   30       3762         125          0.0        0          179      10444      1213       1672.02    813.34
Global   30       3762         125          0.0        0          179      10444      1213       1672.02    813.34

Total Statistics
Type     Time(s)  Ops          TPS(ops/s)   Net(M/s)   Get_miss   Min(us)  Max(us)    Avg(us)    Std_dev    Geo_dist  
Period   30       375499       12516        1.7        0          127      11723      1204       1676.22    800.34
Global   30       375499       12516        1.7        0          127      11723      1204       1676.22    800.34

Get Statistics (371752 events)
   Min:       127
   Max:     11723
   Avg:      1204
   Geo:    800.28
   Std:   1676.86
   Log2 Dist:
       4:        0        0        0        1
       8:     3838    90627   190129    54566
      12:     6332    24791     1468

Set Statistics (3762 events)
   Min:       179
   Max:     10444
   Avg:      1213
   Geo:    813.34
   Std:   1672.02
   Log2 Dist:
       8:       33      867     1943      580
      12:       79      237       23

Total Statistics (375514 events)
   Min:       127
   Max:     11723
   Avg:      1204
   Geo:    800.41
   Std:   1676.87
   Log2 Dist:
       4:        0        0        0        1
       8:     3871    91494   192072    55146
      12:     6411    25028     1491

cmd_get: 371767
cmd_set: 3762
get_misses: 0
written_bytes: 8780464
read_bytes: 61369176
object_bytes: 541728

Run time: 30.2s Ops: 375529 TPS: 12421 Net_rate: 2.2M/s
