servers : 10.0.0.8:11212
threads count: 13
concurrency: 13
run time: 30s
windows size: 10k
set proportion: set_prop=0.01
get proportion: get_prop=0.99
[1;1H[2J
Get Statistics
Type     Time(s)  Ops          TPS(ops/s)   Net(M/s)   Get_miss   Min(us)  Max(us)    Avg(us)    Std_dev    Geo_dist  
Period   30       333044       11101        1.5        0          134      37663      1160       1679.93    764.83
Global   30       333044       11101        1.5        0          134      37663      1160       1679.93    764.83

Set Statistics
Type     Time(s)  Ops          TPS(ops/s)   Net(M/s)   Get_miss   Min(us)  Max(us)    Avg(us)    Std_dev    Geo_dist  
Period   30       3370         112          0.0        0          155      11566      1178       1666.08    775.87
Global   30       3370         112          0.0        0          155      11566      1178       1666.08    775.87

Total Statistics
Type     Time(s)  Ops          TPS(ops/s)   Net(M/s)   Get_miss   Min(us)  Max(us)    Avg(us)    Std_dev    Geo_dist  
Period   30       336414       11213        1.5        0          134      37663      1160       1679.91    764.94
Global   30       336414       11213        1.5        0          134      37663      1160       1679.91    764.94

Get Statistics (333057 events)
   Min:       134
   Max:     37663
   Avg:      1160
   Geo:    764.90
   Std:   1680.55
   Log2 Dist:
       8:     3596    91335   169145    40999
      12:     4854    22052     1011       52
      16:       13

Set Statistics (3370 events)
   Min:       155
   Max:     11566
   Avg:      1178
   Geo:    775.87
   Std:   1666.08
   Log2 Dist:
       8:       23      920     1740      385
      12:       56      240        6

Total Statistics (336427 events)
   Min:       134
   Max:     37663
   Avg:      1160
   Geo:    765.01
   Std:   1680.53
   Log2 Dist:
       8:     3619    92255   170885    41384
      12:     4910    22292     1017       52
      16:       13

cmd_get: 333070
cmd_set: 3370
get_misses: 0
written_bytes: 7866454
read_bytes: 54981365
object_bytes: 485280

Run time: 30.1s Ops: 336440 TPS: 11170 Net_rate: 2.0M/s
