servers : 10.0.0.8:11212
threads count: 17
concurrency: 17
run time: 30s
windows size: 10k
set proportion: set_prop=0.01
get proportion: get_prop=0.99
[1;1H[2J
Get Statistics
Type     Time(s)  Ops          TPS(ops/s)   Net(M/s)   Get_miss   Min(us)  Max(us)    Avg(us)    Std_dev    Geo_dist  
Period   30       399032       13301        1.8        0          147      50722      1266       1762.42    840.71
Global   30       399032       13301        1.8        0          147      50722      1266       1762.42    840.71

Set Statistics
Type     Time(s)  Ops          TPS(ops/s)   Net(M/s)   Get_miss   Min(us)  Max(us)    Avg(us)    Std_dev    Geo_dist  
Period   30       4040         134          0.0        0          198      10590      1350       1839.27    872.74
Global   30       4040         134          0.0        0          198      10590      1350       1839.27    872.74

Total Statistics
Type     Time(s)  Ops          TPS(ops/s)   Net(M/s)   Get_miss   Min(us)  Max(us)    Avg(us)    Std_dev    Geo_dist  
Period   30       403072       13435        1.8        0          147      50722      1267       1763.11    841.03
Global   30       403072       13435        1.8        0          147      50722      1267       1763.11    841.03

Get Statistics (399049 events)
   Min:       147
   Max:     50722
   Avg:      1266
   Geo:    840.78
   Std:   1762.91
   Log2 Dist:
       8:     2849    86179   207804    64593
      12:     7736    28004     1832       36
      16:       16

Set Statistics (4040 events)
   Min:       198
   Max:     10590
   Avg:      1350
   Geo:    872.74
   Std:   1839.27
   Log2 Dist:
       8:       19      866     2045      669
      12:       87      332       22

Total Statistics (403089 events)
   Min:       147
   Max:     50722
   Avg:      1267
   Geo:    841.09
   Std:   1763.59
   Log2 Dist:
       8:     2868    87045   209849    65262
      12:     7823    28336     1854       36
      16:       16

cmd_get: 399066
cmd_set: 4040
get_misses: 0
written_bytes: 9425478
read_bytes: 65875405
object_bytes: 581760

Run time: 30.1s Ops: 403106 TPS: 13383 Net_rate: 2.4M/s
