servers : 10.0.0.8:11212
threads count: 13
concurrency: 13
run time: 30s
windows size: 10k
set proportion: set_prop=0.01
get proportion: get_prop=0.99
[1;1H[2J
Get Statistics
Type     Time(s)  Ops          TPS(ops/s)   Net(M/s)   Get_miss   Min(us)  Max(us)    Avg(us)    Std_dev    Geo_dist  
Period   30       384721       12824        1.8        0          135      41825      1004       1361.40    739.23
Global   30       384721       12824        1.8        0          135      41825      1004       1361.40    739.21

Set Statistics
Type     Time(s)  Ops          TPS(ops/s)   Net(M/s)   Get_miss   Min(us)  Max(us)    Avg(us)    Std_dev    Geo_dist  
Period   30       3893         129          0.0        0          166      41749      1036       1480.07    753.71
Global   30       3893         129          0.0        0          166      41749      1036       1480.07    753.71

Total Statistics
Type     Time(s)  Ops          TPS(ops/s)   Net(M/s)   Get_miss   Min(us)  Max(us)    Avg(us)    Std_dev    Geo_dist  
Period   30       388617       12953        1.8        0          135      41825      1005       1362.14    739.36
Global   30       388617       12953        1.8        0          135      41825      1005       1362.14    739.36

Get Statistics (384738 events)
   Min:       135
   Max:     41825
   Avg:      1004
   Geo:    739.23
   Std:   1361.38
   Log2 Dist:
       8:     3299    95979   210914    53911
      12:     5183    14705      696       26
      16:       25

Set Statistics (3893 events)
   Min:       166
   Max:     41749
   Avg:      1036
   Geo:    753.71
   Std:   1480.07
   Log2 Dist:
       8:       34      935     2128      554
      12:       78      158        5        0
      16:        1

Total Statistics (388631 events)
   Min:       135
   Max:     41825
   Avg:      1005
   Geo:    739.37
   Std:   1362.12
   Log2 Dist:
       8:     3333    96914   213042    54465
      12:     5261    14863      701       26
      16:       26

cmd_get: 384751
cmd_set: 3893
get_misses: 0
written_bytes: 9087116
read_bytes: 63512914
object_bytes: 560592

Run time: 30.1s Ops: 388644 TPS: 12903 Net_rate: 2.3M/s
