servers : 10.0.0.8:11212
threads count: 25
concurrency: 25
run time: 30s
windows size: 10k
set proportion: set_prop=0.01
get proportion: get_prop=0.99
[1;1H[2J
Get Statistics
Type     Time(s)  Ops          TPS(ops/s)   Net(M/s)   Get_miss   Min(us)  Max(us)    Avg(us)    Std_dev    Geo_dist  
Period   30       465794       15526        2.1        0          131      61473      1602       2146.93    1000.71
Global   30       465794       15526        2.1        0          131      61473      1602       2146.88    1000.60

Set Statistics
Type     Time(s)  Ops          TPS(ops/s)   Net(M/s)   Get_miss   Min(us)  Max(us)    Avg(us)    Std_dev    Geo_dist  
Period   30       4715         157          0.0        0          140      19341      1608       2086.08    1002.35
Global   30       4715         157          0.0        0          140      19341      1608       2086.08    1002.35

Total Statistics
Type     Time(s)  Ops          TPS(ops/s)   Net(M/s)   Get_miss   Min(us)  Max(us)    Avg(us)    Std_dev    Geo_dist  
Period   30       470516       15683        2.2        0          131      61473      1602       2146.34    1000.63
Global   30       470516       15683        2.2        0          131      61473      1602       2146.34    1000.63

Get Statistics (465826 events)
   Min:       131
   Max:     61473
   Avg:      1602
   Geo:   1000.70
   Std:   2147.61
   Log2 Dist:
       8:     1770    77148   229388    87292
      12:    15434    50955     3706       58
      16:       75

Set Statistics (4715 events)
   Min:       140
   Max:     19341
   Avg:      1608
   Geo:   1002.35
   Std:   2086.08
   Log2 Dist:
       8:       17      795     2334      858
      12:      139      536       35        1

Total Statistics (470541 events)
   Min:       131
   Max:     61473
   Avg:      1602
   Geo:   1000.72
   Std:   2147.05
   Log2 Dist:
       8:     1787    77943   231722    88150
      12:    15573    51491     3741       59
      16:       75

cmd_get: 465851
cmd_set: 4715
get_misses: 0
written_bytes: 11002572
read_bytes: 76899010
object_bytes: 678960

Run time: 30.3s Ops: 470566 TPS: 15552 Net_rate: 2.8M/s
