servers : 10.0.0.8:11212
threads count: 21
concurrency: 21
run time: 30s
windows size: 10k
set proportion: set_prop=0.01
get proportion: get_prop=0.99
[1;1H[2J
Get Statistics
Type     Time(s)  Ops          TPS(ops/s)   Net(M/s)   Get_miss   Min(us)  Max(us)    Avg(us)    Std_dev    Geo_dist  
Period   30       432102       14403        2.0        0          135      39339      1444       1928.87    922.10
Global   30       432102       14403        2.0        0          135      39339      1444       1928.87    922.10

Set Statistics
Type     Time(s)  Ops          TPS(ops/s)   Net(M/s)   Get_miss   Min(us)  Max(us)    Avg(us)    Std_dev    Geo_dist  
Period   30       4372         145          0.0        0          182      22986      1459       1907.95    933.37
Global   30       4372         145          0.0        0          182      22986      1459       1907.95    933.37

Total Statistics
Type     Time(s)  Ops          TPS(ops/s)   Net(M/s)   Get_miss   Min(us)  Max(us)    Avg(us)    Std_dev    Geo_dist  
Period   30       436474       14549        2.0        0          135      39339      1444       1928.77    922.21
Global   30       436474       14549        2.0        0          135      39339      1444       1928.77    922.21

Get Statistics (432123 events)
   Min:       135
   Max:     39339
   Avg:      1445
   Geo:    922.20
   Std:   1928.83
   Log2 Dist:
       8:     3105    88186   208039    73658
      12:    17481    38779     2713      141
      16:       21

Set Statistics (4372 events)
   Min:       182
   Max:     22986
   Avg:      1459
   Geo:    933.37
   Std:   1907.95
   Log2 Dist:
       8:       22      880     2095      764
      12:      174      411       25        1

Total Statistics (436495 events)
   Min:       135
   Max:     39339
   Avg:      1445
   Geo:    922.31
   Std:   1928.72
   Log2 Dist:
       8:     3127    89066   210134    74422
      12:    17655    39190     2738      142
      16:       21

cmd_get: 432143
cmd_set: 4373
get_misses: 0
written_bytes: 10206226
read_bytes: 71335271
object_bytes: 629712

Run time: 30.1s Ops: 436516 TPS: 14479 Net_rate: 2.6M/s
