servers : 10.0.0.8:11212
threads count: 29
concurrency: 29
run time: 30s
windows size: 10k
set proportion: set_prop=0.01
get proportion: get_prop=0.99
[1;1H[2J
Get Statistics
Type     Time(s)  Ops          TPS(ops/s)   Net(M/s)   Get_miss   Min(us)  Max(us)    Avg(us)    Std_dev    Geo_dist  
Period   30       443340       14778        2.0        0          134      294165     1944       3145.51    1169.03
Global   30       443340       14778        2.0        0          134      294165     1944       3145.51    1169.03

Set Statistics
Type     Time(s)  Ops          TPS(ops/s)   Net(M/s)   Get_miss   Min(us)  Max(us)    Avg(us)    Std_dev    Geo_dist  
Period   30       4494         149          0.0        0          199      26749      2047       2492.60    1221.15
Global   30       4494         149          0.0        0          199      26749      2047       2492.60    1221.15

Total Statistics
Type     Time(s)  Ops          TPS(ops/s)   Net(M/s)   Get_miss   Min(us)  Max(us)    Avg(us)    Std_dev    Geo_dist  
Period   30       447834       14927        2.1        0          134      294165     1945       3139.67    1169.54
Global   30       447834       14927        2.1        0          134      294165     1945       3139.67    1169.54

Get Statistics (443368 events)
   Min:       134
   Max:    294165
   Avg:      1944
   Geo:   1169.15
   Std:   3145.73
   Log2 Dist:
       8:     1113    52969   206780    95572
      12:    15236    65835     5613      207
      16:        3        9       13       18

Set Statistics (4495 events)
   Min:       199
   Max:     26749
   Avg:      2047
   Geo:   1221.50
   Std:   2493.04
   Log2 Dist:
       8:        7      514     2072      926
      12:      174      729       70        3

Total Statistics (447863 events)
   Min:       134
   Max:    294165
   Avg:      1945
   Geo:   1169.66
   Std:   3139.89
   Log2 Dist:
       8:     1120    53483   208852    96498
      12:    15410    66564     5683      210
      16:        3        9       13       18

cmd_get: 443397
cmd_set: 4495
get_misses: 0
written_bytes: 10473296
read_bytes: 73191680
object_bytes: 647280

Run time: 30.1s Ops: 447892 TPS: 14868 Net_rate: 2.6M/s
