servers : 10.0.0.8:11212
threads count: 29
concurrency: 29
run time: 30s
windows size: 10k
set proportion: set_prop=0.01
get proportion: get_prop=0.99
[1;1H[2J
Get Statistics
Type     Time(s)  Ops          TPS(ops/s)   Net(M/s)   Get_miss   Min(us)  Max(us)    Avg(us)    Std_dev    Geo_dist  
Period   30       405840       13528        1.9        0          139      99025      2126       2579.58    1280.16
Global   30       405840       13528        1.9        0          139      99025      2126       2579.58    1280.14

Set Statistics
Type     Time(s)  Ops          TPS(ops/s)   Net(M/s)   Get_miss   Min(us)  Max(us)    Avg(us)    Std_dev    Geo_dist  
Period   30       4111         137          0.0        0          202      12001      2134       2449.46    1294.94
Global   30       4111         137          0.0        0          202      12001      2134       2449.46    1294.94

Total Statistics
Type     Time(s)  Ops          TPS(ops/s)   Net(M/s)   Get_miss   Min(us)  Max(us)    Avg(us)    Std_dev    Geo_dist  
Period   30       409954       13665        1.9        0          139      99025      2126       2578.36    1280.28
Global   30       409954       13665        1.9        0          139      99025      2126       2578.36    1280.28

Get Statistics (405872 events)
   Min:       139
   Max:     99025
   Avg:      2126
   Geo:   1280.08
   Std:   2579.42
   Log2 Dist:
       8:      686    40262   183693    86773
      12:    14401    74207     5761       59
      16:        2       28

Set Statistics (4111 events)
   Min:       202
   Max:     12001
   Avg:      2134
   Geo:   1294.94
   Std:   2449.46
   Log2 Dist:
       8:        4      390     1856      895
      12:      157      751       58

Total Statistics (409983 events)
   Min:       139
   Max:     99025
   Avg:      2126
   Geo:   1280.23
   Std:   2578.22
   Log2 Dist:
       8:      690    40652   185549    87668
      12:    14558    74958     5819       59
      16:        2       28

cmd_get: 405901
cmd_set: 4111
get_misses: 0
written_bytes: 9586944
read_bytes: 67001768
object_bytes: 591984

Run time: 30.1s Ops: 410012 TPS: 13612 Net_rate: 2.4M/s
