servers : 10.0.0.8:11212
threads count: 23
concurrency: 23
run time: 30s
windows size: 10k
set proportion: set_prop=0.01
get proportion: get_prop=0.99
[1;1H[2J
Get Statistics
Type     Time(s)  Ops          TPS(ops/s)   Net(M/s)   Get_miss   Min(us)  Max(us)    Avg(us)    Std_dev    Geo_dist  
Period   30       430051       14335        2.0        0          130      68717      1589       2131.92    988.06
Global   30       430051       14335        2.0        0          130      68717      1589       2131.92    988.06

Set Statistics
Type     Time(s)  Ops          TPS(ops/s)   Net(M/s)   Get_miss   Min(us)  Max(us)    Avg(us)    Std_dev    Geo_dist  
Period   30       4354         145          0.0        0          166      68706      1604       2486.63    994.01
Global   30       4354         145          0.0        0          166      68706      1604       2486.63    994.01

Total Statistics
Type     Time(s)  Ops          TPS(ops/s)   Net(M/s)   Get_miss   Min(us)  Max(us)    Avg(us)    Std_dev    Geo_dist  
Period   30       434405       14480        2.0        0          130      68717      1590       2135.13    988.12
Global   30       434405       14480        2.0        0          130      68717      1590       2135.13    988.12

Get Statistics (430073 events)
   Min:       130
   Max:     68717
   Avg:      1590
   Geo:    988.15
   Std:   2131.61
   Log2 Dist:
       8:     2113    75127   209931    78756
      12:    12892    48132     3023       55
      16:       23       21

Set Statistics (4355 events)
   Min:       166
   Max:     68706
   Avg:      1605
   Geo:    994.45
   Std:   2487.67
   Log2 Dist:
       8:       29      702     2153      833
      12:      126      481       28        1
      16:        0        2

Total Statistics (434428 events)
   Min:       130
   Max:     68717
   Avg:      1590
   Geo:    988.22
   Std:   2135.58
   Log2 Dist:
       8:     2142    75829   212084    79589
      12:    13018    48613     3051       56
      16:       23       23

cmd_get: 430096
cmd_set: 4355
get_misses: 0
written_bytes: 10158406
read_bytes: 70996885
object_bytes: 627120

Run time: 30.1s Ops: 434451 TPS: 14423 Net_rate: 2.6M/s
