servers : 10.0.0.8:11212
threads count: 21
concurrency: 21
run time: 30s
windows size: 10k
set proportion: set_prop=0.01
get proportion: get_prop=0.99
[1;1H[2J
Get Statistics
Type     Time(s)  Ops          TPS(ops/s)   Net(M/s)   Get_miss   Min(us)  Max(us)    Avg(us)    Std_dev    Geo_dist  
Period   30       414990       13833        1.9        0          143      323966     1504       2740.14    950.44
Global   30       414990       13833        1.9        0          143      323966     1504       2740.14    950.44

Set Statistics
Type     Time(s)  Ops          TPS(ops/s)   Net(M/s)   Get_miss   Min(us)  Max(us)    Avg(us)    Std_dev    Geo_dist  
Period   30       4204         140          0.0        0          188      10002      1516       1951.09    971.39
Global   30       4204         140          0.0        0          188      10002      1516       1951.09    971.39

Total Statistics
Type     Time(s)  Ops          TPS(ops/s)   Net(M/s)   Get_miss   Min(us)  Max(us)    Avg(us)    Std_dev    Geo_dist  
Period   30       419194       13973        1.9        0          143      323966     1504       2733.42    950.65
Global   30       419194       13973        1.9        0          143      323966     1504       2733.42    950.65

Get Statistics (415011 events)
   Min:       143
   Max:    323966
   Avg:      1504
   Geo:    950.46
   Std:   2740.08
   Log2 Dist:
       8:     2092    73746   206677    78124
      12:    12443    38750     3046       75
      16:       22        9       21        6

Set Statistics (4204 events)
   Min:       188
   Max:     10002
   Avg:      1516
   Geo:    971.39
   Std:   1951.09
   Log2 Dist:
       8:       26      702     2092      799
      12:      142      420       23

Total Statistics (419215 events)
   Min:       143
   Max:    323966
   Avg:      1504
   Geo:    950.67
   Std:   2733.36
   Log2 Dist:
       8:     2118    74448   208769    78923
      12:    12585    39170     3069       75
      16:       22        9       21        6

cmd_get: 415032
cmd_set: 4204
get_misses: 0
written_bytes: 9802882
read_bytes: 68510447
object_bytes: 605376

Run time: 30.1s Ops: 419236 TPS: 13910 Net_rate: 2.5M/s
