servers : 10.0.0.8:11212
threads count: 29
concurrency: 29
run time: 30s
windows size: 10k
set proportion: set_prop=0.01
get proportion: get_prop=0.99
[1;1H[2J
Get Statistics
Type     Time(s)  Ops          TPS(ops/s)   Net(M/s)   Get_miss   Min(us)  Max(us)    Avg(us)    Std_dev    Geo_dist  
Period   30       415351       13845        1.9        0          139      90147      2086       2573.75    1256.54
Global   30       415351       13845        1.9        0          139      90147      2086       2573.75    1256.54

Set Statistics
Type     Time(s)  Ops          TPS(ops/s)   Net(M/s)   Get_miss   Min(us)  Max(us)    Avg(us)    Std_dev    Geo_dist  
Period   30       4209         140          0.0        0          191      18911      2066       2406.16    1261.64
Global   30       4209         140          0.0        0          191      18911      2066       2406.16    1261.64

Total Statistics
Type     Time(s)  Ops          TPS(ops/s)   Net(M/s)   Get_miss   Min(us)  Max(us)    Avg(us)    Std_dev    Geo_dist  
Period   30       419560       13985        1.9        0          139      90147      2085       2572.76    1256.59
Global   30       419560       13985        1.9        0          139      90147      2085       2572.76    1256.59

Get Statistics (415380 events)
   Min:       139
   Max:     90147
   Avg:      2086
   Geo:   1256.69
   Std:   2574.28
   Log2 Dist:
       8:      793    41524   190910    90741
      12:    12850    73759     4667       75
      16:       36       25

Set Statistics (4209 events)
   Min:       191
   Max:     18911
   Avg:      2066
   Geo:   1261.64
   Std:   2406.16
   Log2 Dist:
       8:       16      397     1872     1006
      12:      132      742       43        1

Total Statistics (419589 events)
   Min:       139
   Max:     90147
   Avg:      2086
   Geo:   1256.74
   Std:   2572.48
   Log2 Dist:
       8:      809    41921   192782    91747
      12:    12982    74501     4710       76
      16:       36       25

cmd_get: 415408
cmd_set: 4210
get_misses: 0
written_bytes: 9811800
read_bytes: 68571372
object_bytes: 606240

Run time: 30.2s Ops: 419618 TPS: 13877 Net_rate: 2.5M/s
