servers : 10.0.0.8:11212
threads count: 27
concurrency: 27
run time: 30s
windows size: 10k
set proportion: set_prop=0.01
get proportion: get_prop=0.99
[1;1H[2J
Get Statistics
Type     Time(s)  Ops          TPS(ops/s)   Net(M/s)   Get_miss   Min(us)  Max(us)    Avg(us)    Std_dev    Geo_dist  
Period   30       451546       15051        2.1        0          151      98417      1778       2454.38    1086.36
Global   30       451546       15051        2.1        0          151      98417      1778       2454.38    1086.36

Set Statistics
Type     Time(s)  Ops          TPS(ops/s)   Net(M/s)   Get_miss   Min(us)  Max(us)    Avg(us)    Std_dev    Geo_dist  
Period   30       4574         152          0.0        0          229      13930      1786       2256.81    1089.38
Global   30       4574         152          0.0        0          229      13930      1786       2256.81    1089.38

Total Statistics
Type     Time(s)  Ops          TPS(ops/s)   Net(M/s)   Get_miss   Min(us)  Max(us)    Avg(us)    Std_dev    Geo_dist  
Period   30       456120       15204        2.1        0          151      98417      1778       2452.54    1086.39
Global   30       456120       15204        2.1        0          151      98417      1778       2452.54    1086.39

Get Statistics (451573 events)
   Min:       151
   Max:     98417
   Avg:      1778
   Geo:   1086.34
   Std:   2454.28
   Log2 Dist:
       8:     1347    62638   217177    93280
      12:    14125    57956     4884       83
      16:       32       51

Set Statistics (4574 events)
   Min:       229
   Max:     13930
   Avg:      1786
   Geo:   1089.38
   Std:   2256.81
   Log2 Dist:
       8:        9      635     2228      896
      12:      146      603       57

Total Statistics (456147 events)
   Min:       151
   Max:     98417
   Avg:      1778
   Geo:   1086.37
   Std:   2452.44
   Log2 Dist:
       8:     1356    63273   219405    94176
      12:    14271    58559     4941       83
      16:       32       51

cmd_get: 451600
cmd_set: 4574
get_misses: 0
written_bytes: 10666446
read_bytes: 74546137
object_bytes: 658656

Run time: 30.1s Ops: 456174 TPS: 15146 Net_rate: 2.7M/s
