servers : 10.0.0.8:11212
threads count: 25
concurrency: 25
run time: 30s
windows size: 10k
set proportion: set_prop=0.01
get proportion: get_prop=0.99
[1;1H[2J
Get Statistics
Type     Time(s)  Ops          TPS(ops/s)   Net(M/s)   Get_miss   Min(us)  Max(us)    Avg(us)    Std_dev    Geo_dist  
Period   30       406185       13539        1.9        0          136      56575      1829       2358.99    1094.94
Global   30       406185       13539        1.9        0          136      56575      1829       2358.99    1094.94

Set Statistics
Type     Time(s)  Ops          TPS(ops/s)   Net(M/s)   Get_miss   Min(us)  Max(us)    Avg(us)    Std_dev    Geo_dist  
Period   30       4116         137          0.0        0          174      56550      1894       2736.43    1115.05
Global   30       4116         137          0.0        0          174      56550      1894       2736.43    1115.05

Total Statistics
Type     Time(s)  Ops          TPS(ops/s)   Net(M/s)   Get_miss   Min(us)  Max(us)    Avg(us)    Std_dev    Geo_dist  
Period   30       410301       13676        1.9        0          136      56575      1830       2362.81    1095.14
Global   30       410301       13676        1.9        0          136      56575      1830       2362.81    1095.14

Get Statistics (406209 events)
   Min:       136
   Max:     56575
   Avg:      1829
   Geo:   1095.03
   Std:   2359.25
   Log2 Dist:
       8:     1530    59686   196497    72020
      12:    14542    57370     4487       31
      16:       46

Set Statistics (4117 events)
   Min:       174
   Max:     56550
   Avg:      1896
   Geo:   1115.62
   Std:   2738.40
   Log2 Dist:
       8:       18      575     1993      736
      12:      139      606       46        1
      16:        3

Total Statistics (410326 events)
   Min:       136
   Max:     56575
   Avg:      1830
   Geo:   1095.23
   Std:   2363.11
   Log2 Dist:
       8:     1548    60261   198490    72756
      12:    14681    57976     4533       32
      16:       49

cmd_get: 406233
cmd_set: 4118
get_misses: 0
written_bytes: 9595318
read_bytes: 67057421
object_bytes: 592992

Run time: 30.1s Ops: 410351 TPS: 13624 Net_rate: 2.4M/s
