servers : 10.0.0.8:11212
threads count: 25
concurrency: 25
run time: 30s
windows size: 10k
set proportion: set_prop=0.01
get proportion: get_prop=0.99
[1;1H[2J
Get Statistics
Type     Time(s)  Ops          TPS(ops/s)   Net(M/s)   Get_miss   Min(us)  Max(us)    Avg(us)    Std_dev    Geo_dist  
Period   30       423455       14115        1.9        0          147      182762     1755       2646.44    1061.70
Global   30       423455       14115        1.9        0          147      182762     1755       2646.44    1061.70

Set Statistics
Type     Time(s)  Ops          TPS(ops/s)   Net(M/s)   Get_miss   Min(us)  Max(us)    Avg(us)    Std_dev    Geo_dist  
Period   30       4293         143          0.0        0          196      182645     1806       3690.57    1073.57
Global   30       4293         143          0.0        0          196      182645     1806       3690.57    1073.57

Total Statistics
Type     Time(s)  Ops          TPS(ops/s)   Net(M/s)   Get_miss   Min(us)  Max(us)    Avg(us)    Std_dev    Geo_dist  
Period   30       427748       14258        2.0        0          147      182762     1756       2658.63    1061.82
Global   30       427748       14258        2.0        0          147      182762     1756       2658.63    1061.82

Get Statistics (423479 events)
   Min:       147
   Max:    182762
   Avg:      1755
   Geo:   1061.72
   Std:   2646.35
   Log2 Dist:
       8:     1473    61648   208224    82048
      12:    12110    53385     4394      113
      16:       35       31       18

Set Statistics (4294 events)
   Min:       196
   Max:    182645
   Avg:      1805
   Geo:   1073.62
   Std:   3690.58
   Log2 Dist:
       8:       15      643     2002      920
      12:      120      552       40        0
      16:        0        1        1

Total Statistics (427773 events)
   Min:       147
   Max:    182762
   Avg:      1756
   Geo:   1061.84
   Std:   2658.54
   Log2 Dist:
       8:     1488    62291   210226    82968
      12:    12230    53937     4434      113
      16:       35       32       19

cmd_get: 423504
cmd_set: 4294
get_misses: 0
written_bytes: 10003578
read_bytes: 69908387
object_bytes: 618336

Run time: 30.1s Ops: 427798 TPS: 14203 Net_rate: 2.5M/s
