servers : 10.0.0.8:11212
threads count: 21
concurrency: 21
run time: 30s
windows size: 10k
set proportion: set_prop=0.01
get proportion: get_prop=0.99
[1;1H[2J
Get Statistics
Type     Time(s)  Ops          TPS(ops/s)   Net(M/s)   Get_miss   Min(us)  Max(us)    Avg(us)    Std_dev    Geo_dist  
Period   30       433100       14436        2.0        0          135      177145     1441       2275.95    917.33
Global   30       433100       14436        2.0        0          135      177145     1441       2275.95    917.33

Set Statistics
Type     Time(s)  Ops          TPS(ops/s)   Net(M/s)   Get_miss   Min(us)  Max(us)    Avg(us)    Std_dev    Geo_dist  
Period   30       4382         146          0.0        0          161      85222      1460       2287.49    931.14
Global   30       4382         146          0.0        0          161      85222      1460       2287.49    931.14

Total Statistics
Type     Time(s)  Ops          TPS(ops/s)   Net(M/s)   Get_miss   Min(us)  Max(us)    Avg(us)    Std_dev    Geo_dist  
Period   30       437484       14582        2.0        0          135      177145     1441       2276.17    917.47
Global   30       437484       14582        2.0        0          135      177145     1441       2276.17    917.47

Get Statistics (433121 events)
   Min:       135
   Max:    177145
   Avg:      1441
   Geo:    917.38
   Std:   2276.04
   Log2 Dist:
       8:     2322    81844   220878    75186
      12:    10857    39469     2448       67
      16:       10       24       16

Set Statistics (4384 events)
   Min:       161
   Max:     85222
   Avg:      1461
   Geo:    931.60
   Std:   2286.91
   Log2 Dist:
       8:       19      783     2262      762
      12:      134      394       28        1
      16:        0        1

Total Statistics (437505 events)
   Min:       135
   Max:    177145
   Avg:      1441
   Geo:    917.52
   Std:   2276.27
   Log2 Dist:
       8:     2341    82627   223140    75948
      12:    10991    39863     2476       68
      16:       10       25       16

cmd_get: 433142
cmd_set: 4384
get_misses: 0
written_bytes: 10230102
read_bytes: 71500037
object_bytes: 631296

Run time: 30.1s Ops: 437526 TPS: 14526 Net_rate: 2.6M/s
