servers : 10.0.0.8:11212
threads count: 21
concurrency: 21
run time: 30s
windows size: 10k
set proportion: set_prop=0.01
get proportion: get_prop=0.99
[1;1H[2J
Get Statistics
Type     Time(s)  Ops          TPS(ops/s)   Net(M/s)   Get_miss   Min(us)  Max(us)    Avg(us)    Std_dev    Geo_dist  
Period   30       416804       13893        1.9        0          136      114074     1497       2116.26    939.50
Global   30       416804       13893        1.9        0          136      114074     1497       2116.26    939.50

Set Statistics
Type     Time(s)  Ops          TPS(ops/s)   Net(M/s)   Get_miss   Min(us)  Max(us)    Avg(us)    Std_dev    Geo_dist  
Period   30       4220         140          0.0        0          182      10086      1501       1964.66    944.43
Global   30       4220         140          0.0        0          182      10086      1501       1964.66    944.43

Total Statistics
Type     Time(s)  Ops          TPS(ops/s)   Net(M/s)   Get_miss   Min(us)  Max(us)    Avg(us)    Std_dev    Geo_dist  
Period   30       421025       14034        1.9        0          136      114074     1497       2114.81    939.54
Global   30       421025       14034        1.9        0          136      114074     1497       2114.81    939.54

Get Statistics (416826 events)
   Min:       136
   Max:    114074
   Avg:      1497
   Geo:    939.52
   Std:   2116.23
   Log2 Dist:
       8:     2268    80770   204739    71556
      12:    13277    41661     2511        9
      16:       14       21

Set Statistics (4220 events)
   Min:       182
   Max:     10086
   Avg:      1501
   Geo:    944.43
   Std:   1964.66
   Log2 Dist:
       8:       22      818     2065      728
      12:      124      440       23

Total Statistics (421046 events)
   Min:       136
   Max:    114074
   Avg:      1497
   Geo:    939.57
   Std:   2114.79
   Log2 Dist:
       8:     2290    81588   206804    72284
      12:    13401    42101     2534        9
      16:       14       21

cmd_get: 416847
cmd_set: 4220
get_misses: 0
written_bytes: 9845372
read_bytes: 68810050
object_bytes: 607680

Run time: 30.1s Ops: 421067 TPS: 13979 Net_rate: 2.5M/s
