servers : 10.0.0.8:11212
threads count: 27
concurrency: 27
run time: 30s
windows size: 10k
set proportion: set_prop=0.01
get proportion: get_prop=0.99
[1;1H[2J
Get Statistics
Type     Time(s)  Ops          TPS(ops/s)   Net(M/s)   Get_miss   Min(us)  Max(us)    Avg(us)    Std_dev    Geo_dist  
Period   30       396333       13211        1.8        0          153      88653      2027       2828.66    1191.27
Global   30       396333       13211        1.8        0          153      88653      2027       2828.66    1191.27

Set Statistics
Type     Time(s)  Ops          TPS(ops/s)   Net(M/s)   Get_miss   Min(us)  Max(us)    Avg(us)    Std_dev    Geo_dist  
Period   30       4020         134          0.0        0          197      68916      2003       2664.06    1185.24
Global   30       4020         134          0.0        0          197      68916      2003       2664.06    1185.24

Total Statistics
Type     Time(s)  Ops          TPS(ops/s)   Net(M/s)   Get_miss   Min(us)  Max(us)    Avg(us)    Std_dev    Geo_dist  
Period   30       400353       13345        1.8        0          153      88653      2026       2827.60    1191.21
Global   30       400353       13345        1.8        0          153      88653      2026       2827.60    1191.21

Get Statistics (396360 events)
   Min:       153
   Max:     88653
   Avg:      2026
   Geo:   1191.26
   Std:   2829.25
   Log2 Dist:
       8:      951    48802   185113    76678
      12:    16732    61118     6708       65
      16:       57      136

Set Statistics (4020 events)
   Min:       197
   Max:     68916
   Avg:      2003
   Geo:   1185.24
   Std:   2664.06
   Log2 Dist:
       8:        6      501     1901      774
      12:      158      603       74        2
      16:        0        1

Total Statistics (400380 events)
   Min:       153
   Max:     88653
   Avg:      2026
   Geo:   1191.20
   Std:   2827.47
   Log2 Dist:
       8:      957    49303   187014    77452
      12:    16890    61721     6782       67
      16:       57      137

cmd_get: 396386
cmd_set: 4021
get_misses: 0
written_bytes: 9363120
read_bytes: 65431560
object_bytes: 579024

Run time: 30.1s Ops: 400407 TPS: 13293 Net_rate: 2.4M/s
