servers : 10.0.0.8:11212
threads count: 27
concurrency: 27
run time: 30s
windows size: 10k
set proportion: set_prop=0.01
get proportion: get_prop=0.99
[1;1H[2J
Get Statistics
Type     Time(s)  Ops          TPS(ops/s)   Net(M/s)   Get_miss   Min(us)  Max(us)    Avg(us)    Std_dev    Geo_dist  
Period   30       411946       13731        1.9        0          143      103911     1957       2640.63    1171.50
Global   30       411946       13731        1.9        0          143      103911     1957       2640.63    1171.50

Set Statistics
Type     Time(s)  Ops          TPS(ops/s)   Net(M/s)   Get_miss   Min(us)  Max(us)    Avg(us)    Std_dev    Geo_dist  
Period   30       4176         139          0.0        0          196      19774      1948       2380.43    1180.45
Global   30       4176         139          0.0        0          196      19774      1948       2380.43    1180.45

Total Statistics
Type     Time(s)  Ops          TPS(ops/s)   Net(M/s)   Get_miss   Min(us)  Max(us)    Avg(us)    Std_dev    Geo_dist  
Period   30       416122       13870        1.9        0          143      103911     1957       2638.08    1171.59
Global   30       416122       13870        1.9        0          143      103911     1957       2638.08    1171.59

Get Statistics (411973 events)
   Min:       143
   Max:    103911
   Avg:      1957
   Geo:   1171.60
   Std:   2640.72
   Log2 Dist:
       8:      870    47236   199405    84044
      12:    11766    63327     5175       67
      16:       31       52

Set Statistics (4176 events)
   Min:       196
   Max:     19774
   Avg:      1948
   Geo:   1180.45
   Std:   2380.43
   Log2 Dist:
       8:       10      460     2003      866
      12:      147      633       56        1

Total Statistics (416149 events)
   Min:       143
   Max:    103911
   Avg:      1957
   Geo:   1171.69
   Std:   2638.17
   Log2 Dist:
       8:      880    47696   201408    84910
      12:    11913    63960     5231       68
      16:       31       52

cmd_get: 412000
cmd_set: 4176
get_misses: 0
written_bytes: 9731566
read_bytes: 68008953
object_bytes: 601344

Run time: 30.2s Ops: 416176 TPS: 13764 Net_rate: 2.5M/s
