servers : 10.0.0.8:11212
threads count: 23
concurrency: 23
run time: 30s
windows size: 10k
set proportion: set_prop=0.01
get proportion: get_prop=0.99
[1;1H[2J
Get Statistics
Type     Time(s)  Ops          TPS(ops/s)   Net(M/s)   Get_miss   Min(us)  Max(us)    Avg(us)    Std_dev    Geo_dist  
Period   30       470799       15693        2.2        0          132      122103     1451       2259.96    933.15
Global   30       470799       15693        2.2        0          132      122103     1451       2259.96    933.15

Set Statistics
Type     Time(s)  Ops          TPS(ops/s)   Net(M/s)   Get_miss   Min(us)  Max(us)    Avg(us)    Std_dev    Geo_dist  
Period   30       4767         158          0.0        0          167      98002      1472       2350.44    941.41
Global   30       4767         158          0.0        0          167      98002      1472       2350.44    941.41

Total Statistics
Type     Time(s)  Ops          TPS(ops/s)   Net(M/s)   Get_miss   Min(us)  Max(us)    Avg(us)    Std_dev    Geo_dist  
Period   30       475566       15852        2.2        0          132      122103     1451       2261.02    933.24
Global   30       475566       15852        2.2        0          132      122103     1451       2261.02    933.24

Get Statistics (470822 events)
   Min:       132
   Max:    122103
   Avg:      1451
   Geo:    933.19
   Std:   2260.06
   Log2 Dist:
       8:     2262    85888   237572    85530
      12:    14158    42721     2562       30
      16:       35       64

Set Statistics (4767 events)
   Min:       167
   Max:     98002
   Avg:      1472
   Geo:    941.41
   Std:   2350.44
   Log2 Dist:
       8:       28      869     2386      858
      12:      154      452       18        1
      16:        0        1

Total Statistics (475589 events)
   Min:       132
   Max:    122103
   Avg:      1451
   Geo:    933.27
   Std:   2261.11
   Log2 Dist:
       8:     2290    86757   239958    86388
      12:    14312    43173     2580       31
      16:       35       65

cmd_get: 470845
cmd_set: 4767
get_misses: 0
written_bytes: 11120804
read_bytes: 77723766
object_bytes: 686448

Run time: 30.1s Ops: 475612 TPS: 15790 Net_rate: 2.8M/s
