servers : 10.0.0.8:11212
threads count: 29
concurrency: 29
run time: 30s
windows size: 10k
set proportion: set_prop=0.01
get proportion: get_prop=0.99
[1;1H[2J
Get Statistics
Type     Time(s)  Ops          TPS(ops/s)   Net(M/s)   Get_miss   Min(us)  Max(us)    Avg(us)    Std_dev    Geo_dist  
Period   30       404700       13490        1.9        0          154      191344     2139       2999.34    1265.13
Global   30       404700       13490        1.9        0          154      191344     2139       2999.34    1265.13

Set Statistics
Type     Time(s)  Ops          TPS(ops/s)   Net(M/s)   Get_miss   Min(us)  Max(us)    Avg(us)    Std_dev    Geo_dist  
Period   30       4103         136          0.0        0          182      190603     2232       3977.06    1300.58
Global   30       4103         136          0.0        0          182      190603     2232       3977.06    1300.58

Total Statistics
Type     Time(s)  Ops          TPS(ops/s)   Net(M/s)   Get_miss   Min(us)  Max(us)    Avg(us)    Std_dev    Geo_dist  
Period   30       408804       13626        1.9        0          154      191344     2140       3010.69    1265.50
Global   30       408804       13626        1.9        0          154      191344     2140       3010.69    1265.48

Get Statistics (404731 events)
   Min:       154
   Max:    191344
   Avg:      2139
   Geo:   1265.09
   Std:   2999.18
   Log2 Dist:
       8:      610    39327   189445    84298
      12:    14728    69280     6817      117
      16:       80        2       27

Set Statistics (4103 events)
   Min:       182
   Max:    190603
   Avg:      2232
   Geo:   1300.58
   Std:   3977.06
   Log2 Dist:
       8:        6      380     1890      845
      12:      199      706       73        0
      16:        3        0        1

Total Statistics (408834 events)
   Min:       154
   Max:    191344
   Avg:      2140
   Geo:   1265.44
   Std:   3010.54
   Log2 Dist:
       8:      616    39707   191335    85143
      12:    14927    69986     6890      117
      16:       83        2       28

cmd_get: 404759
cmd_set: 4104
get_misses: 0
written_bytes: 9560562
read_bytes: 66813439
object_bytes: 590976

Run time: 30.2s Ops: 408863 TPS: 13519 Net_rate: 2.4M/s
