servers : 10.0.0.8:11212
threads count: 25
concurrency: 25
run time: 30s
windows size: 10k
set proportion: set_prop=0.01
get proportion: get_prop=0.99
[1;1H[2J
Get Statistics
Type     Time(s)  Ops          TPS(ops/s)   Net(M/s)   Get_miss   Min(us)  Max(us)    Avg(us)    Std_dev    Geo_dist  
Period   30       412243       13741        1.9        0          138      96711      1805       2408.22    1079.27
Global   30       412243       13741        1.9        0          138      96711      1805       2408.22    1079.27

Set Statistics
Type     Time(s)  Ops          TPS(ops/s)   Net(M/s)   Get_miss   Min(us)  Max(us)    Avg(us)    Std_dev    Geo_dist  
Period   30       4175         139          0.0        0          204      21881      1764       2261.48    1065.92
Global   30       4175         139          0.0        0          204      21881      1764       2261.48    1065.92

Total Statistics
Type     Time(s)  Ops          TPS(ops/s)   Net(M/s)   Get_miss   Min(us)  Max(us)    Avg(us)    Std_dev    Geo_dist  
Period   30       416418       13880        1.9        0          138      96711      1805       2406.49    1079.13
Global   30       416418       13880        1.9        0          138      96711      1805       2406.49    1079.13

Get Statistics (412268 events)
   Min:       138
   Max:     96711
   Avg:      1805
   Geo:   1079.28
   Std:   2408.14
   Log2 Dist:
       8:     1476    62311   199753    72502
      12:    15286    55929     4802      156
      16:       31       22

Set Statistics (4175 events)
   Min:       204
   Max:     21881
   Avg:      1764
   Geo:   1065.92
   Std:   2261.48
   Log2 Dist:
       8:       13      657     2019      740
      12:      150      547       48        1

Total Statistics (416443 events)
   Min:       138
   Max:     96711
   Avg:      1805
   Geo:   1079.15
   Std:   2406.41
   Log2 Dist:
       8:     1489    62968   201772    73242
      12:    15436    56476     4850      157
      16:       31       22

cmd_get: 412293
cmd_set: 4175
get_misses: 0
written_bytes: 9737896
read_bytes: 68057620
object_bytes: 601200

Run time: 30.2s Ops: 416468 TPS: 13810 Net_rate: 2.5M/s
