servers : 10.0.0.8:11212
threads count: 27
concurrency: 27
run time: 30s
windows size: 10k
set proportion: set_prop=0.01
get proportion: get_prop=0.99
[1;1H[2J
Get Statistics
Type     Time(s)  Ops          TPS(ops/s)   Net(M/s)   Get_miss   Min(us)  Max(us)    Avg(us)    Std_dev    Geo_dist  
Period   30       415200       13840        1.9        0          135      202804     1938       2904.31    1161.35
Global   30       415200       13840        1.9        0          135      202804     1938       2904.31    1161.35

Set Statistics
Type     Time(s)  Ops          TPS(ops/s)   Net(M/s)   Get_miss   Min(us)  Max(us)    Avg(us)    Std_dev    Geo_dist  
Period   30       4210         140          0.0        0          203      73401      1989       2851.49    1181.04
Global   30       4210         140          0.0        0          203      73401      1989       2851.49    1181.04

Total Statistics
Type     Time(s)  Ops          TPS(ops/s)   Net(M/s)   Get_miss   Min(us)  Max(us)    Avg(us)    Std_dev    Geo_dist  
Period   30       419410       13980        1.9        0          135      202804     1939       2903.46    1161.55
Global   30       419410       13980        1.9        0          135      202804     1939       2903.46    1161.55

Get Statistics (415227 events)
   Min:       135
   Max:    202804
   Avg:      1938
   Geo:   1161.47
   Std:   2904.59
   Log2 Dist:
       8:      887    47502   201238    86875
      12:    11536    62396     4564      105
      16:       38       64       22

Set Statistics (4210 events)
   Min:       203
   Max:     73401
   Avg:      1989
   Geo:   1181.04
   Std:   2851.49
   Log2 Dist:
       8:       11      471     2012      887
      12:      128      642       57        0
      16:        0        2

Total Statistics (419437 events)
   Min:       135
   Max:    202804
   Avg:      1939
   Geo:   1161.66
   Std:   2903.73
   Log2 Dist:
       8:      898    47973   203250    87762
      12:    11664    63038     4621      105
      16:       38       66       22

cmd_get: 415254
cmd_set: 4210
get_misses: 0
written_bytes: 9808594
read_bytes: 68546135
object_bytes: 606240

Run time: 30.2s Ops: 419464 TPS: 13894 Net_rate: 2.5M/s
