servers : 10.0.0.8:11212
threads count: 35
concurrency: 35
run time: 30s
windows size: 10k
set proportion: set_prop=0.01
get proportion: get_prop=0.99
[1;1H[2J
Get Statistics
Type     Time(s)  Ops          TPS(ops/s)   Net(M/s)   Get_miss   Min(us)  Max(us)    Avg(us)    Std_dev    Geo_dist  
Period   30       429348       14311        2.0        0          151      55374      2425       2717.72    1439.49
Global   30       429348       14311        2.0        0          151      55374      2425       2717.72    1439.49

Set Statistics
Type     Time(s)  Ops          TPS(ops/s)   Net(M/s)   Get_miss   Min(us)  Max(us)    Avg(us)    Std_dev    Geo_dist  
Period   30       4353         145          0.0        0          214      17802      2487       2710.42    1481.49
Global   30       4353         145          0.0        0          214      17802      2487       2710.42    1481.49

Total Statistics
Type     Time(s)  Ops          TPS(ops/s)   Net(M/s)   Get_miss   Min(us)  Max(us)    Avg(us)    Std_dev    Geo_dist  
Period   30       433701       14456        2.0        0          151      55374      2426       2717.31    1439.90
Global   30       433701       14456        2.0        0          151      55374      2426       2717.31    1439.90

Get Statistics (429383 events)
   Min:       151
   Max:     55374
   Avg:      2426
   Geo:   1439.69
   Std:   2717.68
   Log2 Dist:
       8:      419    31505   186533    93269
      12:    17242    90341    10003       36
      16:       35

Set Statistics (4353 events)
   Min:       214
   Max:     17802
   Avg:      2487
   Geo:   1481.49
   Std:   2710.42
   Log2 Dist:
       8:        5      293     1867      940
      12:      183      957      107        1

Total Statistics (433736 events)
   Min:       151
   Max:     55374
   Avg:      2427
   Geo:   1440.10
   Std:   2717.27
   Log2 Dist:
       8:      424    31798   188400    94209
      12:    17425    91298    10110       37
      16:       35

cmd_get: 429417
cmd_set: 4354
get_misses: 0
written_bytes: 10142906
read_bytes: 70883019
object_bytes: 626976

Run time: 30.1s Ops: 433771 TPS: 14397 Net_rate: 2.6M/s
