servers : 10.0.0.8:11212
threads count: 3
concurrency: 3
run time: 30s
windows size: 10k
set proportion: set_prop=0.01
get proportion: get_prop=0.99
[1;1H[2J
Get Statistics
Type     Time(s)  Ops          TPS(ops/s)   Net(M/s)   Get_miss   Min(us)  Max(us)    Avg(us)    Std_dev    Geo_dist  
Period   30       94387        3146         0.4        0          142      78122      946        1606.87    602.94
Global   30       94387        3146         0.4        0          142      78122      946        1606.87    602.94

Set Statistics
Type     Time(s)  Ops          TPS(ops/s)   Net(M/s)   Get_miss   Min(us)  Max(us)    Avg(us)    Std_dev    Geo_dist  
Period   30       955          31           0.0        0          184      7951       889        1403.14    596.21
Global   30       955          31           0.0        0          184      7951       889        1403.14    596.21

Total Statistics
Type     Time(s)  Ops          TPS(ops/s)   Net(M/s)   Get_miss   Min(us)  Max(us)    Avg(us)    Std_dev    Geo_dist  
Period   30       95342        3178         0.4        0          142      78122      945        1605.21    602.87
Global   30       95342        3178         0.4        0          142      78122      945        1605.21    602.87

Get Statistics (94390 events)
   Min:       142
   Max:     78122
   Avg:       946
   Geo:    602.94
   Std:   1606.84
   Log2 Dist:
       8:     3266    42473    37368     5452
      12:      507     5123      195        3
      16:        0        3

Set Statistics (955 events)
   Min:       184
   Max:      7951
   Avg:       889
   Geo:    596.21
   Std:   1403.14
   Log2 Dist:
       8:       28      435      381       61
      12:        4       46

Total Statistics (95345 events)
   Min:       142
   Max:     78122
   Avg:       945
   Geo:    602.87
   Std:   1605.18
   Log2 Dist:
       8:     3294    42908    37749     5513
      12:      511     5169      195        3
      16:        0        3

cmd_get: 94393
cmd_set: 955
get_misses: 0
written_bytes: 2229380
read_bytes: 15581990
object_bytes: 137520

Run time: 30.1s Ops: 95348 TPS: 3166 Net_rate: 0.6M/s
