servers : 10.0.0.8:11212
threads count: 33
concurrency: 33
run time: 30s
windows size: 10k
set proportion: set_prop=0.01
get proportion: get_prop=0.99
[1;1H[2J
Get Statistics
Type     Time(s)  Ops          TPS(ops/s)   Net(M/s)   Get_miss   Min(us)  Max(us)    Avg(us)    Std_dev    Geo_dist  
Period   30       417338       13911        1.9        0          152      66775      2352       2727.15    1386.75
Global   30       417338       13911        1.9        0          152      66775      2352       2727.15    1386.75

Set Statistics
Type     Time(s)  Ops          TPS(ops/s)   Net(M/s)   Get_miss   Min(us)  Max(us)    Avg(us)    Std_dev    Geo_dist  
Period   30       4234         141          0.0        0          215      18999      2379       2680.74    1404.80
Global   30       4234         141          0.0        0          215      18999      2379       2680.74    1404.80

Total Statistics
Type     Time(s)  Ops          TPS(ops/s)   Net(M/s)   Get_miss   Min(us)  Max(us)    Avg(us)    Std_dev    Geo_dist  
Period   30       421572       14052        1.9        0          152      66775      2352       2726.92    1386.93
Global   30       421572       14052        1.9        0          152      66775      2352       2726.92    1386.93

Get Statistics (417370 events)
   Min:       152
   Max:     66775
   Avg:      2353
   Geo:   1386.93
   Std:   2726.96
   Log2 Dist:
       8:      627    37077   180036    89308
      12:    17954    82122    10071      140
      16:       19       16

Set Statistics (4235 events)
   Min:       215
   Max:     18999
   Avg:      2380
   Geo:   1405.39
   Std:   2682.44
   Log2 Dist:
       8:        7      363     1835      877
      12:      190      859      103        1

Total Statistics (421605 events)
   Min:       152
   Max:     66775
   Avg:      2353
   Geo:   1387.12
   Std:   2726.75
   Log2 Dist:
       8:      634    37440   181871    90185
      12:    18144    82981    10174      141
      16:       19       16

cmd_get: 417403
cmd_set: 4235
get_misses: 0
written_bytes: 9859740
read_bytes: 68899930
object_bytes: 609840

Run time: 30.1s Ops: 421638 TPS: 13996 Net_rate: 2.5M/s
