servers : 10.0.0.8:11212
threads count: 31
concurrency: 31
run time: 30s
windows size: 10k
set proportion: set_prop=0.01
get proportion: get_prop=0.99
[1;1H[2J
Get Statistics
Type     Time(s)  Ops          TPS(ops/s)   Net(M/s)   Get_miss   Min(us)  Max(us)    Avg(us)    Std_dev    Geo_dist  
Period   30       388215       12940        1.8        0          139      299363     2377       3712.30    1404.57
Global   30       388215       12940        1.8        0          139      299363     2377       3712.30    1404.55

Set Statistics
Type     Time(s)  Ops          TPS(ops/s)   Net(M/s)   Get_miss   Min(us)  Max(us)    Avg(us)    Std_dev    Geo_dist  
Period   30       3939         131          0.0        0          167      28615      2424       2680.20    1439.30
Global   30       3939         131          0.0        0          167      28615      2424       2680.20    1439.30

Total Statistics
Type     Time(s)  Ops          TPS(ops/s)   Net(M/s)   Get_miss   Min(us)  Max(us)    Avg(us)    Std_dev    Geo_dist  
Period   30       392157       13071        1.8        0          139      299363     2377       3703.64    1404.89
Global   30       392157       13071        1.8        0          139      299363     2377       3703.64    1404.89

Get Statistics (388249 events)
   Min:       139
   Max:    299363
   Avg:      2377
   Geo:   1404.61
   Std:   3712.31
   Log2 Dist:
       8:      368    28430   175525    81419
      12:    12211    84156     5918      122
      16:       37       32        6       25

Set Statistics (3939 events)
   Min:       167
   Max:     28615
   Avg:      2424
   Geo:   1439.30
   Std:   2680.20
   Log2 Dist:
       8:        9      265     1794      784
      12:      130      907       48        2

Total Statistics (392188 events)
   Min:       139
   Max:    299363
   Avg:      2377
   Geo:   1404.95
   Std:   3703.68
   Log2 Dist:
       8:      377    28695   177319    82203
      12:    12341    85063     5966      124
      16:       37       32        6       25

cmd_get: 388280
cmd_set: 3939
get_misses: 0
written_bytes: 9171718
read_bytes: 64092597
object_bytes: 567216

Run time: 30.1s Ops: 392219 TPS: 13018 Net_rate: 2.3M/s
