servers : 10.0.0.8:11212
threads count: 39
concurrency: 39
run time: 30s
windows size: 10k
set proportion: set_prop=0.01
get proportion: get_prop=0.99
[1;1H[2J
Get Statistics
Type     Time(s)  Ops          TPS(ops/s)   Net(M/s)   Get_miss   Min(us)  Max(us)    Avg(us)    Std_dev    Geo_dist  
Period   30       435118       14503        2.0        0          160      200473     2667       3428.75    1594.54
Global   30       435118       14503        2.0        0          160      200473     2667       3428.75    1594.54

Set Statistics
Type     Time(s)  Ops          TPS(ops/s)   Net(M/s)   Get_miss   Min(us)  Max(us)    Avg(us)    Std_dev    Geo_dist  
Period   30       4415         147          0.0        0          204      133967     2674       3411.00    1612.98
Global   30       4415         147          0.0        0          204      133967     2674       3411.00    1612.98

Total Statistics
Type     Time(s)  Ops          TPS(ops/s)   Net(M/s)   Get_miss   Min(us)  Max(us)    Avg(us)    Std_dev    Geo_dist  
Period   30       439533       14651        2.0        0          160      200473     2667       3428.62    1594.72
Global   30       439533       14651        2.0        0          160      200473     2667       3428.62    1594.72

Get Statistics (435156 events)
   Min:       160
   Max:    200473
   Avg:      2667
   Geo:   1594.72
   Std:   3428.94
   Log2 Dist:
       8:      301    22756   174505   104281
      12:    21232    98390    13545       60
      16:        6       44       36

Set Statistics (4416 events)
   Min:       204
   Max:    133967
   Avg:      2675
   Geo:   1613.50
   Std:   3411.07
   Log2 Dist:
       8:        4      212     1698     1147
      12:      223      995      135        1
      16:        0        0        1

Total Statistics (439572 events)
   Min:       160
   Max:    200473
   Avg:      2667
   Geo:   1594.91
   Std:   3428.82
   Log2 Dist:
       8:      305    22968   176203   105428
      12:    21455    99385    13680       61
      16:        6       44       37

cmd_get: 435195
cmd_set: 4416
get_misses: 0
written_bytes: 10279992
read_bytes: 71836068
object_bytes: 635904

Run time: 30.1s Ops: 439611 TPS: 14595 Net_rate: 2.6M/s
