servers : 10.0.0.8:11212
threads count: 39
concurrency: 39
run time: 30s
windows size: 10k
set proportion: set_prop=0.01
get proportion: get_prop=0.99
[1;1H[2J
Get Statistics
Type     Time(s)  Ops          TPS(ops/s)   Net(M/s)   Get_miss   Min(us)  Max(us)    Avg(us)    Std_dev    Geo_dist  
Period   30       474248       15808        2.2        0          152      78973      2456       2844.37    1477.39
Global   30       474248       15808        2.2        0          152      78973      2456       2844.37    1477.39

Set Statistics
Type     Time(s)  Ops          TPS(ops/s)   Net(M/s)   Get_miss   Min(us)  Max(us)    Avg(us)    Std_dev    Geo_dist  
Period   30       4808         160          0.0        0          204      16004      2446       2668.06    1482.93
Global   30       4808         160          0.0        0          204      16004      2446       2668.06    1482.93

Total Statistics
Type     Time(s)  Ops          TPS(ops/s)   Net(M/s)   Get_miss   Min(us)  Max(us)    Avg(us)    Std_dev    Geo_dist  
Period   30       479056       15968        2.2        0          152      78973      2456       2842.57    1477.44
Global   30       479056       15968        2.2        0          152      78973      2456       2842.57    1477.44

Get Statistics (474287 events)
   Min:       152
   Max:     78973
   Avg:      2457
   Geo:   1477.59
   Std:   2844.19
   Log2 Dist:
       8:      493    31784   193406   118877
      12:    20830    96451    12177      153
      16:       77       39

Set Statistics (4808 events)
   Min:       204
   Max:     16004
   Avg:      2446
   Geo:   1482.93
   Std:   2668.06
   Log2 Dist:
       8:        6      305     1964     1215
      12:      211      990      117

Total Statistics (479095 events)
   Min:       152
   Max:     78973
   Avg:      2457
   Geo:   1477.64
   Std:   2842.38
   Log2 Dist:
       8:      499    32089   195370   120092
      12:    21041    97441    12294      153
      16:       77       39

cmd_get: 474324
cmd_set: 4810
get_misses: 0
written_bytes: 11203594
read_bytes: 78295819
object_bytes: 692640

Run time: 30.2s Ops: 479134 TPS: 15844 Net_rate: 2.8M/s
