servers : 10.0.0.8:11212
threads count: 31
concurrency: 31
run time: 30s
windows size: 10k
set proportion: set_prop=0.01
get proportion: get_prop=0.99
[1;1H[2J
Get Statistics
Type     Time(s)  Ops          TPS(ops/s)   Net(M/s)   Get_miss   Min(us)  Max(us)    Avg(us)    Std_dev    Geo_dist  
Period   30       452858       15095        2.1        0          160      61566      2038       2495.72    1246.44
Global   30       452858       15095        2.1        0          160      61566      2038       2495.72    1246.44

Set Statistics
Type     Time(s)  Ops          TPS(ops/s)   Net(M/s)   Get_miss   Min(us)  Max(us)    Avg(us)    Std_dev    Geo_dist  
Period   30       4591         153          0.0        0          192      21899      1998       2366.38    1240.79
Global   30       4591         153          0.0        0          192      21899      1998       2366.38    1240.79

Total Statistics
Type     Time(s)  Ops          TPS(ops/s)   Net(M/s)   Get_miss   Min(us)  Max(us)    Avg(us)    Std_dev    Geo_dist  
Period   30       457449       15248        2.1        0          160      61566      2038       2494.13    1246.38
Global   30       457449       15248        2.1        0          160      61566      2038       2494.13    1246.38

Get Statistics (452889 events)
   Min:       160
   Max:     61566
   Avg:      2039
   Geo:   1246.58
   Std:   2495.38
   Log2 Dist:
       8:      610    41314   211456   103238
      12:    17582    72577     5832      221
      16:       59

Set Statistics (4591 events)
   Min:       192
   Max:     21899
   Avg:      1998
   Geo:   1240.79
   Std:   2366.38
   Log2 Dist:
       8:        4      386     2198     1037
      12:      194      704       67        1

Total Statistics (457480 events)
   Min:       160
   Max:     61566
   Avg:      2038
   Geo:   1246.52
   Std:   2494.60
   Log2 Dist:
       8:      614    41700   213654   104275
      12:    17776    73281     5899      222
      16:       59

cmd_get: 452920
cmd_set: 4591
get_misses: 0
written_bytes: 10698118
read_bytes: 74763413
object_bytes: 661104

Run time: 30.2s Ops: 457511 TPS: 15171 Net_rate: 2.7M/s
