servers : 10.0.0.8:11212
threads count: 3
concurrency: 3
run time: 30s
windows size: 10k
set proportion: set_prop=0.01
get proportion: get_prop=0.99
[1;1H[2J
Get Statistics
Type     Time(s)  Ops          TPS(ops/s)   Net(M/s)   Get_miss   Min(us)  Max(us)    Avg(us)    Std_dev    Geo_dist  
Period   30       95124        3170         0.4        0          143      140193     937        1650.73    602.50
Global   30       95124        3170         0.4        0          143      140193     937        1650.73    602.50

Set Statistics
Type     Time(s)  Ops          TPS(ops/s)   Net(M/s)   Get_miss   Min(us)  Max(us)    Avg(us)    Std_dev    Geo_dist  
Period   30       962          32           0.0        0          197      140120     1020       4695.68    598.43
Global   30       962          32           0.0        0          197      140120     1020       4695.68    598.43

Total Statistics
Type     Time(s)  Ops          TPS(ops/s)   Net(M/s)   Get_miss   Min(us)  Max(us)    Avg(us)    Std_dev    Geo_dist  
Period   30       96086        3202         0.4        0          143      140193     938        1708.19    602.46
Global   30       96086        3202         0.4        0          143      140193     938        1708.19    602.46

Get Statistics (95127 events)
   Min:       143
   Max:    140193
   Avg:       937
   Geo:    602.55
   Std:   1651.14
   Log2 Dist:
       8:     3253    42485    37824     5845
      12:      551     4970      191        6
      16:        0        0        2

Set Statistics (962 events)
   Min:       197
   Max:    140120
   Avg:      1020
   Geo:    598.43
   Std:   4695.68
   Log2 Dist:
       8:       27      408      416       59
      12:        7       43        1        0
      16:        0        0        1

Total Statistics (96089 events)
   Min:       143
   Max:    140193
   Avg:       938
   Geo:    602.51
   Std:   1708.58
   Log2 Dist:
       8:     3280    42893    38240     5904
      12:      558     5013      192        6
      16:        0        0        3

cmd_get: 95130
cmd_set: 962
get_misses: 0
written_bytes: 2246714
read_bytes: 15703651
object_bytes: 138528

Run time: 30.1s Ops: 96092 TPS: 3190 Net_rate: 0.6M/s
