servers : 10.0.0.8:11212
threads count: 33
concurrency: 33
run time: 30s
windows size: 10k
set proportion: set_prop=0.01
get proportion: get_prop=0.99
[1;1H[2J
Get Statistics
Type     Time(s)  Ops          TPS(ops/s)   Net(M/s)   Get_miss   Min(us)  Max(us)    Avg(us)    Std_dev    Geo_dist  
Period   30       421776       14059        1.9        0          159      60957      2338       2712.36    1387.10
Global   30       421776       14059        1.9        0          159      60957      2338       2712.36    1387.10

Set Statistics
Type     Time(s)  Ops          TPS(ops/s)   Net(M/s)   Get_miss   Min(us)  Max(us)    Avg(us)    Std_dev    Geo_dist  
Period   30       4275         142          0.0        0          201      42417      2356       2677.45    1398.49
Global   30       4275         142          0.0        0          201      42417      2356       2677.45    1398.49

Total Statistics
Type     Time(s)  Ops          TPS(ops/s)   Net(M/s)   Get_miss   Min(us)  Max(us)    Avg(us)    Std_dev    Geo_dist  
Period   30       426051       14201        2.0        0          159      60957      2338       2712.17    1387.21
Global   30       426051       14201        2.0        0          159      60957      2338       2712.17    1387.21

Get Statistics (421809 events)
   Min:       159
   Max:     60957
   Avg:      2338
   Geo:   1387.29
   Std:   2713.17
   Log2 Dist:
       8:      486    33526   190457    87252
      12:    13102    90505     6351       34
      16:       96

Set Statistics (4275 events)
   Min:       201
   Max:     42417
   Avg:      2356
   Geo:   1398.49
   Std:   2677.45
   Log2 Dist:
       8:        3      348     1907      868
      12:      156      925       67        0
      16:        1

Total Statistics (426084 events)
   Min:       159
   Max:     60957
   Avg:      2338
   Geo:   1387.40
   Std:   2712.96
   Log2 Dist:
       8:      489    33874   192364    88120
      12:    13258    91430     6418       34
      16:       97

cmd_get: 421840
cmd_set: 4277
get_misses: 0
written_bytes: 9963798
read_bytes: 69632685
object_bytes: 615888

Run time: 30.2s Ops: 426117 TPS: 14092 Net_rate: 2.5M/s
