servers : 10.0.0.8:11212
threads count: 33
concurrency: 33
run time: 30s
windows size: 10k
set proportion: set_prop=0.01
get proportion: get_prop=0.99
[1;1H[2J
Get Statistics
Type     Time(s)  Ops          TPS(ops/s)   Net(M/s)   Get_miss   Min(us)  Max(us)    Avg(us)    Std_dev    Geo_dist  
Period   30       423347       14111        1.9        0          128      81515      2328       2796.31    1378.02
Global   30       423347       14111        1.9        0          128      81515      2328       2796.31    1378.02

Set Statistics
Type     Time(s)  Ops          TPS(ops/s)   Net(M/s)   Get_miss   Min(us)  Max(us)    Avg(us)    Std_dev    Geo_dist  
Period   30       4293         143          0.0        0          245      81264      2398       2973.42    1410.04
Global   30       4293         143          0.0        0          245      81264      2398       2973.42    1410.04

Total Statistics
Type     Time(s)  Ops          TPS(ops/s)   Net(M/s)   Get_miss   Min(us)  Max(us)    Avg(us)    Std_dev    Geo_dist  
Period   30       427640       14254        2.0        0          128      81515      2329       2797.90    1378.33
Global   30       427640       14254        2.0        0          128      81515      2329       2797.90    1378.33

Get Statistics (423380 events)
   Min:       128
   Max:     81515
   Avg:      2328
   Geo:   1378.21
   Std:   2797.14
   Log2 Dist:
       4:        0        0        0        1
       8:      571    32342   189203    96535
      12:    13226    83307     7889      206
      16:       70       30

Set Statistics (4293 events)
   Min:       245
   Max:     81264
   Avg:      2398
   Geo:   1410.04
   Std:   2973.42
   Log2 Dist:
       8:        3      289     1929      992
      12:      113      863       98        5
      16:        0        1

Total Statistics (427673 events)
   Min:       128
   Max:     81515
   Avg:      2329
   Geo:   1378.53
   Std:   2798.73
   Log2 Dist:
       4:        0        0        0        1
       8:      574    32631   191132    97527
      12:    13339    84170     7987      211
      16:       70       31

cmd_get: 423413
cmd_set: 4293
get_misses: 0
written_bytes: 10001240
read_bytes: 69892044
object_bytes: 618192

Run time: 30.2s Ops: 427706 TPS: 14144 Net_rate: 2.5M/s
