servers : 10.0.0.8:11212
threads count: 31
concurrency: 31
run time: 30s
windows size: 10k
set proportion: set_prop=0.01
get proportion: get_prop=0.99
[1;1H[2J
Get Statistics
Type     Time(s)  Ops          TPS(ops/s)   Net(M/s)   Get_miss   Min(us)  Max(us)    Avg(us)    Std_dev    Geo_dist  
Period   30       405446       13514        1.9        0          130      26404      2277       2581.15    1357.07
Global   30       405446       13514        1.9        0          130      26404      2277       2581.13    1357.04

Set Statistics
Type     Time(s)  Ops          TPS(ops/s)   Net(M/s)   Get_miss   Min(us)  Max(us)    Avg(us)    Std_dev    Geo_dist  
Period   30       4110         137          0.0        0          180      17672      2271       2545.73    1367.69
Global   30       4110         137          0.0        0          180      17672      2271       2545.73    1367.69

Total Statistics
Type     Time(s)  Ops          TPS(ops/s)   Net(M/s)   Get_miss   Min(us)  Max(us)    Avg(us)    Std_dev    Geo_dist  
Period   30       409559       13651        1.9        0          130      26404      2277       2580.74    1357.16
Global   30       409559       13651        1.9        0          130      26404      2277       2580.74    1357.16

Get Statistics (405480 events)
   Min:       130
   Max:     26404
   Avg:      2277
   Geo:   1357.17
   Std:   2581.57
   Log2 Dist:
       8:      558    35178   182859    82424
      12:    15783    81321     7262       95

Set Statistics (4110 events)
   Min:       180
   Max:     17672
   Avg:      2271
   Geo:   1367.69
   Std:   2545.73
   Log2 Dist:
       8:        5      338     1854      860
      12:      155      829       68        1

Total Statistics (409590 events)
   Min:       130
   Max:     26404
   Avg:      2277
   Geo:   1357.28
   Std:   2581.15
   Log2 Dist:
       8:      563    35516   184713    83284
      12:    15938    82150     7330       96

cmd_get: 405510
cmd_set: 4111
get_misses: 0
written_bytes: 9578160
read_bytes: 66937080
object_bytes: 591984

Run time: 30.2s Ops: 409621 TPS: 13584 Net_rate: 2.4M/s
