servers : 10.0.0.8:11212
threads count: 37
concurrency: 37
run time: 30s
windows size: 10k
set proportion: set_prop=0.01
get proportion: get_prop=0.99
[1;1H[2J
Get Statistics
Type     Time(s)  Ops          TPS(ops/s)   Net(M/s)   Get_miss   Min(us)  Max(us)    Avg(us)    Std_dev    Geo_dist  
Period   30       436329       14544        2.0        0          153      60668      2521       2788.92    1499.36
Global   30       436329       14544        2.0        0          153      60668      2521       2788.92    1499.36

Set Statistics
Type     Time(s)  Ops          TPS(ops/s)   Net(M/s)   Get_miss   Min(us)  Max(us)    Avg(us)    Std_dev    Geo_dist  
Period   30       4425         147          0.0        0          196      60590      2627       3183.19    1532.03
Global   30       4425         147          0.0        0          196      60590      2627       3183.19    1532.03

Total Statistics
Type     Time(s)  Ops          TPS(ops/s)   Net(M/s)   Get_miss   Min(us)  Max(us)    Avg(us)    Std_dev    Geo_dist  
Period   30       440754       14691        2.0        0          153      60668      2522       2793.23    1499.68
Global   30       440754       14691        2.0        0          153      60668      2522       2793.23    1499.68

Get Statistics (436366 events)
   Min:       153
   Max:     60668
   Avg:      2521
   Geo:   1499.55
   Std:   2789.50
   Log2 Dist:
       8:      572    33622   175170    99057
      12:    22802    91448    13555      103
      16:       37

Set Statistics (4425 events)
   Min:       196
   Max:     60590
   Avg:      2627
   Geo:   1532.03
   Std:   3183.19
   Log2 Dist:
       8:        5      318     1800      976
      12:      210      971      141        1
      16:        3

Total Statistics (440791 events)
   Min:       153
   Max:     60668
   Avg:      2522
   Geo:   1499.87
   Std:   2793.80
   Log2 Dist:
       8:      577    33940   176970   100033
      12:    23012    92419    13696      104
      16:       40

cmd_get: 436402
cmd_set: 4426
get_misses: 0
written_bytes: 10308052
read_bytes: 72035790
object_bytes: 637344

Run time: 30.1s Ops: 440828 TPS: 14636 Net_rate: 2.6M/s
