servers : 10.0.0.8:11212
threads count: 37
concurrency: 37
run time: 30s
windows size: 10k
set proportion: set_prop=0.01
get proportion: get_prop=0.99
[1;1H[2J
Get Statistics
Type     Time(s)  Ops          TPS(ops/s)   Net(M/s)   Get_miss   Min(us)  Max(us)    Avg(us)    Std_dev    Geo_dist  
Period   30       423971       14132        1.9        0          163      57461      2595       2877.91    1539.05
Global   30       423971       14132        1.9        0          163      57461      2595       2877.91    1539.05

Set Statistics
Type     Time(s)  Ops          TPS(ops/s)   Net(M/s)   Get_miss   Min(us)  Max(us)    Avg(us)    Std_dev    Geo_dist  
Period   30       4301         143          0.0        0          222      57399      2575       2882.23    1533.56
Global   30       4301         143          0.0        0          222      57399      2575       2882.23    1533.56

Total Statistics
Type     Time(s)  Ops          TPS(ops/s)   Net(M/s)   Get_miss   Min(us)  Max(us)    Avg(us)    Std_dev    Geo_dist  
Period   30       428272       14275        2.0        0          163      57461      2595       2877.77    1538.99
Global   30       428272       14275        2.0        0          163      57461      2595       2877.77    1538.99

Get Statistics (424008 events)
   Min:       163
   Max:     57461
   Avg:      2596
   Geo:   1539.27
   Std:   2877.90
   Log2 Dist:
       8:      600    33507   162997    95674
      12:    26184    89478    15346      154
      16:       68

Set Statistics (4301 events)
   Min:       222
   Max:     57399
   Avg:      2575
   Geo:   1533.56
   Std:   2882.23
   Log2 Dist:
       8:        4      327     1691      955
      12:      276      904      143        0
      16:        1

Total Statistics (428309 events)
   Min:       163
   Max:     57461
   Avg:      2596
   Geo:   1539.21
   Std:   2877.75
   Log2 Dist:
       8:      604    33834   164688    96629
      12:    26460    90382    15489      154
      16:       69

cmd_get: 424045
cmd_set: 4301
get_misses: 0
written_bytes: 10016336
read_bytes: 69995728
object_bytes: 619344

Run time: 30.1s Ops: 428346 TPS: 14221 Net_rate: 2.5M/s
