servers : 10.0.0.8:11212
threads count: 33
concurrency: 33
run time: 30s
windows size: 10k
set proportion: set_prop=0.01
get proportion: get_prop=0.99
[1;1H[2J
Get Statistics
Type     Time(s)  Ops          TPS(ops/s)   Net(M/s)   Get_miss   Min(us)  Max(us)    Avg(us)    Std_dev    Geo_dist  
Period   30       401527       13384        1.8        0          156      45950      2445       2749.28    1459.47
Global   30       401527       13384        1.8        0          156      45950      2445       2749.28    1459.47

Set Statistics
Type     Time(s)  Ops          TPS(ops/s)   Net(M/s)   Get_miss   Min(us)  Max(us)    Avg(us)    Std_dev    Geo_dist  
Period   30       4073         135          0.0        0          204      36287      2496       2779.80    1484.34
Global   30       4073         135          0.0        0          204      36287      2496       2779.80    1484.34

Total Statistics
Type     Time(s)  Ops          TPS(ops/s)   Net(M/s)   Get_miss   Min(us)  Max(us)    Avg(us)    Std_dev    Geo_dist  
Period   30       405600       13520        1.9        0          156      45950      2446       2749.16    1459.72
Global   30       405600       13520        1.9        0          156      45950      2446       2749.16    1459.72

Get Statistics (401560 events)
   Min:       156
   Max:     45950
   Avg:      2446
   Geo:   1459.67
   Std:   2749.12
   Log2 Dist:
       8:      344    25665   173756    94885
      12:    12907    85624     8242       73
      16:       64

Set Statistics (4073 events)
   Min:       204
   Max:     36287
   Avg:      2496
   Geo:   1484.34
   Std:   2779.80
   Log2 Dist:
       8:        5      246     1749      950
      12:      139      894       89        0
      16:        1

Total Statistics (405633 events)
   Min:       156
   Max:     45950
   Avg:      2446
   Geo:   1459.92
   Std:   2749.88
   Log2 Dist:
       8:      349    25911   175505    95835
      12:    13046    86518     8331       73
      16:       65

cmd_get: 401593
cmd_set: 4073
get_misses: 0
written_bytes: 9486000
read_bytes: 66289984
object_bytes: 586512

Run time: 30.1s Ops: 405666 TPS: 13468 Net_rate: 2.4M/s
