servers : 10.0.0.8:11212
threads count: 31
concurrency: 31
run time: 30s
windows size: 10k
set proportion: set_prop=0.01
get proportion: get_prop=0.99
[1;1H[2J
Get Statistics
Type     Time(s)  Ops          TPS(ops/s)   Net(M/s)   Get_miss   Min(us)  Max(us)    Avg(us)    Std_dev    Geo_dist  
Period   30       390525       13017        1.8        0          165      93211      2364       2872.90    1422.80
Global   30       390525       13017        1.8        0          165      93211      2364       2872.90    1422.80

Set Statistics
Type     Time(s)  Ops          TPS(ops/s)   Net(M/s)   Get_miss   Min(us)  Max(us)    Avg(us)    Std_dev    Geo_dist  
Period   30       3963         132          0.0        0          237      92914      2364       2974.95    1431.14
Global   30       3963         132          0.0        0          237      92914      2364       2974.95    1431.14

Total Statistics
Type     Time(s)  Ops          TPS(ops/s)   Net(M/s)   Get_miss   Min(us)  Max(us)    Avg(us)    Std_dev    Geo_dist  
Period   30       394503       13150        1.8        0          165      93211      2364       2873.87    1422.89
Global   30       394503       13150        1.8        0          165      93211      2364       2873.87    1422.89

Get Statistics (390571 events)
   Min:       165
   Max:     93211
   Avg:      2364
   Geo:   1422.83
   Std:   2872.80
   Log2 Dist:
       8:      326    24425   170363    97299
      12:    13435    77330     7095       88
      16:      180       30

Set Statistics (3963 events)
   Min:       237
   Max:     92914
   Avg:      2364
   Geo:   1431.14
   Std:   2974.95
   Log2 Dist:
       8:        2      235     1715     1000
      12:      156      779       75        0
      16:        0        1

Total Statistics (394534 events)
   Min:       165
   Max:     93211
   Avg:      2364
   Geo:   1422.92
   Std:   2873.84
   Log2 Dist:
       8:      328    24660   172078    98299
      12:    13591    78109     7170       88
      16:      180       31

cmd_get: 390602
cmd_set: 3963
get_misses: 0
written_bytes: 9226642
read_bytes: 64475919
object_bytes: 570672

Run time: 30.1s Ops: 394565 TPS: 13095 Net_rate: 2.3M/s
