servers : 10.0.0.8:11212
threads count: 35
concurrency: 35
run time: 30s
windows size: 10k
set proportion: set_prop=0.01
get proportion: get_prop=0.99
[1;1H[2J
Get Statistics
Type     Time(s)  Ops          TPS(ops/s)   Net(M/s)   Get_miss   Min(us)  Max(us)    Avg(us)    Std_dev    Geo_dist  
Period   30       458847       15294        2.1        0          141      22025      2270       2585.31    1361.29
Global   30       458847       15294        2.1        0          141      22025      2270       2585.31    1361.29

Set Statistics
Type     Time(s)  Ops          TPS(ops/s)   Net(M/s)   Get_miss   Min(us)  Max(us)    Avg(us)    Std_dev    Geo_dist  
Period   30       4652         155          0.0        0          202      10814      2251       2559.53    1355.28
Global   30       4652         155          0.0        0          202      10814      2251       2559.53    1355.28

Total Statistics
Type     Time(s)  Ops          TPS(ops/s)   Net(M/s)   Get_miss   Min(us)  Max(us)    Avg(us)    Std_dev    Geo_dist  
Period   30       463499       15449        2.1        0          141      22025      2269       2585.76    1361.23
Global   30       463499       15449        2.1        0          141      22025      2269       2585.76    1361.23

Get Statistics (458881 events)
   Min:       141
   Max:     22025
   Avg:      2270
   Geo:   1361.30
   Std:   2585.19
   Log2 Dist:
       8:      610    36074   205634   102978
      12:    17602    87417     8506       60

Set Statistics (4653 events)
   Min:       202
   Max:     10814
   Avg:      2251
   Geo:   1355.45
   Std:   2559.28
   Log2 Dist:
       8:        8      374     2087     1033
      12:      193      869       89

Total Statistics (463534 events)
   Min:       141
   Max:     22025
   Avg:      2269
   Geo:   1361.24
   Std:   2585.63
   Log2 Dist:
       8:      618    36448   207721   104011
      12:    17795    88286     8595       60

cmd_get: 458916
cmd_set: 4653
get_misses: 0
written_bytes: 10839862
read_bytes: 75752589
object_bytes: 670032

Run time: 30.1s Ops: 463569 TPS: 15391 Net_rate: 2.7M/s
