servers : 10.0.0.8:11212
threads count: 37
concurrency: 37
run time: 30s
windows size: 10k
set proportion: set_prop=0.01
get proportion: get_prop=0.99
[1;1H[2J
Get Statistics
Type     Time(s)  Ops          TPS(ops/s)   Net(M/s)   Get_miss   Min(us)  Max(us)    Avg(us)    Std_dev    Geo_dist  
Period   30       452487       15082        2.1        0          149      30661      2431       2682.32    1451.45
Global   30       452487       15082        2.1        0          149      30661      2431       2682.32    1451.45

Set Statistics
Type     Time(s)  Ops          TPS(ops/s)   Net(M/s)   Get_miss   Min(us)  Max(us)    Avg(us)    Std_dev    Geo_dist  
Period   30       4589         152          0.0        0          229      17846      2421       2689.80    1444.80
Global   30       4589         152          0.0        0          229      17846      2421       2689.80    1444.80

Total Statistics
Type     Time(s)  Ops          TPS(ops/s)   Net(M/s)   Get_miss   Min(us)  Max(us)    Avg(us)    Std_dev    Geo_dist  
Period   30       457076       15235        2.1        0          149      30661      2431       2682.30    1451.39
Global   30       457076       15235        2.1        0          149      30661      2431       2682.30    1451.39

Get Statistics (452523 events)
   Min:       149
   Max:     30661
   Avg:      2432
   Geo:   1451.64
   Std:   2682.08
   Log2 Dist:
       8:      593    36099   188012    99269
      12:    23726    92448    12274      102

Set Statistics (4590 events)
   Min:       229
   Max:     17846
   Avg:      2422
   Geo:   1445.33
   Std:   2690.80
   Log2 Dist:
       8:        2      335     1987      955
      12:      274      895      141        1

Total Statistics (457113 events)
   Min:       149
   Max:     30661
   Avg:      2431
   Geo:   1451.58
   Std:   2682.98
   Log2 Dist:
       8:      595    36434   189999   100224
      12:    24000    93343    12415      103

cmd_get: 452560
cmd_set: 4590
get_misses: 0
written_bytes: 10689906
read_bytes: 74703015
object_bytes: 660960

Run time: 30.1s Ops: 457150 TPS: 15178 Net_rate: 2.7M/s
