servers : 10.0.0.8:11212
threads count: 39
concurrency: 39
run time: 30s
windows size: 10k
set proportion: set_prop=0.01
get proportion: get_prop=0.99
[1;1H[2J
Get Statistics
Type     Time(s)  Ops          TPS(ops/s)   Net(M/s)   Get_miss   Min(us)  Max(us)    Avg(us)    Std_dev    Geo_dist  
Period   30       487116       16237        2.2        0          147      240418     2380       3275.17    1453.06
Global   30       487116       16237        2.2        0          147      240418     2380       3275.17    1453.06

Set Statistics
Type     Time(s)  Ops          TPS(ops/s)   Net(M/s)   Get_miss   Min(us)  Max(us)    Avg(us)    Std_dev    Geo_dist  
Period   30       4942         164          0.0        0          190      240412     2490       4303.10    1500.82
Global   30       4942         164          0.0        0          190      240412     2490       4303.10    1500.82

Total Statistics
Type     Time(s)  Ops          TPS(ops/s)   Net(M/s)   Get_miss   Min(us)  Max(us)    Avg(us)    Std_dev    Geo_dist  
Period   30       492058       16401        2.3        0          147      240418     2381       3287.18    1453.53
Global   30       492058       16401        2.3        0          147      240418     2381       3287.18    1453.53

Get Statistics (487154 events)
   Min:       147
   Max:    240418
   Avg:      2380
   Geo:   1453.21
   Std:   3275.46
   Log2 Dist:
       8:      542    31176   199724   125589
      12:    23202    97850     8938       45
      16:       46        4       38

Set Statistics (4943 events)
   Min:       190
   Max:    240412
   Avg:      2491
   Geo:   1501.30
   Std:   4303.23
   Log2 Dist:
       8:        5      278     1988     1293
      12:      249     1018      110        1
      16:        0        0        1

Total Statistics (492097 events)
   Min:       147
   Max:    240418
   Avg:      2381
   Geo:   1453.69
   Std:   3287.48
   Log2 Dist:
       8:      547    31454   201712   126882
      12:    23451    98868     9048       46
      16:       46        4       39

cmd_get: 487193
cmd_set: 4943
get_misses: 0
written_bytes: 11508268
read_bytes: 80419954
object_bytes: 711792

Run time: 30.1s Ops: 492136 TPS: 16332 Net_rate: 2.9M/s
