servers : 10.0.0.8:11212
threads count: 3
concurrency: 3
run time: 30s
windows size: 10k
set proportion: set_prop=0.01
get proportion: get_prop=0.99
[1;1H[2J
Get Statistics
Type     Time(s)  Ops          TPS(ops/s)   Net(M/s)   Get_miss   Min(us)  Max(us)    Avg(us)    Std_dev    Geo_dist  
Period   30       95137        3171         0.4        0          148      12431      937        1531.53    597.04
Global   30       95137        3171         0.4        0          148      12431      937        1531.53    597.04

Set Statistics
Type     Time(s)  Ops          TPS(ops/s)   Net(M/s)   Get_miss   Min(us)  Max(us)    Avg(us)    Std_dev    Geo_dist  
Period   30       962          32           0.0        0          177      12633      961        1600.93    600.73
Global   30       962          32           0.0        0          177      12633      961        1600.93    600.73

Total Statistics
Type     Time(s)  Ops          TPS(ops/s)   Net(M/s)   Get_miss   Min(us)  Max(us)    Avg(us)    Std_dev    Geo_dist  
Period   30       96099        3203         0.4        0          148      12633      938        1531.77    597.08
Global   30       96099        3203         0.4        0          148      12633      938        1531.77    597.08

Get Statistics (95140 events)
   Min:       148
   Max:     12431
   Avg:       937
   Geo:    597.05
   Std:   1531.50
   Log2 Dist:
       8:     3334    44082    36336     5500
      12:      355     5398      135

Set Statistics (962 events)
   Min:       177
   Max:     12633
   Avg:       961
   Geo:    600.73
   Std:   1600.93
   Log2 Dist:
       8:       29      461      359       48
      12:        5       59        1

Total Statistics (96102 events)
   Min:       148
   Max:     12633
   Avg:       938
   Geo:    597.08
   Std:   1531.74
   Log2 Dist:
       8:     3363    44543    36695     5548
      12:      360     5457      136

cmd_get: 95143
cmd_set: 962
get_misses: 0
written_bytes: 2247000
read_bytes: 15705796
object_bytes: 138528

Run time: 30.1s Ops: 96105 TPS: 3191 Net_rate: 0.6M/s
