servers : 10.0.0.8:11212
threads count: 35
concurrency: 35
run time: 30s
windows size: 10k
set proportion: set_prop=0.01
get proportion: get_prop=0.99
[1;1H[2J
Get Statistics
Type     Time(s)  Ops          TPS(ops/s)   Net(M/s)   Get_miss   Min(us)  Max(us)    Avg(us)    Std_dev    Geo_dist  
Period   30       455402       15180        2.1        0          167      62023      2289       2637.81    1374.44
Global   30       455402       15180        2.1        0          167      62023      2289       2637.81    1374.44

Set Statistics
Type     Time(s)  Ops          TPS(ops/s)   Net(M/s)   Get_miss   Min(us)  Max(us)    Avg(us)    Std_dev    Geo_dist  
Period   30       4616         153          0.0        0          173      14555      2278       2556.88    1379.54
Global   30       4616         153          0.0        0          173      14555      2278       2556.88    1379.54

Total Statistics
Type     Time(s)  Ops          TPS(ops/s)   Net(M/s)   Get_miss   Min(us)  Max(us)    Avg(us)    Std_dev    Geo_dist  
Period   30       460018       15333        2.1        0          167      62023      2288       2637.77    1374.49
Global   30       460018       15333        2.1        0          167      62023      2288       2637.77    1374.49

Get Statistics (455437 events)
   Min:       167
   Max:     62023
   Avg:      2288
   Geo:   1374.44
   Std:   2638.58
   Log2 Dist:
       8:      642    35000   202578   102786
      12:    17475    87744     9144       33
      16:       35

Set Statistics (4616 events)
   Min:       173
   Max:     14555
   Avg:      2278
   Geo:   1379.54
   Std:   2556.88
   Log2 Dist:
       8:        3      343     2055     1037
      12:      216      889       73

Total Statistics (460053 events)
   Min:       167
   Max:     62023
   Avg:      2288
   Geo:   1374.49
   Std:   2637.68
   Log2 Dist:
       8:      645    35343   204633   103823
      12:    17691    88633     9217       33
      16:       35

cmd_get: 455471
cmd_set: 4617
get_misses: 0
written_bytes: 10758174
read_bytes: 75184033
object_bytes: 664848

Run time: 30.1s Ops: 460088 TPS: 15263 Net_rate: 2.7M/s
