servers : 10.0.0.8:11212
threads count: 35
concurrency: 35
run time: 30s
windows size: 10k
set proportion: set_prop=0.01
get proportion: get_prop=0.99
[1;1H[2J
Get Statistics
Type     Time(s)  Ops          TPS(ops/s)   Net(M/s)   Get_miss   Min(us)  Max(us)    Avg(us)    Std_dev    Geo_dist  
Period   30       423712       14123        1.9        0          159      34782      2459       2623.94    1504.24
Global   30       423712       14123        1.9        0          159      34782      2459       2623.94    1504.24

Set Statistics
Type     Time(s)  Ops          TPS(ops/s)   Net(M/s)   Get_miss   Min(us)  Max(us)    Avg(us)    Std_dev    Geo_dist  
Period   30       4297         143          0.0        0          191      34722      2445       2618.97    1505.55
Global   30       4297         143          0.0        0          191      34722      2445       2618.97    1505.55

Total Statistics
Type     Time(s)  Ops          TPS(ops/s)   Net(M/s)   Get_miss   Min(us)  Max(us)    Avg(us)    Std_dev    Geo_dist  
Period   30       428011       14267        2.0        0          159      34782      2459       2623.77    1504.27
Global   30       428011       14267        2.0        0          159      34782      2459       2623.77    1504.27

Get Statistics (423749 events)
   Min:       159
   Max:     34782
   Avg:      2459
   Geo:   1504.35
   Std:   2624.20
   Log2 Dist:
       8:      309    25460   176919    99110
      12:    17583    96601     7720       13
      16:       34

Set Statistics (4297 events)
   Min:       191
   Max:     34722
   Avg:      2445
   Geo:   1505.55
   Std:   2618.97
   Log2 Dist:
       8:        3      227     1817     1027
      12:      177      990       55        0
      16:        1

Total Statistics (428046 events)
   Min:       159
   Max:     34782
   Avg:      2459
   Geo:   1504.36
   Std:   2624.01
   Log2 Dist:
       8:      312    25687   178736   100137
      12:    17760    97591     7775       13
      16:       35

cmd_get: 423783
cmd_set: 4298
get_misses: 0
written_bytes: 10009998
read_bytes: 69952961
object_bytes: 618912

Run time: 30.1s Ops: 428081 TPS: 14203 Net_rate: 2.5M/s
