servers : 10.0.0.8:11212
threads count: 43
concurrency: 43
run time: 30s
windows size: 10k
set proportion: set_prop=0.01
get proportion: get_prop=0.99
[1;1H[2J
Get Statistics
Type     Time(s)  Ops          TPS(ops/s)   Net(M/s)   Get_miss   Min(us)  Max(us)    Avg(us)    Std_dev    Geo_dist  
Period   30       497812       16593        2.3        0          153      76276      2567       2889.99    1536.36
Global   30       497812       16593        2.3        0          153      76276      2567       2889.99    1536.36

Set Statistics
Type     Time(s)  Ops          TPS(ops/s)   Net(M/s)   Get_miss   Min(us)  Max(us)    Avg(us)    Std_dev    Geo_dist  
Period   30       5050         168          0.0        0          208      76045      2594       2977.00    1566.20
Global   30       5050         168          0.0        0          208      76045      2594       2977.00    1566.20

Total Statistics
Type     Time(s)  Ops          TPS(ops/s)   Net(M/s)   Get_miss   Min(us)  Max(us)    Avg(us)    Std_dev    Geo_dist  
Period   30       502862       16762        2.3        0          153      76276      2567       2891.12    1536.65
Global   30       502862       16762        2.3        0          153      76276      2567       2891.12    1536.65

Get Statistics (497870 events)
   Min:       153
   Max:     76276
   Avg:      2567
   Geo:   1536.55
   Std:   2890.39
   Log2 Dist:
       8:      573    35097   192619   119800
      12:    30341   101568    17302      520
      16:        9       41

Set Statistics (5050 events)
   Min:       208
   Max:     76045
   Avg:      2594
   Geo:   1566.20
   Std:   2977.00
   Log2 Dist:
       8:        7      314     1921     1254
      12:      343     1039      165        6
      16:        0        1

Total Statistics (502920 events)
   Min:       153
   Max:     76276
   Avg:      2568
   Geo:   1536.85
   Std:   2890.63
   Log2 Dist:
       8:      580    35411   194540   121054
      12:    30684   102607    17467      526
      16:        9       42

cmd_get: 497913
cmd_set: 5050
get_misses: 0
written_bytes: 11761140
read_bytes: 82188950
object_bytes: 727200

Run time: 30.1s Ops: 502963 TPS: 16698 Net_rate: 3.0M/s
