servers : 10.0.0.8:11212
threads count: 41
concurrency: 41
run time: 30s
windows size: 10k
set proportion: set_prop=0.01
get proportion: get_prop=0.99
[1;1H[2J
Get Statistics
Type     Time(s)  Ops          TPS(ops/s)   Net(M/s)   Get_miss   Min(us)  Max(us)    Avg(us)    Std_dev    Geo_dist  
Period   30       486578       16219        2.2        0          145      195671     2504       3878.99    1470.99
Global   30       486578       16219        2.2        0          145      195671     2504       3878.99    1470.99

Set Statistics
Type     Time(s)  Ops          TPS(ops/s)   Net(M/s)   Get_miss   Min(us)  Max(us)    Avg(us)    Std_dev    Geo_dist  
Period   30       4937         164          0.0        0          183      109101     2577       3693.53    1512.74
Global   30       4937         164          0.0        0          183      109101     2577       3693.53    1512.74

Total Statistics
Type     Time(s)  Ops          TPS(ops/s)   Net(M/s)   Get_miss   Min(us)  Max(us)    Avg(us)    Std_dev    Geo_dist  
Period   30       491515       16383        2.2        0          145      195671     2505       3877.00    1471.41
Global   30       491515       16383        2.2        0          145      195671     2505       3877.00    1471.41

Get Statistics (486619 events)
   Min:       145
   Max:    195671
   Avg:      2505
   Geo:   1471.19
   Std:   3878.73
   Log2 Dist:
       8:      571    35424   195453   121077
      12:    24292    94403    14828      225
      16:       96      184       66

Set Statistics (4937 events)
   Min:       183
   Max:    109101
   Avg:      2577
   Geo:   1512.74
   Std:   3693.53
   Log2 Dist:
       8:        6      337     1919     1253
      12:      271      965      179        1
      16:        4        2

Total Statistics (491556 events)
   Min:       145
   Max:    195671
   Avg:      2505
   Geo:   1471.60
   Std:   3877.39
   Log2 Dist:
       8:      577    35761   197372   122330
      12:    24563    95368    15007      226
      16:      100      186       66

cmd_get: 486660
cmd_set: 4937
get_misses: 0
written_bytes: 11495538
read_bytes: 80331631
object_bytes: 710928

Run time: 30.1s Ops: 491597 TPS: 16323 Net_rate: 2.9M/s
