servers : 10.0.0.8:11212
threads count: 43
concurrency: 43
run time: 30s
windows size: 10k
set proportion: set_prop=0.01
get proportion: get_prop=0.99
[1;1H[2J
Get Statistics
Type     Time(s)  Ops          TPS(ops/s)   Net(M/s)   Get_miss   Min(us)  Max(us)    Avg(us)    Std_dev    Geo_dist  
Period   30       469697       15656        2.2        0          157      89055      2722       3118.56    1660.31
Global   30       469697       15656        2.2        0          157      89055      2722       3118.56    1660.31

Set Statistics
Type     Time(s)  Ops          TPS(ops/s)   Net(M/s)   Get_miss   Min(us)  Max(us)    Avg(us)    Std_dev    Geo_dist  
Period   30       4764         158          0.0        0          193      74987      2819       3390.16    1702.29
Global   30       4764         158          0.0        0          193      74987      2819       3390.16    1702.29

Total Statistics
Type     Time(s)  Ops          TPS(ops/s)   Net(M/s)   Get_miss   Min(us)  Max(us)    Avg(us)    Std_dev    Geo_dist  
Period   30       474461       15815        2.2        0          157      89055      2723       3121.40    1660.72
Global   30       474461       15815        2.2        0          157      89055      2723       3121.40    1660.72

Get Statistics (469739 events)
   Min:       157
   Max:     89055
   Avg:      2722
   Geo:   1660.54
   Std:   3119.27
   Log2 Dist:
       8:      356    23072   172548   122691
      12:    27729   107971    14965      222
      16:       69      116

Set Statistics (4765 events)
   Min:       193
   Max:     74987
   Avg:      2820
   Geo:   1702.89
   Std:   3391.32
   Log2 Dist:
       8:        7      251     1713     1179
      12:      305     1162      142        2
      16:        1        3

Total Statistics (474504 events)
   Min:       157
   Max:     89055
   Avg:      2723
   Geo:   1660.96
   Std:   3122.11
   Log2 Dist:
       8:      363    23323   174261   123870
      12:    28034   109133    15107      224
      16:       70      119

cmd_get: 469782
cmd_set: 4765
get_misses: 0
written_bytes: 11096658
read_bytes: 77545055
object_bytes: 686160

Run time: 30.1s Ops: 474547 TPS: 15755 Net_rate: 2.8M/s
