servers : 10.0.0.8:11212
threads count: 49
concurrency: 49
run time: 30s
windows size: 10k
set proportion: set_prop=0.01
get proportion: get_prop=0.99
[1;1H[2J
Get Statistics
Type     Time(s)  Ops          TPS(ops/s)   Net(M/s)   Get_miss   Min(us)  Max(us)    Avg(us)    Std_dev    Geo_dist  
Period   30       547145       18238        2.5        0          152      81399      2671       3006.37    1604.85
Global   30       547145       18238        2.5        0          152      81399      2671       3006.36    1604.82

Set Statistics
Type     Time(s)  Ops          TPS(ops/s)   Net(M/s)   Get_miss   Min(us)  Max(us)    Avg(us)    Std_dev    Geo_dist  
Period   30       5555         185          0.0        0          204      80649      2711       3300.61    1606.64
Global   30       5555         185          0.0        0          204      80649      2711       3300.61    1606.64

Total Statistics
Type     Time(s)  Ops          TPS(ops/s)   Net(M/s)   Get_miss   Min(us)  Max(us)    Avg(us)    Std_dev    Geo_dist  
Period   30       552702       18423        2.5        0          152      81399      2672       3008.96    1604.85
Global   30       552702       18423        2.5        0          152      81399      2672       3008.96    1604.85

Get Statistics (547197 events)
   Min:       152
   Max:     81399
   Avg:      2671
   Geo:   1604.83
   Std:   3006.32
   Log2 Dist:
       8:      549    34531   200716   141113
      12:    33167   114936    21591      470
      16:       36       88

Set Statistics (5555 events)
   Min:       204
   Max:     80649
   Avg:      2711
   Geo:   1606.64
   Std:   3300.61
   Log2 Dist:
       8:        6      327     2071     1424
      12:      332     1165      216       11
      16:        1        2

Total Statistics (552752 events)
   Min:       152
   Max:     81399
   Avg:      2672
   Geo:   1604.85
   Std:   3008.89
   Log2 Dist:
       8:      555    34858   202787   142537
      12:    33499   116101    21807      481
      16:       37       90

cmd_get: 547246
cmd_set: 5555
get_misses: 0
written_bytes: 12927134
read_bytes: 90331945
object_bytes: 799920

Run time: 30.3s Ops: 552801 TPS: 18273 Net_rate: 3.3M/s
