servers : 10.0.0.8:11212
threads count: 49
concurrency: 49
run time: 30s
windows size: 10k
set proportion: set_prop=0.01
get proportion: get_prop=0.99
[1;1H[2J
Get Statistics
Type     Time(s)  Ops          TPS(ops/s)   Net(M/s)   Get_miss   Min(us)  Max(us)    Avg(us)    Std_dev    Geo_dist  
Period   30       570236       19007        2.6        0          151      119299     2551       2963.12    1552.88
Global   30       570236       19007        2.6        0          151      119299     2551       2963.11    1552.86

Set Statistics
Type     Time(s)  Ops          TPS(ops/s)   Net(M/s)   Get_miss   Min(us)  Max(us)    Avg(us)    Std_dev    Geo_dist  
Period   30       5783         192          0.0        0          198      35836      2598       2837.26    1590.41
Global   30       5783         192          0.0        0          198      35836      2598       2837.26    1590.41

Total Statistics
Type     Time(s)  Ops          TPS(ops/s)   Net(M/s)   Get_miss   Min(us)  Max(us)    Avg(us)    Std_dev    Geo_dist  
Period   30       576022       19200        2.6        0          151      119299     2551       2962.28    1553.24
Global   30       576022       19200        2.6        0          151      119299     2551       2962.28    1553.24

Get Statistics (570288 events)
   Min:       151
   Max:    119299
   Avg:      2551
   Geo:   1552.86
   Std:   2963.02
   Log2 Dist:
       8:      611    38002   211589   147987
      12:    38920   113882    18849      294
      16:      107       47

Set Statistics (5783 events)
   Min:       198
   Max:     35836
   Avg:      2598
   Geo:   1590.41
   Std:   2837.26
   Log2 Dist:
       8:        6      319     2187     1471
      12:      414     1193      186        5
      16:        2

Total Statistics (576071 events)
   Min:       151
   Max:    119299
   Avg:      2551
   Geo:   1553.23
   Std:   2962.19
   Log2 Dist:
       8:      617    38321   213776   149458
      12:    39334   115075    19035      299
      16:      109       47

cmd_get: 570337
cmd_set: 5783
get_misses: 0
written_bytes: 13471616
read_bytes: 94143784
object_bytes: 832752

Run time: 30.1s Ops: 576120 TPS: 19124 Net_rate: 3.4M/s
