servers : 10.0.0.8:11212
threads count: 47
concurrency: 47
run time: 30s
windows size: 10k
set proportion: set_prop=0.01
get proportion: get_prop=0.99
[1;1H[2J
Get Statistics
Type     Time(s)  Ops          TPS(ops/s)   Net(M/s)   Get_miss   Min(us)  Max(us)    Avg(us)    Std_dev    Geo_dist  
Period   30       509832       16994        2.3        0          160      61811      2738       3083.56    1588.25
Global   30       509832       16994        2.3        0          160      61811      2738       3083.56    1588.25

Set Statistics
Type     Time(s)  Ops          TPS(ops/s)   Net(M/s)   Get_miss   Min(us)  Max(us)    Avg(us)    Std_dev    Geo_dist  
Period   30       5175         172          0.0        0          200      46604      2816       3171.01    1638.48
Global   30       5175         172          0.0        0          200      46604      2816       3171.01    1638.48

Total Statistics
Type     Time(s)  Ops          TPS(ops/s)   Net(M/s)   Get_miss   Min(us)  Max(us)    Avg(us)    Std_dev    Geo_dist  
Period   30       515007       17166        2.4        0          160      61811      2738       3085.15    1588.74
Global   30       515007       17166        2.4        0          160      61811      2738       3085.15    1588.74

Get Statistics (509879 events)
   Min:       160
   Max:     61811
   Avg:      2738
   Geo:   1588.47
   Std:   3084.12
   Log2 Dist:
       8:      742    43571   187202   109400
      12:    39917    99904    28156      904
      16:       83

Set Statistics (5175 events)
   Min:       200
   Max:     46604
   Avg:      2816
   Geo:   1638.48
   Std:   3171.01
   Log2 Dist:
       8:        8      412     1839     1162
      12:      426     1004      311       12
      16:        1

Total Statistics (515054 events)
   Min:       160
   Max:     61811
   Avg:      2739
   Geo:   1588.96
   Std:   3084.82
   Log2 Dist:
       8:      750    43983   189041   110562
      12:    40343   100908    28467      916
      16:       84

cmd_get: 509926
cmd_set: 5175
get_misses: 0
written_bytes: 12045338
read_bytes: 84171435
object_bytes: 745200

Run time: 30.1s Ops: 515101 TPS: 17102 Net_rate: 3.0M/s
