servers : 10.0.0.8:11212
threads count: 43
concurrency: 43
run time: 30s
windows size: 10k
set proportion: set_prop=0.01
get proportion: get_prop=0.99
[1;1H[2J
Get Statistics
Type     Time(s)  Ops          TPS(ops/s)   Net(M/s)   Get_miss   Min(us)  Max(us)    Avg(us)    Std_dev    Geo_dist  
Period   30       515715       17190        2.4        0          156      34209      2476       2693.19    1510.04
Global   30       515715       17190        2.4        0          156      34209      2476       2693.19    1510.04

Set Statistics
Type     Time(s)  Ops          TPS(ops/s)   Net(M/s)   Get_miss   Min(us)  Max(us)    Avg(us)    Std_dev    Geo_dist  
Period   30       5232         174          0.0        0          208      17149      2464       2649.29    1516.01
Global   30       5232         174          0.0        0          208      17149      2464       2649.29    1516.01

Total Statistics
Type     Time(s)  Ops          TPS(ops/s)   Net(M/s)   Get_miss   Min(us)  Max(us)    Avg(us)    Std_dev    Geo_dist  
Period   30       520947       17364        2.4        0          156      34209      2476       2692.64    1510.10
Global   30       520947       17364        2.4        0          156      34209      2476       2692.64    1510.10

Get Statistics (515758 events)
   Min:       156
   Max:     34209
   Avg:      2476
   Geo:   1510.25
   Std:   2694.12
   Log2 Dist:
       8:      608    34633   201160   129351
      12:    31389   103414    14925      274
      16:        4

Set Statistics (5232 events)
   Min:       208
   Max:     17149
   Avg:      2464
   Geo:   1516.01
   Std:   2649.29
   Log2 Dist:
       8:        3      337     2027     1330
      12:      346     1035      153        1

Total Statistics (520990 events)
   Min:       156
   Max:     34209
   Avg:      2476
   Geo:   1510.31
   Std:   2693.56
   Log2 Dist:
       8:      611    34970   203187   130681
      12:    31735   104449    15078      275
      16:        4

cmd_get: 515800
cmd_set: 5233
get_misses: 0
written_bytes: 12183796
read_bytes: 85141926
object_bytes: 753552

Run time: 30.1s Ops: 521033 TPS: 17300 Net_rate: 3.1M/s
