servers : 10.0.0.8:11212
threads count: 41
concurrency: 41
run time: 30s
windows size: 10k
set proportion: set_prop=0.01
get proportion: get_prop=0.99
[1;1H[2J
Get Statistics
Type     Time(s)  Ops          TPS(ops/s)   Net(M/s)   Get_miss   Min(us)  Max(us)    Avg(us)    Std_dev    Geo_dist  
Period   30       476098       15869        2.2        0          148      94424      2563       3123.48    1488.36
Global   30       476098       15869        2.2        0          148      94424      2563       3123.48    1488.36

Set Statistics
Type     Time(s)  Ops          TPS(ops/s)   Net(M/s)   Get_miss   Min(us)  Max(us)    Avg(us)    Std_dev    Geo_dist  
Period   30       4832         161          0.0        0          254      57416      2579       3042.18    1504.58
Global   30       4832         161          0.0        0          254      57416      2579       3042.18    1504.58

Total Statistics
Type     Time(s)  Ops          TPS(ops/s)   Net(M/s)   Get_miss   Min(us)  Max(us)    Avg(us)    Std_dev    Geo_dist  
Period   30       480930       16031        2.2        0          148      94424      2563       3122.81    1488.52
Global   30       480930       16031        2.2        0          148      94424      2563       3122.81    1488.52

Get Statistics (476139 events)
   Min:       148
   Max:     94424
   Avg:      2563
   Geo:   1488.44
   Std:   3123.54
   Log2 Dist:
       8:      642    41535   190783    99309
      12:    31266    92736    19312      385
      16:       93       78

Set Statistics (4832 events)
   Min:       254
   Max:     57416
   Avg:      2579
   Geo:   1504.58
   Std:   3042.18
   Log2 Dist:
       8:        2      410     1959      997
      12:      303      959      196        4
      16:        2

Total Statistics (480971 events)
   Min:       148
   Max:     94424
   Avg:      2563
   Geo:   1488.60
   Std:   3122.86
   Log2 Dist:
       8:      644    41945   192742   100306
      12:    31569    93695    19508      389
      16:       95       78

cmd_get: 476180
cmd_set: 4832
get_misses: 0
written_bytes: 11248178
read_bytes: 78601591
object_bytes: 695808

Run time: 30.2s Ops: 481012 TPS: 15944 Net_rate: 2.8M/s
