servers : 10.0.0.8:11212
threads count: 41
concurrency: 41
run time: 30s
windows size: 10k
set proportion: set_prop=0.01
get proportion: get_prop=0.99
[1;1H[2J
Get Statistics
Type     Time(s)  Ops          TPS(ops/s)   Net(M/s)   Get_miss   Min(us)  Max(us)    Avg(us)    Std_dev    Geo_dist  
Period   30       492433       16414        2.3        0          151      49404      2481       2783.55    1464.07
Global   30       492433       16414        2.3        0          151      49404      2481       2783.55    1464.07

Set Statistics
Type     Time(s)  Ops          TPS(ops/s)   Net(M/s)   Get_miss   Min(us)  Max(us)    Avg(us)    Std_dev    Geo_dist  
Period   30       4996         166          0.0        0          198      17975      2453       2722.84    1464.49
Global   30       4996         166          0.0        0          198      17975      2453       2722.84    1464.49

Total Statistics
Type     Time(s)  Ops          TPS(ops/s)   Net(M/s)   Get_miss   Min(us)  Max(us)    Avg(us)    Std_dev    Geo_dist  
Period   30       497429       16580        2.3        0          151      49404      2480       2783.59    1464.08
Global   30       497429       16580        2.3        0          151      49404      2480       2783.59    1464.08

Get Statistics (492474 events)
   Min:       151
   Max:     49404
   Avg:      2481
   Geo:   1464.29
   Std:   2784.73
   Log2 Dist:
       8:      552    39899   203821   105938
      12:    29361    94727    18016      152
      16:        8

Set Statistics (4996 events)
   Min:       198
   Max:     17975
   Avg:      2453
   Geo:   1464.49
   Std:   2722.84
   Log2 Dist:
       8:        6      376     2077     1098
      12:      308      982      148        1

Total Statistics (497470 events)
   Min:       151
   Max:     49404
   Avg:      2481
   Geo:   1464.29
   Std:   2783.86
   Log2 Dist:
       8:      558    40275   205898   107036
      12:    29669    95709    18164      153
      16:        8

cmd_get: 492515
cmd_set: 4996
get_misses: 0
written_bytes: 11633788
read_bytes: 81298178
object_bytes: 719424

Run time: 30.2s Ops: 497511 TPS: 16476 Net_rate: 2.9M/s
