servers : 10.0.0.8:11212
threads count: 49
concurrency: 49
run time: 30s
windows size: 10k
set proportion: set_prop=0.01
get proportion: get_prop=0.99
[1;1H[2J
Get Statistics
Type     Time(s)  Ops          TPS(ops/s)   Net(M/s)   Get_miss   Min(us)  Max(us)    Avg(us)    Std_dev    Geo_dist  
Period   30       510811       17027        2.3        0          130      62743      2863       3080.17    1715.76
Global   30       510811       17027        2.3        0          130      62743      2863       3080.17    1715.76

Set Statistics
Type     Time(s)  Ops          TPS(ops/s)   Net(M/s)   Get_miss   Min(us)  Max(us)    Avg(us)    Std_dev    Geo_dist  
Period   30       5181         172          0.0        0          202      61691      2905       3381.21    1734.34
Global   30       5181         172          0.0        0          202      61691      2905       3381.21    1734.34

Total Statistics
Type     Time(s)  Ops          TPS(ops/s)   Net(M/s)   Get_miss   Min(us)  Max(us)    Avg(us)    Std_dev    Geo_dist  
Period   30       515992       17199        2.4        0          130      62743      2863       3083.73    1715.94
Global   30       515992       17199        2.4        0          130      62743      2863       3083.73    1715.94

Get Statistics (510860 events)
   Min:       130
   Max:     62743
   Avg:      2864
   Geo:   1716.02
   Std:   3080.17
   Log2 Dist:
       8:      450    29326   181293   123978
      12:    33727   116747    24969      228
      16:      142

Set Statistics (5181 events)
   Min:       202
   Max:     61691
   Avg:      2905
   Geo:   1734.34
   Std:   3381.21
   Log2 Dist:
       8:        4      267     1835     1325
      12:      318     1167      254        7
      16:        4

Total Statistics (516041 events)
   Min:       130
   Max:     62743
   Avg:      2864
   Geo:   1716.21
   Std:   3083.72
   Log2 Dist:
       8:      454    29593   183128   125303
      12:    34045   117914    25223      235
      16:      146

cmd_get: 510907
cmd_set: 5183
get_misses: 0
written_bytes: 12067880
read_bytes: 84333348
object_bytes: 746352

Run time: 30.3s Ops: 516090 TPS: 17057 Net_rate: 3.0M/s
