servers : 10.0.0.8:11212
threads count: 41
concurrency: 41
run time: 30s
windows size: 10k
set proportion: set_prop=0.01
get proportion: get_prop=0.99
[1;1H[2J
Get Statistics
Type     Time(s)  Ops          TPS(ops/s)   Net(M/s)   Get_miss   Min(us)  Max(us)    Avg(us)    Std_dev    Geo_dist  
Period   30       465960       15532        2.1        0          150      170272     2619       3437.33    1573.76
Global   30       465960       15532        2.1        0          150      170272     2619       3437.33    1573.76

Set Statistics
Type     Time(s)  Ops          TPS(ops/s)   Net(M/s)   Get_miss   Min(us)  Max(us)    Avg(us)    Std_dev    Geo_dist  
Period   30       4726         157          0.0        0          276      29208      2696       2808.48    1633.13
Global   30       4726         157          0.0        0          276      29208      2696       2808.48    1633.13

Total Statistics
Type     Time(s)  Ops          TPS(ops/s)   Net(M/s)   Get_miss   Min(us)  Max(us)    Avg(us)    Std_dev    Geo_dist  
Period   30       470686       15689        2.2        0          150      170272     2619       3432.18    1574.34
Global   30       470686       15689        2.2        0          150      170272     2619       3432.18    1574.34

Get Statistics (466001 events)
   Min:       150
   Max:    170272
   Avg:      2619
   Geo:   1573.99
   Std:   3438.00
   Log2 Dist:
       8:      354    27025   183359   113805
      12:    23536   105286    12362      133
      16:       17       60       64

Set Statistics (4726 events)
   Min:       276
   Max:     29208
   Avg:      2696
   Geo:   1633.13
   Std:   2808.48
   Log2 Dist:
       8:        0      243     1846     1114
      12:      254     1128      139        2

Total Statistics (470727 events)
   Min:       150
   Max:    170272
   Avg:      2620
   Geo:   1574.57
   Std:   3432.08
   Log2 Dist:
       8:      354    27268   185205   114919
      12:    23790   106414    12501      135
      16:       17       60       64

cmd_get: 466039
cmd_set: 4729
get_misses: 0
written_bytes: 11008182
read_bytes: 76927973
object_bytes: 680976

Run time: 30.1s Ops: 470768 TPS: 15615 Net_rate: 2.8M/s
