servers : 10.0.0.8:11212
threads count: 49
concurrency: 49
run time: 30s
windows size: 10k
set proportion: set_prop=0.01
get proportion: get_prop=0.99
[1;1H[2J
Get Statistics
Type     Time(s)  Ops          TPS(ops/s)   Net(M/s)   Get_miss   Min(us)  Max(us)    Avg(us)    Std_dev    Geo_dist  
Period   30       523701       17456        2.4        0          149      37114      2777       2918.36    1675.11
Global   30       523701       17456        2.4        0          149      37114      2777       2918.36    1675.11

Set Statistics
Type     Time(s)  Ops          TPS(ops/s)   Net(M/s)   Get_miss   Min(us)  Max(us)    Avg(us)    Std_dev    Geo_dist  
Period   30       5316         177          0.0        0          218      24841      2881       2992.41    1732.51
Global   30       5316         177          0.0        0          218      24841      2881       2992.41    1732.51

Total Statistics
Type     Time(s)  Ops          TPS(ops/s)   Net(M/s)   Get_miss   Min(us)  Max(us)    Avg(us)    Std_dev    Geo_dist  
Period   30       529017       17633        2.4        0          149      37114      2778       2919.17    1675.68
Global   30       529017       17633        2.4        0          149      37114      2778       2919.17    1675.68

Get Statistics (523749 events)
   Min:       149
   Max:     37114
   Avg:      2778
   Geo:   1675.33
   Std:   2917.88
   Log2 Dist:
       8:      447    32707   185731   126553
      12:    38995   112196    26725      379
      16:       16

Set Statistics (5317 events)
   Min:       218
   Max:     24841
   Avg:      2882
   Geo:   1733.00
   Std:   2992.78
   Log2 Dist:
       8:        3      297     1907     1217
      12:      379     1237      268        9

Total Statistics (529066 events)
   Min:       149
   Max:     37114
   Avg:      2779
   Geo:   1675.90
   Std:   2918.70
   Log2 Dist:
       8:      450    33004   187638   127770
      12:    39374   113433    26993      388
      16:       16

cmd_get: 523798
cmd_set: 5317
get_misses: 0
written_bytes: 12373198
read_bytes: 86461121
object_bytes: 765648

Run time: 30.1s Ops: 529115 TPS: 17564 Net_rate: 3.1M/s
