servers : 10.0.0.8:11212
threads count: 47
concurrency: 47
run time: 30s
windows size: 10k
set proportion: set_prop=0.01
get proportion: get_prop=0.99
[1;1H[2J
Get Statistics
Type     Time(s)  Ops          TPS(ops/s)   Net(M/s)   Get_miss   Min(us)  Max(us)    Avg(us)    Std_dev    Geo_dist  
Period   30       542054       18068        2.5        0          147      101612     2582       2902.25    1561.89
Global   30       542054       18068        2.5        0          147      101612     2582       2902.25    1561.89

Set Statistics
Type     Time(s)  Ops          TPS(ops/s)   Net(M/s)   Get_miss   Min(us)  Max(us)    Avg(us)    Std_dev    Geo_dist  
Period   30       5501         183          0.0        0          234      16694      2638       2778.96    1601.92
Global   30       5501         183          0.0        0          234      16694      2638       2778.96    1601.92

Total Statistics
Type     Time(s)  Ops          TPS(ops/s)   Net(M/s)   Get_miss   Min(us)  Max(us)    Avg(us)    Std_dev    Geo_dist  
Period   30       547555       18251        2.5        0          147      101612     2582       2901.54    1562.28
Global   30       547555       18251        2.5        0          147      101612     2582       2901.54    1562.28

Get Statistics (542101 events)
   Min:       147
   Max:    101612
   Avg:      2582
   Geo:   1562.11
   Std:   2903.02
   Log2 Dist:
       8:      481    35114   205334   137676
      12:    33403   110940    18937      169
      16:        0       47

Set Statistics (5501 events)
   Min:       234
   Max:     16694
   Avg:      2638
   Geo:   1601.92
   Std:   2778.96
   Log2 Dist:
       8:        4      333     2086     1334
      12:      380     1168      194        2

Total Statistics (547602 events)
   Min:       147
   Max:    101612
   Avg:      2583
   Geo:   1562.50
   Std:   2901.41
   Log2 Dist:
       8:      485    35447   207420   139010
      12:    33783   112108    19131      171
      16:        0       47

cmd_get: 542147
cmd_set: 5502
get_misses: 0
written_bytes: 12806382
read_bytes: 89490673
object_bytes: 792288

Run time: 30.2s Ops: 547649 TPS: 18132 Net_rate: 3.2M/s
