servers : 10.0.0.8:11212
threads count: 45
concurrency: 45
run time: 30s
windows size: 10k
set proportion: set_prop=0.01
get proportion: get_prop=0.99
[1;1H[2J
Get Statistics
Type     Time(s)  Ops          TPS(ops/s)   Net(M/s)   Get_miss   Min(us)  Max(us)    Avg(us)    Std_dev    Geo_dist  
Period   30       498712       16623        2.3        0          147      75064      2693       3000.34    1597.13
Global   30       498712       16623        2.3        0          147      75064      2693       3000.34    1597.11

Set Statistics
Type     Time(s)  Ops          TPS(ops/s)   Net(M/s)   Get_miss   Min(us)  Max(us)    Avg(us)    Std_dev    Geo_dist  
Period   30       5063         168          0.0        0          208      74232      2705       3069.40    1618.36
Global   30       5063         168          0.0        0          208      74232      2705       3069.40    1618.36

Total Statistics
Type     Time(s)  Ops          TPS(ops/s)   Net(M/s)   Get_miss   Min(us)  Max(us)    Avg(us)    Std_dev    Geo_dist  
Period   30       503777       16792        2.3        0          147      75064      2693       3001.13    1597.32
Global   30       503777       16792        2.3        0          147      75064      2693       3001.13    1597.32

Get Statistics (498759 events)
   Min:       147
   Max:     75064
   Avg:      2693
   Geo:   1597.15
   Std:   3000.21
   Log2 Dist:
       8:      552    39101   177941   118208
      12:    38716    98653    25112      409
      16:       25       42

Set Statistics (5063 events)
   Min:       208
   Max:     74232
   Avg:      2705
   Geo:   1618.36
   Std:   3069.40
   Log2 Dist:
       8:        6      371     1766     1219
      12:      456      973      268        3
      16:        0        1

Total Statistics (503822 events)
   Min:       147
   Max:     75064
   Avg:      2693
   Geo:   1597.36
   Std:   3001.01
   Log2 Dist:
       8:      558    39472   179707   119427
      12:    39172    99626    25380      412
      16:       25       43

cmd_get: 498803
cmd_set: 5064
get_misses: 0
written_bytes: 11782778
read_bytes: 82335739
object_bytes: 729216

Run time: 30.3s Ops: 503867 TPS: 16653 Net_rate: 3.0M/s
