servers : 10.0.0.8:11212
threads count: 47
concurrency: 47
run time: 30s
windows size: 10k
set proportion: set_prop=0.01
get proportion: get_prop=0.99
[1;1H[2J
Get Statistics
Type     Time(s)  Ops          TPS(ops/s)   Net(M/s)   Get_miss   Min(us)  Max(us)    Avg(us)    Std_dev    Geo_dist  
Period   30       516308       17210        2.4        0          161      31011      2708       2792.44    1655.52
Global   30       516308       17210        2.4        0          161      31011      2708       2792.44    1655.52

Set Statistics
Type     Time(s)  Ops          TPS(ops/s)   Net(M/s)   Get_miss   Min(us)  Max(us)    Avg(us)    Std_dev    Geo_dist  
Period   30       5237         174          0.0        0          252      27293      2753       2829.33    1680.20
Global   30       5237         174          0.0        0          252      27293      2753       2829.33    1680.20

Total Statistics
Type     Time(s)  Ops          TPS(ops/s)   Net(M/s)   Get_miss   Min(us)  Max(us)    Avg(us)    Std_dev    Geo_dist  
Period   30       521545       17384        2.4        0          161      31011      2709       2792.28    1655.77
Global   30       521545       17384        2.4        0          161      31011      2709       2792.28    1655.77

Get Statistics (516354 events)
   Min:       161
   Max:     31011
   Avg:      2709
   Geo:   1655.74
   Std:   2792.16
   Log2 Dist:
       8:      292    25801   192867   131024
      12:    27530   121286    17444      110

Set Statistics (5238 events)
   Min:       252
   Max:     27293
   Avg:      2754
   Geo:   1680.71
   Std:   2830.08
   Log2 Dist:
       8:        1      245     1992     1276
      12:      286     1254      183        1

Total Statistics (521592 events)
   Min:       161
   Max:     31011
   Avg:      2709
   Geo:   1655.99
   Std:   2792.98
   Log2 Dist:
       8:      293    26046   194859   132300
      12:    27816   122540    17627      111

cmd_get: 516400
cmd_set: 5239
get_misses: 0
written_bytes: 12197868
read_bytes: 85240314
object_bytes: 754416

Run time: 30.2s Ops: 521639 TPS: 17301 Net_rate: 3.1M/s
