servers : 10.0.0.8:11212
threads count: 43
concurrency: 43
run time: 30s
windows size: 10k
set proportion: set_prop=0.01
get proportion: get_prop=0.99
[1;1H[2J
Get Statistics
Type     Time(s)  Ops          TPS(ops/s)   Net(M/s)   Get_miss   Min(us)  Max(us)    Avg(us)    Std_dev    Geo_dist  
Period   30       506347       16878        2.3        0          154      68047      2525       2916.18    1521.18
Global   30       506347       16878        2.3        0          154      68047      2525       2916.18    1521.18

Set Statistics
Type     Time(s)  Ops          TPS(ops/s)   Net(M/s)   Get_miss   Min(us)  Max(us)    Avg(us)    Std_dev    Geo_dist  
Period   30       5133         171          0.0        0          237      27783      2488       2731.11    1512.15
Global   30       5133         171          0.0        0          237      27783      2488       2731.11    1512.15

Total Statistics
Type     Time(s)  Ops          TPS(ops/s)   Net(M/s)   Get_miss   Min(us)  Max(us)    Avg(us)    Std_dev    Geo_dist  
Period   30       511480       17049        2.3        0          154      68047      2524       2914.93    1521.09
Global   30       511480       17049        2.3        0          154      68047      2524       2914.93    1521.09

Get Statistics (506390 events)
   Min:       154
   Max:     68047
   Avg:      2525
   Geo:   1521.41
   Std:   2917.14
   Log2 Dist:
       8:      588    35066   195069   126790
      12:    31516    99854    17046      299
      16:       95       67

Set Statistics (5133 events)
   Min:       237
   Max:     27783
   Avg:      2488
   Geo:   1512.15
   Std:   2731.11
   Log2 Dist:
       8:        1      328     2048     1272
      12:      321      978      184        1

Total Statistics (511523 events)
   Min:       154
   Max:     68047
   Avg:      2525
   Geo:   1521.31
   Std:   2915.01
   Log2 Dist:
       8:      589    35394   197117   128062
      12:    31837   100832    17230      300
      16:       95       67

cmd_get: 506431
cmd_set: 5135
get_misses: 0
written_bytes: 11961860
read_bytes: 83595414
object_bytes: 739440

Run time: 30.1s Ops: 511566 TPS: 16984 Net_rate: 3.0M/s
