servers : 10.0.0.8:11212
threads count: 45
concurrency: 45
run time: 30s
windows size: 10k
set proportion: set_prop=0.01
get proportion: get_prop=0.99
[1;1H[2J
Get Statistics
Type     Time(s)  Ops          TPS(ops/s)   Net(M/s)   Get_miss   Min(us)  Max(us)    Avg(us)    Std_dev    Geo_dist  
Period   30       494756       16491        2.3        0          131      158901     2701       3418.53    1598.16
Global   30       494756       16491        2.3        0          131      158901     2701       3418.53    1598.16

Set Statistics
Type     Time(s)  Ops          TPS(ops/s)   Net(M/s)   Get_miss   Min(us)  Max(us)    Avg(us)    Std_dev    Geo_dist  
Period   30       5022         167          0.0        0          215      22891      2737       2904.25    1637.24
Global   30       5022         167          0.0        0          215      22891      2737       2904.25    1637.24

Total Statistics
Type     Time(s)  Ops          TPS(ops/s)   Net(M/s)   Get_miss   Min(us)  Max(us)    Avg(us)    Std_dev    Geo_dist  
Period   30       499778       16659        2.3        0          131      158901     2701       3414.04    1598.55
Global   30       499778       16659        2.3        0          131      158901     2701       3414.04    1598.55

Get Statistics (494801 events)
   Min:       131
   Max:    158901
   Avg:      2701
   Geo:   1598.41
   Std:   3419.33
   Log2 Dist:
       8:      628    36515   178990   119608
      12:    34343   102430    21568      583
      16:       46       45       45

Set Statistics (5022 events)
   Min:       215
   Max:     22891
   Avg:      2737
   Geo:   1637.24
   Std:   2904.25
   Log2 Dist:
       8:        1      386     1755     1198
      12:      369     1073      234        6

Total Statistics (499823 events)
   Min:       131
   Max:    158901
   Avg:      2702
   Geo:   1598.79
   Std:   3414.04
   Log2 Dist:
       8:      629    36901   180745   120806
      12:    34712   103503    21802      589
      16:       46       45       45

cmd_get: 494846
cmd_set: 5022
get_misses: 0
written_bytes: 11689142
read_bytes: 81682341
object_bytes: 723168

Run time: 30.1s Ops: 499868 TPS: 16594 Net_rate: 3.0M/s
