servers : 10.0.0.8:11212
threads count: 47
concurrency: 47
run time: 30s
windows size: 10k
set proportion: set_prop=0.01
get proportion: get_prop=0.99
[1;1H[2J
Get Statistics
Type     Time(s)  Ops          TPS(ops/s)   Net(M/s)   Get_miss   Min(us)  Max(us)    Avg(us)    Std_dev    Geo_dist  
Period   30       540923       18030        2.5        0          163      129507     2580       3397.27    1542.79
Global   30       540923       18030        2.5        0          163      129507     2580       3397.27    1542.79

Set Statistics
Type     Time(s)  Ops          TPS(ops/s)   Net(M/s)   Get_miss   Min(us)  Max(us)    Avg(us)    Std_dev    Geo_dist  
Period   30       5485         182          0.0        0          175      117134     2569       3410.10    1541.34
Global   30       5485         182          0.0        0          175      117134     2569       3410.10    1541.34

Total Statistics
Type     Time(s)  Ops          TPS(ops/s)   Net(M/s)   Get_miss   Min(us)  Max(us)    Avg(us)    Std_dev    Geo_dist  
Period   30       546408       18213        2.5        0          163      129507     2580       3397.31    1542.78
Global   30       546408       18213        2.5        0          163      129507     2580       3397.31    1542.78

Get Statistics (540969 events)
   Min:       163
   Max:    129507
   Avg:      2580
   Geo:   1543.00
   Std:   3397.92
   Log2 Dist:
       8:      517    36429   203289   140288
      12:    35087   106043    18409      620
      16:      117      170

Set Statistics (5486 events)
   Min:       175
   Max:    117134
   Avg:      2570
   Geo:   1541.81
   Std:   3410.64
   Log2 Dist:
       8:        3      368     2027     1491
      12:      335     1068      187        4
      16:        1        2

Total Statistics (546455 events)
   Min:       163
   Max:    129507
   Avg:      2580
   Geo:   1542.99
   Std:   3397.97
   Log2 Dist:
       8:      520    36797   205316   141779
      12:    35422   107111    18596      624
      16:      118      172

cmd_get: 541014
cmd_set: 5488
get_misses: 0
written_bytes: 12779078
read_bytes: 89303773
object_bytes: 790272

Run time: 30.1s Ops: 546502 TPS: 18143 Net_rate: 3.2M/s
