servers : 10.0.0.8:11212
threads count: 43
concurrency: 43
run time: 30s
windows size: 10k
set proportion: set_prop=0.01
get proportion: get_prop=0.99
[1;1H[2J
Get Statistics
Type     Time(s)  Ops          TPS(ops/s)   Net(M/s)   Get_miss   Min(us)  Max(us)    Avg(us)    Std_dev    Geo_dist  
Period   30       503709       16790        2.3        0          162      22507      2536       2702.59    1534.76
Global   30       503709       16790        2.3        0          162      22507      2536       2702.59    1534.76

Set Statistics
Type     Time(s)  Ops          TPS(ops/s)   Net(M/s)   Get_miss   Min(us)  Max(us)    Avg(us)    Std_dev    Geo_dist  
Period   30       5109         170          0.0        0          208      14396      2600       2721.00    1574.74
Global   30       5109         170          0.0        0          208      14396      2600       2721.00    1574.74

Total Statistics
Type     Time(s)  Ops          TPS(ops/s)   Net(M/s)   Get_miss   Min(us)  Max(us)    Avg(us)    Std_dev    Geo_dist  
Period   30       508818       16960        2.3        0          162      22507      2537       2702.44    1535.16
Global   30       508818       16960        2.3        0          162      22507      2537       2702.44    1535.16

Get Statistics (503751 events)
   Min:       162
   Max:     22507
   Avg:      2537
   Geo:   1534.96
   Std:   2702.30
   Log2 Dist:
       8:      515    33483   199579   117867
      12:    28372   109462    14397       76

Set Statistics (5110 events)
   Min:       208
   Max:     14396
   Avg:      2601
   Geo:   1575.28
   Std:   2722.38
   Log2 Dist:
       8:        5      321     2002     1175
      12:      295     1173      139

Total Statistics (508861 events)
   Min:       162
   Max:     22507
   Avg:      2537
   Geo:   1535.36
   Std:   2703.12
   Log2 Dist:
       8:      520    33804   201581   119042
      12:    28667   110635    14536       76

cmd_get: 503794
cmd_set: 5110
get_misses: 0
written_bytes: 11900122
read_bytes: 83159795
object_bytes: 735840

Run time: 30.1s Ops: 508904 TPS: 16896 Net_rate: 3.0M/s
