servers : 10.0.0.8:11212
threads count: 51
concurrency: 51
run time: 30s
windows size: 10k
set proportion: set_prop=0.01
get proportion: get_prop=0.99
[1;1H[2J
Get Statistics
Type     Time(s)  Ops          TPS(ops/s)   Net(M/s)   Get_miss   Min(us)  Max(us)    Avg(us)    Std_dev    Geo_dist  
Period   30       562632       18754        2.6        0          145      68760      2692       2948.24    1627.49
Global   30       562632       18754        2.6        0          145      68760      2692       2948.24    1627.49

Set Statistics
Type     Time(s)  Ops          TPS(ops/s)   Net(M/s)   Get_miss   Min(us)  Max(us)    Avg(us)    Std_dev    Geo_dist  
Period   30       5710         190          0.0        0          204      43404      2745       2938.52    1655.41
Global   30       5710         190          0.0        0          204      43404      2745       2938.52    1655.41

Total Statistics
Type     Time(s)  Ops          TPS(ops/s)   Net(M/s)   Get_miss   Min(us)  Max(us)    Avg(us)    Std_dev    Geo_dist  
Period   30       568342       18944        2.6        0          145      68760      2693       2947.72    1627.76
Global   30       568342       18944        2.6        0          145      68760      2693       2947.72    1627.76

Get Statistics (562683 events)
   Min:       145
   Max:     68760
   Avg:      2693
   Geo:   1627.77
   Std:   2949.60
   Log2 Dist:
       8:      652    37620   196257   147563
      12:    36696   121264    21793      706
      16:       87       45

Set Statistics (5710 events)
   Min:       204
   Max:     43404
   Avg:      2745
   Geo:   1655.41
   Std:   2938.52
   Log2 Dist:
       8:        8      369     2018     1424
      12:      344     1314      221       11
      16:        1

Total Statistics (568393 events)
   Min:       145
   Max:     68760
   Avg:      2694
   Geo:   1628.05
   Std:   2949.06
   Log2 Dist:
       8:      660    37989   198275   148987
      12:    37040   122578    22014      717
      16:       88       45

cmd_get: 562734
cmd_set: 5710
get_misses: 0
written_bytes: 13292626
read_bytes: 92888375
object_bytes: 822240

Run time: 30.1s Ops: 568444 TPS: 18872 Net_rate: 3.4M/s
