servers : 10.0.0.8:11212
threads count: 55
concurrency: 55
run time: 30s
windows size: 10k
set proportion: set_prop=0.01
get proportion: get_prop=0.99
[1;1H[2J
Get Statistics
Type     Time(s)  Ops          TPS(ops/s)   Net(M/s)   Get_miss   Min(us)  Max(us)    Avg(us)    Std_dev    Geo_dist  
Period   30       566730       18891        2.6        0          131      71150      2881       2917.05    1768.19
Global   30       566730       18891        2.6        0          131      71150      2881       2917.05    1768.19

Set Statistics
Type     Time(s)  Ops          TPS(ops/s)   Net(M/s)   Get_miss   Min(us)  Max(us)    Avg(us)    Std_dev    Geo_dist  
Period   30       5755         191          0.0        0          226      46483      2955       3035.77    1801.88
Global   30       5755         191          0.0        0          226      46483      2955       3035.77    1801.88

Total Statistics
Type     Time(s)  Ops          TPS(ops/s)   Net(M/s)   Get_miss   Min(us)  Max(us)    Avg(us)    Std_dev    Geo_dist  
Period   30       572485       19082        2.6        0          131      71150      2881       2919.01    1768.52
Global   30       572485       19082        2.6        0          131      71150      2881       2919.01    1768.52

Get Statistics (566785 events)
   Min:       131
   Max:     71150
   Avg:      2881
   Geo:   1768.44
   Std:   2917.81
   Log2 Dist:
       8:      483    29411   186868   149368
      12:    39992   134066    26236      327
      16:       29        5

Set Statistics (5755 events)
   Min:       226
   Max:     46483
   Avg:      2955
   Geo:   1801.88
   Std:   3035.77
   Log2 Dist:
       8:        9      280     1936     1442
      12:      413     1364      307        2
      16:        2

Total Statistics (572540 events)
   Min:       131
   Max:     71150
   Avg:      2882
   Geo:   1768.77
   Std:   2918.78
   Log2 Dist:
       8:      492    29691   188804   150810
      12:    40405   135430    26543      329
      16:       31        5

cmd_get: 566840
cmd_set: 5755
get_misses: 0
written_bytes: 13390070
read_bytes: 93565565
object_bytes: 828720

Run time: 30.1s Ops: 572595 TPS: 19010 Net_rate: 3.4M/s
