servers : 10.0.0.8:11212
threads count: 55
concurrency: 55
run time: 30s
windows size: 10k
set proportion: set_prop=0.01
get proportion: get_prop=0.99
[1;1H[2J
Get Statistics
Type     Time(s)  Ops          TPS(ops/s)   Net(M/s)   Get_miss   Min(us)  Max(us)    Avg(us)    Std_dev    Geo_dist  
Period   30       573960       19132        2.6        0          158      57387      2844       2995.24    1698.99
Global   30       573960       19132        2.6        0          158      57387      2844       2995.24    1698.99

Set Statistics
Type     Time(s)  Ops          TPS(ops/s)   Net(M/s)   Get_miss   Min(us)  Max(us)    Avg(us)    Std_dev    Geo_dist  
Period   30       5824         194          0.0        0          198      32472      2879       3055.47    1718.39
Global   30       5824         194          0.0        0          198      32472      2879       3055.47    1718.39

Total Statistics
Type     Time(s)  Ops          TPS(ops/s)   Net(M/s)   Get_miss   Min(us)  Max(us)    Avg(us)    Std_dev    Geo_dist  
Period   30       579784       19326        2.7        0          158      57387      2844       2996.19    1699.18
Global   30       579784       19326        2.7        0          158      57387      2844       2996.19    1699.18

Get Statistics (574015 events)
   Min:       158
   Max:     57387
   Avg:      2844
   Geo:   1699.27
   Std:   2996.40
   Log2 Dist:
       8:      581    39643   194160   140041
      12:    44028   122527    32473      541
      16:       21

Set Statistics (5824 events)
   Min:       198
   Max:     32472
   Avg:      2879
   Geo:   1718.39
   Std:   3055.47
   Log2 Dist:
       8:        7      392     1950     1420
      12:      466     1254      327        8

Total Statistics (579839 events)
   Min:       158
   Max:     57387
   Avg:      2845
   Geo:   1699.46
   Std:   2996.38
   Log2 Dist:
       8:      588    40035   196110   141461
      12:    44494   123781    32800      549
      16:       21

cmd_get: 574070
cmd_set: 5824
get_misses: 0
written_bytes: 13560170
read_bytes: 94759067
object_bytes: 838656

Run time: 30.1s Ops: 579894 TPS: 19250 Net_rate: 3.4M/s
