servers : 10.0.0.8:11212
threads count: 59
concurrency: 59
run time: 30s
windows size: 10k
set proportion: set_prop=0.01
get proportion: get_prop=0.99
[1;1H[2J
Get Statistics
Type     Time(s)  Ops          TPS(ops/s)   Net(M/s)   Get_miss   Min(us)  Max(us)    Avg(us)    Std_dev    Geo_dist  
Period   30       600847       20028        2.8        0          134      179332     2911       3629.66    1703.49
Global   30       600847       20028        2.8        0          134      179332     2911       3629.66    1703.49

Set Statistics
Type     Time(s)  Ops          TPS(ops/s)   Net(M/s)   Get_miss   Min(us)  Max(us)    Avg(us)    Std_dev    Geo_dist  
Period   30       6099         203          0.0        0          209      178921     3025       4513.45    1758.64
Global   30       6099         203          0.0        0          209      178921     3025       4513.45    1758.64

Total Statistics
Type     Time(s)  Ops          TPS(ops/s)   Net(M/s)   Get_miss   Min(us)  Max(us)    Avg(us)    Std_dev    Geo_dist  
Period   30       606946       20231        2.8        0          134      179332     2913       3638.94    1704.04
Global   30       606946       20231        2.8        0          134      179332     2913       3638.94    1704.04

Get Statistics (600904 events)
   Min:       134
   Max:    179332
   Avg:      2912
   Geo:   1703.77
   Std:   3629.88
   Log2 Dist:
       8:      794    43085   203848   140758
      12:    48244   127475    34917     1461
      16:      261        4       57

Set Statistics (6101 events)
   Min:       209
   Max:    178921
   Avg:      3027
   Geo:   1759.52
   Std:   4513.44
   Log2 Dist:
       8:        3      380     2049     1434
      12:      514     1314      390       12
      16:        3        0        2

Total Statistics (607005 events)
   Min:       134
   Max:    179332
   Avg:      2913
   Geo:   1704.32
   Std:   3639.97
   Log2 Dist:
       8:      797    43465   205897   142192
      12:    48758   128789    35307     1473
      16:      264        4       59

cmd_get: 600963
cmd_set: 6101
get_misses: 0
written_bytes: 14196048
read_bytes: 99197968
object_bytes: 878544

Run time: 30.1s Ops: 607064 TPS: 20151 Net_rate: 3.6M/s
