servers : 10.0.0.8:11212
threads count: 53
concurrency: 53
run time: 30s
windows size: 10k
set proportion: set_prop=0.01
get proportion: get_prop=0.99
[1;1H[2J
Get Statistics
Type     Time(s)  Ops          TPS(ops/s)   Net(M/s)   Get_miss   Min(us)  Max(us)    Avg(us)    Std_dev    Geo_dist  
Period   30       547241       18241        2.5        0          152      114926     2888       3233.96    1709.04
Global   30       547241       18241        2.5        0          152      114926     2888       3233.96    1709.04

Set Statistics
Type     Time(s)  Ops          TPS(ops/s)   Net(M/s)   Get_miss   Min(us)  Max(us)    Avg(us)    Std_dev    Geo_dist  
Period   30       5553         185          0.0        0          208      28420      2900       3058.86    1724.48
Global   30       5553         185          0.0        0          208      28420      2900       3058.86    1724.48

Total Statistics
Type     Time(s)  Ops          TPS(ops/s)   Net(M/s)   Get_miss   Min(us)  Max(us)    Avg(us)    Std_dev    Geo_dist  
Period   30       552794       18426        2.5        0          152      114926     2888       3232.35    1709.19
Global   30       552794       18426        2.5        0          152      114926     2888       3232.35    1709.19

Get Statistics (547293 events)
   Min:       152
   Max:    114926
   Avg:      2889
   Geo:   1709.39
   Std:   3236.25
   Log2 Dist:
       8:      710    37545   186477   128980
      12:    43035   117125    32590      752
      16:       26       53

Set Statistics (5554 events)
   Min:       208
   Max:     28420
   Avg:      2903
   Geo:   1725.23
   Std:   3066.81
   Log2 Dist:
       8:        6      381     1882     1277
      12:      467     1200      332        9

Total Statistics (552847 events)
   Min:       152
   Max:    114926
   Avg:      2889
   Geo:   1709.55
   Std:   3234.71
   Log2 Dist:
       8:      716    37926   188359   130257
      12:    43502   118325    32922      761
      16:       26       53

cmd_get: 547346
cmd_set: 5554
get_misses: 0
written_bytes: 12929086
read_bytes: 90347777
object_bytes: 799776

Run time: 30.2s Ops: 552900 TPS: 18281 Net_rate: 3.3M/s
