servers : 10.0.0.8:11212
threads count: 5
concurrency: 5
run time: 30s
windows size: 10k
set proportion: set_prop=0.01
get proportion: get_prop=0.99
[1;1H[2J
Get Statistics
Type     Time(s)  Ops          TPS(ops/s)   Net(M/s)   Get_miss   Min(us)  Max(us)    Avg(us)    Std_dev    Geo_dist  
Period   30       165021       5500         0.8        0          134      214332     901        1797.73    609.81
Global   30       165021       5500         0.8        0          134      214332     901        1797.73    609.81

Set Statistics
Type     Time(s)  Ops          TPS(ops/s)   Net(M/s)   Get_miss   Min(us)  Max(us)    Avg(us)    Std_dev    Geo_dist  
Period   30       1670         55           0.0        0          173      10748      914        1420.41    621.13
Global   30       1670         55           0.0        0          173      10748      914        1420.41    621.13

Total Statistics
Type     Time(s)  Ops          TPS(ops/s)   Net(M/s)   Get_miss   Min(us)  Max(us)    Avg(us)    Std_dev    Geo_dist  
Period   30       166691       5556         0.8        0          134      214332     901        1794.40    609.92
Global   30       166691       5556         0.8        0          134      214332     901        1794.40    609.92

Get Statistics (165026 events)
   Min:       134
   Max:    214332
   Avg:       901
   Geo:    609.86
   Std:   1798.18
   Log2 Dist:
       8:     4655    70914    69186    11810
      12:      906     7286      257        2
      16:        5        0        5

Set Statistics (1670 events)
   Min:       173
   Max:     10748
   Avg:       914
   Geo:    621.13
   Std:   1420.41
   Log2 Dist:
       8:       29      714      706      131
      12:       13       74        3

Total Statistics (166696 events)
   Min:       134
   Max:    214332
   Avg:       901
   Geo:    609.97
   Std:   1794.85
   Log2 Dist:
       8:     4684    71628    69892    11941
      12:      919     7360      260        2
      16:        5        0        5

cmd_get: 165031
cmd_set: 1670
get_misses: 0
written_bytes: 3897772
read_bytes: 27242650
object_bytes: 240480

Run time: 30.1s Ops: 166701 TPS: 5535 Net_rate: 1.0M/s
