servers : 10.0.0.8:11212
threads count: 5
concurrency: 5
run time: 30s
windows size: 10k
set proportion: set_prop=0.01
get proportion: get_prop=0.99
[1;1H[2J
Get Statistics
Type     Time(s)  Ops          TPS(ops/s)   Net(M/s)   Get_miss   Min(us)  Max(us)    Avg(us)    Std_dev    Geo_dist  
Period   30       141033       4701         0.6        0          132      47908      1054       1690.54    671.44
Global   30       141033       4701         0.6        0          132      47908      1054       1690.54    671.44

Set Statistics
Type     Time(s)  Ops          TPS(ops/s)   Net(M/s)   Get_miss   Min(us)  Max(us)    Avg(us)    Std_dev    Geo_dist  
Period   30       1428         47           0.0        0          177      12620      1150       1802.19    705.22
Global   30       1428         47           0.0        0          177      12620      1150       1802.19    705.22

Total Statistics
Type     Time(s)  Ops          TPS(ops/s)   Net(M/s)   Get_miss   Min(us)  Max(us)    Avg(us)    Std_dev    Geo_dist  
Period   30       142461       4748         0.7        0          132      47908      1055       1691.70    671.77
Global   30       142461       4748         0.7        0          132      47908      1055       1691.70    671.77

Get Statistics (141038 events)
   Min:       132
   Max:     47908
   Avg:      1054
   Geo:    671.44
   Std:   1690.51
   Log2 Dist:
       8:     2782    53567    63560    11199
      12:      772     8804      333       11
      16:       10

Set Statistics (1428 events)
   Min:       177
   Max:     12620
   Avg:      1150
   Geo:    705.22
   Std:   1802.19
   Log2 Dist:
       8:       26      522      629      130
      12:       14      102        5

Total Statistics (142466 events)
   Min:       132
   Max:     47908
   Avg:      1055
   Geo:    671.77
   Std:   1691.66
   Log2 Dist:
       8:     2808    54089    64189    11329
      12:      786     8906      338       11
      16:       10

cmd_get: 141043
cmd_set: 1428
get_misses: 0
written_bytes: 3331316
read_bytes: 23282694
object_bytes: 205632

Run time: 30.1s Ops: 142471 TPS: 4729 Net_rate: 0.8M/s
