servers : 10.0.0.8:11212
threads count: 59
concurrency: 59
run time: 30s
windows size: 10k
set proportion: set_prop=0.01
get proportion: get_prop=0.99
[1;1H[2J
Get Statistics
Type     Time(s)  Ops          TPS(ops/s)   Net(M/s)   Get_miss   Min(us)  Max(us)    Avg(us)    Std_dev    Geo_dist  
Period   30       591262       19708        2.7        0          138      66348      2972       3082.37    1808.71
Global   30       591262       19708        2.7        0          138      66348      2972       3082.37    1808.71

Set Statistics
Type     Time(s)  Ops          TPS(ops/s)   Net(M/s)   Get_miss   Min(us)  Max(us)    Avg(us)    Std_dev    Geo_dist  
Period   30       6001         200          0.0        0          197      30572      2984       3047.35    1824.88
Global   30       6001         200          0.0        0          197      30572      2984       3047.35    1824.88

Total Statistics
Type     Time(s)  Ops          TPS(ops/s)   Net(M/s)   Get_miss   Min(us)  Max(us)    Avg(us)    Std_dev    Geo_dist  
Period   30       597263       19908        2.7        0          138      66348      2972       3082.14    1808.87
Global   30       597263       19908        2.7        0          138      66348      2972       3082.14    1808.87

Get Statistics (591320 events)
   Min:       138
   Max:     66348
   Avg:      2973
   Geo:   1808.96
   Std:   3082.02
   Log2 Dist:
       8:      446    30824   188284   156727
      12:    47356   131489    35439      677
      16:       32       46

Set Statistics (6002 events)
   Min:       197
   Max:     30572
   Avg:      2985
   Geo:   1825.28
   Std:   3047.20
   Log2 Dist:
       8:        1      316     1868     1602
      12:      525     1287      395        8

Total Statistics (597322 events)
   Min:       138
   Max:     66348
   Avg:      2973
   Geo:   1809.13
   Std:   3081.78
   Log2 Dist:
       8:      447    31140   190152   158329
      12:    47881   132776    35834      685
      16:       32       46

cmd_get: 591378
cmd_set: 6003
get_misses: 0
written_bytes: 13969360
read_bytes: 97615816
object_bytes: 864432

Run time: 30.2s Ops: 597381 TPS: 19748 Net_rate: 3.5M/s
