servers : 10.0.0.8:11212
threads count: 59
concurrency: 59
run time: 30s
windows size: 10k
set proportion: set_prop=0.01
get proportion: get_prop=0.99
[1;1H[2J
Get Statistics
Type     Time(s)  Ops          TPS(ops/s)   Net(M/s)   Get_miss   Min(us)  Max(us)    Avg(us)    Std_dev    Geo_dist  
Period   30       557489       18582        2.6        0          146      109401     3144       3478.34    1827.09
Global   30       557489       18582        2.6        0          146      109401     3144       3478.34    1827.07

Set Statistics
Type     Time(s)  Ops          TPS(ops/s)   Net(M/s)   Get_miss   Min(us)  Max(us)    Avg(us)    Std_dev    Geo_dist  
Period   30       5662         188          0.0        0          236      55530      3219       3463.65    1893.80
Global   30       5662         188          0.0        0          236      55530      3219       3463.65    1893.80

Total Statistics
Type     Time(s)  Ops          TPS(ops/s)   Net(M/s)   Get_miss   Min(us)  Max(us)    Avg(us)    Std_dev    Geo_dist  
Period   30       563154       18771        2.6        0          146      109401     3144       3478.86    1827.72
Global   30       563154       18771        2.6        0          146      109401     3144       3478.86    1827.72

Get Statistics (557552 events)
   Min:       146
   Max:    109401
   Avg:      3144
   Geo:   1827.10
   Std:   3478.78
   Log2 Dist:
       8:      668    38683   176123   129495
      12:    47552   118280    44693     1811
      16:      210       37

Set Statistics (5662 events)
   Min:       236
   Max:     55530
   Avg:      3219
   Geo:   1893.80
   Std:   3463.65
   Log2 Dist:
       8:        4      344     1761     1329
      12:      509     1228      463       21
      16:        3

Total Statistics (563214 events)
   Min:       146
   Max:    109401
   Avg:      3145
   Geo:   1827.76
   Std:   3478.41
   Log2 Dist:
       8:      672    39027   177884   130824
      12:    48061   119508    45156     1832
      16:      213       37

cmd_get: 557610
cmd_set: 5663
get_misses: 0
written_bytes: 13172064
read_bytes: 92041376
object_bytes: 815472

Run time: 30.1s Ops: 563273 TPS: 18693 Net_rate: 3.3M/s
