servers : 10.0.0.8:11212
threads count: 57
concurrency: 57
run time: 30s
windows size: 10k
set proportion: set_prop=0.01
get proportion: get_prop=0.99
[1;1H[2J
Get Statistics
Type     Time(s)  Ops          TPS(ops/s)   Net(M/s)   Get_miss   Min(us)  Max(us)    Avg(us)    Std_dev    Geo_dist  
Period   30       588299       19609        2.7        0          158      65607      2876       3077.71    1737.06
Global   30       588299       19609        2.7        0          158      65607      2876       3077.71    1737.06

Set Statistics
Type     Time(s)  Ops          TPS(ops/s)   Net(M/s)   Get_miss   Min(us)  Max(us)    Avg(us)    Std_dev    Geo_dist  
Period   30       5970         199          0.0        0          205      21611      2879       2929.66    1762.13
Global   30       5970         199          0.0        0          205      21611      2879       2929.66    1762.13

Total Statistics
Type     Time(s)  Ops          TPS(ops/s)   Net(M/s)   Get_miss   Min(us)  Max(us)    Avg(us)    Std_dev    Geo_dist  
Period   30       594269       19808        2.7        0          158      65607      2876       3076.28    1737.31
Global   30       594269       19808        2.7        0          158      65607      2876       3076.28    1737.31

Get Statistics (588356 events)
   Min:       158
   Max:     65607
   Avg:      2876
   Geo:   1737.02
   Std:   3077.46
   Log2 Dist:
       8:      458    35482   194659   150477
      12:    47177   127849    31475      592
      16:      176       11

Set Statistics (5970 events)
   Min:       205
   Max:     21611
   Avg:      2879
   Geo:   1762.13
   Std:   2929.66
   Log2 Dist:
       8:        5      310     1958     1552
      12:      514     1306      323        2

Total Statistics (594326 events)
   Min:       158
   Max:     65607
   Avg:      2876
   Geo:   1737.27
   Std:   3076.04
   Log2 Dist:
       8:      463    35792   196617   152029
      12:    47691   129155    31798      594
      16:      176       11

cmd_get: 588413
cmd_set: 5970
get_misses: 0
written_bytes: 13899032
read_bytes: 97126500
object_bytes: 859680

Run time: 30.1s Ops: 594383 TPS: 19733 Net_rate: 3.5M/s
