servers : 10.0.0.8:11212
threads count: 57
concurrency: 57
run time: 30s
windows size: 10k
set proportion: set_prop=0.01
get proportion: get_prop=0.99
[1;1H[2J
Get Statistics
Type     Time(s)  Ops          TPS(ops/s)   Net(M/s)   Get_miss   Min(us)  Max(us)    Avg(us)    Std_dev    Geo_dist  
Period   30       587808       19593        2.7        0          161      72176      2874       3136.51    1735.24
Global   30       587808       19593        2.7        0          161      72176      2874       3136.51    1735.24

Set Statistics
Type     Time(s)  Ops          TPS(ops/s)   Net(M/s)   Get_miss   Min(us)  Max(us)    Avg(us)    Std_dev    Geo_dist  
Period   30       5965         198          0.0        0          205      33489      2892       3046.45    1762.11
Global   30       5965         198          0.0        0          205      33489      2892       3046.45    1762.11

Total Statistics
Type     Time(s)  Ops          TPS(ops/s)   Net(M/s)   Get_miss   Min(us)  Max(us)    Avg(us)    Std_dev    Geo_dist  
Period   30       593773       19792        2.7        0          161      72176      2874       3135.78    1735.51
Global   30       593773       19792        2.7        0          161      72176      2874       3135.78    1735.51

Get Statistics (587865 events)
   Min:       161
   Max:     72176
   Avg:      2874
   Geo:   1735.45
   Std:   3136.76
   Log2 Dist:
       8:      546    36313   189046   153281
      12:    53015   122985    30738     1745
      16:      188        8

Set Statistics (5965 events)
   Min:       205
   Max:     33489
   Avg:      2892
   Geo:   1762.11
   Std:   3046.45
   Log2 Dist:
       8:        4      346     1904     1555
      12:      534     1306      300       15
      16:        1

Total Statistics (593830 events)
   Min:       161
   Max:     72176
   Avg:      2874
   Geo:   1735.71
   Std:   3136.03
   Log2 Dist:
       8:      550    36659   190950   154836
      12:    53549   124291    31038     1760
      16:      189        8

cmd_get: 587921
cmd_set: 5966
get_misses: 0
written_bytes: 13887430
read_bytes: 97045445
object_bytes: 859104

Run time: 30.1s Ops: 593887 TPS: 19717 Net_rate: 3.5M/s
