servers : 10.0.0.8:11212
threads count: 51
concurrency: 51
run time: 30s
windows size: 10k
set proportion: set_prop=0.01
get proportion: get_prop=0.99
[1;1H[2J
Get Statistics
Type     Time(s)  Ops          TPS(ops/s)   Net(M/s)   Get_miss   Min(us)  Max(us)    Avg(us)    Std_dev    Geo_dist  
Period   30       522117       17403        2.4        0          158      286547     2908       3954.92    1733.54
Global   30       522117       17403        2.4        0          158      286547     2908       3954.92    1733.54

Set Statistics
Type     Time(s)  Ops          TPS(ops/s)   Net(M/s)   Get_miss   Min(us)  Max(us)    Avg(us)    Std_dev    Geo_dist  
Period   30       5303         176          0.0        0          211      191486     2878       3902.23    1732.54
Global   30       5303         176          0.0        0          211      191486     2878       3902.23    1732.54

Total Statistics
Type     Time(s)  Ops          TPS(ops/s)   Net(M/s)   Get_miss   Min(us)  Max(us)    Avg(us)    Std_dev    Geo_dist  
Period   30       527420       17580        2.4        0          158      286547     2908       3954.16    1733.53
Global   30       527420       17580        2.4        0          158      286547     2908       3954.16    1733.53

Get Statistics (522168 events)
   Min:       158
   Max:    286547
   Avg:      2908
   Geo:   1733.49
   Std:   3954.64
   Log2 Dist:
       8:      375    28364   182658   130249
      12:    34646   118156    26915      611
      16:      126       15       23       30

Set Statistics (5303 events)
   Min:       211
   Max:    191486
   Avg:      2878
   Geo:   1732.54
   Std:   3902.23
   Log2 Dist:
       8:        3      237     1859     1396
      12:      352     1183      270        2
      16:        0        0        1

Total Statistics (527471 events)
   Min:       158
   Max:    286547
   Avg:      2908
   Geo:   1733.48
   Std:   3953.90
   Log2 Dist:
       8:      378    28601   184517   131645
      12:    34998   119339    27185      613
      16:      126       15       24       30

cmd_get: 522218
cmd_set: 5304
get_misses: 0
written_bytes: 12336176
read_bytes: 86200144
object_bytes: 763776

Run time: 30.2s Ops: 527522 TPS: 17488 Net_rate: 3.1M/s
