servers : 10.0.0.8:11212
threads count: 55
concurrency: 55
run time: 30s
windows size: 10k
set proportion: set_prop=0.01
get proportion: get_prop=0.99
[1;1H[2J
Get Statistics
Type     Time(s)  Ops          TPS(ops/s)   Net(M/s)   Get_miss   Min(us)  Max(us)    Avg(us)    Std_dev    Geo_dist  
Period   30       561717       18723        2.6        0          150      96211      2906       3180.61    1721.28
Global   30       561717       18723        2.6        0          150      96211      2906       3180.61    1721.28

Set Statistics
Type     Time(s)  Ops          TPS(ops/s)   Net(M/s)   Get_miss   Min(us)  Max(us)    Avg(us)    Std_dev    Geo_dist  
Period   30       5703         190          0.0        0          192      45528      2915       3139.36    1738.91
Global   30       5703         190          0.0        0          192      45528      2915       3139.36    1738.91

Total Statistics
Type     Time(s)  Ops          TPS(ops/s)   Net(M/s)   Get_miss   Min(us)  Max(us)    Avg(us)    Std_dev    Geo_dist  
Period   30       567420       18914        2.6        0          150      96211      2906       3180.28    1721.45
Global   30       567420       18914        2.6        0          150      96211      2906       3180.28    1721.45

Get Statistics (561769 events)
   Min:       150
   Max:     96211
   Avg:      2907
   Geo:   1721.43
   Std:   3179.87
   Log2 Dist:
       8:      559    39365   186608   135817
      12:    44779   120148    33189     1112
      16:      182       10

Set Statistics (5706 events)
   Min:       192
   Max:     45528
   Avg:      2917
   Geo:   1739.83
   Std:   3139.02
   Log2 Dist:
       8:        4      383     1863     1411
      12:      491     1209      334        9
      16:        2

Total Statistics (567475 events)
   Min:       150
   Max:     96211
   Avg:      2907
   Geo:   1721.61
   Std:   3179.55
   Log2 Dist:
       8:      563    39748   188471   137228
      12:    45270   121357    33523     1121
      16:      184       10

cmd_get: 561823
cmd_set: 5707
get_misses: 0
written_bytes: 13271878
read_bytes: 92737533
object_bytes: 821808

Run time: 30.1s Ops: 567530 TPS: 18843 Net_rate: 3.4M/s
