servers : 10.0.0.8:11212
threads count: 59
concurrency: 59
run time: 30s
windows size: 10k
set proportion: set_prop=0.01
get proportion: get_prop=0.99
[1;1H[2J
Get Statistics
Type     Time(s)  Ops          TPS(ops/s)   Net(M/s)   Get_miss   Min(us)  Max(us)    Avg(us)    Std_dev    Geo_dist  
Period   30       551833       18394        2.5        0          150      221464     3171       4259.21    1819.82
Global   30       551833       18394        2.5        0          150      221464     3171       4259.21    1819.82

Set Statistics
Type     Time(s)  Ops          TPS(ops/s)   Net(M/s)   Get_miss   Min(us)  Max(us)    Avg(us)    Std_dev    Geo_dist  
Period   30       5605         186          0.0        0          234      220901     3306       5033.19    1878.53
Global   30       5605         186          0.0        0          234      220901     3306       5033.19    1878.53

Total Statistics
Type     Time(s)  Ops          TPS(ops/s)   Net(M/s)   Get_miss   Min(us)  Max(us)    Avg(us)    Std_dev    Geo_dist  
Period   30       557438       18581        2.6        0          150      221464     3173       4267.23    1820.40
Global   30       557438       18581        2.6        0          150      221464     3173       4267.23    1820.40

Get Statistics (551891 events)
   Min:       150
   Max:    221464
   Avg:      3172
   Geo:   1820.12
   Std:   4259.11
   Log2 Dist:
       8:      721    38710   173150   128690
      12:    49189   117127    41127     2634
      16:      424       59       60

Set Statistics (5606 events)
   Min:       234
   Max:    220901
   Avg:      3307
   Geo:   1879.06
   Std:   5033.37
   Log2 Dist:
       8:        6      393     1724     1262
      12:      515     1255      420       21
      16:        7        2        1

Total Statistics (557497 events)
   Min:       150
   Max:    221464
   Avg:      3173
   Geo:   1820.71
   Std:   4267.88
   Log2 Dist:
       8:      727    39103   174874   129952
      12:    49704   118382    41547     2655
      16:      431       61       61

cmd_get: 551950
cmd_set: 5606
get_misses: 0
written_bytes: 13038562
read_bytes: 91106863
object_bytes: 807264

Run time: 30.1s Ops: 557556 TPS: 18509 Net_rate: 3.3M/s
