servers : 10.0.0.8:11212
threads count: 57
concurrency: 57
run time: 30s
windows size: 10k
set proportion: set_prop=0.01
get proportion: get_prop=0.99
[1;1H[2J
Get Statistics
Type     Time(s)  Ops          TPS(ops/s)   Net(M/s)   Get_miss   Min(us)  Max(us)    Avg(us)    Std_dev    Geo_dist  
Period   30       527315       17577        2.4        0          158      82114      3208       3212.92    1973.93
Global   30       527315       17577        2.4        0          158      82114      3208       3212.92    1973.93

Set Statistics
Type     Time(s)  Ops          TPS(ops/s)   Net(M/s)   Get_miss   Min(us)  Max(us)    Avg(us)    Std_dev    Geo_dist  
Period   30       5353         178          0.0        0          176      35239      3277       3215.16    2023.43
Global   30       5353         178          0.0        0          176      35239      3277       3215.16    2023.43

Total Statistics
Type     Time(s)  Ops          TPS(ops/s)   Net(M/s)   Get_miss   Min(us)  Max(us)    Avg(us)    Std_dev    Geo_dist  
Period   30       532668       17755        2.4        0          158      82114      3209       3212.64    1974.42
Global   30       532668       17755        2.4        0          158      82114      3209       3212.64    1974.42

Get Statistics (527371 events)
   Min:       158
   Max:     82114
   Avg:      3209
   Geo:   1974.23
   Std:   3212.76
   Log2 Dist:
       8:      241    21215   151542   145830
      12:    45958   124181    37157     1140
      16:      106        1

Set Statistics (5354 events)
   Min:       176
   Max:     35239
   Avg:      3278
   Geo:   2023.95
   Std:   3215.43
   Log2 Dist:
       8:        2      198     1517     1454
      12:      477     1287      408       10
      16:        1

Total Statistics (532725 events)
   Min:       158
   Max:     82114
   Avg:      3210
   Geo:   1974.72
   Std:   3212.48
   Log2 Dist:
       8:      243    21413   153059   147284
      12:    46435   125468    37565     1150
      16:      107        1

cmd_get: 527428
cmd_set: 5354
get_misses: 0
written_bytes: 12458802
read_bytes: 87059047
object_bytes: 770976

Run time: 30.1s Ops: 532782 TPS: 17688 Net_rate: 3.2M/s
