servers : 10.0.0.8:11212
threads count: 5
concurrency: 5
run time: 30s
windows size: 10k
set proportion: set_prop=0.01
get proportion: get_prop=0.99
[1;1H[2J
Get Statistics
Type     Time(s)  Ops          TPS(ops/s)   Net(M/s)   Get_miss   Min(us)  Max(us)    Avg(us)    Std_dev    Geo_dist  
Period   30       145725       4857         0.7        0          144      83671      1025       1661.22    680.71
Global   30       145725       4857         0.7        0          144      83671      1025       1661.22    680.71

Set Statistics
Type     Time(s)  Ops          TPS(ops/s)   Net(M/s)   Get_miss   Min(us)  Max(us)    Avg(us)    Std_dev    Geo_dist  
Period   30       1475         49           0.0        0          172      9055       1027       1548.02    687.52
Global   30       1475         49           0.0        0          172      9055       1027       1548.02    687.52

Total Statistics
Type     Time(s)  Ops          TPS(ops/s)   Net(M/s)   Get_miss   Min(us)  Max(us)    Avg(us)    Std_dev    Geo_dist  
Period   30       147200       4906         0.7        0          144      83671      1025       1660.14    680.77
Global   30       147200       4906         0.7        0          144      83671      1025       1660.14    680.77

Get Statistics (145730 events)
   Min:       144
   Max:     83671
   Avg:      1025
   Geo:    680.70
   Std:   1661.19
   Log2 Dist:
       8:     1978    51650    70523    12231
      12:     1007     8043      288        0
      16:        5        5

Set Statistics (1475 events)
   Min:       172
   Max:      9055
   Avg:      1027
   Geo:    687.52
   Std:   1548.02
   Log2 Dist:
       8:       19      515      729      113
      12:       14       81        4

Total Statistics (147205 events)
   Min:       144
   Max:     83671
   Avg:      1025
   Geo:    680.77
   Std:   1660.10
   Log2 Dist:
       8:     1997    52165    71252    12344
      12:     1021     8124      292        0
      16:        5        5

cmd_get: 145735
cmd_set: 1475
get_misses: 0
written_bytes: 3442060
read_bytes: 24057250
object_bytes: 212400

Run time: 30.2s Ops: 147210 TPS: 4868 Net_rate: 0.9M/s
