servers : 10.0.0.8:11212
threads count: 51
concurrency: 51
run time: 30s
windows size: 10k
set proportion: set_prop=0.01
get proportion: get_prop=0.99
[1;1H[2J
Get Statistics
Type     Time(s)  Ops          TPS(ops/s)   Net(M/s)   Get_miss   Min(us)  Max(us)    Avg(us)    Std_dev    Geo_dist  
Period   30       568443       18948        2.6        0          154      94310      2675       2957.60    1624.92
Global   30       568443       18948        2.6        0          154      94310      2675       2957.60    1624.86

Set Statistics
Type     Time(s)  Ops          TPS(ops/s)   Net(M/s)   Get_miss   Min(us)  Max(us)    Avg(us)    Std_dev    Geo_dist  
Period   30       5765         192          0.0        0          200      48085      2657       2826.68    1621.90
Global   30       5765         192          0.0        0          200      48085      2657       2826.68    1621.90

Total Statistics
Type     Time(s)  Ops          TPS(ops/s)   Net(M/s)   Get_miss   Min(us)  Max(us)    Avg(us)    Std_dev    Geo_dist  
Period   30       574213       19140        2.6        0          154      94310      2675       2956.13    1624.82
Global   30       574213       19140        2.6        0          154      94310      2675       2956.13    1624.82

Get Statistics (568494 events)
   Min:       154
   Max:     94310
   Avg:      2675
   Geo:   1624.81
   Std:   2957.38
   Log2 Dist:
       8:      518    35603   202519   148054
      12:    38590   120544    22145      412
      16:       58       51

Set Statistics (5770 events)
   Min:       200
   Max:     48085
   Avg:      2656
   Geo:   1621.74
   Std:   2825.64
   Log2 Dist:
       8:        9      374     2021     1529
      12:      365     1263      206        2
      16:        1

Total Statistics (574264 events)
   Min:       154
   Max:     94310
   Avg:      2675
   Geo:   1624.78
   Std:   2955.91
   Log2 Dist:
       8:      527    35977   204540   149583
      12:    38955   121807    22351      414
      16:       59       51

cmd_get: 568545
cmd_set: 5770
get_misses: 0
written_bytes: 13430068
read_bytes: 93847670
object_bytes: 830880

Run time: 30.2s Ops: 574315 TPS: 18989 Net_rate: 3.4M/s
