servers : 10.0.0.8:11212
threads count: 53
concurrency: 53
run time: 30s
windows size: 10k
set proportion: set_prop=0.01
get proportion: get_prop=0.99
[1;1H[2J
Get Statistics
Type     Time(s)  Ops          TPS(ops/s)   Net(M/s)   Get_miss   Min(us)  Max(us)    Avg(us)    Std_dev    Geo_dist  
Period   30       540782       18026        2.5        0          159      115187     2912       3182.15    1783.39
Global   30       540782       18026        2.5        0          159      115187     2912       3182.15    1783.39

Set Statistics
Type     Time(s)  Ops          TPS(ops/s)   Net(M/s)   Get_miss   Min(us)  Max(us)    Avg(us)    Std_dev    Geo_dist  
Period   30       5488         182          0.0        0          227      115128     2987       3334.31    1841.03
Global   30       5488         182          0.0        0          227      115128     2987       3334.31    1841.03

Total Statistics
Type     Time(s)  Ops          TPS(ops/s)   Net(M/s)   Get_miss   Min(us)  Max(us)    Avg(us)    Std_dev    Geo_dist  
Period   30       546270       18209        2.5        0          159      115187     2912       3184.41    1783.96
Global   30       546270       18209        2.5        0          159      115187     2912       3184.41    1783.96

Get Statistics (540835 events)
   Min:       159
   Max:    115187
   Avg:      2912
   Geo:   1783.67
   Std:   3183.05
   Log2 Dist:
       8:      448    25782   176503   149065
      12:    36546   126438    25571      367
      16:       62       53

Set Statistics (5488 events)
   Min:       227
   Max:    115128
   Avg:      2987
   Geo:   1841.03
   Std:   3334.31
   Log2 Dist:
       8:        4      254     1702     1539
      12:      412     1298      272        6
      16:        0        1

Total Statistics (546323 events)
   Min:       159
   Max:    115187
   Avg:      2913
   Geo:   1784.24
   Std:   3184.39
   Log2 Dist:
       8:      452    26036   178205   150604
      12:    36958   127736    25843      373
      16:       62       54

cmd_get: 540885
cmd_set: 5491
get_misses: 0
written_bytes: 12776450
read_bytes: 89281679
object_bytes: 790704

Run time: 30.1s Ops: 546376 TPS: 18136 Net_rate: 3.2M/s
