servers : 10.0.0.8:11212
threads count: 61
concurrency: 61
run time: 30s
windows size: 10k
set proportion: set_prop=0.01
get proportion: get_prop=0.99
[1;1H[2J
Get Statistics
Type     Time(s)  Ops          TPS(ops/s)   Net(M/s)   Get_miss   Min(us)  Max(us)    Avg(us)    Std_dev    Geo_dist  
Period   30       564763       18825        2.6        0          145      140344     3209       3258.97    1932.10
Global   30       564763       18825        2.6        0          145      140344     3209       3258.97    1932.10

Set Statistics
Type     Time(s)  Ops          TPS(ops/s)   Net(M/s)   Get_miss   Min(us)  Max(us)    Avg(us)    Std_dev    Geo_dist  
Period   30       5734         191          0.0        0          217      45492      3282       3307.48    1979.78
Global   30       5734         191          0.0        0          217      45492      3282       3307.48    1979.78

Total Statistics
Type     Time(s)  Ops          TPS(ops/s)   Net(M/s)   Get_miss   Min(us)  Max(us)    Avg(us)    Std_dev    Geo_dist  
Period   30       570497       19016        2.6        0          145      140344     3210       3259.21    1932.58
Global   30       570497       19016        2.6        0          145      140344     3210       3259.21    1932.58

Get Statistics (564824 events)
   Min:       145
   Max:    140344
   Avg:      3210
   Geo:   1932.40
   Std:   3258.71
   Log2 Dist:
       8:      347    27930   175094   136347
      12:    47327   132998    43857      848
      16:       50       24        2

Set Statistics (5734 events)
   Min:       217
   Max:     45492
   Avg:      3282
   Geo:   1979.78
   Std:   3307.48
   Log2 Dist:
       8:        3      282     1727     1355
      12:      519     1368      471        7
      16:        2

Total Statistics (570558 events)
   Min:       145
   Max:    140344
   Avg:      3210
   Geo:   1932.87
   Std:   3259.92
   Log2 Dist:
       8:      350    28212   176821   137702
      12:    47846   134366    44328      855
      16:       52       24        2

cmd_get: 564885
cmd_set: 5734
get_misses: 0
written_bytes: 13343568
read_bytes: 93241832
object_bytes: 825696

Run time: 30.2s Ops: 570619 TPS: 18918 Net_rate: 3.4M/s
