servers : 10.0.0.8:11212
threads count: 65
concurrency: 65
run time: 30s
windows size: 10k
set proportion: set_prop=0.01
get proportion: get_prop=0.99
[1;1H[2J
Get Statistics
Type     Time(s)  Ops          TPS(ops/s)   Net(M/s)   Get_miss   Min(us)  Max(us)    Avg(us)    Std_dev    Geo_dist  
Period   30       602476       20082        2.8        0          141      113025     3196       3658.59    1861.37
Global   30       602476       20082        2.8        0          141      113025     3196       3658.59    1861.37

Set Statistics
Type     Time(s)  Ops          TPS(ops/s)   Net(M/s)   Get_miss   Min(us)  Max(us)    Avg(us)    Std_dev    Geo_dist  
Period   30       6119         203          0.0        0          200      66175      3264       3693.13    1909.71
Global   30       6119         203          0.0        0          200      66175      3264       3693.13    1909.71

Total Statistics
Type     Time(s)  Ops          TPS(ops/s)   Net(M/s)   Get_miss   Min(us)  Max(us)    Avg(us)    Std_dev    Geo_dist  
Period   30       608595       20286        2.8        0          141      113025     3197       3658.67    1861.85
Global   30       608595       20286        2.8        0          141      113025     3197       3658.67    1861.85

Get Statistics (602541 events)
   Min:       141
   Max:    113025
   Avg:      3197
   Geo:   1861.64
   Std:   3658.14
   Log2 Dist:
       8:      519    36510   188316   147370
      12:    49736   128883    48467     2183
      16:      407      150

Set Statistics (6119 events)
   Min:       200
   Max:     66175
   Avg:      3264
   Geo:   1909.71
   Std:   3693.13
   Log2 Dist:
       8:        2      368     1872     1454
      12:      522     1389      483       23
      16:        5        1

Total Statistics (608660 events)
   Min:       141
   Max:    113025
   Avg:      3197
   Geo:   1862.12
   Std:   3659.09
   Log2 Dist:
       8:      521    36878   190188   148824
      12:    50258   130272    48950     2206
      16:      412      151

cmd_get: 602606
cmd_set: 6119
get_misses: 0
written_bytes: 14234942
read_bytes: 99468217
object_bytes: 881136

Run time: 30.1s Ops: 608725 TPS: 20211 Net_rate: 3.6M/s
