servers : 10.0.0.8:11212
threads count: 63
concurrency: 63
run time: 30s
windows size: 10k
set proportion: set_prop=0.01
get proportion: get_prop=0.99
[1;1H[2J
Get Statistics
Type     Time(s)  Ops          TPS(ops/s)   Net(M/s)   Get_miss   Min(us)  Max(us)    Avg(us)    Std_dev    Geo_dist  
Period   30       593060       19768        2.7        0          170      75231      3165       3351.23    1883.92
Global   30       593060       19768        2.7        0          170      75231      3165       3351.23    1883.88

Set Statistics
Type     Time(s)  Ops          TPS(ops/s)   Net(M/s)   Get_miss   Min(us)  Max(us)    Avg(us)    Std_dev    Geo_dist  
Period   30       6021         200          0.0        0          177      59356      3182       3378.13    1901.07
Global   30       6021         200          0.0        0          177      59356      3182       3378.13    1901.07

Total Statistics
Type     Time(s)  Ops          TPS(ops/s)   Net(M/s)   Get_miss   Min(us)  Max(us)    Avg(us)    Std_dev    Geo_dist  
Period   30       599083       19969        2.7        0          170      75231      3166       3350.71    1884.05
Global   30       599083       19969        2.7        0          170      75231      3166       3350.71    1884.05

Get Statistics (593125 events)
   Min:       170
   Max:     75231
   Avg:      3166
   Geo:   1884.02
   Std:   3350.55
   Log2 Dist:
       8:      518    33275   183413   145630
      12:    50105   134963    43289     1686
      16:      244        2

Set Statistics (6021 events)
   Min:       177
   Max:     59356
   Avg:      3182
   Geo:   1901.07
   Std:   3378.13
   Log2 Dist:
       8:        5      312     1845     1501
      12:      534     1367      439       16
      16:        2

Total Statistics (599146 events)
   Min:       170
   Max:     75231
   Avg:      3166
   Geo:   1884.19
   Std:   3350.98
   Log2 Dist:
       8:      523    33587   185258   147131
      12:    50639   136330    43728     1702
      16:      246        2

cmd_get: 593188
cmd_set: 6021
get_misses: 0
written_bytes: 14012110
read_bytes: 97913793
object_bytes: 867024

Run time: 30.3s Ops: 599209 TPS: 19802 Net_rate: 3.5M/s
