servers : 10.0.0.8:11212
threads count: 61
concurrency: 61
run time: 30s
windows size: 10k
set proportion: set_prop=0.01
get proportion: get_prop=0.99
[1;1H[2J
Get Statistics
Type     Time(s)  Ops          TPS(ops/s)   Net(M/s)   Get_miss   Min(us)  Max(us)    Avg(us)    Std_dev    Geo_dist  
Period   30       585021       19500        2.7        0          152      78675      3096       3320.40    1822.24
Global   30       585021       19500        2.7        0          152      78675      3096       3320.40    1822.24

Set Statistics
Type     Time(s)  Ops          TPS(ops/s)   Net(M/s)   Get_miss   Min(us)  Max(us)    Avg(us)    Std_dev    Geo_dist  
Period   30       5938         197          0.0        0          211      40803      3098       3261.88    1834.02
Global   30       5938         197          0.0        0          211      40803      3098       3261.88    1834.02

Total Statistics
Type     Time(s)  Ops          TPS(ops/s)   Net(M/s)   Get_miss   Min(us)  Max(us)    Avg(us)    Std_dev    Geo_dist  
Period   30       590959       19698        2.7        0          152      78675      3096       3319.84    1822.36
Global   30       590959       19698        2.7        0          152      78675      3096       3319.84    1822.36

Get Statistics (585081 events)
   Min:       152
   Max:     78675
   Avg:      3096
   Geo:   1822.52
   Std:   3321.06
   Log2 Dist:
       8:      585    38502   188132   134288
      12:    48495   131685    42034     1205
      16:       89       66

Set Statistics (5939 events)
   Min:       211
   Max:     40803
   Avg:      3099
   Geo:   1834.45
   Std:   3261.87
   Log2 Dist:
       8:        7      379     1871     1392
      12:      525     1328      419       16
      16:        2

Total Statistics (591020 events)
   Min:       152
   Max:     78675
   Avg:      3096
   Geo:   1822.64
   Std:   3320.49
   Log2 Dist:
       8:      592    38881   190003   135680
      12:    49020   133013    42453     1221
      16:       91       66

cmd_get: 585141
cmd_set: 5940
get_misses: 0
written_bytes: 13822022
read_bytes: 96585877
object_bytes: 855360

Run time: 30.1s Ops: 591081 TPS: 19624 Net_rate: 3.5M/s
