servers : 10.0.0.8:11212
threads count: 61
concurrency: 61
run time: 30s
windows size: 10k
set proportion: set_prop=0.01
get proportion: get_prop=0.99
[1;1H[2J
Get Statistics
Type     Time(s)  Ops          TPS(ops/s)   Net(M/s)   Get_miss   Min(us)  Max(us)    Avg(us)    Std_dev    Geo_dist  
Period   30       601047       20034        2.8        0          160      42307      3013       3056.70    1826.40
Global   30       601047       20034        2.8        0          160      42307      3013       3056.70    1826.40

Set Statistics
Type     Time(s)  Ops          TPS(ops/s)   Net(M/s)   Get_miss   Min(us)  Max(us)    Avg(us)    Std_dev    Geo_dist  
Period   30       6103         203          0.0        0          200      26133      3092       3061.36    1882.82
Global   30       6103         203          0.0        0          200      26133      3092       3061.36    1882.82

Total Statistics
Type     Time(s)  Ops          TPS(ops/s)   Net(M/s)   Get_miss   Min(us)  Max(us)    Avg(us)    Std_dev    Geo_dist  
Period   30       607150       20238        2.8        0          160      42307      3013       3057.54    1826.96
Global   30       607150       20238        2.8        0          160      42307      3013       3057.54    1826.96

Get Statistics (601108 events)
   Min:       160
   Max:     42307
   Avg:      3013
   Geo:   1826.67
   Std:   3057.42
   Log2 Dist:
       8:      406    33207   190304   152346
      12:    50232   135101    38757      716
      16:       39

Set Statistics (6103 events)
   Min:       200
   Max:     26133
   Avg:      3092
   Geo:   1882.82
   Std:   3061.36
   Log2 Dist:
       8:        4      324     1899     1498
      12:      507     1460      403        8

Total Statistics (607211 events)
   Min:       160
   Max:     42307
   Avg:      3014
   Geo:   1827.23
   Std:   3057.27
   Log2 Dist:
       8:      410    33531   192203   153844
      12:    50739   136561    39160      724
      16:       39

cmd_get: 601169
cmd_set: 6103
get_misses: 0
written_bytes: 14200856
read_bytes: 99231644
object_bytes: 878832

Run time: 30.1s Ops: 607272 TPS: 20161 Net_rate: 3.6M/s
