servers : 10.0.0.8:11212
threads count: 63
concurrency: 63
run time: 30s
windows size: 10k
set proportion: set_prop=0.01
get proportion: get_prop=0.99
[1;1H[2J
Get Statistics
Type     Time(s)  Ops          TPS(ops/s)   Net(M/s)   Get_miss   Min(us)  Max(us)    Avg(us)    Std_dev    Geo_dist  
Period   30       593605       19786        2.7        0          158      85589      3159       3349.35    1874.40
Global   30       593605       19786        2.7        0          158      85589      3159       3349.35    1874.40

Set Statistics
Type     Time(s)  Ops          TPS(ops/s)   Net(M/s)   Get_miss   Min(us)  Max(us)    Avg(us)    Std_dev    Geo_dist  
Period   30       6024         200          0.0        0          218      53688      3374       3654.73    1978.82
Global   30       6024         200          0.0        0          218      53688      3374       3654.73    1978.82

Total Statistics
Type     Time(s)  Ops          TPS(ops/s)   Net(M/s)   Get_miss   Min(us)  Max(us)    Avg(us)    Std_dev    Geo_dist  
Period   30       599629       19987        2.7        0          158      85589      3161       3352.77    1875.42
Global   30       599629       19987        2.7        0          158      85589      3161       3352.77    1875.42

Get Statistics (593668 events)
   Min:       158
   Max:     85589
   Avg:      3159
   Geo:   1874.49
   Std:   3350.13
   Log2 Dist:
       8:      497    33745   185795   144535
      12:    49768   133273    44142     1737
      16:      171        5

Set Statistics (6024 events)
   Min:       218
   Max:     53688
   Avg:      3374
   Geo:   1978.82
   Std:   3654.73
   Log2 Dist:
       8:        3      312     1827     1445
      12:      487     1390      532       23
      16:        5

Total Statistics (599692 events)
   Min:       158
   Max:     85589
   Avg:      3161
   Geo:   1875.51
   Std:   3353.55
   Log2 Dist:
       8:      500    34057   187622   145980
      12:    50255   134663    44674     1760
      16:      176        5

cmd_get: 593730
cmd_set: 6025
get_misses: 0
written_bytes: 14024536
read_bytes: 98003412
object_bytes: 867600

Run time: 30.2s Ops: 599755 TPS: 19833 Net_rate: 3.5M/s
