servers : 10.0.0.8:11212
threads count: 63
concurrency: 63
run time: 30s
windows size: 10k
set proportion: set_prop=0.01
get proportion: get_prop=0.99
[1;1H[2J
Get Statistics
Type     Time(s)  Ops          TPS(ops/s)   Net(M/s)   Get_miss   Min(us)  Max(us)    Avg(us)    Std_dev    Geo_dist  
Period   30       617139       20571        2.8        0          135      78358      3028       3106.65    1850.53
Global   30       617139       20571        2.8        0          135      78358      3028       3106.65    1850.53

Set Statistics
Type     Time(s)  Ops          TPS(ops/s)   Net(M/s)   Get_miss   Min(us)  Max(us)    Avg(us)    Std_dev    Geo_dist  
Period   30       6269         208          0.0        0          195      44713      3085       3130.68    1896.86
Global   30       6269         208          0.0        0          195      44713      3085       3130.68    1896.86

Total Statistics
Type     Time(s)  Ops          TPS(ops/s)   Net(M/s)   Get_miss   Min(us)  Max(us)    Avg(us)    Std_dev    Geo_dist  
Period   30       623408       20780        2.9        0          135      78358      3029       3106.48    1850.99
Global   30       623408       20780        2.9        0          135      78358      3029       3106.48    1850.99

Get Statistics (617202 events)
   Min:       135
   Max:     78358
   Avg:      3029
   Geo:   1850.82
   Std:   3106.60
   Log2 Dist:
       8:      490    34005   187853   157615
      12:    57039   142798    36033     1244
      16:      119        6

Set Statistics (6269 events)
   Min:       195
   Max:     44713
   Avg:      3085
   Geo:   1896.86
   Std:   3130.68
   Log2 Dist:
       8:        5      329     1854     1612
      12:      608     1476      369       15
      16:        1

Total Statistics (623471 events)
   Min:       135
   Max:     78358
   Avg:      3029
   Geo:   1851.27
   Std:   3107.39
   Log2 Dist:
       8:      495    34334   189707   159227
      12:    57647   144274    36402     1259
      16:      120        6

cmd_get: 617265
cmd_set: 6269
get_misses: 0
written_bytes: 14581484
read_bytes: 101888482
object_bytes: 902736

Run time: 30.1s Ops: 623534 TPS: 20688 Net_rate: 3.7M/s
