servers : 10.0.0.8:11212
threads count: 65
concurrency: 65
run time: 30s
windows size: 10k
set proportion: set_prop=0.01
get proportion: get_prop=0.99
[1;1H[2J
Get Statistics
Type     Time(s)  Ops          TPS(ops/s)   Net(M/s)   Get_miss   Min(us)  Max(us)    Avg(us)    Std_dev    Geo_dist  
Period   30       581358       19378        2.7        0          170      47976      3333       3270.77    2064.01
Global   30       581358       19378        2.7        0          170      47976      3333       3270.77    2063.99

Set Statistics
Type     Time(s)  Ops          TPS(ops/s)   Net(M/s)   Get_miss   Min(us)  Max(us)    Avg(us)    Std_dev    Geo_dist  
Period   30       5906         196          0.0        0          259      39347      3308       3179.53    2067.20
Global   30       5906         196          0.0        0          259      39347      3308       3179.53    2067.20

Total Statistics
Type     Time(s)  Ops          TPS(ops/s)   Net(M/s)   Get_miss   Min(us)  Max(us)    Avg(us)    Std_dev    Geo_dist  
Period   30       587269       19575        2.7        0          170      47976      3333       3269.58    2064.01
Global   30       587269       19575        2.7        0          170      47976      3333       3269.58    2064.01

Get Statistics (581428 events)
   Min:       170
   Max:     47976
   Avg:      3334
   Geo:   2064.19
   Std:   3270.21
   Log2 Dist:
       8:      374    21790   158954   158635
      12:    50723   145361    44568      769
      16:      254

Set Statistics (5906 events)
   Min:       259
   Max:     39347
   Avg:      3308
   Geo:   2067.20
   Std:   3179.53
   Log2 Dist:
       8:        0      221     1622     1583
      12:      573     1463      436        6
      16:        2

Total Statistics (587334 events)
   Min:       170
   Max:     47976
   Avg:      3333
   Geo:   2064.22
   Std:   3270.06
   Log2 Dist:
       8:      374    22011   160576   160218
      12:    51296   146824    45004      775
      16:      256

cmd_get: 581491
cmd_set: 5908
get_misses: 0
written_bytes: 13736376
read_bytes: 95982868
object_bytes: 850752

Run time: 30.3s Ops: 587399 TPS: 19416 Net_rate: 3.5M/s
