servers : 10.0.0.8:11212
threads count: 63
concurrency: 63
run time: 30s
windows size: 10k
set proportion: set_prop=0.01
get proportion: get_prop=0.99
[1;1H[2J
Get Statistics
Type     Time(s)  Ops          TPS(ops/s)   Net(M/s)   Get_miss   Min(us)  Max(us)    Avg(us)    Std_dev    Geo_dist  
Period   30       580869       19362        2.7        0          147      70864      3217       3128.57    1993.05
Global   30       580869       19362        2.7        0          147      70864      3217       3128.57    1993.05

Set Statistics
Type     Time(s)  Ops          TPS(ops/s)   Net(M/s)   Get_miss   Min(us)  Max(us)    Avg(us)    Std_dev    Geo_dist  
Period   30       5901         196          0.0        0          211      41236      3279       3191.07    2029.64
Global   30       5901         196          0.0        0          211      41236      3279       3191.07    2029.64

Total Statistics
Type     Time(s)  Ops          TPS(ops/s)   Net(M/s)   Get_miss   Min(us)  Max(us)    Avg(us)    Std_dev    Geo_dist  
Period   30       586770       19559        2.7        0          147      70864      3218       3128.82    1993.42
Global   30       586770       19559        2.7        0          147      70864      3218       3128.82    1993.42

Get Statistics (580932 events)
   Min:       147
   Max:     70864
   Avg:      3218
   Geo:   1993.33
   Std:   3128.10
   Log2 Dist:
       8:      471    24878   166737   152631
      12:    48347   150636    36405      735
      16:       87        5

Set Statistics (5901 events)
   Min:       211
   Max:     41236
   Avg:      3279
   Geo:   2029.64
   Std:   3191.07
   Log2 Dist:
       8:        6      244     1644     1570
      12:      498     1513      416        8
      16:        2

Total Statistics (586833 events)
   Min:       147
   Max:     70864
   Avg:      3218
   Geo:   1993.69
   Std:   3129.38
   Log2 Dist:
       8:      477    25122   168381   154201
      12:    48845   152149    36821      743
      16:       89        5

cmd_get: 580995
cmd_set: 5901
get_misses: 0
written_bytes: 13724664
read_bytes: 95900988
object_bytes: 849744

Run time: 30.1s Ops: 586896 TPS: 19482 Net_rate: 3.5M/s
