servers : 10.0.0.8:11212
threads count: 7
concurrency: 7
run time: 30s
windows size: 10k
set proportion: set_prop=0.01
get proportion: get_prop=0.99
[1;1H[2J
Get Statistics
Type     Time(s)  Ops          TPS(ops/s)   Net(M/s)   Get_miss   Min(us)  Max(us)    Avg(us)    Std_dev    Geo_dist  
Period   30       211648       7054         1.0        0          136      121882     983        1598.78    672.54
Global   30       211648       7054         1.0        0          136      121882     983        1598.78    672.54

Set Statistics
Type     Time(s)  Ops          TPS(ops/s)   Net(M/s)   Get_miss   Min(us)  Max(us)    Avg(us)    Std_dev    Geo_dist  
Period   30       2141         71           0.0        0          165      16893      1047       1571.35    703.29
Global   30       2141         71           0.0        0          165      16893      1047       1571.35    703.29

Total Statistics
Type     Time(s)  Ops          TPS(ops/s)   Net(M/s)   Get_miss   Min(us)  Max(us)    Avg(us)    Std_dev    Geo_dist  
Period   30       213789       7126         1.0        0          136      121882     983        1598.91    672.85
Global   30       213789       7126         1.0        0          136      121882     983        1598.91    672.85

Get Statistics (211655 events)
   Min:       136
   Max:    121882
   Avg:       983
   Geo:    672.60
   Std:   1599.34
   Log2 Dist:
       8:     4108    74564    99269    21316
      12:     2018    10009      352       12
      16:        0        7

Set Statistics (2141 events)
   Min:       165
   Max:     16893
   Avg:      1047
   Geo:    703.29
   Std:   1571.35
   Log2 Dist:
       8:       33      699     1049      217
      12:       23      113        6        1

Total Statistics (213796 events)
   Min:       136
   Max:    121882
   Avg:       984
   Geo:    672.90
   Std:   1598.85
   Log2 Dist:
       8:     4141    75263   100318    21533
      12:     2041    10122      358       13
      16:        0        7

cmd_get: 211662
cmd_set: 2141
get_misses: 0
written_bytes: 4998970
read_bytes: 34940203
object_bytes: 308304

Run time: 30.1s Ops: 213803 TPS: 7098 Net_rate: 1.3M/s
