servers : 10.0.0.8:11212
threads count: 7
concurrency: 7
run time: 30s
windows size: 10k
set proportion: set_prop=0.01
get proportion: get_prop=0.99
[1;1H[2J
Get Statistics
Type     Time(s)  Ops          TPS(ops/s)   Net(M/s)   Get_miss   Min(us)  Max(us)    Avg(us)    Std_dev    Geo_dist  
Period   30       205853       6861         0.9        0          131      72268      1015       1530.02    703.08
Global   30       205853       6861         0.9        0          131      72268      1015       1530.02    703.08

Set Statistics
Type     Time(s)  Ops          TPS(ops/s)   Net(M/s)   Get_miss   Min(us)  Max(us)    Avg(us)    Std_dev    Geo_dist  
Period   30       2083         69           0.0        0          177      15549      1056       1540.70    727.16
Global   30       2083         69           0.0        0          177      15549      1056       1540.70    727.16

Total Statistics
Type     Time(s)  Ops          TPS(ops/s)   Net(M/s)   Get_miss   Min(us)  Max(us)    Avg(us)    Std_dev    Geo_dist  
Period   30       207938       6931         1.0        0          131      72268      1015       1530.40    703.32
Global   30       207938       6931         1.0        0          131      72268      1015       1530.40    703.32

Get Statistics (205863 events)
   Min:       131
   Max:     72268
   Avg:      1015
   Geo:    703.10
   Std:   1529.99
   Log2 Dist:
       8:     2761    63869   105111    21857
      12:     1767    10138      339        7
      16:        7        7

Set Statistics (2083 events)
   Min:       177
   Max:     15549
   Avg:      1056
   Geo:    727.16
   Std:   1540.70
   Log2 Dist:
       8:       35      552     1113      254
      12:       16      104        9

Total Statistics (207946 events)
   Min:       131
   Max:     72268
   Avg:      1015
   Geo:    703.34
   Std:   1530.37
   Log2 Dist:
       8:     2796    64421   106224    22111
      12:     1783    10242      348        7
      16:        7        7

cmd_get: 205870
cmd_set: 2083
get_misses: 0
written_bytes: 4862266
read_bytes: 33984059
object_bytes: 299952

Run time: 30.2s Ops: 207953 TPS: 6879 Net_rate: 1.2M/s
