servers : 10.0.0.8:11212
threads count: 9
concurrency: 9
run time: 30s
windows size: 10k
set proportion: set_prop=0.01
get proportion: get_prop=0.99
[1;1H[2J
Get Statistics
Type     Time(s)  Ops          TPS(ops/s)   Net(M/s)   Get_miss   Min(us)  Max(us)    Avg(us)    Std_dev    Geo_dist  
Period   30       258488       8616         1.2        0          120      16739      1039       1515.01    707.45
Global   30       258488       8616         1.2        0          120      16739      1039       1515.01    707.45

Set Statistics
Type     Time(s)  Ops          TPS(ops/s)   Net(M/s)   Get_miss   Min(us)  Max(us)    Avg(us)    Std_dev    Geo_dist  
Period   30       2614         87           0.0        0          198      9668       1055       1518.92    718.29
Global   30       2614         87           0.0        0          198      9668       1055       1518.92    718.29

Total Statistics
Type     Time(s)  Ops          TPS(ops/s)   Net(M/s)   Get_miss   Min(us)  Max(us)    Avg(us)    Std_dev    Geo_dist  
Period   30       261102       8703         1.2        0          120      16739      1039       1515.16    707.55
Global   30       261102       8703         1.2        0          120      16739      1039       1515.16    707.55

Get Statistics (258497 events)
   Min:       120
   Max:     16739
   Avg:      1039
   Geo:    707.50
   Std:   1515.41
   Log2 Dist:
       4:        0        0        0        2
       8:     4271    80988   127981    28565
      12:     2558    13585      536       11

Set Statistics (2614 events)
   Min:       198
   Max:      9668
   Avg:      1055
   Geo:    718.29
   Std:   1518.92
   Log2 Dist:
       8:       43      785     1326      281
      12:       26      146        7

Total Statistics (261111 events)
   Min:       120
   Max:     16739
   Avg:      1039
   Geo:    707.61
   Std:   1515.56
   Log2 Dist:
       4:        0        0        0        2
       8:     4314    81773   129307    28846
      12:     2584    13731      543       11

cmd_get: 258506
cmd_set: 2614
get_misses: 0
written_bytes: 6105174
read_bytes: 42672917
object_bytes: 376416

Run time: 30.2s Ops: 261120 TPS: 8637 Net_rate: 1.5M/s
