servers : 10.0.0.8:11212
threads count: 9
concurrency: 9
run time: 30s
windows size: 10k
set proportion: set_prop=0.01
get proportion: get_prop=0.99
[1;1H[2J
Get Statistics
Type     Time(s)  Ops          TPS(ops/s)   Net(M/s)   Get_miss   Min(us)  Max(us)    Avg(us)    Std_dev    Geo_dist  
Period   30       274806       9160         1.3        0          127      51300      975        1424.34    684.08
Global   30       274806       9160         1.3        0          127      51300      975        1424.34    684.08

Set Statistics
Type     Time(s)  Ops          TPS(ops/s)   Net(M/s)   Get_miss   Min(us)  Max(us)    Avg(us)    Std_dev    Geo_dist  
Period   30       2781         92           0.0        0          148      11052      1012       1484.07    695.70
Global   30       2781         92           0.0        0          148      11052      1012       1484.07    695.70

Total Statistics
Type     Time(s)  Ops          TPS(ops/s)   Net(M/s)   Get_miss   Min(us)  Max(us)    Avg(us)    Std_dev    Geo_dist  
Period   30       277587       9252         1.3        0          127      51300      976        1424.52    684.20
Global   30       277587       9252         1.3        0          127      51300      976        1424.52    684.20

Get Statistics (274815 events)
   Min:       127
   Max:     51300
   Avg:       975
   Geo:    684.14
   Std:   1425.05
   Log2 Dist:
       4:        0        0        0        1
       8:     4403    89841   136636    28440
      12:     2517    12517      451        0
      16:        9

Set Statistics (2781 events)
   Min:       148
   Max:     11052
   Avg:      1012
   Geo:    695.70
   Std:   1484.07
   Log2 Dist:
       8:       32      915     1376      283
      12:       28      138        9

Total Statistics (277596 events)
   Min:       127
   Max:     51300
   Avg:       976
   Geo:    684.25
   Std:   1425.22
   Log2 Dist:
       4:        0        0        0        1
       8:     4435    90756   138012    28723
      12:     2545    12655      460        0
      16:        9

cmd_get: 274824
cmd_set: 2781
get_misses: 0
written_bytes: 6490890
read_bytes: 45366723
object_bytes: 400464

Run time: 30.2s Ops: 277605 TPS: 9200 Net_rate: 1.6M/s
