servers : 10.0.0.8:11212
threads count: 9
concurrency: 9
run time: 30s
windows size: 10k
set proportion: set_prop=0.01
get proportion: get_prop=0.99
[1;1H[2J
Get Statistics
Type     Time(s)  Ops          TPS(ops/s)   Net(M/s)   Get_miss   Min(us)  Max(us)    Avg(us)    Std_dev    Geo_dist  
Period   30       266750       8891         1.2        0          131      12402      1008       1473.10    689.04
Global   30       266750       8891         1.2        0          131      12402      1008       1473.10    689.04

Set Statistics
Type     Time(s)  Ops          TPS(ops/s)   Net(M/s)   Get_miss   Min(us)  Max(us)    Avg(us)    Std_dev    Geo_dist  
Period   30       2699         89           0.0        0          167      10059      996        1424.82    689.46
Global   30       2699         89           0.0        0          167      10059      996        1424.82    689.46

Total Statistics
Type     Time(s)  Ops          TPS(ops/s)   Net(M/s)   Get_miss   Min(us)  Max(us)    Avg(us)    Std_dev    Geo_dist  
Period   30       269449       8981         1.2        0          131      12402      1008       1472.54    689.05
Global   30       269449       8981         1.2        0          131      12402      1008       1472.54    689.05

Get Statistics (266759 events)
   Min:       131
   Max:     12402
   Avg:      1008
   Geo:    689.04
   Std:   1473.07
   Log2 Dist:
       8:     4563    87774   130953    27140
      12:     2141    13785      403

Set Statistics (2699 events)
   Min:       167
   Max:     10059
   Avg:       996
   Geo:    689.46
   Std:   1424.82
   Log2 Dist:
       8:       43      880     1353      248
      12:       31      141        3

Total Statistics (269458 events)
   Min:       131
   Max:     12402
   Avg:      1008
   Geo:    689.05
   Std:   1472.51
   Log2 Dist:
       8:     4606    88654   132306    27388
      12:     2172    13926      406

cmd_get: 266768
cmd_set: 2699
get_misses: 0
written_bytes: 6300538
read_bytes: 44036827
object_bytes: 388656

Run time: 30.2s Ops: 269467 TPS: 8909 Net_rate: 1.6M/s
